14:16:55.930 @EMP002 系统管理员
14:16:55.932 @EMP033 9af7f2b45fff5ca168dd7081681fadd
14:34:41.672 @EMP002 系统管理员
14:34:41.672 @EMP033 9af7f2b45fff5ca168dd7081681fadd
15:11:41.240 @ANW001 Z20190302006
15:11:41.241 @ANW010 0507
15:11:41.241 @ANW011 总装车间
15:11:41.241 @ANW012 050701
15:11:41.241 @ANW013 1线
15:11:41.241 @ANW014 计件
15:11:41.241 @ANW015 2019/3/2 8:00:00
15:11:41.241 @ANW016 2019/3/2 17:00:00
15:11:41.242 @ANW017 
15:11:41.242 @ANW018 
15:11:41.242 @ANW019 
15:11:41.242 @ANW020 False
15:11:41.242 @ANW021 False
15:11:41.242 @ANW022 2019/3/2 0:00:00
15:11:41.242 @ANW023 0
15:11:41.242 @ANW024 0
15:11:41.242 @ANW025 系统管理员
15:11:41.243 @ANW026 0
15:11:41.243 @ANW027 0
15:11:41.259 @ANX001 Z20190302006
15:11:41.259 @ANX002 10116
15:11:41.260 @ANX003 刘兴贵
15:11:41.260 @ANX004 装配工
15:11:41.260 @ANX005 2019/3/2 8:00:00
15:11:41.260 @ANX006 2019/3/2 17:00:00
15:11:41.260 @ANX007 
15:11:41.261 @ANX008 
15:11:41.261 @ANX009 0
15:11:41.261 @ANX010 0
15:11:41.262 @ANX011 在职
15:11:41.262 @ANX012 
15:11:41.262 @ANX013 
15:11:41.262 @ANX014 1线
15:11:41.262 @ANX015 9
15:11:41.263 @ANX016 0
15:11:41.263 @ANX017 23.58
15:11:41.263 @ANX018 
15:11:41.268 @ANX001 Z20190302006
15:11:41.269 @ANX002 10117
15:11:41.269 @ANX003 赵成鹏
15:11:41.269 @ANX004 装配工
15:11:41.269 @ANX005 2019/3/2 8:00:00
15:11:41.270 @ANX006 2019/3/2 17:00:00
15:11:41.270 @ANX007 
15:11:41.270 @ANX008 
15:11:41.270 @ANX009 0
15:11:41.270 @ANX010 0
15:11:41.270 @ANX011 在职
15:11:41.271 @ANX012 
15:11:41.271 @ANX013 
15:11:41.271 @ANX014 1线
15:11:41.271 @ANX015 9
15:11:41.271 @ANX016 0
15:11:41.272 @ANX017 23.58
15:11:41.272 @ANX018 
15:11:41.275 @ANX001 Z20190302006
15:11:41.276 @ANX002 10118
15:11:41.276 @ANX003 何万华
15:11:41.276 @ANX004 装配工
15:11:41.276 @ANX005 2019/3/2 8:00:00
15:11:41.277 @ANX006 2019/3/2 17:00:00
15:11:41.277 @ANX007 
15:11:41.277 @ANX008 
15:11:41.277 @ANX009 0
15:11:41.277 @ANX010 0
15:11:41.278 @ANX011 在职
15:11:41.278 @ANX012 
15:11:41.278 @ANX013 
15:11:41.278 @ANX014 1线
15:11:41.278 @ANX015 9
15:11:41.279 @ANX016 0
15:11:41.279 @ANX017 23.58
15:11:41.279 @ANX018 
15:11:41.282 @ANX001 Z20190302006
15:11:41.282 @ANX002 10120
15:11:41.282 @ANX003 马小千
15:11:41.283 @ANX004 检测
15:11:41.283 @ANX005 2019/3/2 8:00:00
15:11:41.283 @ANX006 2019/3/2 17:00:00
15:11:41.283 @ANX007 
15:11:41.283 @ANX008 
15:11:41.284 @ANX009 0
15:11:41.284 @ANX010 0
15:11:41.284 @ANX011 在职
15:11:41.284 @ANX012 
15:11:41.284 @ANX013 检测
15:11:41.285 @ANX014 1线
15:11:41.285 @ANX015 9
15:11:41.285 @ANX016 0
15:11:41.285 @ANX017 23.58
15:11:41.285 @ANX018 
15:11:41.289 @ANX001 Z20190302006
15:11:41.289 @ANX002 10121
15:11:41.289 @ANX003 周顺
15:11:41.289 @ANX004 装配工
15:11:41.289 @ANX005 2019/3/2 8:00:00
15:11:41.290 @ANX006 2019/3/2 17:00:00
15:11:41.290 @ANX007 
15:11:41.290 @ANX008 
15:11:41.290 @ANX009 0
15:11:41.290 @ANX010 0
15:11:41.291 @ANX011 在职
15:11:41.291 @ANX012 
15:11:41.291 @ANX013 
15:11:41.291 @ANX014 1线
15:11:41.291 @ANX015 9
15:11:41.292 @ANX016 0
15:11:41.292 @ANX017 23.58
15:11:41.292 @ANX018 
15:11:41.298 @ANX001 Z20190302006
15:11:41.299 @ANX002 10122
15:11:41.299 @ANX003 郭昭芬
15:11:41.299 @ANX004 装配工
15:11:41.299 @ANX005 2019/3/2 8:00:00
15:11:41.299 @ANX006 2019/3/2 17:00:00
15:11:41.300 @ANX007 
15:11:41.300 @ANX008 
15:11:41.300 @ANX009 0
15:11:41.300 @ANX010 0
15:11:41.300 @ANX011 在职
15:11:41.301 @ANX012 
15:11:41.301 @ANX013 
15:11:41.301 @ANX014 1线
15:11:41.301 @ANX015 9
15:11:41.301 @ANX016 0
15:11:41.302 @ANX017 23.58
15:11:41.302 @ANX018 
15:11:41.306 @ANX001 Z20190302006
15:11:41.306 @ANX002 10123
15:11:41.307 @ANX003 吴张英
15:11:41.307 @ANX004 装配工
15:11:41.307 @ANX005 2019/3/2 8:00:00
15:11:41.307 @ANX006 2019/3/2 17:00:00
15:11:41.308 @ANX007 
15:11:41.308 @ANX008 
15:11:41.308 @ANX009 0
15:11:41.308 @ANX010 0
15:11:41.308 @ANX011 在职
15:11:41.309 @ANX012 
15:11:41.309 @ANX013 
15:11:41.309 @ANX014 1线
15:11:41.309 @ANX015 9
15:11:41.309 @ANX016 0
15:11:41.310 @ANX017 23.58
15:11:41.310 @ANX018 
15:11:41.312 @ANX001 Z20190302006
15:11:41.313 @ANX002 10125
15:11:41.313 @ANX003 代开容
15:11:41.313 @ANX004 装配工
15:11:41.314 @ANX005 2019/3/2 8:00:00
15:11:41.314 @ANX006 2019/3/2 17:00:00
15:11:41.314 @ANX007 
15:11:41.314 @ANX008 
15:11:41.314 @ANX009 0
15:11:41.315 @ANX010 0
15:11:41.315 @ANX011 在职
15:11:41.315 @ANX012 
15:11:41.315 @ANX013 
15:11:41.315 @ANX014 1线
15:11:41.315 @ANX015 9
15:11:41.316 @ANX016 0
15:11:41.316 @ANX017 23.58
15:11:41.316 @ANX018 
15:11:41.321 @ANX001 Z20190302006
15:11:41.321 @ANX002 10126
15:11:41.321 @ANX003 朱正高
15:11:41.322 @ANX004 装配工
15:11:41.322 @ANX005 2019/3/2 8:00:00
15:11:41.322 @ANX006 2019/3/2 17:00:00
15:11:41.322 @ANX007 
15:11:41.322 @ANX008 
15:11:41.323 @ANX009 0
15:11:41.323 @ANX010 0
15:11:41.323 @ANX011 在职
15:11:41.323 @ANX012 
15:11:41.323 @ANX013 
15:11:41.324 @ANX014 1线
15:11:41.324 @ANX015 9
15:11:41.324 @ANX016 0
15:11:41.324 @ANX017 23.58
15:11:41.324 @ANX018 
15:11:41.328 @ANX001 Z20190302006
15:11:41.328 @ANX002 10127
15:11:41.328 @ANX003 卿廷群
15:11:41.329 @ANX004 装配工
15:11:41.329 @ANX005 2019/3/2 8:00:00
15:11:41.329 @ANX006 2019/3/2 17:00:00
15:11:41.329 @ANX007 
15:11:41.330 @ANX008 
15:11:41.330 @ANX009 0
15:11:41.330 @ANX010 0
15:11:41.330 @ANX011 在职
15:11:41.330 @ANX012 
15:11:41.330 @ANX013 
15:11:41.331 @ANX014 1线
15:11:41.331 @ANX015 9
15:11:41.331 @ANX016 0
15:11:41.331 @ANX017 23.58
15:11:41.331 @ANX018 
15:11:41.333 @ANX001 Z20190302006
15:11:41.334 @ANX002 10130
15:11:41.334 @ANX003 张义兵
15:11:41.334 @ANX004 装配工
15:11:41.334 @ANX005 2019/3/2 8:00:00
15:11:41.334 @ANX006 2019/3/2 17:00:00
15:11:41.335 @ANX007 
15:11:41.335 @ANX008 
15:11:41.335 @ANX009 0
15:11:41.335 @ANX010 0
15:11:41.335 @ANX011 在职
15:11:41.336 @ANX012 
15:11:41.336 @ANX013 
15:11:41.336 @ANX014 1线
15:11:41.336 @ANX015 9
15:11:41.336 @ANX016 0
15:11:41.337 @ANX017 23.58
15:11:41.337 @ANX018 
15:11:41.339 @ANX001 Z20190302006
15:11:41.340 @ANX002 10134
15:11:41.340 @ANX003 邹永操
15:11:41.340 @ANX004 装配工
15:11:41.340 @ANX005 2019/3/2 8:00:00
15:11:41.341 @ANX006 2019/3/2 17:00:00
15:11:41.341 @ANX007 
15:11:41.341 @ANX008 
15:11:41.341 @ANX009 0
15:11:41.341 @ANX010 0
15:11:41.342 @ANX011 在职
15:11:41.342 @ANX012 
15:11:41.342 @ANX013 
15:11:41.342 @ANX014 1线
15:11:41.346 @ANX015 9
15:11:41.346 @ANX016 0
15:11:41.346 @ANX017 23.58
15:11:41.346 @ANX018 
15:11:41.348 @ANX001 Z20190302006
15:11:41.348 @ANX002 10135
15:11:41.348 @ANX003 陈广春
15:11:41.348 @ANX004 装配工
15:11:41.349 @ANX005 2019/3/2 8:00:00
15:11:41.349 @ANX006 2019/3/2 17:00:00
15:11:41.349 @ANX007 
15:11:41.349 @ANX008 
15:11:41.349 @ANX009 0
15:11:41.349 @ANX010 0
15:11:41.349 @ANX011 在职
15:11:41.350 @ANX012 
15:11:41.350 @ANX013 
15:11:41.350 @ANX014 1线
15:11:41.350 @ANX015 9
15:11:41.350 @ANX016 0
15:11:41.350 @ANX017 23.58
15:11:41.351 @ANX018 
15:11:41.352 @ANX001 Z20190302006
15:11:41.352 @ANX002 10137
15:11:41.352 @ANX003 占利
15:11:41.353 @ANX004 装配工
15:11:41.353 @ANX005 2019/3/2 8:00:00
15:11:41.353 @ANX006 2019/3/2 17:00:00
15:11:41.353 @ANX007 
15:11:41.354 @ANX008 
15:11:41.354 @ANX009 0
15:11:41.354 @ANX010 0
15:11:41.354 @ANX011 在职
15:11:41.354 @ANX012 
15:11:41.355 @ANX013 
15:11:41.355 @ANX014 1线
15:11:41.355 @ANX015 9
15:11:41.355 @ANX016 0
15:11:41.355 @ANX017 23.58
15:11:41.356 @ANX018 
15:11:41.358 @ANX001 Z20190302006
15:11:41.358 @ANX002 10139
15:11:41.358 @ANX003 唐录云
15:11:41.358 @ANX004 装配工
15:11:41.359 @ANX005 2019/3/2 8:00:00
15:11:41.359 @ANX006 2019/3/2 17:00:00
15:11:41.359 @ANX007 
15:11:41.359 @ANX008 
15:11:41.360 @ANX009 0
15:11:41.360 @ANX010 0
15:11:41.360 @ANX011 在职
15:11:41.360 @ANX012 
15:11:41.360 @ANX013 
15:11:41.361 @ANX014 1线
15:11:41.361 @ANX015 9
15:11:41.361 @ANX016 0
15:11:41.361 @ANX017 23.58
15:11:41.361 @ANX018 
15:11:41.363 @ANX001 Z20190302006
15:11:41.363 @ANX002 10156
15:11:41.364 @ANX003 赵成国
15:11:41.364 @ANX004 装配工
15:11:41.364 @ANX005 2019/3/2 8:00:00
15:11:41.364 @ANX006 2019/3/2 17:00:00
15:11:41.364 @ANX007 
15:11:41.365 @ANX008 
15:11:41.365 @ANX009 0
15:11:41.365 @ANX010 0
15:11:41.365 @ANX011 在职
15:11:41.365 @ANX012 
15:11:41.366 @ANX013 
15:11:41.366 @ANX014 1线
15:11:41.366 @ANX015 9
15:11:41.366 @ANX016 0
15:11:41.366 @ANX017 23.58
15:11:41.366 @ANX018 
15:11:41.369 @ANX001 Z20190302006
15:11:41.370 @ANX002 10170
15:11:41.370 @ANX003 何兴强
15:11:41.370 @ANX004 装配工
15:11:41.371 @ANX005 2019/3/2 8:00:00
15:11:41.371 @ANX006 2019/3/2 17:00:00
15:11:41.371 @ANX007 
15:11:41.371 @ANX008 
15:11:41.371 @ANX009 0
15:11:41.371 @ANX010 0
15:11:41.372 @ANX011 在职
15:11:41.372 @ANX012 
15:11:41.372 @ANX013 
15:11:41.372 @ANX014 1线
15:11:41.372 @ANX015 9
15:11:41.372 @ANX016 0
15:11:41.373 @ANX017 23.58
15:11:41.373 @ANX018 
15:11:41.375 @ANX001 Z20190302006
15:11:41.375 @ANX002 10174
15:11:41.375 @ANX003 何卫芳
15:11:41.375 @ANX004 装配工
15:11:41.375 @ANX005 2019/3/2 8:00:00
15:11:41.376 @ANX006 2019/3/2 17:00:00
15:11:41.376 @ANX007 
15:11:41.376 @ANX008 
15:11:41.376 @ANX009 0
15:11:41.377 @ANX010 0
15:11:41.377 @ANX011 在职
15:11:41.377 @ANX012 
15:11:41.377 @ANX013 
15:11:41.377 @ANX014 1线
15:11:41.378 @ANX015 9
15:11:41.378 @ANX016 0
15:11:41.378 @ANX017 23.58
15:11:41.378 @ANX018 
15:11:41.379 @ANX001 Z20190302006
15:11:41.380 @ANX002 10211
15:11:41.380 @ANX003 冉月梅
15:11:41.380 @ANX004 装配工
15:11:41.380 @ANX005 2019/3/2 8:00:00
15:11:41.380 @ANX006 2019/3/2 17:00:00
15:11:41.381 @ANX007 
15:11:41.381 @ANX008 
15:11:41.381 @ANX009 0
15:11:41.381 @ANX010 0
15:11:41.381 @ANX011 在职
15:11:41.382 @ANX012 
15:11:41.382 @ANX013 
15:11:41.382 @ANX014 1线
15:11:41.382 @ANX015 9
15:11:41.382 @ANX016 0
15:11:41.383 @ANX017 23.58
15:11:41.383 @ANX018 
15:11:41.384 @ANX001 Z20190302006
15:11:41.384 @ANX002 10223
15:11:41.384 @ANX003 李再秀
15:11:41.385 @ANX004 装配工
15:11:41.385 @ANX005 2019/3/2 8:00:00
15:11:41.385 @ANX006 2019/3/2 17:00:00
15:11:41.385 @ANX007 
15:11:41.385 @ANX008 
15:11:41.386 @ANX009 0
15:11:41.386 @ANX010 0
15:11:41.386 @ANX011 在职
15:11:41.386 @ANX012 
15:11:41.386 @ANX013 
15:11:41.387 @ANX014 1线
15:11:41.387 @ANX015 9
15:11:41.387 @ANX016 0
15:11:41.387 @ANX017 23.58
15:11:41.387 @ANX018 
15:11:41.389 @ANX001 Z20190302006
15:11:41.389 @ANX002 10226
15:11:41.389 @ANX003 何忠鑫
15:11:41.389 @ANX004 装配工
15:11:41.389 @ANX005 2019/3/2 8:00:00
15:11:41.390 @ANX006 2019/3/2 17:00:00
15:11:41.390 @ANX007 
15:11:41.390 @ANX008 
15:11:41.390 @ANX009 0
15:11:41.390 @ANX010 0
15:11:41.390 @ANX011 在职
15:11:41.391 @ANX012 
15:11:41.391 @ANX013 
15:11:41.391 @ANX014 1线
15:11:41.391 @ANX015 9
15:11:41.391 @ANX016 0
15:11:41.391 @ANX017 23.58
15:11:41.392 @ANX018 
15:11:41.393 @ANX001 Z20190302006
15:11:41.393 @ANX002 10264
15:11:41.393 @ANX003 徐兰
15:11:41.394 @ANX004 装配工
15:11:41.394 @ANX005 2019/3/2 8:00:00
15:11:41.394 @ANX006 2019/3/2 17:00:00
15:11:41.394 @ANX007 
15:11:41.394 @ANX008 
15:11:41.395 @ANX009 0
15:11:41.395 @ANX010 0
15:11:41.395 @ANX011 在职
15:11:41.395 @ANX012 
15:11:41.395 @ANX013 
15:11:41.396 @ANX014 1线
15:11:41.396 @ANX015 9
15:11:41.396 @ANX016 0
15:11:41.396 @ANX017 23.58
15:11:41.396 @ANX018 
15:11:41.398 @ANX001 Z20190302006
15:11:41.398 @ANX002 10290
15:11:41.398 @ANX003 钟成菊
15:11:41.398 @ANX004 装配工
15:11:41.399 @ANX005 2019/3/2 8:00:00
15:11:41.399 @ANX006 2019/3/2 17:00:00
15:11:41.399 @ANX007 
15:11:41.399 @ANX008 
15:11:41.399 @ANX009 0
15:11:41.399 @ANX010 0
15:11:41.400 @ANX011 在职
15:11:41.400 @ANX012 
15:11:41.400 @ANX013 
15:11:41.400 @ANX014 1线
15:11:41.400 @ANX015 9
15:11:41.400 @ANX016 0
15:11:41.401 @ANX017 23.58
15:11:41.401 @ANX018 
15:11:41.403 @ANX001 Z20190302006
15:11:41.403 @ANX002 10294
15:11:41.403 @ANX003 朱志琴
15:11:41.403 @ANX004 装配工
15:11:41.403 @ANX005 2019/3/2 8:00:00
15:11:41.404 @ANX006 2019/3/2 17:00:00
15:11:41.404 @ANX007 
15:11:41.404 @ANX008 
15:11:41.404 @ANX009 0
15:11:41.405 @ANX010 0
15:11:41.405 @ANX011 在职
15:11:41.405 @ANX012 
15:11:41.405 @ANX013 
15:11:41.405 @ANX014 1线
15:11:41.405 @ANX015 9
15:11:41.406 @ANX016 0
15:11:41.406 @ANX017 23.58
15:11:41.406 @ANX018 
15:11:41.407 @ANX001 Z20190302006
15:11:41.408 @ANX002 10354
15:11:41.408 @ANX003 罗良涌
15:11:41.408 @ANX004 装配工
15:11:41.408 @ANX005 2019/3/2 8:00:00
15:11:41.408 @ANX006 2019/3/2 17:00:00
15:11:41.409 @ANX007 
15:11:41.409 @ANX008 
15:11:41.409 @ANX009 0
15:11:41.409 @ANX010 0
15:11:41.409 @ANX011 在职
15:11:41.410 @ANX012 
15:11:41.410 @ANX013 
15:11:41.410 @ANX014 1线
15:11:41.410 @ANX015 9
15:11:41.410 @ANX016 0
15:11:41.410 @ANX017 23.58
15:11:41.411 @ANX018 
15:11:41.412 @ANN001 Z20190302006
15:11:41.412 @ANN002 GD201901020009
15:11:41.413 @ANN003 JDSF113-E
15:11:41.413 @ANN004 JDSF113-E-玉树临风-300*600数显风暖四合一
15:11:41.413 @ANN005 
15:11:41.413 @ANN006 台
15:11:41.413 @ANN007 2128
15:11:41.414 @ANN008 4.33
15:11:41.414 @ANN009 128
15:11:41.414 @ANN010 
15:14:53.970 @ANW001 Z20190302006
15:14:53.970 @ANW020 True
15:14:53.974 @RCA001 84
15:14:53.974 @RCA002 Z20190302006
15:14:53.975 @RCA004 20190302
15:14:53.975 @RCA005 DS
15:14:53.975 @RCA006 050701
15:14:53.975 @RCA016 F
15:14:53.975 @RCA019 F
15:14:53.996 @RCC001 84
15:14:53.996 @RCC002 Z20190302006
15:14:53.996 @RCC003 81
15:14:53.996 @RCC004 GD201901020009
15:14:53.997 @RCC005 013
15:14:53.997 @RCC006 128
15:14:53.997 @RCC007 250
15:14:53.997 @RCC008 ********************
15:14:53.997 @RCC010 JDSF113-E
15:14:53.997 @RCC011 000
15:14:53.997 @RCC022 001
15:14:53.998 @RCC028 
15:14:54.007 @RCB001 84
15:14:54.008 @RCB002 Z20190302006
15:14:54.008 @RCB003 003
15:14:54.008 @RCB004 102080083
15:14:54.008 @RCB005 Φ4铜螺帽
15:14:54.008 @RCB006 PCS
15:14:54.008 @RCB007 001
15:14:54.008 @RCB008 256
15:14:54.009 @RCB019 ********************
15:14:54.009 @RCB020 
15:14:54.009 @RCB021 81
15:14:54.009 @RCB022 GD201901020009
15:14:54.009 @RCB023 000
15:14:54.010 @RCB024 JDSF113-E
15:14:54.010 @RCB026 GD201901020009
15:14:54.010 @RCB027 003
15:14:54.010 @RCB029 001
15:14:54.040 @RCB001 84
15:14:54.040 @RCB002 Z20190302006
15:14:54.040 @RCB003 004
15:14:54.040 @RCB004 102060069
15:14:54.041 @RCB005 龙骨卡扣螺丝包
15:14:54.041 @RCB006 PCS
15:14:54.041 @RCB007 001
15:14:54.041 @RCB008 128
15:14:54.042 @RCB019 ********************
15:14:54.042 @RCB020 带4*20螺丝
15:14:54.042 @RCB021 81
15:14:54.042 @RCB022 GD201901020009
15:14:54.042 @RCB023 000
15:14:54.042 @RCB024 JDSF113-E
15:14:54.043 @RCB026 GD201901020009
15:14:54.043 @RCB027 004
15:14:54.043 @RCB029 001
15:14:54.050 @RCB001 84
15:14:54.050 @RCB002 Z20190302006
15:14:54.050 @RCB003 005
15:14:54.050 @RCB004 102060067
15:14:54.050 @RCB005 M4*6圆头铜螺丝
15:14:54.051 @RCB006 PCS
15:14:54.051 @RCB007 001
15:14:54.051 @RCB008 256
15:14:54.051 @RCB019 ********************
15:14:54.051 @RCB020 
15:14:54.051 @RCB021 81
15:14:54.052 @RCB022 GD201901020009
15:14:54.052 @RCB023 000
15:14:54.052 @RCB024 JDSF113-E
15:14:54.052 @RCB026 GD201901020009
15:14:54.052 @RCB027 005
15:14:54.052 @RCB029 001
15:14:54.060 @RCB001 84
15:14:54.060 @RCB002 Z20190302006
15:14:54.060 @RCB003 007
15:14:54.061 @RCB004 102010049
15:14:54.061 @RCB005 10公分抱箍
15:14:54.061 @RCB006 PCS
15:14:54.061 @RCB007 001
15:14:54.061 @RCB008 256
15:14:54.062 @RCB019 ********************
15:14:54.062 @RCB020 
15:14:54.062 @RCB021 81
15:14:54.062 @RCB022 GD201901020009
15:14:54.062 @RCB023 000
15:14:54.063 @RCB024 JDSF113-E
15:14:54.063 @RCB026 GD201901020009
15:14:54.063 @RCB027 007
15:14:54.063 @RCB029 001
15:14:54.069 @RCB001 84
15:14:54.070 @RCB002 Z20190302006
15:14:54.070 @RCB003 008
15:14:54.070 @RCB004 103021698
15:14:54.070 @RCB005 白色30公分五芯线
15:14:54.070 @RCB006 PCS
15:14:54.070 @RCB007 001
15:14:54.071 @RCB008 128
15:14:54.071 @RCB019 ********************
15:14:54.071 @RCB020 (红/黄/白/绿/棕)5*1.0mm
15:14:54.071 @RCB021 81
15:14:54.071 @RCB022 GD201901020009
15:14:54.071 @RCB023 000
15:14:54.072 @RCB024 JDSF113-E
15:14:54.072 @RCB026 GD201901020009
15:14:54.072 @RCB027 008
15:14:54.072 @RCB029 001
15:14:54.079 @RCB001 84
15:14:54.079 @RCB002 Z20190302006
15:14:54.079 @RCB003 009
15:14:54.079 @RCB004 103021690
15:14:54.079 @RCB005 F113-S接线柱跳线
15:14:54.080 @RCB006 PCS
15:14:54.080 @RCB007 001
15:14:54.080 @RCB008 128
15:14:54.080 @RCB019 ********************
15:14:54.081 @RCB020 1.5mm,L=70mm（详见图纸）
15:14:54.081 @RCB021 81
15:14:54.081 @RCB022 GD201901020009
15:14:54.081 @RCB023 000
15:14:54.082 @RCB024 JDSF113-E
15:14:54.082 @RCB026 GD201901020009
15:14:54.082 @RCB027 009
15:14:54.082 @RCB029 001
15:14:54.089 @RCB001 84
15:14:54.089 @RCB002 Z20190302006
15:14:54.090 @RCB003 010
15:14:54.090 @RCB004 102140096
15:14:54.090 @RCB005 STP4*6三角机丝圆头
15:14:54.090 @RCB006 PCS
15:14:54.090 @RCB007 001
15:14:54.090 @RCB008 128
15:14:54.091 @RCB019 ********************
15:14:54.091 @RCB020 
15:14:54.091 @RCB021 81
15:14:54.091 @RCB022 GD201901020009
15:14:54.091 @RCB023 000
15:14:54.091 @RCB024 JDSF113-E
15:14:54.092 @RCB026 GD201901020009
15:14:54.092 @RCB027 010
15:14:54.092 @RCB029 001
15:14:54.100 @RCB001 84
15:14:54.100 @RCB002 Z20190302006
15:14:54.100 @RCB003 011
15:14:54.100 @RCB004 103011578
15:14:54.100 @RCB005 F66内部线
15:14:54.101 @RCB006 套
15:14:54.101 @RCB007 001
15:14:54.101 @RCB008 128
15:14:54.101 @RCB019 ********************
15:14:54.101 @RCB020 见图纸
15:14:54.102 @RCB021 81
15:14:54.102 @RCB022 GD201901020009
15:14:54.102 @RCB023 000
15:14:54.102 @RCB024 JDSF113-E
15:14:54.102 @RCB026 GD201901020009
15:14:54.103 @RCB027 011
15:14:54.103 @RCB029 001
15:14:54.109 @RCB001 84
15:14:54.109 @RCB002 Z20190302006
15:14:54.110 @RCB003 012
15:14:54.110 @RCB004 103041678
15:14:54.110 @RCB005 二合一驱动数显转接线
15:14:54.110 @RCB006 PCS
15:14:54.110 @RCB007 006
15:14:54.111 @RCB008 128
15:14:54.111 @RCB019 ********************
15:14:54.111 @RCB020 
15:14:54.111 @RCB021 81
15:14:54.111 @RCB022 GD201901020009
15:14:54.112 @RCB023 000
15:14:54.112 @RCB024 JDSF113-E
15:14:54.112 @RCB026 GD201901020009
15:14:54.112 @RCB027 012
15:14:54.112 @RCB029 001
15:14:54.118 @RCB001 84
15:14:54.119 @RCB002 Z20190302006
15:14:54.119 @RCB003 013
15:14:54.119 @RCB004 103041679
15:14:54.119 @RCB005 二合一驱动照明转接线
15:14:54.120 @RCB006 PCS
15:14:54.120 @RCB007 006
15:14:54.120 @RCB008 128
15:14:54.120 @RCB019 ********************
15:14:54.120 @RCB020 
15:14:54.121 @RCB021 81
15:14:54.121 @RCB022 GD201901020009
15:14:54.121 @RCB023 000
15:14:54.121 @RCB024 JDSF113-E
15:14:54.121 @RCB026 GD201901020009
15:14:54.121 @RCB027 013
15:14:54.122 @RCB029 001
15:14:54.125 @RCB001 84
15:14:54.125 @RCB002 Z20190302006
15:14:54.125 @RCB003 014
15:14:54.125 @RCB004 104060382
15:14:54.126 @RCB005 欧普接线警告
15:14:54.126 @RCB006 PCS
15:14:54.126 @RCB007 008
15:14:54.126 @RCB008 128
15:14:54.126 @RCB019 ********************
15:14:54.127 @RCB020 75*25mm,不干胶贴纸
15:14:54.127 @RCB021 81
15:14:54.127 @RCB022 GD201901020009
15:14:54.127 @RCB023 000
15:14:54.127 @RCB024 JDSF113-E
15:14:54.128 @RCB026 GD201901020009
15:14:54.128 @RCB027 014
15:14:54.128 @RCB029 001
15:14:54.134 @RCB001 84
15:14:54.135 @RCB002 Z20190302006
15:14:54.135 @RCB003 015
15:14:54.135 @RCB004 104020226
15:14:54.135 @RCB005 欧普530*820包装袋
15:14:54.135 @RCB006 PCS
15:14:54.136 @RCB007 006
15:14:54.136 @RCB008 128
15:14:54.136 @RCB019 ********************
15:14:54.136 @RCB020 单面印OPPLE
15:14:54.136 @RCB021 81
15:14:54.136 @RCB022 GD201901020009
15:14:54.137 @RCB023 000
15:14:54.138 @RCB024 JDSF113-E
15:14:54.138 @RCB026 GD201901020009
15:14:54.138 @RCB027 015
15:14:54.138 @RCB029 001
15:14:54.145 @RCB001 84
15:14:54.145 @RCB002 Z20190302006
15:14:54.146 @RCB003 016
15:14:54.146 @RCB004 104061926
15:14:54.146 @RCB005 JDSF113-E箱贴
15:14:54.146 @RCB006 PCS
15:14:54.146 @RCB007 008
15:14:54.146 @RCB008 128
15:14:54.147 @RCB019 ********************
15:14:54.147 @RCB020 
15:14:54.147 @RCB021 81
15:14:54.147 @RCB022 GD201901020009
15:14:54.148 @RCB023 000
15:14:54.148 @RCB024 JDSF113-E
15:14:54.148 @RCB026 GD201901020009
15:14:54.148 @RCB027 016
15:14:54.148 @RCB029 001
15:14:54.155 @RCB001 84
15:14:54.155 @RCB002 Z20190302006
15:14:54.156 @RCB003 017
15:14:54.156 @RCB004 104061902
15:14:54.156 @RCB005 F139接线提示卡
15:14:54.156 @RCB006 PCS
15:14:54.156 @RCB007 006
15:14:54.157 @RCB008 128
15:14:54.157 @RCB019 ********************
15:14:54.157 @RCB020 
15:14:54.157 @RCB021 81
15:14:54.157 @RCB022 GD201901020009
15:14:54.158 @RCB023 000
15:14:54.158 @RCB024 JDSF113-E
15:14:54.158 @RCB026 GD201901020009
15:14:54.158 @RCB027 017
15:14:54.158 @RCB029 001
15:14:54.161 @RCB001 84
15:14:54.161 @RCB002 Z20190302006
15:14:54.162 @RCB003 018
15:14:54.162 @RCB004 104091769
15:14:54.162 @RCB005 欧普F113-E铭牌
15:14:54.162 @RCB006 PCS
15:14:54.162 @RCB007 008
15:14:54.162 @RCB008 128
15:14:54.163 @RCB019 ********************
15:14:54.163 @RCB020 
15:14:54.163 @RCB021 81
15:14:54.163 @RCB022 GD201901020009
15:14:54.163 @RCB023 000
15:14:54.163 @RCB024 JDSF113-E
15:14:54.164 @RCB026 GD201901020009
15:14:54.164 @RCB027 018
15:14:54.164 @RCB029 001
15:14:54.166 @RCB001 84
15:14:54.167 @RCB002 Z20190302006
15:14:54.167 @RCB003 019
15:14:54.167 @RCB004 104070449
15:14:54.167 @RCB005 欧普合格证
15:14:54.167 @RCB006 PCS
15:14:54.168 @RCB007 008
15:14:54.168 @RCB008 128
15:14:54.168 @RCB019 ********************
15:14:54.168 @RCB020 白色不干胶
15:14:54.168 @RCB021 81
15:14:54.168 @RCB022 GD201901020009
15:14:54.169 @RCB023 000
15:14:54.169 @RCB024 JDSF113-E
15:14:54.169 @RCB026 GD201901020009
15:14:54.169 @RCB027 019
15:14:54.169 @RCB029 001
15:14:54.176 @RCB001 84
15:14:54.176 @RCB002 Z20190302006
15:14:54.177 @RCB003 020
15:14:54.177 @RCB004 104114043
15:14:54.177 @RCB005 18-4泡沫
15:14:54.177 @RCB006 套
15:14:54.177 @RCB007 004
15:14:54.178 @RCB008 128
15:14:54.178 @RCB019 ********************
15:14:54.178 @RCB020 
15:14:54.178 @RCB021 81
15:14:54.178 @RCB022 GD201901020009
15:14:54.179 @RCB023 000
15:14:54.179 @RCB024 JDSF113-E
15:14:54.179 @RCB026 GD201901020009
15:14:54.179 @RCB027 020
15:14:54.179 @RCB029 001
15:14:54.187 @RCB001 84
15:14:54.187 @RCB002 Z20190302006
15:14:54.188 @RCB003 021
15:14:54.188 @RCB004 104131681
15:14:54.188 @RCB005 欧普电商说明书
15:14:54.188 @RCB006 PCS
15:14:54.188 @RCB007 008
15:14:54.188 @RCB008 128
15:14:54.189 @RCB019 ********************
15:14:54.189 @RCB020 
15:14:54.189 @RCB021 81
15:14:54.189 @RCB022 GD201901020009
15:14:54.189 @RCB023 000
15:14:54.189 @RCB024 JDSF113-E
15:14:54.190 @RCB026 GD201901020009
15:14:54.190 @RCB027 021
15:14:54.190 @RCB029 001
15:14:54.193 @RCB001 84
15:14:54.193 @RCB002 Z20190302006
15:14:54.193 @RCB003 022
15:14:54.194 @RCB004 104160680
15:14:54.194 @RCB005 开关接线警告透明贴
15:14:54.194 @RCB006 PCS
15:14:54.194 @RCB007 008
15:14:54.194 @RCB008 128
15:14:54.194 @RCB019 ********************
15:14:54.195 @RCB020 40*40mm
15:14:54.195 @RCB021 81
15:14:54.195 @RCB022 GD201901020009
15:14:54.195 @RCB023 000
15:14:54.195 @RCB024 JDSF113-E
15:14:54.196 @RCB026 GD201901020009
15:14:54.196 @RCB027 022
15:14:54.196 @RCB029 001
15:14:54.203 @RCB001 84
15:14:54.203 @RCB002 Z20190302006
15:14:54.204 @RCB003 023
15:14:54.204 @RCB004 104174105
15:14:54.204 @RCB005 F113-E外箱
15:14:54.205 @RCB006 PCS
15:14:54.205 @RCB007 009
15:14:54.205 @RCB008 128
15:14:54.205 @RCB019 ********************
15:14:54.205 @RCB020 665*225*395mm/双瓦牛皮纸
15:14:54.206 @RCB021 81
15:14:54.206 @RCB022 GD201901020009
15:14:54.206 @RCB023 000
15:14:54.206 @RCB024 JDSF113-E
15:14:54.206 @RCB026 GD201901020009
15:14:54.207 @RCB027 023
15:14:54.207 @RCB029 001
15:14:54.214 @RCB001 84
15:14:54.214 @RCB002 Z20190302006
15:14:54.214 @RCB003 024
15:14:54.215 @RCB004 105050821
15:14:54.215 @RCB005 1μF电容
15:14:54.215 @RCB006 PCS
15:14:54.215 @RCB007 006
15:14:54.215 @RCB008 256
15:14:54.215 @RCB019 ********************
15:14:54.216 @RCB020 1μF/引出线12cm
15:14:54.216 @RCB021 81
15:14:54.216 @RCB022 GD201901020009
15:14:54.216 @RCB023 000
15:14:54.216 @RCB024 JDSF113-E
15:14:54.217 @RCB026 GD201901020009
15:14:54.217 @RCB027 024
15:14:54.217 @RCB029 001
15:14:54.224 @RCB001 84
15:14:54.224 @RCB002 Z20190302006
15:14:54.224 @RCB003 025
15:14:54.225 @RCB004 105041677
15:14:54.225 @RCB005 F113-E换气含油电机
15:14:54.225 @RCB006 PCS
15:14:54.225 @RCB007 006
15:14:54.225 @RCB008 128
15:14:54.226 @RCB019 ********************
15:14:54.226 @RCB020 红/黄/蓝L=200mm
15:14:54.226 @RCB021 81
15:14:54.226 @RCB022 GD201901020009
15:14:54.226 @RCB023 000
15:14:54.227 @RCB024 JDSF113-E
15:14:54.227 @RCB026 GD201901020009
15:14:54.227 @RCB027 025
15:14:54.227 @RCB029 001
15:14:54.238 @RCB001 84
15:14:54.238 @RCB002 Z20190302006
15:14:54.238 @RCB003 026
15:14:54.238 @RCB004 105041661
15:14:54.239 @RCB005 F66吹风滚珠电机
15:14:54.239 @RCB006 PCS
15:14:54.239 @RCB007 006
15:14:54.239 @RCB008 128
15:14:54.239 @RCB019 ********************
15:14:54.240 @RCB020 白/绿/蓝L=200mm
15:14:54.240 @RCB021 81
15:14:54.240 @RCB022 GD201901020009
15:14:54.240 @RCB023 000
15:14:54.240 @RCB024 JDSF113-E
15:14:54.241 @RCB026 GD201901020009
15:14:54.241 @RCB027 026
15:14:54.241 @RCB029 001
15:14:54.248 @RCB001 84
15:14:54.248 @RCB002 Z20190302006
15:14:54.249 @RCB003 027
15:14:54.249 @RCB004 105110853
15:14:54.249 @RCB005 2.5平方8档精品接线柱
15:14:54.249 @RCB006 PCS
15:14:54.249 @RCB007 006
15:14:54.250 @RCB008 128
15:14:54.250 @RCB019 ********************
15:14:54.250 @RCB020 TPJ-B，2.5mm2 250V ~
15:14:54.250 @RCB021 81
15:14:54.250 @RCB022 GD201901020009
15:14:54.251 @RCB023 000
15:14:54.251 @RCB024 JDSF113-E
15:14:54.251 @RCB026 GD201901020009
15:14:54.251 @RCB027 027
15:14:54.251 @RCB029 001
15:14:54.258 @RCB001 84
15:14:54.259 @RCB002 Z20190302006
15:14:54.259 @RCB003 028
15:14:54.259 @RCB004 105060823
15:14:54.259 @RCB005 148*84*24发热块
15:14:54.259 @RCB006 PCS
15:14:54.260 @RCB007 006
15:14:54.260 @RCB008 128
15:14:54.260 @RCB019 ********************
15:14:54.260 @RCB020 2000W/直脚/大网孔/148*84*24mm
15:14:54.260 @RCB021 81
15:14:54.261 @RCB022 GD201901020009
15:14:54.261 @RCB023 000
15:14:54.261 @RCB024 JDSF113-E
15:14:54.261 @RCB026 GD201901020009
15:14:54.261 @RCB027 028
15:14:54.262 @RCB029 001
15:14:54.269 @RCB001 84
15:14:54.269 @RCB002 Z20190302006
15:14:54.269 @RCB003 029
15:14:54.270 @RCB004 105131718
15:14:54.270 @RCB005 欧普二合一驱动(客供)
15:14:54.270 @RCB006 PCS
15:14:54.270 @RCB007 006
15:14:54.270 @RCB008 128
15:14:54.271 @RCB019 ********************
15:14:54.271 @RCB020 照明180mm，数显100mm
15:14:54.271 @RCB021 81
15:14:54.271 @RCB022 GD201901020009
15:14:54.271 @RCB023 000
15:14:54.271 @RCB024 JDSF113-E
15:14:54.272 @RCB026 GD201901020009
15:14:54.272 @RCB027 029
15:14:54.272 @RCB029 001
15:14:54.275 @RCB001 84
15:14:54.275 @RCB002 Z20190302006
15:14:54.275 @RCB003 030
15:14:54.276 @RCB004 105160892
15:14:54.276 @RCB005 常闭110度温控器
15:14:54.276 @RCB006 PCS
15:14:54.276 @RCB007 006
15:14:54.276 @RCB008 128
15:14:54.277 @RCB019 ********************
15:14:54.277 @RCB020 斜脚45度/16A
15:14:54.278 @RCB021 81
15:14:54.278 @RCB022 GD201901020009
15:14:54.278 @RCB023 000
15:14:54.278 @RCB024 JDSF113-E
15:14:54.278 @RCB026 GD201901020009
15:14:54.278 @RCB027 030
15:14:54.279 @RCB029 001
15:14:54.286 @RCB001 84
15:14:54.286 @RCB002 Z20190302006
15:14:54.286 @RCB003 031
15:14:54.287 @RCB004 106091684
15:14:54.287 @RCB005 欧普FG12-4-B01防水盖
15:14:54.287 @RCB006 PCS
15:14:54.287 @RCB007 006
15:14:54.287 @RCB008 128
15:14:54.287 @RCB019 ********************
15:14:54.288 @RCB020 照明+换气+吹风+取暖
15:14:54.288 @RCB021 81
15:14:54.288 @RCB022 GD201901020009
15:14:54.288 @RCB023 000
15:14:54.288 @RCB024 JDSF113-E
15:14:54.289 @RCB026 GD201901020009
15:14:54.289 @RCB027 031
15:14:54.289 @RCB029 001
15:14:54.296 @RCB001 84
15:14:54.297 @RCB002 Z20190302006
15:14:54.297 @RCB003 032
15:14:54.297 @RCB004 106140006
15:14:54.297 @RCB005 QLT-K11-4S-B开关
15:14:54.297 @RCB006 PCS
15:14:54.298 @RCB007 006
15:14:54.298 @RCB008 128
15:14:54.298 @RCB019 ********************
15:14:54.298 @RCB020 
15:14:54.298 @RCB021 81
15:14:54.299 @RCB022 GD201901020009
15:14:54.299 @RCB023 000
15:14:54.299 @RCB024 JDSF113-E
15:14:54.299 @RCB026 GD201901020009
15:14:54.299 @RCB027 032
15:14:54.300 @RCB029 001
15:14:54.307 @RCB001 84
15:14:54.307 @RCB002 Z20190302006
15:14:54.308 @RCB003 033
15:14:54.308 @RCB004 106110959
15:14:54.308 @RCB005 3.5公分白色开关盒
15:14:54.308 @RCB006 PCS
15:14:54.308 @RCB007 006
15:14:54.309 @RCB008 128
15:14:54.309 @RCB019 ********************
15:14:54.309 @RCB020 
15:14:54.309 @RCB021 81
15:14:54.309 @RCB022 GD201901020009
15:14:54.309 @RCB023 000
15:14:54.310 @RCB024 JDSF113-E
15:14:54.310 @RCB026 GD201901020009
15:14:54.310 @RCB027 033
15:14:54.310 @RCB029 001
15:14:54.317 @RCB001 84
15:14:54.318 @RCB002 Z20190302006
15:14:54.318 @RCB003 034
15:14:54.318 @RCB004 107010960
15:14:54.318 @RCB005 10公分豪华出风窗
15:14:54.318 @RCB006 PCS
15:14:54.319 @RCB007 005
15:14:54.319 @RCB008 128
15:14:54.319 @RCB019 ********************
15:14:54.319 @RCB020 
15:14:54.319 @RCB021 81
15:14:54.320 @RCB022 GD201901020009
15:14:54.320 @RCB023 000
15:14:54.320 @RCB024 JDSF113-E
15:14:54.320 @RCB026 GD201901020009
15:14:54.320 @RCB027 034
15:14:54.320 @RCB029 001
15:14:54.324 @RCB001 84
15:14:54.325 @RCB002 Z20190302006
15:14:54.325 @RCB003 035
15:14:54.325 @RCB004 503020001
15:14:54.325 @RCB005 蓝1.0保险管编织线
15:14:54.325 @RCB006 PCS
15:14:54.326 @RCB007 001
15:14:54.326 @RCB008 128
15:14:54.326 @RCB019 ********************
15:14:54.326 @RCB020 2200-2400W
15:14:54.326 @RCB021 81
15:14:54.327 @RCB022 GD201901020009
15:14:54.327 @RCB023 000
15:14:54.327 @RCB024 JDSF113-E
15:14:54.327 @RCB026 GD201901020009
15:14:54.327 @RCB027 035
15:14:54.328 @RCB029 001
15:14:54.335 @RCB001 84
15:14:54.336 @RCB002 Z20190302006
15:14:54.336 @RCB003 036
15:14:54.336 @RCB004 502010045
15:14:54.336 @RCB005 F113-E白色铁箱-喷塑
15:14:54.336 @RCB006 PCS
15:14:54.337 @RCB007 014
15:14:54.337 @RCB008 128
15:14:54.337 @RCB019 ********************
15:14:54.337 @RCB020 白色
15:14:54.337 @RCB021 81
15:14:54.338 @RCB022 GD201901020009
15:14:54.338 @RCB023 000
15:14:54.338 @RCB024 JDSF113-E
15:14:54.338 @RCB026 GD201901020009
15:14:54.338 @RCB027 036
15:14:54.339 @RCB029 001
15:14:54.346 @RCB001 84
15:14:54.347 @RCB002 Z20190302006
15:14:54.347 @RCB003 037
15:14:54.347 @RCB004 107120997
15:14:54.347 @RCB005 复合机PTC网罩
15:14:54.348 @RCB006 PCS
15:14:54.348 @RCB007 005
15:14:54.348 @RCB008 128
15:14:54.348 @RCB019 ********************
15:14:54.348 @RCB020 
15:14:54.349 @RCB021 81
15:14:54.349 @RCB022 GD201901020009
15:14:54.349 @RCB023 000
15:14:54.349 @RCB024 JDSF113-E
15:14:54.349 @RCB026 GD201901020009
15:14:54.350 @RCB027 037
15:14:54.350 @RCB029 001
15:14:54.355 @RCB001 84
15:14:54.355 @RCB002 Z20190302006
15:14:54.355 @RCB003 038
15:14:54.355 @RCB004 107110995
15:14:54.356 @RCB005 锡箔管10*10*150
15:14:54.356 @RCB006 PCS
15:14:54.356 @RCB007 004
15:14:54.356 @RCB008 128
15:14:54.356 @RCB019 ********************
15:14:54.357 @RCB020 
15:14:54.357 @RCB021 81
15:14:54.357 @RCB022 GD201901020009
15:14:54.357 @RCB023 000
15:14:54.357 @RCB024 JDSF113-E
15:14:54.358 @RCB026 GD201901020009
15:14:54.358 @RCB027 038
15:14:54.358 @RCB029 001
15:14:54.368 @RCB001 84
15:14:54.368 @RCB002 Z20190302006
15:14:54.369 @RCB003 040
15:14:54.369 @RCB004 109041087
15:14:54.369 @RCB005 200*270自封袋
15:14:54.369 @RCB006 PCS
15:14:54.369 @RCB007 002
15:14:54.369 @RCB008 128
15:14:54.370 @RCB019 ********************
15:14:54.370 @RCB020 
15:14:54.370 @RCB021 81
15:14:54.370 @RCB022 GD201901020009
15:14:54.371 @RCB023 000
15:14:54.371 @RCB024 JDSF113-E
15:14:54.371 @RCB026 GD201901020009
15:14:54.371 @RCB027 040
15:14:54.371 @RCB029 001
15:14:54.375 @RCB001 84
15:14:54.375 @RCB002 Z20190302006
15:14:54.375 @RCB003 041
15:14:54.376 @RCB004 201091132
15:14:54.376 @RCB005 15款纯平风轮PA料
15:14:54.376 @RCB006 PCS
15:14:54.376 @RCB007 005
15:14:54.376 @RCB008 128
15:14:54.377 @RCB019 ********************
15:14:54.377 @RCB020 尼龙PA料
15:14:54.377 @RCB021 81
15:14:54.377 @RCB022 GD201901020009
15:14:54.377 @RCB023 000
15:14:54.378 @RCB024 JDSF113-E
15:14:54.378 @RCB026 GD201901020009
15:14:54.378 @RCB027 041
15:14:54.378 @RCB029 001
15:14:54.386 @RCB001 84
15:14:54.386 @RCB002 Z20190302006
15:14:54.387 @RCB003 042
15:14:54.387 @RCB004 201091124
15:14:54.387 @RCB005 15款纯平风轮PP料
15:14:54.387 @RCB006 PCS
15:14:54.387 @RCB007 005
15:14:54.387 @RCB008 128
15:14:54.388 @RCB019 ********************
15:14:54.388 @RCB020 PP料
15:14:54.388 @RCB021 81
15:14:54.388 @RCB022 GD201901020009
15:14:54.388 @RCB023 000
15:14:54.388 @RCB024 JDSF113-E
15:14:54.389 @RCB026 GD201901020009
15:14:54.389 @RCB027 042
15:14:54.389 @RCB029 001
15:14:54.401 @RCB001 84
15:14:54.401 @RCB002 Z20190302006
15:14:54.402 @RCB003 043
15:14:54.402 @RCB004 201101169
15:14:54.402 @RCB005 F66接线盖
15:14:54.402 @RCB006 PCS
15:14:54.402 @RCB007 005
15:14:54.403 @RCB008 128
15:14:54.403 @RCB019 ********************
15:14:54.403 @RCB020 白色/OPPLE
15:14:54.403 @RCB021 81
15:14:54.403 @RCB022 GD201901020009
15:14:54.404 @RCB023 000
15:14:54.404 @RCB024 JDSF113-E
15:14:54.404 @RCB026 GD201901020009
15:14:54.404 @RCB027 043
15:14:54.404 @RCB029 001
15:14:54.412 @RCB001 84
15:14:54.413 @RCB002 Z20190302006
15:14:54.413 @RCB003 044
15:14:54.413 @RCB004 201141165
15:14:54.413 @RCB005 F66-S后出风
15:14:54.414 @RCB006 PCS
15:14:54.414 @RCB007 005
15:14:54.414 @RCB008 128
15:14:54.414 @RCB019 ********************
15:14:54.414 @RCB020 白色
15:14:54.414 @RCB021 81
15:14:54.415 @RCB022 GD201901020009
15:14:54.415 @RCB023 000
15:14:54.415 @RCB024 JDSF113-E
15:14:54.415 @RCB026 GD201901020009
15:14:54.415 @RCB027 044
15:14:54.416 @RCB029 001
15:14:54.428 @RCB001 84
15:14:54.428 @RCB002 Z20190302006
15:14:54.428 @RCB003 046
15:14:54.429 @RCB004 201171501
15:14:54.429 @RCB005 F113-E面板-LED
15:14:54.429 @RCB006 PCS
15:14:54.429 @RCB007 003
15:14:54.429 @RCB008 128
15:14:54.430 @RCB019 ********************
15:14:54.430 @RCB020 
15:14:54.430 @RCB021 81
15:14:54.430 @RCB022 GD201901020009
15:14:54.430 @RCB023 000
15:14:54.430 @RCB024 JDSF113-E
15:14:54.430 @RCB026 GD201901020009
15:14:54.431 @RCB027 046
15:14:54.431 @RCB029 001
15:14:54.437 @RCB001 84
15:14:54.437 @RCB002 Z20190302006
15:14:54.437 @RCB003 047
15:14:54.437 @RCB004 201191229
15:14:54.438 @RCB005 F116PTC支架
15:14:54.438 @RCB006 PCS
15:14:54.438 @RCB007 005
15:14:54.438 @RCB008 128
15:14:54.439 @RCB019 ********************
15:14:54.439 @RCB020 
15:14:54.439 @RCB021 81
15:14:54.439 @RCB022 GD201901020009
15:14:54.440 @RCB023 000
15:14:54.440 @RCB024 JDSF113-E
15:14:54.440 @RCB026 GD201901020009
15:14:54.440 @RCB027 047
15:14:54.440 @RCB029 001
15:35:16.331 @EMP002 系统管理员
15:35:16.332 @EMP033 9af7f2b45fff5ca168dd7081681fadd
15:38:10.015 @HAW001 W20190302013
15:38:10.015 @HAW002 GD201901110058
15:38:10.015 @HAW003 202121770
15:38:10.015 @HAW004 F3602型材面板-前加工
15:38:10.016 @HAW005 
15:38:10.016 @HAW006 PCS
15:38:10.016 @HAW007 1350
15:38:10.016 @HAW008 0.9
15:38:10.016 @HAW009 432
15:38:10.017 @HAW010 2019/3/2 0:00:00
15:38:10.017 @HAW011 计件
15:38:10.017 @HAW012 0501
15:38:10.017 @HAW013 五金车间
15:38:10.017 @HAW014 0501
15:38:10.017 @HAW015 五金车间
15:38:10.018 @HAW016 
15:38:10.018 @HAW017 
15:38:10.018 @HAW018 False
15:38:10.018 @HAW019 False
15:38:10.018 @HAW020 0
15:38:10.018 @HAW021 0
15:38:10.019 @HAW023 系统管理员
15:38:10.019 @HAW024 2019/3/2 8:00:00
15:38:10.019 @HAW025 2019/3/2 17:00:00
15:38:10.030 @HAX001 W20190302013
15:38:10.030 @HAX002 10011
15:38:10.030 @HAX003 吴征义
15:38:10.030 @HAX004 成品搬运工
15:38:10.031 @HAX005 1012
15:38:10.031 @HAX006 焊接
15:38:10.031 @HAX007 0.45
15:38:10.031 @HAX008 432
15:38:10.031 @HAX009 2019/3/2 8:00:00
15:38:10.031 @HAX010 2019/3/2 17:00:00
15:38:10.031 @HAX011 
15:38:10.031 @HAX012 
15:38:10.031 @HAX013 0
15:38:10.032 @HAX014 
15:38:10.032 @HAX015 在职
15:38:10.032 @HAX016 001
15:38:10.032 @HAX017 物流组
15:38:10.032 @HAX018 9
15:38:10.032 @HAX019 0
15:38:10.032 @HAX020 194.4
15:38:10.038 @HAX001 W20190302013
15:38:10.038 @HAX002 10014
15:38:10.039 @HAX003 黄仁生
15:38:10.039 @HAX004 成品搬运工
15:38:10.039 @HAX005 1012
15:38:10.039 @HAX006 焊接
15:38:10.039 @HAX007 0.45
15:38:10.040 @HAX008 432
15:38:10.040 @HAX009 2019/3/2 8:00:00
15:38:10.040 @HAX010 2019/3/2 17:00:00
15:38:10.040 @HAX011 
15:38:10.040 @HAX012 
15:38:10.040 @HAX013 0
15:38:10.041 @HAX014 
15:38:10.041 @HAX015 在职
15:38:10.041 @HAX016 002
15:38:10.041 @HAX017 物流组
15:38:10.041 @HAX018 9
15:38:10.042 @HAX019 0
15:38:10.042 @HAX020 194.4
15:38:16.550 @HAW001 W20190302013
15:38:16.550 @HAW018 False
15:40:19.750 @EMP002 系统管理员
15:40:19.751 @EMP033 9af7f2b45fff5ca168dd7081681fadd
15:41:08.568 @HAW001 W20190302013
15:41:08.568 @HAW018 False
15:41:43.669 @EMP002 系统管理员
15:41:43.669 @EMP033 9af7f2b45fff5ca168dd7081681fadd
15:48:52.868 @EMP002 系统管理员
15:48:52.868 @EMP033 9af7f2b45fff5ca168dd7081681fadd
15:52:02.446 @IJA001 S20190302009
15:52:02.447 @IJA002 计件
15:52:02.447 @IJA003 0502
15:52:02.447 @IJA004 注塑车间
15:52:02.447 @IJA005 0502
15:52:02.447 @IJA006 注塑车间
15:52:02.448 @IJA007 2019/3/2 0:00:00
15:52:02.448 @IJA008 
15:52:02.448 @IJA009 
15:52:02.448 @IJA010 False
15:52:02.448 @IJA011 False
15:52:02.448 @IJA012 0
15:52:02.449 @IJA013 0
15:52:02.449 @IJA014 系统管理员
15:52:02.449 @IJA015 2019/3/2 8:00:00
15:52:02.449 @IJA016 2019/3/2 20:00:00
15:52:02.449 @IJA017 白班
15:52:02.453 @IJB001 S20190302009
15:52:02.453 @IJB002 10017
15:52:02.454 @IJB003 在职
15:52:02.454 @IJB004 GD201901070027
15:52:02.454 @IJB005 201141165
15:52:02.454 @IJB006 F66-S后出风
15:52:02.454 @IJB007 白色
15:52:02.455 @IJB008 PCS
15:52:02.455 @IJB009 0.23
15:52:02.455 @IJB010 28000
15:52:02.455 @IJB011 0.23
15:52:02.455 @IJB012 聂付秋
15:52:02.456 @IJB013 装配工
15:52:02.456 @IJB014 
15:52:02.456 @IJB015 20000
15:52:02.456 @IJB016 2019/3/2 8:00:00
15:52:02.456 @IJB017 2019/3/2 20:00:00
15:52:02.456 @IJB018 
15:52:02.457 @IJB019 
15:52:02.457 @IJB020 0
15:52:02.457 @IJB021 
15:52:02.457 @IJB022 LED车间
15:52:02.457 @IJB023 0
15:52:02.457 @IJB024 12
15:52:02.458 @IJB025 4600.0
15:52:02.458 @IJB026 3-塑件仓
15:52:02.458 @IJB027 
15:52:02.458 @IJB028 
15:52:47.178 @IJA001 S20190302009
15:52:47.179 @IJA002 计时
15:52:47.179 @IJA003 0502
15:52:47.179 @IJA004 注塑车间
15:52:47.179 @IJA005 0502
15:52:47.180 @IJA006 注塑车间
15:52:47.180 @IJA007 2019/3/2 0:00:00
15:52:47.180 @IJA008 
15:52:47.181 @IJA009 
15:52:47.181 @IJA010 False
15:52:47.181 @IJA011 False
15:52:47.181 @IJA012 0
15:52:47.182 @IJA013 0
15:52:47.182 @IJA014 系统管理员
15:52:47.182 @IJA015 2019/3/2 8:00:00
15:52:47.182 @IJA016 2019/3/2 20:00:00
15:52:47.183 @IJA017 白班
15:52:47.184 @IJC001 S20190302009
15:52:47.184 @IJC002 GD201901070027
15:52:47.185 @IJC003 201141165
15:52:47.185 @IJC004 F66-S后出风
15:52:47.185 @IJC005 白色
15:52:47.185 @IJC006 PCS
15:52:47.185 @IJC007 0.23
15:52:47.186 @IJC008 28000
15:52:47.186 @IJC009 0.23
15:52:47.186 @IJC010 20000
15:52:47.186 @IJC011 
15:52:47.186 @IJC012 3-塑件仓
15:52:47.190 @IJD001 S20190302009
15:52:47.190 @IJD002 10020
15:52:47.190 @IJD003 罗小琴
15:52:47.190 @IJD004 装配工
15:52:47.191 @IJD005 
15:52:47.191 @IJD006 2019/3/2 8:00:00
15:52:47.191 @IJD007 2019/3/2 20:00:00
15:52:47.191 @IJD008 8
15:52:47.192 @IJD009 
15:52:47.192 @IJD010 在职
15:52:47.192 @IJD011 LED车间
15:52:47.192 @IJD012 12
15:52:47.193 @IJD013 96
16:06:03.159 @EMP002 系统管理员
16:06:03.159 @EMP033 9af7f2b45fff5ca168dd7081681fadd
