08:48:02.144 @EMP002 系统管理员
08:48:02.146 @EMP033 9af7f2b45fff5ca168dd7081681fadd
08:50:00.141 @EMP002 系统管理员
08:50:00.141 @EMP033 9af7f2b45fff5ca168dd7081681fadd
09:56:47.756 @EMP002 系统管理员
09:56:47.757 @EMP033 9af7f2b45fff5ca168dd7081681fadd
10:44:15.335 @EMP002 系统管理员
10:44:15.336 @EMP033 9af7f2b45fff5ca168dd7081681fadd
16:01:33.647 @EMP002 系统管理员
16:01:33.648 @EMP033 9af7f2b45fff5ca168dd7081681fadd
16:06:56.409 @LGN001 T20190111001
16:06:56.409 @LGN003 False
16:06:58.832 @LGN001 T20190111001
16:06:58.833 @LGN005 1
16:06:58.833 @LGN006 0
16:06:58.833 @LGN007 计件
16:06:58.833 @LGN009 2019/1/9 8:00:00
16:06:58.834 @LGN010 2019/1/9 17:00:00
16:06:58.834 @LGN011 0
16:06:58.834 @LGN012 0
16:06:58.844 @LOG004 JDSF113-S
16:06:58.844 @LOG005 JDSF113-S-玉树临风-300*600触屏数显四合一
16:06:58.844 @LOG006 500
16:06:58.844 @LOG007 2.400000
16:06:58.845 @LOG008 500
16:06:58.845 @LOG009 0.077000
16:06:58.845 @idx 63
16:06:58.845 @LOG002 XH201901080018
16:06:58.845 @LOG003 001
16:06:58.852 @LOG004 MDR302D
16:06:58.852 @LOG005 浴霸-MDR302-淡金-吉祥三宝(电商)
16:06:58.853 @LOG006 1000
16:06:58.853 @LOG007 2.400000
16:06:58.853 @LOG008 1000
16:06:58.854 @LOG009 0.062000
16:06:58.854 @idx 64
16:06:58.854 @LOG002 XH201901080019
16:06:58.854 @LOG003 001
16:06:58.860 @LGP003 吴征义
16:06:58.861 @LGP004 成品搬运工
16:06:58.861 @LGP005 在职
16:06:58.861 @idx 45
16:06:58.862 @LGP002 10011
16:06:58.862 @LGP006 物流组
16:06:58.862 @LGP007 
16:06:58.862 @LGP008 
16:06:58.863 @LGP009 2019/1/9 8:00:00
16:06:58.863 @LGP010 2019/1/9 17:00:00
16:06:58.863 @LGP011 8
16:06:58.863 @LGP012 0
16:06:58.863 @LGP013 60.3
16:06:58.864 @LGP014 
16:06:58.864 @LGP015 
16:06:58.870 @LGP003 王世洪
16:06:58.871 @LGP004 成品搬运工
16:06:58.871 @LGP005 在职
16:06:58.871 @idx 46
16:06:58.871 @LGP002 10012
16:06:58.872 @LGP006 物流组
16:06:58.872 @LGP007 
16:06:58.872 @LGP008 
16:06:58.873 @LGP009 2019/1/9 8:00:00
16:06:58.873 @LGP010 2019/1/9 17:00:00
16:06:58.873 @LGP011 8
16:06:58.873 @LGP012 0
16:06:58.874 @LGP013 60.3
16:06:58.874 @LGP014 
16:06:58.874 @LGP015 
16:06:58.880 @LGP003 李守军
16:06:58.880 @LGP004 成品搬运工
16:06:58.880 @LGP005 在职
16:06:58.880 @idx 47
16:06:58.881 @LGP002 10013
16:06:58.881 @LGP006 物流组
16:06:58.881 @LGP007 
16:06:58.881 @LGP008 
16:06:58.881 @LGP009 2019/1/9 8:00:00
16:06:58.882 @LGP010 2019/1/9 17:00:00
16:06:58.883 @LGP011 8
16:06:58.883 @LGP012 0
16:06:58.883 @LGP013 60.3
16:06:58.883 @LGP014 
16:06:58.884 @LGP015 
16:06:58.888 @LGP003 黄仁生
16:06:58.889 @LGP004 成品搬运工
16:06:58.889 @LGP005 在职
16:06:58.889 @idx 48
16:06:58.889 @LGP002 10014
16:06:58.890 @LGP006 物流组
16:06:58.890 @LGP007 
16:06:58.890 @LGP008 
16:06:58.891 @LGP009 2019/1/9 8:00:00
16:06:58.891 @LGP010 2019/1/9 17:00:00
16:06:58.892 @LGP011 8
16:06:58.892 @LGP012 0
16:06:58.892 @LGP013 60.3
16:06:58.892 @LGP014 
16:06:58.893 @LGP015 
16:15:05.754 @EMP002 系统管理员
16:15:05.755 @EMP033 9af7f2b45fff5ca168dd7081681fadd
16:25:51.888 @IJA002 计件
16:25:51.889 @IJA003 0502
16:25:51.889 @IJA004 注塑车间
16:25:51.889 @IJA005 0502
16:25:51.889 @IJA006 注塑车间
16:25:51.890 @IJA007 2019/1/10 0:00:00
16:25:51.890 @IJA008 
16:25:51.890 @IJA009 
16:25:51.890 @IJA010 False
16:25:51.890 @IJA011 False
16:25:51.891 @IJA001 S20190110006
16:25:51.891 @IJA012 0
16:25:51.891 @IJA013 0
16:25:51.891 @IJA015 2019/1/9 20:00:00
16:25:51.891 @IJA016 2019/1/10 8:00:00
16:25:51.891 @IJA017 晚班
16:25:51.900 @IJB003 在职
16:25:51.900 @IJB004 GD201901020074
16:25:51.900 @IJB005 201151201
16:25:51.900 @IJB006 F113-E全塑面板
16:25:51.901 @IJB007 PC
16:25:51.901 @IJB008 PCS
16:25:51.901 @IJB009 0.180000
16:25:51.901 @IJB010 6200
16:25:51.901 @IJB011 0.180000
16:25:51.901 @IJB012 王友会
16:25:51.902 @IJB013 注塑工
16:25:51.902 @IJB014 
16:25:51.902 @IJB015 266
16:25:51.902 @IJB016 2019/1/9 20:00:00
16:25:51.902 @IJB017 2019/1/9 21:00:00
16:25:51.902 @IJB018 
16:25:51.903 @IJB019 
16:25:51.903 @IJB020 0.000000
16:25:51.903 @IJB021 
16:25:51.903 @IJB002 10096
16:25:51.903 @IJB022 注塑车间
16:25:51.903 @IJB023 0
16:25:51.910 @IJB024 1
16:25:51.912 @IJB025 47.9
16:25:51.912 @idx 125
16:25:51.912 @IJB026 5-塑件仓
16:25:51.913 @IJB027 
16:25:51.913 @IJB028 
16:25:51.928 @IJB003 在职
16:25:51.928 @IJB004 GD201901070029
16:25:51.928 @IJB005 201151201
16:25:51.929 @IJB006 F113-E全塑面板
16:25:51.929 @IJB007 PC
16:25:51.929 @IJB008 PCS
16:25:51.929 @IJB009 0.180000
16:25:51.930 @IJB010 14000
16:25:51.932 @IJB011 0.180000
16:25:51.932 @IJB012 王友会
16:25:51.932 @IJB013 注塑工
16:25:51.932 @IJB014 
16:25:51.932 @IJB015 1030
16:25:51.933 @IJB016 2019/1/9 21:00:00
16:25:51.933 @IJB017 2019/1/10 8:00:00
16:25:51.933 @IJB018 
16:25:51.933 @IJB019 
16:25:51.934 @IJB020 0.000000
16:25:51.934 @IJB021 
16:25:51.934 @IJB002 10096
16:25:51.934 @IJB022 注塑车间
16:25:51.934 @IJB023 0
16:25:51.935 @IJB024 11
16:25:51.935 @IJB025 185.4
16:25:51.935 @idx 126
16:25:51.935 @IJB026 5-塑件仓
16:25:51.935 @IJB027 
16:25:51.936 @IJB028 
16:37:39.396 @EMP002 系统管理员
16:37:39.397 @EMP033 9af7f2b45fff5ca168dd7081681fadd
16:46:03.328 @LGN001 T20190107001
16:46:03.328 @LGN003 False
16:46:05.755 @LGN001 T20190107001
16:46:05.755 @LGN005 1
16:46:05.756 @LGN006 0
16:46:05.756 @LGN007 计件
16:46:05.756 @LGN009 2019/1/2 8:00:00
16:46:05.756 @LGN010 2019/1/2 17:00:00
16:46:05.756 @LGN011 0
16:46:05.756 @LGN012 0
16:46:05.758 @LOG004 JSYF3301-XM
16:46:05.758 @LOG005 JSYF3301-XM-PTC+换气+照明
16:46:05.758 @LOG006 500
16:46:05.759 @LOG007 2.400000
16:46:05.759 @LOG008 500
16:46:05.759 @LOG009 0.037000
16:46:05.759 @idx 26
16:46:05.759 @LOG002 XH201901020034
16:46:05.759 @LOG003 001
16:46:05.762 @LOG004 JDSF113
16:46:05.762 @LOG005 JDSF113-玉树临风-300*600数显风暖四合一
16:46:05.763 @LOG006 1000
16:46:05.763 @LOG007 2.400000
16:46:05.763 @LOG008 1000
16:46:05.763 @LOG009 0.100000
16:46:05.763 @idx 21
16:46:05.764 @LOG002 XH201901020039
16:46:05.764 @LOG003 001
16:46:05.767 @LOG004 JDSF113-Y
16:46:05.767 @LOG005 JDSF113-Y-风华正茂-300*600智能无线遥控浴霸
16:46:05.767 @LOG006 600
16:46:05.767 @LOG007 2.400000
16:46:05.768 @LOG008 600
16:46:05.768 @LOG009 0.066000
16:46:05.768 @idx 22
16:46:05.768 @LOG002 XH201901030010
16:46:05.768 @LOG003 001
16:46:05.770 @LOG004 JDSF139-S-2
16:46:05.770 @LOG005 JDSF139-S-2-玉树临风-300*600触屏数显四合一
16:46:05.770 @LOG006 1051
16:46:05.771 @LOG007 2.400000
16:46:05.771 @LOG008 1051
16:46:05.771 @LOG009 0.059000
16:46:05.771 @idx 23
16:46:05.771 @LOG002 XH201901030011
16:46:05.772 @LOG003 001
16:46:05.773 @LOG004 JYLF66-S
16:46:05.773 @LOG005 JYLF66-S-PTC+LED+换气+吹风+数显-3060
16:46:05.774 @LOG006 500
16:46:05.774 @LOG007 2.400000
16:46:05.774 @LOG008 500
16:46:05.774 @LOG009 0.070000
16:46:05.775 @idx 25
16:46:05.775 @LOG002 XH201901030012
16:46:05.775 @LOG003 001
16:46:05.777 @LOG004 D200
16:46:05.777 @LOG005 D200-吉祥小宝
16:46:05.777 @LOG006 1164
16:46:05.778 @LOG007 2.400000
16:46:05.778 @LOG008 1164
16:46:05.778 @LOG009 0.031000
16:46:05.778 @idx 24
16:46:05.778 @LOG002 XH201901030015
16:46:05.778 @LOG003 001
16:46:05.781 @LGP003 吴征义
16:46:05.781 @LGP004 成品搬运工
16:46:05.781 @LGP005 在职
16:46:05.782 @idx 13
16:46:05.782 @LGP002 10011
16:46:05.782 @LGP006 物流组
16:46:05.782 @LGP007 
16:46:05.783 @LGP008 
16:46:05.783 @LGP009 2019/1/2 8:00:00
16:46:05.783 @LGP010 2019/1/2 17:00:00
16:46:05.783 @LGP011 8
16:46:05.783 @LGP012 0
16:46:05.783 @LGP013 174.7158
16:46:05.784 @LGP014 
16:46:05.784 @LGP015 
16:46:05.791 @LGP003 王世洪
16:46:05.791 @LGP004 成品搬运工
16:46:05.791 @LGP005 在职
16:46:05.791 @idx 14
16:46:05.792 @LGP002 10012
16:46:05.792 @LGP006 物流组
16:46:05.792 @LGP007 
16:46:05.792 @LGP008 
16:46:05.793 @LGP009 2019/1/2 8:00:00
16:46:05.793 @LGP010 2019/1/2 17:00:00
16:46:05.793 @LGP011 8
16:46:05.793 @LGP012 0
16:46:05.793 @LGP013 174.7158
16:46:05.794 @LGP014 
16:46:05.794 @LGP015 
16:46:05.796 @LGP003 李守军
16:46:05.796 @LGP004 成品搬运工
16:46:05.796 @LGP005 在职
16:46:05.796 @idx 15
16:46:05.796 @LGP002 10013
16:46:05.797 @LGP006 物流组
16:46:05.797 @LGP007 
16:46:05.797 @LGP008 
16:46:05.798 @LGP009 2019/1/2 8:00:00
16:46:05.798 @LGP010 2019/1/2 17:00:00
16:46:05.798 @LGP011 8
16:46:05.798 @LGP012 0
16:46:05.798 @LGP013 174.7158
16:46:05.799 @LGP014 
16:46:05.799 @LGP015 
16:46:05.801 @LGP003 黄仁生
16:46:05.801 @LGP004 成品搬运工
16:46:05.801 @LGP005 在职
16:46:05.801 @idx 16
16:46:05.801 @LGP002 10014
16:46:05.802 @LGP006 物流组
16:46:05.802 @LGP007 
16:46:05.802 @LGP008 
16:46:05.802 @LGP009 2019/1/2 8:00:00
16:46:05.802 @LGP010 2019/1/2 17:00:00
16:46:05.803 @LGP011 8
16:46:05.803 @LGP012 0
16:46:05.803 @LGP013 174.7158
16:46:05.803 @LGP014 
16:46:05.803 @LGP015 
16:46:08.634 @LGN001 T20190107001
16:46:08.634 @LGN003 True
16:46:43.954 @LGN001 T20190119001
16:46:43.954 @LGN003 False
16:46:45.915 @LGN001 T20190119001
16:46:45.916 @LGN005 1
16:46:45.916 @LGN006 0
16:46:45.916 @LGN007 计件
16:46:45.916 @LGN009 2019/1/18 8:00:00
16:46:45.916 @LGN010 2019/1/18 17:00:00
16:46:45.917 @LGN011 0
16:46:45.917 @LGN012 0
16:46:45.918 @LOG004 JYLF55
16:46:45.919 @LOG005 JYLF55-四灯暖三合一
16:46:45.919 @LOG006 500
16:46:45.919 @LOG007 2.400000
16:46:45.919 @LOG008 500
16:46:45.919 @LOG009 0.077000
16:46:45.919 @idx 120
16:46:45.920 @LOG002 XH201901170006
16:46:45.920 @LOG003 001
16:46:45.922 @LOG004 JDSF133-S
16:46:45.923 @LOG005 JDSF133-S-风华正茂-300*600数显风暖四合一
16:46:45.923 @LOG006 800
16:46:45.923 @LOG007 2.400000
16:46:45.923 @LOG008 800
16:46:45.923 @LOG009 0.059000
16:46:45.924 @idx 116
16:46:45.924 @LOG002 XH201901170007
16:46:45.924 @LOG003 001
16:46:45.927 @LOG004 MDR302D
16:46:45.927 @LOG005 浴霸-MDR302-淡金-吉祥三宝(电商)
16:46:45.927 @LOG006 1000
16:46:45.927 @LOG007 2.400000
16:46:45.928 @LOG008 1000
16:46:45.928 @LOG009 0.062000
16:46:45.928 @idx 117
16:46:45.928 @LOG002 XH201901170008
16:46:45.928 @LOG003 001
16:46:45.930 @LOG004 JDSF130
16:46:45.931 @LOG005 JDSF130-玉风临风-60*30风暖三合一
16:46:45.931 @LOG006 400
16:46:45.931 @LOG007 2.400000
16:46:45.931 @LOG008 400
16:46:45.932 @LOG009 0.067000
16:46:45.932 @idx 118
16:46:45.932 @LOG002 XH201901170009
16:46:45.932 @LOG003 001
16:46:45.935 @LOG004 JDSF113
16:46:45.935 @LOG005 JDSF113-玉树临风-300*600数显风暖四合一
16:46:45.935 @LOG006 1000
16:46:45.935 @LOG007 2.400000
16:46:45.935 @LOG008 1000
16:46:45.936 @LOG009 0.100000
16:46:45.936 @idx 119
16:46:45.936 @LOG002 XH201901170010
16:46:45.936 @LOG003 001
16:46:45.938 @LGP003 吴征义
16:46:45.938 @LGP004 成品搬运工
16:46:45.938 @LGP005 在职
16:46:45.938 @idx 85
16:46:45.939 @LGP002 10011
16:46:45.939 @LGP006 物流组
16:46:45.939 @LGP007 
16:46:45.939 @LGP008 
16:46:45.939 @LGP009 2019/1/18 8:00:00
16:46:45.939 @LGP010 2019/1/18 17:00:00
16:46:45.940 @LGP011 8
16:46:45.940 @LGP012 0
16:46:45.940 @LGP013 219.6
16:46:45.940 @LGP014 
16:46:45.940 @LGP015 
16:46:45.946 @LGP003 王世洪
16:46:45.946 @LGP004 成品搬运工
16:46:45.947 @LGP005 未上班
16:46:45.947 @idx 86
16:46:45.947 @LGP002 10012
16:46:45.947 @LGP006 物流组
16:46:45.947 @LGP007 
16:46:45.948 @LGP008 
16:46:45.948 @LGP009 
16:46:45.948 @LGP010 
16:46:45.948 @LGP011 0
16:46:45.948 @LGP012 0
16:46:45.949 @LGP013 0
16:46:45.949 @LGP014 
16:46:45.949 @LGP015 
16:46:45.955 @LGP003 李守军
16:46:45.956 @LGP004 成品搬运工
16:46:45.956 @LGP005 在职
16:46:45.956 @idx 87
16:46:45.956 @LGP002 10013
16:46:45.956 @LGP006 物流组
16:46:45.957 @LGP007 
16:46:45.957 @LGP008 
16:46:45.957 @LGP009 2019/1/18 8:00:00
16:46:45.957 @LGP010 2019/1/18 17:00:00
16:46:45.957 @LGP011 8
16:46:45.958 @LGP012 0
16:46:45.958 @LGP013 219.6
16:46:45.958 @LGP014 
16:46:45.958 @LGP015 
16:46:45.961 @LGP003 黄仁生
16:46:45.962 @LGP004 成品搬运工
16:46:45.962 @LGP005 在职
16:46:45.962 @idx 88
16:46:45.962 @LGP002 10014
16:46:45.963 @LGP006 物流组
16:46:45.963 @LGP007 
16:46:45.963 @LGP008 
16:46:45.963 @LGP009 2019/1/18 8:00:00
16:46:45.963 @LGP010 2019/1/18 17:00:00
16:46:45.964 @LGP011 8
16:46:45.964 @LGP012 0
16:46:45.964 @LGP013 219.6
16:46:45.964 @LGP014 
16:46:45.964 @LGP015 
16:46:47.660 @LGN001 T20190119001
16:46:47.661 @LGN003 True
16:47:06.630 @LGN001 T20190120002
16:47:06.630 @LGN003 False
16:47:11.214 @LGN001 T20190120002
16:47:11.214 @LGN005 1
16:47:11.214 @LGN006 0
16:47:11.215 @LGN007 计件
16:47:11.215 @LGN009 2019/1/21 8:00:00
16:47:11.215 @LGN010 2019/1/21 17:00:00
16:47:11.215 @LGN011 0
16:47:11.215 @LGN012 0
16:47:11.226 @LOG004 JSYF3303-XM
16:47:11.226 @LOG005 JSYF3303-XM-PTC+LED+换气
16:47:11.227 @LOG006 80
16:47:11.227 @LOG007 2.400000
16:47:11.227 @LOG008 80
16:47:11.227 @LOG009 0.029000
16:47:11.227 @idx 127
16:47:11.227 @LOG002 XH201901190002
16:47:11.228 @LOG003 002
16:47:11.231 @LOG004 JDSF113
16:47:11.231 @LOG005 JDSF113-玉树临风-300*600数显风暖四合一
16:47:11.231 @LOG006 1000
16:47:11.231 @LOG007 2.400000
16:47:11.232 @LOG008 1000
16:47:11.232 @LOG009 0.100000
16:47:11.232 @idx 126
16:47:11.232 @LOG002 XH201901190003
16:47:11.232 @LOG003 001
16:47:11.234 @LOG004 JDSF113-E
16:47:11.235 @LOG005 JDSF113-E-玉树临风-300*600数显风暖四合一
16:47:11.235 @LOG006 2000
16:47:11.235 @LOG007 2.400000
16:47:11.235 @LOG008 2000
16:47:11.235 @LOG009 0.059000
16:47:11.235 @idx 128
16:47:11.236 @LOG002 XH201901190004
16:47:11.236 @LOG003 001
16:47:11.238 @LGP003 吴征义
16:47:11.238 @LGP004 成品搬运工
16:47:11.238 @LGP005 在职
16:47:11.238 @idx 93
16:47:11.239 @LGP002 10011
16:47:11.239 @LGP006 物流组
16:47:11.239 @LGP007 
16:47:11.239 @LGP008 
16:47:11.239 @LGP009 2019/1/21 8:00:00
16:47:11.239 @LGP010 2019/1/21 17:00:00
16:47:11.240 @LGP011 8
16:47:11.240 @LGP012 0
16:47:11.240 @LGP013 176.256
16:47:11.240 @LGP014 
16:47:11.241 @LGP015 
16:47:11.250 @LGP003 王世洪
16:47:11.250 @LGP004 成品搬运工
16:47:11.251 @LGP005 请假
16:47:11.251 @idx 94
16:47:11.251 @LGP002 10012
16:47:11.251 @LGP006 物流组
16:47:11.251 @LGP007 
16:47:11.251 @LGP008 
16:47:11.252 @LGP009 2019/1/21 8:00:00
16:47:11.252 @LGP010 2019/1/21 17:00:00
16:47:11.252 @LGP011 8
16:47:11.252 @LGP012 0
16:47:11.252 @LGP013 
16:47:11.254 @LGP014 
16:47:11.254 @LGP015 
16:47:11.263 @LGP003 李守军
16:47:11.263 @LGP004 成品搬运工
16:47:11.263 @LGP005 在职
16:47:11.264 @idx 95
16:47:11.264 @LGP002 10013
16:47:11.264 @LGP006 物流组
16:47:11.264 @LGP007 
16:47:11.264 @LGP008 
16:47:11.264 @LGP009 2019/1/21 8:00:00
16:47:11.265 @LGP010 2019/1/21 17:00:00
16:47:11.265 @LGP011 8
16:47:11.265 @LGP012 0
16:47:11.265 @LGP013 176.256
16:47:11.265 @LGP014 
16:47:11.265 @LGP015 
16:47:11.267 @LGP003 黄仁生
16:47:11.267 @LGP004 成品搬运工
16:47:11.267 @LGP005 在职
16:47:11.267 @idx 96
16:47:11.268 @LGP002 10014
16:47:11.268 @LGP006 物流组
16:47:11.268 @LGP007 
16:47:11.268 @LGP008 
16:47:11.268 @LGP009 2019/1/21 8:00:00
16:47:11.268 @LGP010 2019/1/21 17:00:00
16:47:11.269 @LGP011 8
16:47:11.269 @LGP012 0
16:47:11.269 @LGP013 176.256
16:47:11.269 @LGP014 
16:47:11.269 @LGP015 
16:47:14.074 @LGN001 T20190120002
16:47:14.074 @LGN003 True
