12:25:08.996 @EMP002 系统管理员
12:25:08.996 @EMP033 9af7f2b45fff5ca168dd7081681fadd
12:36:36.699 @EMP002 系统管理员
12:36:36.699 @EMP033 9af7f2b45fff5ca168dd7081681fadd
12:44:19.596 @EMP002 系统管理员
12:44:19.596 @EMP033 cebfd1559b68d67688884d7a3d3e8c
12:44:22.779 @EMP002 系统管理员
12:44:22.779 @EMP033 9af7f2b45fff5ca168dd7081681fadd
12:44:57.078 @HAW001 W20190304003
12:44:57.078 @HAW018 True
12:44:57.094 @RBA001 82
12:44:57.094 @RBA002 LL201903040019
12:44:57.094 @RBA003 
12:44:57.094 @RBA004 20190304
12:44:57.094 @RBA005 DS
12:44:57.094 @RBA006 GD201901110065
12:44:57.094 @RBA012 F
12:44:57.094 @RBA022 F
12:44:57.094 @RBB001 82
12:44:57.094 @RBB002 LL201903040019
12:44:57.094 @RBB003 001
12:44:57.094 @RBB004 108111317
12:44:57.094 @RBB005 型材条RX-1614
12:44:57.094 @RBB006 根
12:44:57.094 @RBB007 007
12:44:57.094 @RBB008 XC15
12:44:57.094 @RBB009 20
12:44:57.094 @RBB010 GD201901110065
12:44:57.094 @RBB011 001
12:44:57.094 @RBB013 F
12:44:57.094 @RBB021 ********************
12:44:57.094 @RBB022 2.55m/根  单重:462g
12:44:57.094 @RBB023 81
12:44:57.094 @RBB012 倒扣料:W20190304003
12:45:18.200 @HAW001 W20190304004
12:45:18.200 @HAW018 True
12:45:18.200 @RBA001 82
12:45:18.216 @RBA002 LL201903040020
12:45:18.216 @RBA003 
12:45:18.216 @RBA004 20190304
12:45:18.216 @RBA005 DS
12:45:18.216 @RBA006 GD201901070060
12:45:18.216 @RBA012 F
12:45:18.216 @RBA022 F
12:45:18.216 @RBB001 82
12:45:18.216 @RBB002 LL201903040020
12:45:18.216 @RBB003 001
12:45:18.216 @RBB004 101050012
12:45:18.216 @RBB005 冷轧卷400*0.35(ST12)
12:45:18.216 @RBB006 吨
12:45:18.216 @RBB007 007
12:45:18.216 @RBB008 XC15
12:45:18.216 @RBB009 1
12:45:18.216 @RBB010 GD201901070060
12:45:18.216 @RBB011 001
12:45:18.216 @RBB013 F
12:45:18.216 @RBB021 ********************
12:45:18.216 @RBB022 400*0.35mm
12:45:18.216 @RBB023 81
12:45:18.216 @RBB012 倒扣料:W20190304004
13:04:29.537 @EMP002 系统管理员
13:04:29.537 @EMP033 9af7f2b45fff5ca168dd7081681fadd
13:04:43.109 @HAW001 W20190304001
13:04:43.109 @HAW018 True
13:04:43.109 @RCA001 84
13:04:43.109 @RCA002 W20190304001
13:04:43.109 @RCA004 20190304
13:04:43.109 @RCA005 DS
13:04:43.109 @RCA006 0501
13:04:43.109 @RCA016 F
13:04:43.109 @RCA019 F
13:04:43.140 @RCC001 84
13:04:43.140 @RCC002 W20190304001
13:04:43.140 @RCC003 81
13:04:43.140 @RCC004 GD201901110063
13:04:43.140 @RCC005 011
13:04:43.140 @RCC006 2700
13:04:43.140 @RCC007 0
13:04:43.140 @RCC008 ********************
13:04:43.140 @RCC010 202161451
13:04:43.140 @RCC011 000
13:04:43.140 @RCC022 001
13:04:43.140 @RCC028 
13:04:43.156 @RCB001 84
13:04:43.156 @RCB002 W20190304001
13:04:43.156 @RCB003 001
13:04:43.156 @RCB004 108111313
13:04:43.156 @RCB005 型材条RX-1613
13:04:43.156 @RCB006 
13:04:43.156 @RCB007 007
13:04:43.156 @RCB008 675.00
13:04:43.156 @RCB019 ********************
13:04:43.156 @RCB020 2.5m/根  单重:350g
13:04:43.156 @RCB021 81
13:04:43.156 @RCB022 GD201901110063
13:04:43.156 @RCB023 000
13:04:43.156 @RCB024 202161451
13:04:43.156 @RCB026 GD201901110063
13:04:43.156 @RCB027 001
13:04:43.156 @RCB029 001
