11:15:51.242 @EMP002 系统管理员
11:15:51.243 @EMP033 9af7f2b45fff5ca168dd7081681fadd
13:46:36.785 @EMP002 系统管理员
13:46:36.785 @EMP033 9af7f2b45fff5ca168dd7081681fadd
13:47:04.582 @HAW001 W20190306001
13:47:04.583 @HAW002 GD201901070056
13:47:04.583 @HAW003 202140001
13:47:04.583 @HAW004 F07D拉丝型材框
13:47:04.583 @HAW005 
13:47:04.584 @HAW006 PCS
13:47:04.584 @HAW007 12200
13:47:04.584 @HAW008 0.25
13:47:04.584 @HAW009 6000
13:47:04.584 @HAW010 2019/3/6 0:00:00
13:47:04.585 @HAW011 计件
13:47:04.585 @HAW012 0501
13:47:04.585 @HAW013 五金车间
13:47:04.585 @HAW014 0501
13:47:04.585 @HAW015 五金车间
13:47:04.586 @HAW016 
13:47:04.586 @HAW017 
13:47:04.586 @HAW018 False
13:47:04.586 @HAW019 False
13:47:04.586 @HAW020 0
13:47:04.587 @HAW021 0
13:47:04.587 @HAW023 系统管理员
13:47:04.587 @HAW024 2019/3/6 8:00:00
13:47:04.587 @HAW025 2019/3/6 17:00:00
13:47:04.592 @HAX001 W20190306001
13:47:04.592 @HAX002 10020
13:47:04.592 @HAX003 罗小琴
13:47:04.593 @HAX004 装配工
13:47:04.593 @HAX005 1012
13:47:04.593 @HAX006 焊接
13:47:04.593 @HAX007 0.25
13:47:04.593 @HAX008 6000
13:47:04.594 @HAX009 2019/3/6 8:00:00
13:47:04.594 @HAX010 2019/3/6 17:00:00
13:47:04.594 @HAX011 
13:47:04.594 @HAX012 
13:47:04.594 @HAX013 0
13:47:04.594 @HAX014 
13:47:04.595 @HAX015 在职
13:47:04.595 @HAX016 001
13:47:04.595 @HAX017 LED车间
13:47:04.595 @HAX018 9
13:47:04.595 @HAX019 0
13:47:04.596 @HAX020 1500.0
13:47:06.091 @HAW001 W20190306001
13:47:06.091 @HAW018 True
13:47:06.093 @RCA001 84
13:47:06.093 @RCA002 W20190306001
13:47:06.094 @RCA004 20190306
13:47:06.094 @RCA005 DS
13:47:06.094 @RCA006 0501
13:47:06.094 @RCA016 F
13:47:06.094 @RCA019 F
13:47:06.124 @RCC001 84
13:47:06.125 @RCC002 W20190306001
13:47:06.125 @RCC003 81
13:47:06.125 @RCC004 GD201901070056
13:47:06.125 @RCC005 011
13:47:06.126 @RCC006 6000
13:47:06.126 @RCC007 5453
13:47:06.126 @RCC008 ********************
13:47:06.126 @RCC010 202140001
13:47:06.126 @RCC011 000
13:47:06.127 @RCC022 001
13:47:06.127 @RCC028 
13:47:06.136 @RCB001 84
13:47:06.137 @RCB002 W20190306001
13:47:06.137 @RCB003 001
13:47:06.137 @RCB004 202161433
13:47:06.137 @RCB005 F10型材条600
13:47:06.138 @RCB006 
13:47:06.138 @RCB007 011
13:47:06.138 @RCB008 12000
13:47:06.144 @RCB019 ********************
13:47:06.144 @RCB020 599.9±0.1mm
13:47:06.145 @RCB021 81
13:47:06.145 @RCB022 GD201901070056
13:47:06.145 @RCB023 000
13:47:06.145 @RCB024 202140001
13:47:06.145 @RCB026 GD201901070056
13:47:06.146 @RCB027 001
13:47:06.146 @RCB029 001
13:47:06.179 @RCB001 84
13:47:06.179 @RCB002 W20190306001
13:47:06.179 @RCB003 002
13:47:06.180 @RCB004 202161434
13:47:06.180 @RCB005 F10型材条300
13:47:06.180 @RCB006 
13:47:06.180 @RCB007 011
13:47:06.180 @RCB008 12000
13:47:06.181 @RCB019 ********************
13:47:06.181 @RCB020 299.9±0.1mm
13:47:06.181 @RCB021 81
13:47:06.181 @RCB022 GD201901070056
13:47:06.181 @RCB023 000
13:47:06.182 @RCB024 202140001
13:47:06.182 @RCB026 GD201901070056
13:47:06.182 @RCB027 002
13:47:06.182 @RCB029 001
13:50:17.272 @HAW001 W20190306001
13:50:17.272 @HAW018 False
13:50:55.172 @HAW001 W20190306001
13:50:55.173 @HAW018 True
13:50:55.190 @RCA001 84
13:50:55.190 @RCA002 W20190306001
13:50:55.190 @RCA004 20190306
13:50:55.190 @RCA005 DS
13:50:55.190 @RCA006 0501
13:50:55.191 @RCA016 F
13:50:55.191 @RCA019 F
13:50:55.193 @RCC001 84
13:50:55.193 @RCC002 W20190306001
13:50:55.193 @RCC003 81
13:50:55.193 @RCC004 GD201901070056
13:50:55.194 @RCC005 011
13:50:55.194 @RCC006 6000
13:50:55.194 @RCC007 5453
13:50:55.194 @RCC008 ********************
13:50:55.194 @RCC010 202140001
13:50:55.194 @RCC011 000
13:50:55.195 @RCC022 001
13:50:55.195 @RCC028 
13:50:55.197 @RCB001 84
13:50:55.197 @RCB002 W20190306001
13:50:55.197 @RCB003 001
13:50:55.197 @RCB004 202161433
13:50:55.198 @RCB005 F10型材条600
13:50:55.198 @RCB006 
13:50:55.198 @RCB007 011
13:50:55.198 @RCB008 12000
13:50:55.198 @RCB019 ********************
13:50:55.198 @RCB020 599.9±0.1mm
13:50:55.198 @RCB021 81
13:50:55.199 @RCB022 GD201901070056
13:50:55.199 @RCB023 000
13:50:55.199 @RCB024 202140001
13:50:55.199 @RCB026 GD201901070056
13:50:55.199 @RCB027 001
13:50:55.199 @RCB029 001
13:50:55.202 @RCB001 84
13:50:55.202 @RCB002 W20190306001
13:50:55.202 @RCB003 002
13:50:55.202 @RCB004 202161434
13:50:55.202 @RCB005 F10型材条300
13:50:55.203 @RCB006 
13:50:55.203 @RCB007 011
13:50:55.203 @RCB008 12000
13:50:55.203 @RCB019 ********************
13:50:55.204 @RCB020 299.9±0.1mm
13:50:55.204 @RCB021 81
13:50:55.204 @RCB022 GD201901070056
13:50:55.205 @RCB023 000
13:50:55.205 @RCB024 202140001
13:50:55.205 @RCB026 GD201901070056
13:50:55.205 @RCB027 002
13:50:55.206 @RCB029 001
13:51:00.961 @HAW001 W20190306001
13:51:00.961 @HAW018 False
13:51:02.724 @HAW001 W20190306001
13:51:02.724 @HAW018 True
13:51:02.727 @RCA001 84
13:51:02.727 @RCA002 W20190306001
13:51:02.727 @RCA004 20190306
13:51:02.728 @RCA005 DS
13:51:02.728 @RCA006 0501
13:51:02.728 @RCA016 F
13:51:02.729 @RCA019 F
13:51:02.731 @RCC001 84
13:51:02.731 @RCC002 W20190306001
13:51:02.732 @RCC003 81
13:51:02.732 @RCC004 GD201901070056
13:51:02.732 @RCC005 011
13:51:02.733 @RCC006 6000
13:51:02.734 @RCC007 5453
13:51:02.734 @RCC008 ********************
13:51:02.734 @RCC010 202140001
13:51:02.735 @RCC011 000
13:51:02.735 @RCC022 001
13:51:02.735 @RCC028 
13:51:02.738 @RCB001 84
13:51:02.738 @RCB002 W20190306001
13:51:02.738 @RCB003 001
13:51:02.739 @RCB004 202161433
13:51:02.739 @RCB005 F10型材条600
13:51:02.739 @RCB006 
13:51:02.740 @RCB007 011
13:51:02.740 @RCB008 12000
13:51:02.740 @RCB019 ********************
13:51:02.741 @RCB020 599.9±0.1mm
13:51:02.741 @RCB021 81
13:51:02.741 @RCB022 GD201901070056
13:51:02.741 @RCB023 000
13:51:02.742 @RCB024 202140001
13:51:02.742 @RCB026 GD201901070056
13:51:02.742 @RCB027 001
13:51:02.743 @RCB029 001
13:51:02.745 @RCB001 84
13:51:02.746 @RCB002 W20190306001
13:51:02.746 @RCB003 002
13:51:02.747 @RCB004 202161434
13:51:02.747 @RCB005 F10型材条300
13:51:02.747 @RCB006 
13:51:02.747 @RCB007 011
13:51:02.748 @RCB008 12000
13:51:02.748 @RCB019 ********************
13:51:02.748 @RCB020 299.9±0.1mm
13:51:02.749 @RCB021 81
13:51:02.749 @RCB022 GD201901070056
13:51:02.749 @RCB023 000
13:51:02.749 @RCB024 202140001
13:51:02.750 @RCB026 GD201901070056
13:51:02.750 @RCB027 002
13:51:02.750 @RCB029 001
13:52:40.131 @EMP002 系统管理员
13:52:40.132 @EMP033 9af7f2b45fff5ca168dd7081681fadd
13:52:57.925 @HAW001 W20190306001
13:52:57.925 @HAW018 False
13:52:59.484 @HAW001 W20190306001
13:52:59.484 @HAW018 True
13:52:59.485 @RCA001 84
13:52:59.486 @RCA002 W20190306001
13:52:59.486 @RCA004 20190306
13:52:59.486 @RCA005 DS
13:52:59.486 @RCA006 0501
13:52:59.486 @RCA016 F
13:52:59.487 @RCA019 F
13:52:59.488 @RCC001 84
13:52:59.488 @RCC002 W20190306001
13:52:59.488 @RCC003 81
13:52:59.488 @RCC004 GD201901070056
13:52:59.488 @RCC005 011
13:52:59.488 @RCC006 6000
13:52:59.489 @RCC007 0
13:52:59.489 @RCC008 ********************
13:52:59.489 @RCC010 202140001
13:52:59.489 @RCC011 000
13:52:59.489 @RCC022 001
13:52:59.489 @RCC028 
13:52:59.496 @RCB001 84
13:52:59.496 @RCB002 W20190306001
13:52:59.496 @RCB003 001
13:52:59.496 @RCB004 202161433
13:52:59.497 @RCB005 F10型材条600
13:52:59.497 @RCB006 
13:52:59.497 @RCB007 011
13:52:59.497 @RCB008 12000
13:52:59.497 @RCB019 ********************
13:52:59.497 @RCB020 599.9±0.1mm
13:52:59.497 @RCB021 81
13:52:59.498 @RCB022 GD201901070056
13:52:59.498 @RCB023 000
13:52:59.498 @RCB024 202140001
13:52:59.498 @RCB026 GD201901070056
13:52:59.498 @RCB027 001
13:52:59.499 @RCB029 001
13:52:59.501 @RCB001 84
13:52:59.501 @RCB002 W20190306001
13:52:59.501 @RCB003 002
13:52:59.501 @RCB004 202161434
13:52:59.501 @RCB005 F10型材条300
13:52:59.501 @RCB006 
13:52:59.501 @RCB007 011
13:52:59.502 @RCB008 12000
13:52:59.502 @RCB019 ********************
13:52:59.502 @RCB020 299.9±0.1mm
13:52:59.502 @RCB021 81
13:52:59.502 @RCB022 GD201901070056
13:52:59.502 @RCB023 000
13:52:59.502 @RCB024 202140001
13:52:59.502 @RCB026 GD201901070056
13:52:59.503 @RCB027 002
13:52:59.503 @RCB029 001
13:53:15.598 @ANW001 Z20190306001
13:53:15.598 @ANW010 0507
13:53:15.599 @ANW011 总装车间
13:53:15.599 @ANW012 050701
13:53:15.599 @ANW013 1线
13:53:15.599 @ANW014 计件
13:53:15.599 @ANW015 2019/3/6 8:00:00
13:53:15.600 @ANW016 2019/3/6 17:00:00
13:53:15.600 @ANW017 
13:53:15.600 @ANW018 
13:53:15.600 @ANW019 
13:53:15.601 @ANW020 False
13:53:15.601 @ANW021 False
13:53:15.601 @ANW022 2019/3/6 0:00:00
13:53:15.601 @ANW023 0
13:53:15.602 @ANW024 0
13:53:15.602 @ANW025 系统管理员
13:53:15.602 @ANW026 0
13:53:15.602 @ANW027 0
13:53:15.607 @ANX001 Z20190306001
13:53:15.613 @ANX002 10116
13:53:15.613 @ANX003 刘兴贵
13:53:15.613 @ANX004 装配工
13:53:15.613 @ANX005 2019/3/6 8:00:00
13:53:15.614 @ANX006 2019/3/6 17:00:00
13:53:15.614 @ANX007 
13:53:15.614 @ANX008 
13:53:15.614 @ANX009 0
13:53:15.614 @ANX010 0
13:53:15.615 @ANX011 在职
13:53:15.615 @ANX012 
13:53:15.615 @ANX013 
13:53:15.615 @ANX014 1线
13:53:15.616 @ANX015 9
13:53:15.616 @ANX016 0
13:53:15.616 @ANX017 443.3
13:53:15.616 @ANX018 
13:53:15.623 @ANX001 Z20190306001
13:53:15.623 @ANX002 10117
13:53:15.623 @ANX003 赵成鹏
13:53:15.623 @ANX004 装配工
13:53:15.624 @ANX005 2019/3/6 8:00:00
13:53:15.624 @ANX006 2019/3/6 17:00:00
13:53:15.624 @ANX007 
13:53:15.624 @ANX008 
13:53:15.624 @ANX009 0
13:53:15.625 @ANX010 0
13:53:15.625 @ANX011 在职
13:53:15.625 @ANX012 
13:53:15.625 @ANX013 
13:53:15.625 @ANX014 1线
13:53:15.625 @ANX015 9
13:53:15.626 @ANX016 0
13:53:15.626 @ANX017 443.3
13:53:15.626 @ANX018 
13:53:15.628 @ANX001 Z20190306001
13:53:15.629 @ANX002 10118
13:53:15.629 @ANX003 何万华
13:53:15.629 @ANX004 装配工
13:53:15.630 @ANX005 2019/3/6 8:00:00
13:53:15.630 @ANX006 2019/3/6 17:00:00
13:53:15.630 @ANX007 
13:53:15.630 @ANX008 
13:53:15.630 @ANX009 0
13:53:15.631 @ANX010 0
13:53:15.631 @ANX011 在职
13:53:15.631 @ANX012 
13:53:15.631 @ANX013 
13:53:15.631 @ANX014 1线
13:53:15.632 @ANX015 9
13:53:15.632 @ANX016 0
13:53:15.632 @ANX017 443.3
13:53:15.632 @ANX018 
13:53:15.634 @ANX001 Z20190306001
13:53:15.635 @ANX002 10120
13:53:15.635 @ANX003 马小千
13:53:15.635 @ANX004 检测
13:53:15.635 @ANX005 2019/3/6 8:00:00
13:53:15.635 @ANX006 2019/3/6 17:00:00
13:53:15.636 @ANX007 
13:53:15.636 @ANX008 
13:53:15.636 @ANX009 0
13:53:15.636 @ANX010 0
13:53:15.636 @ANX011 在职
13:53:15.636 @ANX012 
13:53:15.637 @ANX013 检测
13:53:15.637 @ANX014 1线
13:53:15.637 @ANX015 9
13:53:15.637 @ANX016 0
13:53:15.637 @ANX017 443.3
13:53:15.637 @ANX018 
13:53:15.640 @ANX001 Z20190306001
13:53:15.640 @ANX002 10121
13:53:15.640 @ANX003 周顺
13:53:15.640 @ANX004 装配工
13:53:15.641 @ANX005 2019/3/6 8:00:00
13:53:15.641 @ANX006 2019/3/6 17:00:00
13:53:15.641 @ANX007 
13:53:15.641 @ANX008 
13:53:15.641 @ANX009 0
13:53:15.641 @ANX010 0
13:53:15.642 @ANX011 在职
13:53:15.642 @ANX012 
13:53:15.642 @ANX013 
13:53:15.642 @ANX014 1线
13:53:15.642 @ANX015 9
13:53:15.642 @ANX016 0
13:53:15.643 @ANX017 443.3
13:53:15.643 @ANX018 
13:53:15.645 @ANX001 Z20190306001
13:53:15.645 @ANX002 10122
13:53:15.645 @ANX003 郭昭芬
13:53:15.645 @ANX004 装配工
13:53:15.646 @ANX005 2019/3/6 8:00:00
13:53:15.646 @ANX006 2019/3/6 17:00:00
13:53:15.646 @ANX007 
13:53:15.646 @ANX008 
13:53:15.646 @ANX009 0
13:53:15.646 @ANX010 0
13:53:15.647 @ANX011 在职
13:53:15.647 @ANX012 
13:53:15.647 @ANX013 
13:53:15.647 @ANX014 1线
13:53:15.647 @ANX015 9
13:53:15.647 @ANX016 0
13:53:15.648 @ANX017 443.3
13:53:15.648 @ANX018 
13:53:15.651 @ANX001 Z20190306001
13:53:15.651 @ANX002 10123
13:53:15.652 @ANX003 吴张英
13:53:15.652 @ANX004 装配工
13:53:15.652 @ANX005 2019/3/6 8:00:00
13:53:15.652 @ANX006 2019/3/6 17:00:00
13:53:15.652 @ANX007 
13:53:15.652 @ANX008 
13:53:15.652 @ANX009 0
13:53:15.653 @ANX010 0
13:53:15.653 @ANX011 在职
13:53:15.653 @ANX012 
13:53:15.653 @ANX013 
13:53:15.653 @ANX014 1线
13:53:15.653 @ANX015 9
13:53:15.654 @ANX016 0
13:53:15.654 @ANX017 443.3
13:53:15.654 @ANX018 
13:53:15.656 @ANX001 Z20190306001
13:53:15.657 @ANX002 10125
13:53:15.657 @ANX003 代开容
13:53:15.657 @ANX004 装配工
13:53:15.657 @ANX005 2019/3/6 8:00:00
13:53:15.658 @ANX006 2019/3/6 17:00:00
13:53:15.658 @ANX007 
13:53:15.658 @ANX008 
13:53:15.658 @ANX009 0
13:53:15.659 @ANX010 0
13:53:15.659 @ANX011 在职
13:53:15.659 @ANX012 
13:53:15.659 @ANX013 
13:53:15.659 @ANX014 1线
13:53:15.660 @ANX015 9
13:53:15.660 @ANX016 0
13:53:15.660 @ANX017 443.3
13:53:15.660 @ANX018 
13:53:15.663 @ANX001 Z20190306001
13:53:15.663 @ANX002 10126
13:53:15.663 @ANX003 朱正高
13:53:15.663 @ANX004 装配工
13:53:15.663 @ANX005 2019/3/6 8:00:00
13:53:15.664 @ANX006 2019/3/6 17:00:00
13:53:15.664 @ANX007 
13:53:15.664 @ANX008 
13:53:15.664 @ANX009 0
13:53:15.665 @ANX010 0
13:53:15.665 @ANX011 在职
13:53:15.665 @ANX012 
13:53:15.665 @ANX013 
13:53:15.666 @ANX014 1线
13:53:15.666 @ANX015 9
13:53:15.666 @ANX016 0
13:53:15.666 @ANX017 443.3
13:53:15.666 @ANX018 
13:53:15.670 @ANX001 Z20190306001
13:53:15.670 @ANX002 10127
13:53:15.670 @ANX003 卿廷群
13:53:15.670 @ANX004 装配工
13:53:15.670 @ANX005 2019/3/6 8:00:00
13:53:15.671 @ANX006 2019/3/6 17:00:00
13:53:15.671 @ANX007 
13:53:15.671 @ANX008 
13:53:15.671 @ANX009 0
13:53:15.671 @ANX010 0
13:53:15.671 @ANX011 在职
13:53:15.672 @ANX012 
13:53:15.672 @ANX013 
13:53:15.672 @ANX014 1线
13:53:15.672 @ANX015 9
13:53:15.672 @ANX016 0
13:53:15.672 @ANX017 443.3
13:53:15.673 @ANX018 
13:53:15.676 @ANX001 Z20190306001
13:53:15.676 @ANX002 10130
13:53:15.676 @ANX003 张义兵
13:53:15.677 @ANX004 装配工
13:53:15.677 @ANX005 2019/3/6 8:00:00
13:53:15.677 @ANX006 2019/3/6 17:00:00
13:53:15.677 @ANX007 
13:53:15.677 @ANX008 
13:53:15.677 @ANX009 0
13:53:15.678 @ANX010 0
13:53:15.678 @ANX011 在职
13:53:15.678 @ANX012 
13:53:15.678 @ANX013 
13:53:15.678 @ANX014 1线
13:53:15.678 @ANX015 9
13:53:15.679 @ANX016 0
13:53:15.679 @ANX017 443.3
13:53:15.679 @ANX018 
13:53:15.695 @ANX001 Z20190306001
13:53:15.695 @ANX002 10134
13:53:15.696 @ANX003 邹永操
13:53:15.696 @ANX004 装配工
13:53:15.696 @ANX005 2019/3/6 8:00:00
13:53:15.696 @ANX006 2019/3/6 17:00:00
13:53:15.696 @ANX007 
13:53:15.697 @ANX008 
13:53:15.697 @ANX009 0
13:53:15.697 @ANX010 0
13:53:15.697 @ANX011 在职
13:53:15.697 @ANX012 
13:53:15.698 @ANX013 
13:53:15.698 @ANX014 1线
13:53:15.698 @ANX015 9
13:53:15.698 @ANX016 0
13:53:15.698 @ANX017 443.3
13:53:15.698 @ANX018 
13:53:15.700 @ANX001 Z20190306001
13:53:15.701 @ANX002 10135
13:53:15.701 @ANX003 陈广春
13:53:15.701 @ANX004 装配工
13:53:15.701 @ANX005 2019/3/6 8:00:00
13:53:15.701 @ANX006 2019/3/6 17:00:00
13:53:15.702 @ANX007 
13:53:15.702 @ANX008 
13:53:15.702 @ANX009 0
13:53:15.702 @ANX010 0
13:53:15.702 @ANX011 在职
13:53:15.703 @ANX012 
13:53:15.703 @ANX013 
13:53:15.703 @ANX014 1线
13:53:15.703 @ANX015 9
13:53:15.703 @ANX016 0
13:53:15.704 @ANX017 443.3
13:53:15.704 @ANX018 
13:53:15.707 @ANX001 Z20190306001
13:53:15.707 @ANX002 10137
13:53:15.708 @ANX003 占利
13:53:15.708 @ANX004 装配工
13:53:15.708 @ANX005 2019/3/6 8:00:00
13:53:15.708 @ANX006 2019/3/6 17:00:00
13:53:15.708 @ANX007 
13:53:15.709 @ANX008 
13:53:15.709 @ANX009 0
13:53:15.709 @ANX010 0
13:53:15.709 @ANX011 在职
13:53:15.709 @ANX012 
13:53:15.709 @ANX013 
13:53:15.710 @ANX014 1线
13:53:15.710 @ANX015 9
13:53:15.710 @ANX016 0
13:53:15.710 @ANX017 443.3
13:53:15.710 @ANX018 
13:53:15.713 @ANX001 Z20190306001
13:53:15.713 @ANX002 10139
13:53:15.713 @ANX003 唐录云
13:53:15.713 @ANX004 装配工
13:53:15.714 @ANX005 2019/3/6 8:00:00
13:53:15.714 @ANX006 2019/3/6 17:00:00
13:53:15.714 @ANX007 
13:53:15.714 @ANX008 
13:53:15.714 @ANX009 0
13:53:15.714 @ANX010 0
13:53:15.715 @ANX011 在职
13:53:15.715 @ANX012 
13:53:15.715 @ANX013 
13:53:15.715 @ANX014 1线
13:53:15.715 @ANX015 9
13:53:15.715 @ANX016 0
13:53:15.715 @ANX017 443.3
13:53:15.716 @ANX018 
13:53:15.719 @ANX001 Z20190306001
13:53:15.719 @ANX002 10156
13:53:15.719 @ANX003 赵成国
13:53:15.720 @ANX004 装配工
13:53:15.720 @ANX005 2019/3/6 8:00:00
13:53:15.720 @ANX006 2019/3/6 17:00:00
13:53:15.720 @ANX007 
13:53:15.720 @ANX008 
13:53:15.721 @ANX009 0
13:53:15.721 @ANX010 0
13:53:15.721 @ANX011 在职
13:53:15.721 @ANX012 
13:53:15.721 @ANX013 
13:53:15.721 @ANX014 1线
13:53:15.722 @ANX015 9
13:53:15.722 @ANX016 0
13:53:15.722 @ANX017 443.3
13:53:15.722 @ANX018 
13:53:15.726 @ANX001 Z20190306001
13:53:15.726 @ANX002 10170
13:53:15.726 @ANX003 何兴强
13:53:15.726 @ANX004 装配工
13:53:15.727 @ANX005 2019/3/6 8:00:00
13:53:15.727 @ANX006 2019/3/6 17:00:00
13:53:15.727 @ANX007 
13:53:15.727 @ANX008 
13:53:15.727 @ANX009 0
13:53:15.727 @ANX010 0
13:53:15.732 @ANX011 在职
13:53:15.733 @ANX012 
13:53:15.733 @ANX013 
13:53:15.733 @ANX014 1线
13:53:15.733 @ANX015 9
13:53:15.733 @ANX016 0
13:53:15.733 @ANX017 443.3
13:53:15.734 @ANX018 
13:53:15.736 @ANX001 Z20190306001
13:53:15.736 @ANX002 10174
13:53:15.737 @ANX003 何卫芳
13:53:15.737 @ANX004 装配工
13:53:15.737 @ANX005 2019/3/6 8:00:00
13:53:15.737 @ANX006 2019/3/6 17:00:00
13:53:15.738 @ANX007 
13:53:15.738 @ANX008 
13:53:15.738 @ANX009 0
13:53:15.738 @ANX010 0
13:53:15.739 @ANX011 在职
13:53:15.740 @ANX012 
13:53:15.740 @ANX013 
13:53:15.740 @ANX014 1线
13:53:15.740 @ANX015 9
13:53:15.741 @ANX016 0
13:53:15.741 @ANX017 443.3
13:53:15.741 @ANX018 
13:53:15.743 @ANX001 Z20190306001
13:53:15.744 @ANX002 10211
13:53:15.744 @ANX003 冉月梅
13:53:15.744 @ANX004 装配工
13:53:15.744 @ANX005 2019/3/6 8:00:00
13:53:15.744 @ANX006 2019/3/6 17:00:00
13:53:15.745 @ANX007 
13:53:15.745 @ANX008 
13:53:15.745 @ANX009 0
13:53:15.745 @ANX010 0
13:53:15.745 @ANX011 在职
13:53:15.745 @ANX012 
13:53:15.746 @ANX013 
13:53:15.746 @ANX014 1线
13:53:15.746 @ANX015 9
13:53:15.746 @ANX016 0
13:53:15.746 @ANX017 443.3
13:53:15.747 @ANX018 
13:53:15.748 @ANX001 Z20190306001
13:53:15.749 @ANX002 10223
13:53:15.749 @ANX003 李再秀
13:53:15.749 @ANX004 装配工
13:53:15.749 @ANX005 2019/3/6 8:00:00
13:53:15.749 @ANX006 2019/3/6 17:00:00
13:53:15.750 @ANX007 
13:53:15.750 @ANX008 
13:53:15.750 @ANX009 0
13:53:15.750 @ANX010 0
13:53:15.750 @ANX011 在职
13:53:15.751 @ANX012 
13:53:15.751 @ANX013 
13:53:15.751 @ANX014 1线
13:53:15.751 @ANX015 9
13:53:15.751 @ANX016 0
13:53:15.752 @ANX017 443.3
13:53:15.752 @ANX018 
13:53:15.754 @ANX001 Z20190306001
13:53:15.754 @ANX002 10226
13:53:15.754 @ANX003 何忠鑫
13:53:15.755 @ANX004 装配工
13:53:15.755 @ANX005 2019/3/6 8:00:00
13:53:15.755 @ANX006 2019/3/6 17:00:00
13:53:15.755 @ANX007 
13:53:15.755 @ANX008 
13:53:15.756 @ANX009 0
13:53:15.756 @ANX010 0
13:53:15.756 @ANX011 在职
13:53:15.756 @ANX012 
13:53:15.756 @ANX013 
13:53:15.756 @ANX014 1线
13:53:15.757 @ANX015 9
13:53:15.757 @ANX016 0
13:53:15.757 @ANX017 443.3
13:53:15.757 @ANX018 
13:53:15.760 @ANX001 Z20190306001
13:53:15.760 @ANX002 10264
13:53:15.760 @ANX003 徐兰
13:53:15.760 @ANX004 装配工
13:53:15.761 @ANX005 2019/3/6 8:00:00
13:53:15.761 @ANX006 2019/3/6 17:00:00
13:53:15.761 @ANX007 
13:53:15.761 @ANX008 
13:53:15.761 @ANX009 0
13:53:15.762 @ANX010 0
13:53:15.762 @ANX011 在职
13:53:15.762 @ANX012 
13:53:15.763 @ANX013 
13:53:15.763 @ANX014 1线
13:53:15.763 @ANX015 9
13:53:15.763 @ANX016 0
13:53:15.763 @ANX017 443.3
13:53:15.764 @ANX018 
13:53:15.766 @ANX001 Z20190306001
13:53:15.766 @ANX002 10290
13:53:15.766 @ANX003 钟成菊
13:53:15.766 @ANX004 装配工
13:53:15.767 @ANX005 2019/3/6 8:00:00
13:53:15.767 @ANX006 2019/3/6 17:00:00
13:53:15.767 @ANX007 
13:53:15.767 @ANX008 
13:53:15.767 @ANX009 0
13:53:15.767 @ANX010 0
13:53:15.768 @ANX011 在职
13:53:15.768 @ANX012 
13:53:15.768 @ANX013 
13:53:15.768 @ANX014 1线
13:53:15.768 @ANX015 9
13:53:15.769 @ANX016 0
13:53:15.769 @ANX017 443.3
13:53:15.769 @ANX018 
13:53:15.771 @ANX001 Z20190306001
13:53:15.771 @ANX002 10294
13:53:15.771 @ANX003 朱志琴
13:53:15.772 @ANX004 装配工
13:53:15.772 @ANX005 2019/3/6 8:00:00
13:53:15.772 @ANX006 2019/3/6 17:00:00
13:53:15.772 @ANX007 
13:53:15.772 @ANX008 
13:53:15.773 @ANX009 0
13:53:15.773 @ANX010 0
13:53:15.773 @ANX011 在职
13:53:15.773 @ANX012 
13:53:15.773 @ANX013 
13:53:15.773 @ANX014 1线
13:53:15.774 @ANX015 9
13:53:15.774 @ANX016 0
13:53:15.774 @ANX017 443.3
13:53:15.774 @ANX018 
13:53:15.776 @ANX001 Z20190306001
13:53:15.776 @ANX002 10354
13:53:15.776 @ANX003 罗良涌
13:53:15.777 @ANX004 装配工
13:53:15.777 @ANX005 2019/3/6 8:00:00
13:53:15.777 @ANX006 2019/3/6 17:00:00
13:53:15.777 @ANX007 
13:53:15.777 @ANX008 
13:53:15.777 @ANX009 0
13:53:15.778 @ANX010 0
13:53:15.778 @ANX011 在职
13:53:15.778 @ANX012 
13:53:15.778 @ANX013 
13:53:15.778 @ANX014 1线
13:53:15.779 @ANX015 9
13:53:15.779 @ANX016 0
13:53:15.779 @ANX017 443.3
13:53:15.779 @ANX018 
13:53:15.781 @ANX001 Z20190306001
13:53:15.781 @ANX002 10385
13:53:15.782 @ANX003 朱敏
13:53:15.782 @ANX004 装配工
13:53:15.782 @ANX005 2019/3/6 8:00:00
13:53:15.782 @ANX006 2019/3/6 17:00:00
13:53:15.782 @ANX007 
13:53:15.782 @ANX008 
13:53:15.783 @ANX009 0
13:53:15.783 @ANX010 0
13:53:15.783 @ANX011 在职
13:53:15.783 @ANX012 
13:53:15.783 @ANX013 
13:53:15.783 @ANX014 1线
13:53:15.784 @ANX015 9
13:53:15.784 @ANX016 0
13:53:15.784 @ANX017 443.3
13:53:15.784 @ANX018 
13:53:15.786 @ANX001 Z20190306001
13:53:15.786 @ANX002 10386
13:53:15.786 @ANX003 韩永聪
13:53:15.786 @ANX004 装配工
13:53:15.786 @ANX005 2019/3/6 8:00:00
13:53:15.787 @ANX006 2019/3/6 17:00:00
13:53:15.787 @ANX007 
13:53:15.787 @ANX008 
13:53:15.787 @ANX009 0
13:53:15.787 @ANX010 0
13:53:15.787 @ANX011 在职
13:53:15.788 @ANX012 
13:53:15.788 @ANX013 
13:53:15.788 @ANX014 1线
13:53:15.788 @ANX015 9
13:53:15.788 @ANX016 0
13:53:15.788 @ANX017 443.3
13:53:15.789 @ANX018 
13:53:15.791 @ANN001 Z20190306001
13:53:15.791 @ANN002 GD201901020012
13:53:15.791 @ANN003 JDSF116-B
13:53:15.791 @ANN004 JDSF116-B玉树临风-300*600智控数显四合一
13:53:15.791 @ANN005 
13:53:15.792 @ANN006 台
13:53:15.792 @ANN007 2883
13:53:15.792 @ANN008 6.2
13:53:15.792 @ANN009 2000
13:53:15.792 @ANN010 
13:53:21.695 @ANW001 Z20190306001
13:53:21.695 @ANW020 True
13:53:21.697 @RCA001 84
13:53:21.698 @RCA002 Z20190306001
13:53:21.698 @RCA004 20190306
13:53:21.698 @RCA005 DS
13:53:21.699 @RCA006 050701
13:53:21.699 @RCA016 F
13:53:21.699 @RCA019 F
13:53:21.709 @RCC001 84
13:53:21.709 @RCC002 Z20190306001
13:53:21.709 @RCC003 81
13:53:21.710 @RCC004 GD201901020012
13:53:21.710 @RCC005 013
13:53:21.710 @RCC006 2000
13:53:21.711 @RCC007 
13:53:21.711 @RCC008 ********************
13:53:21.711 @RCC010 JDSF116-B
13:53:21.711 @RCC011 000
13:53:21.711 @RCC022 001
13:53:21.712 @RCC028 
13:53:21.719 @RCB001 84
13:53:21.719 @RCB002 Z20190306001
13:53:21.720 @RCB003 001
13:53:21.720 @RCB004 201191229
13:53:21.720 @RCB005 F116PTC支架
13:53:21.720 @RCB006 PCS
13:53:21.720 @RCB007 005
13:53:21.721 @RCB008 2000
13:53:21.721 @RCB019 ********************
13:53:21.721 @RCB020 
13:53:21.721 @RCB021 81
13:53:21.722 @RCB022 GD201901020012
13:53:21.722 @RCB023 000
13:53:21.722 @RCB024 JDSF116-B
13:53:21.722 @RCB026 GD201901020012
13:53:21.723 @RCB027 001
13:53:21.723 @RCB029 001
13:53:21.734 @RCB001 84
13:53:21.734 @RCB002 Z20190306001
13:53:21.734 @RCB003 002
13:53:21.735 @RCB004 201131158
13:53:21.735 @RCB005 断电开关固定盒
13:53:21.735 @RCB006 PCS
13:53:21.735 @RCB007 005
13:53:21.736 @RCB008 2000
13:53:21.736 @RCB019 ********************
13:53:21.736 @RCB020 白PP
13:53:21.736 @RCB021 81
13:53:21.736 @RCB022 GD201901020012
13:53:21.737 @RCB023 000
13:53:21.737 @RCB024 JDSF116-B
13:53:21.737 @RCB026 GD201901020012
13:53:21.737 @RCB027 002
13:53:21.738 @RCB029 001
13:53:21.747 @RCB001 84
13:53:21.747 @RCB002 Z20190306001
13:53:21.748 @RCB003 003
13:53:21.748 @RCB004 201131159
13:53:21.748 @RCB005 F116外置接线压线条
13:53:21.748 @RCB006 PCS
13:53:21.749 @RCB007 005
13:53:21.749 @RCB008 4000
13:53:21.749 @RCB019 ********************
13:53:21.749 @RCB020 白色
13:53:21.750 @RCB021 81
13:53:21.750 @RCB022 GD201901020012
13:53:21.750 @RCB023 000
13:53:21.750 @RCB024 JDSF116-B
13:53:21.750 @RCB026 GD201901020012
13:53:21.751 @RCB027 003
13:53:21.751 @RCB029 001
13:53:21.766 @RCB001 84
13:53:21.767 @RCB002 Z20190306001
13:53:21.767 @RCB003 004
13:53:21.767 @RCB004 201101176
13:53:21.767 @RCB005 F116外置接线盒
13:53:21.767 @RCB006 PCS
13:53:21.768 @RCB007 005
13:53:21.768 @RCB008 2000
13:53:21.768 @RCB019 ********************
13:53:21.768 @RCB020 白色
13:53:21.769 @RCB021 81
13:53:21.769 @RCB022 GD201901020012
13:53:21.769 @RCB023 000
13:53:21.769 @RCB024 JDSF116-B
13:53:21.770 @RCB026 GD201901020012
13:53:21.770 @RCB027 004
13:53:21.770 @RCB029 001
13:53:21.773 @RCB001 84
13:53:21.773 @RCB002 Z20190306001
13:53:21.773 @RCB003 005
13:53:21.773 @RCB004 201101177
13:53:21.774 @RCB005 F116外置接线盒底板
13:53:21.774 @RCB006 PCS
13:53:21.774 @RCB007 005
13:53:21.774 @RCB008 2000
13:53:21.774 @RCB019 ********************
13:53:21.774 @RCB020 白色
13:53:21.775 @RCB021 81
13:53:21.775 @RCB022 GD201901020012
13:53:21.775 @RCB023 000
13:53:21.775 @RCB024 JDSF116-B
13:53:21.775 @RCB026 GD201901020012
13:53:21.776 @RCB027 005
13:53:21.776 @RCB029 001
13:53:21.778 @RCB001 84
13:53:21.778 @RCB002 Z20190306001
13:53:21.779 @RCB003 006
13:53:21.779 @RCB004 201091132
13:53:21.779 @RCB005 15款纯平风轮PA料
13:53:21.779 @RCB006 PCS
13:53:21.779 @RCB007 005
13:53:21.779 @RCB008 2000
13:53:21.780 @RCB019 ********************
13:53:21.780 @RCB020 尼龙PA料
13:53:21.780 @RCB021 81
13:53:21.780 @RCB022 GD201901020012
13:53:21.780 @RCB023 000
13:53:21.780 @RCB024 JDSF116-B
13:53:21.781 @RCB026 GD201901020012
13:53:21.781 @RCB027 006
13:53:21.781 @RCB029 001
13:53:21.793 @RCB001 84
13:53:21.793 @RCB002 Z20190306001
13:53:21.793 @RCB003 007
13:53:21.793 @RCB004 201091124
13:53:21.793 @RCB005 15款纯平风轮PP料
13:53:21.794 @RCB006 PCS
13:53:21.794 @RCB007 005
13:53:21.794 @RCB008 2000
13:53:21.794 @RCB019 ********************
13:53:21.794 @RCB020 PP料
13:53:21.794 @RCB021 81
13:53:21.795 @RCB022 GD201901020012
13:53:21.795 @RCB023 000
13:53:21.795 @RCB024 JDSF116-B
13:53:21.795 @RCB026 GD201901020012
13:53:21.795 @RCB027 007
13:53:21.796 @RCB029 001
13:53:21.804 @RCB001 84
13:53:21.804 @RCB002 Z20190306001
13:53:21.804 @RCB003 008
13:53:21.804 @RCB004 201081118
13:53:21.805 @RCB005 F27涡壳
13:53:21.805 @RCB006 PCS
13:53:21.805 @RCB007 005
13:53:21.805 @RCB008 4000
13:53:21.805 @RCB019 ********************
13:53:21.806 @RCB020 V0阻燃
13:53:21.806 @RCB021 81
13:53:21.806 @RCB022 GD201901020012
13:53:21.806 @RCB023 000
13:53:21.806 @RCB024 JDSF116-B
13:53:21.806 @RCB026 GD201901020012
13:53:21.807 @RCB027 008
13:53:21.807 @RCB029 001
13:53:21.817 @RCB001 84
13:53:21.817 @RCB002 Z20190306001
13:53:21.817 @RCB003 009
13:53:21.818 @RCB004 110040007
13:53:21.818 @RCB005 F116-B控制器
13:53:21.818 @RCB006 PCS
13:53:21.818 @RCB007 006
13:53:21.819 @RCB008 2000
13:53:21.819 @RCB019 ********************
13:53:21.819 @RCB020 客供
13:53:21.819 @RCB021 81
13:53:21.820 @RCB022 GD201901020012
13:53:21.820 @RCB023 000
13:53:21.820 @RCB024 JDSF116-B
13:53:21.820 @RCB026 GD201901020012
13:53:21.820 @RCB027 009
13:53:21.821 @RCB029 001
13:53:21.829 @RCB001 84
13:53:21.829 @RCB002 Z20190306001
13:53:21.830 @RCB003 010
13:53:21.830 @RCB004 110040008
13:53:21.830 @RCB005 F116-B温度传感器
13:53:21.830 @RCB006 PCS
13:53:21.831 @RCB007 006
13:53:21.831 @RCB008 2000
13:53:21.831 @RCB019 ********************
13:53:21.831 @RCB020 客供
13:53:21.832 @RCB021 81
13:53:21.832 @RCB022 GD201901020012
13:53:21.832 @RCB023 000
13:53:21.832 @RCB024 JDSF116-B
13:53:21.832 @RCB026 GD201901020012
13:53:21.833 @RCB027 010
13:53:21.833 @RCB029 001
13:53:21.837 @RCB001 84
13:53:21.838 @RCB002 Z20190306001
13:53:21.838 @RCB003 011
13:53:21.838 @RCB004 110040009
13:53:21.839 @RCB005 F116-B开关
13:53:21.839 @RCB006 PCS
13:53:21.839 @RCB007 006
13:53:21.840 @RCB008 2000
13:53:21.840 @RCB019 ********************
13:53:21.840 @RCB020 客供
13:53:21.840 @RCB021 81
13:53:21.840 @RCB022 GD201901020012
13:53:21.841 @RCB023 000
13:53:21.841 @RCB024 JDSF116-B
13:53:21.841 @RCB026 GD201901020012
13:53:21.841 @RCB027 011
13:53:21.842 @RCB029 001
13:53:21.852 @RCB001 84
13:53:21.852 @RCB002 Z20190306001
13:53:21.852 @RCB003 012
13:53:21.853 @RCB004 110040010
13:53:21.853 @RCB005 F116-B数显连接线
13:53:21.853 @RCB006 PCS
13:53:21.853 @RCB007 006
13:53:21.854 @RCB008 2000
13:53:21.854 @RCB019 ********************
13:53:21.854 @RCB020 客供
13:53:21.854 @RCB021 81
13:53:21.855 @RCB022 GD201901020012
13:53:21.855 @RCB023 000
13:53:21.855 @RCB024 JDSF116-B
13:53:21.855 @RCB026 GD201901020012
13:53:21.855 @RCB027 012
13:53:21.856 @RCB029 001
13:53:21.859 @RCB001 84
13:53:21.859 @RCB002 Z20190306001
13:53:21.860 @RCB003 013
13:53:21.860 @RCB004 110040011
13:53:21.860 @RCB005 F116-B控制器压线盖
13:53:21.860 @RCB006 PCS
13:53:21.860 @RCB007 006
13:53:21.861 @RCB008 2000
13:53:21.861 @RCB019 ********************
13:53:21.861 @RCB020 客供
13:53:21.861 @RCB021 81
13:53:21.861 @RCB022 GD201901020012
13:53:21.862 @RCB023 000
13:53:21.862 @RCB024 JDSF116-B
13:53:21.862 @RCB026 GD201901020012
13:53:21.862 @RCB027 013
13:53:21.862 @RCB029 001
13:53:21.866 @RCB001 84
13:53:21.866 @RCB002 Z20190306001
13:53:21.866 @RCB003 014
13:53:21.867 @RCB004 110040012
13:53:21.867 @RCB005 F116-B护线圈
13:53:21.867 @RCB006 PCS
13:53:21.867 @RCB007 006
13:53:21.867 @RCB008 2000
13:53:21.868 @RCB019 ********************
13:53:21.868 @RCB020 客供
13:53:21.868 @RCB021 81
13:53:21.868 @RCB022 GD201901020012
13:53:21.868 @RCB023 000
13:53:21.868 @RCB024 JDSF116-B
13:53:21.869 @RCB026 GD201901020012
13:53:21.869 @RCB027 014
13:53:21.869 @RCB029 001
13:53:21.872 @RCB001 84
13:53:21.873 @RCB002 Z20190306001
13:53:21.873 @RCB003 015
13:53:21.873 @RCB004 110040013
13:53:21.873 @RCB005 F116-B开关螺丝包
13:53:21.873 @RCB006 套
13:53:21.874 @RCB007 006
13:53:21.874 @RCB008 2000
13:53:21.874 @RCB019 ********************
13:53:21.874 @RCB020 客供
13:53:21.874 @RCB021 81
13:53:21.875 @RCB022 GD201901020012
13:53:21.875 @RCB023 000
13:53:21.875 @RCB024 JDSF116-B
13:53:21.875 @RCB026 GD201901020012
13:53:21.875 @RCB027 015
13:53:21.876 @RCB029 001
13:53:21.886 @RCB001 84
13:53:21.887 @RCB002 Z20190306001
13:53:21.887 @RCB003 016
13:53:21.887 @RCB004 201011097
13:53:21.888 @RCB005 F116出风口
13:53:21.888 @RCB006 PCS
13:53:21.888 @RCB007 005
13:53:21.888 @RCB008 2000
13:53:21.889 @RCB019 ********************
13:53:21.889 @RCB020 白PP(Φ10cm)
13:53:21.889 @RCB021 81
13:53:21.889 @RCB022 GD201901020012
13:53:21.889 @RCB023 000
13:53:21.890 @RCB024 JDSF116-B
13:53:21.890 @RCB026 GD201901020012
13:53:21.890 @RCB027 016
13:53:21.890 @RCB029 001
13:53:21.902 @RCB001 84
13:53:21.902 @RCB002 Z20190306001
13:53:21.902 @RCB003 017
13:53:21.902 @RCB004 109041087
13:53:21.903 @RCB005 200*270自封袋
13:53:21.903 @RCB006 PCS
13:53:21.903 @RCB007 002
13:53:21.903 @RCB008 2000
13:53:21.903 @RCB019 ********************
13:53:21.904 @RCB020 
13:53:21.904 @RCB021 81
13:53:21.904 @RCB022 GD201901020012
13:53:21.904 @RCB023 000
13:53:21.904 @RCB024 JDSF116-B
13:53:21.905 @RCB026 GD201901020012
13:53:21.905 @RCB027 017
13:53:21.905 @RCB029 001
13:53:21.917 @RCB001 84
13:53:21.917 @RCB002 Z20190306001
13:53:21.917 @RCB003 018
13:53:21.918 @RCB004 107110983
13:53:21.918 @RCB005 欧普伸缩管10*10*150
13:53:21.918 @RCB006 PCS
13:53:21.918 @RCB007 004
13:53:21.919 @RCB008 2000
13:53:21.919 @RCB019 ********************
13:53:21.919 @RCB020 
13:53:21.919 @RCB021 81
13:53:21.919 @RCB022 GD201901020012
13:53:21.920 @RCB023 000
13:53:21.920 @RCB024 JDSF116-B
13:53:21.920 @RCB026 GD201901020012
13:53:21.920 @RCB027 018
13:53:21.921 @RCB029 001
13:53:21.932 @RCB001 84
13:53:21.932 @RCB002 Z20190306001
13:53:21.932 @RCB003 019
13:53:21.933 @RCB004 107120997
13:53:21.933 @RCB005 复合机PTC网罩
13:53:21.933 @RCB006 PCS
13:53:21.933 @RCB007 005
13:53:21.934 @RCB008 2000
13:53:21.934 @RCB019 ********************
13:53:21.934 @RCB020 
13:53:21.934 @RCB021 81
13:53:21.934 @RCB022 GD201901020012
13:53:21.935 @RCB023 000
13:53:21.935 @RCB024 JDSF116-B
13:53:21.935 @RCB026 GD201901020012
13:53:21.935 @RCB027 019
13:53:21.935 @RCB029 001
13:53:21.939 @RCB001 84
13:53:21.940 @RCB002 Z20190306001
13:53:21.940 @RCB003 020
13:53:21.940 @RCB004 107010960
13:53:21.940 @RCB005 10公分豪华出风窗
13:53:21.940 @RCB006 PCS
13:53:21.940 @RCB007 005
13:53:21.941 @RCB008 2000
13:53:21.941 @RCB019 ********************
13:53:21.941 @RCB020 
13:53:21.941 @RCB021 81
13:53:21.941 @RCB022 GD201901020012
13:53:21.941 @RCB023 000
13:53:21.941 @RCB024 JDSF116-B
13:53:21.942 @RCB026 GD201901020012
13:53:21.942 @RCB027 020
13:53:21.942 @RCB029 001
13:53:21.953 @RCB001 84
13:53:21.953 @RCB002 Z20190306001
13:53:21.954 @RCB003 021
13:53:21.954 @RCB004 202121773
13:53:21.954 @RCB005 F116-B成品面板-LED
13:53:21.954 @RCB006 PCS
13:53:21.955 @RCB007 003
13:53:21.955 @RCB008 2000
13:53:21.955 @RCB019 ********************
13:53:21.955 @RCB020 
13:53:21.955 @RCB021 81
13:53:21.956 @RCB022 GD201901020012
13:53:21.956 @RCB023 000
13:53:21.957 @RCB024 JDSF116-B
13:53:21.957 @RCB026 GD201901020012
13:53:21.957 @RCB027 021
13:53:21.957 @RCB029 001
13:53:21.968 @RCB001 84
13:53:21.968 @RCB002 Z20190306001
13:53:21.969 @RCB003 022
13:53:21.969 @RCB004 502010034
13:53:21.969 @RCB005 F116中板-喷塑
13:53:21.969 @RCB006 PCS
13:53:21.969 @RCB007 014
13:53:21.969 @RCB008 2000
13:53:21.970 @RCB019 ********************
13:53:21.970 @RCB020 黑色
13:53:21.970 @RCB021 81
13:53:21.970 @RCB022 GD201901020012
13:53:21.970 @RCB023 000
13:53:21.970 @RCB024 JDSF116-B
13:53:21.971 @RCB026 GD201901020012
13:53:21.971 @RCB027 022
13:53:21.971 @RCB029 001
13:53:21.982 @RCB001 84
13:53:21.982 @RCB002 Z20190306001
13:53:21.983 @RCB003 023
13:53:21.983 @RCB004 502010035
13:53:21.983 @RCB005 F116铁箱-喷塑
13:53:21.983 @RCB006 PCS
13:53:21.983 @RCB007 014
13:53:21.983 @RCB008 2000
13:53:21.984 @RCB019 ********************
13:53:21.984 @RCB020 白色
13:53:21.984 @RCB021 81
13:53:21.984 @RCB022 GD201901020012
13:53:21.985 @RCB023 000
13:53:21.985 @RCB024 JDSF116-B
13:53:21.985 @RCB026 GD201901020012
13:53:21.985 @RCB027 023
13:53:21.985 @RCB029 001
13:53:21.989 @RCB001 84
13:53:21.989 @RCB002 Z20190306001
13:53:21.989 @RCB003 024
13:53:21.989 @RCB004 502010042
13:53:21.990 @RCB005 F116-B保护罩-喷塑
13:53:21.990 @RCB006 PCS
13:53:21.990 @RCB007 014
13:53:21.990 @RCB008 2000
13:53:21.990 @RCB019 ********************
13:53:21.991 @RCB020 黑色
13:53:21.991 @RCB021 81
13:53:21.991 @RCB022 GD201901020012
13:53:21.991 @RCB023 000
13:53:21.991 @RCB024 JDSF116-B
13:53:21.992 @RCB026 GD201901020012
13:53:21.992 @RCB027 024
13:53:21.992 @RCB029 001
13:53:22.004 @RCB001 84
13:53:22.004 @RCB002 Z20190306001
13:53:22.004 @RCB003 025
13:53:22.004 @RCB004 503020001
13:53:22.004 @RCB005 蓝1.0保险管编织线
13:53:22.005 @RCB006 PCS
13:53:22.005 @RCB007 001
13:53:22.005 @RCB008 2000
13:53:22.005 @RCB019 ********************
13:53:22.005 @RCB020 2200-2400W
13:53:22.006 @RCB021 81
13:53:22.006 @RCB022 GD201901020012
13:53:22.006 @RCB023 000
13:53:22.006 @RCB024 JDSF116-B
13:53:22.007 @RCB026 GD201901020012
13:53:22.007 @RCB027 025
13:53:22.007 @RCB029 001
13:53:22.018 @RCB001 84
13:53:22.018 @RCB002 Z20190306001
13:53:22.018 @RCB003 026
13:53:22.018 @RCB004 106080922
13:53:22.018 @RCB005 断电开关
13:53:22.019 @RCB006 PCS
13:53:22.019 @RCB007 006
13:53:22.019 @RCB008 2000
13:53:22.019 @RCB019 ********************
13:53:22.019 @RCB020 PS18-16 16A 250VAC 1100/55
13:53:22.020 @RCB021 81
13:53:22.020 @RCB022 GD201901020012
13:53:22.020 @RCB023 000
13:53:22.020 @RCB024 JDSF116-B
13:53:22.020 @RCB026 GD201901020012
13:53:22.020 @RCB027 026
13:53:22.021 @RCB029 001
13:53:22.032 @RCB001 84
13:53:22.033 @RCB002 Z20190306001
13:53:22.033 @RCB003 027
13:53:22.033 @RCB004 105160892
13:53:22.033 @RCB005 常闭110度温控器
13:53:22.034 @RCB006 PCS
13:53:22.034 @RCB007 006
13:53:22.034 @RCB008 2000
13:53:22.034 @RCB019 ********************
13:53:22.035 @RCB020 斜脚45度/16A
13:53:22.035 @RCB021 81
13:53:22.035 @RCB022 GD201901020012
13:53:22.035 @RCB023 000
13:53:22.035 @RCB024 JDSF116-B
13:53:22.036 @RCB026 GD201901020012
13:53:22.036 @RCB027 027
13:53:22.036 @RCB029 001
13:53:22.046 @RCB001 84
13:53:22.047 @RCB002 Z20190306001
13:53:22.047 @RCB003 028
13:53:22.047 @RCB004 105130849
13:53:22.047 @RCB005 欧普8-12-240驱动
13:53:22.047 @RCB006 PCS
13:53:22.048 @RCB007 006
13:53:22.048 @RCB008 2000
13:53:22.048 @RCB019 ********************
13:53:22.048 @RCB020 黑色丝印
13:53:22.048 @RCB021 81
13:53:22.049 @RCB022 GD201901020012
13:53:22.049 @RCB023 000
13:53:22.049 @RCB024 JDSF116-B
13:53:22.049 @RCB026 GD201901020012
13:53:22.049 @RCB027 028
13:53:22.050 @RCB029 001
13:53:22.055 @RCB001 84
13:53:22.055 @RCB002 Z20190306001
13:53:22.055 @RCB003 029
13:53:22.056 @RCB004 105110849
13:53:22.056 @RCB005 2.5平方3档精品接线柱
13:53:22.056 @RCB006 PCS
13:53:22.056 @RCB007 006
13:53:22.057 @RCB008 2000
13:53:22.057 @RCB019 ********************
13:53:22.057 @RCB020 TPJ-B，2.5mm2 250V ~
13:53:22.057 @RCB021 81
13:53:22.058 @RCB022 GD201901020012
13:53:22.058 @RCB023 000
13:53:22.058 @RCB024 JDSF116-B
13:53:22.058 @RCB026 GD201901020012
13:53:22.058 @RCB027 029
13:53:22.059 @RCB029 001
13:53:22.069 @RCB001 84
13:53:22.069 @RCB002 Z20190306001
13:53:22.069 @RCB003 030
13:53:22.069 @RCB004 105060832
13:53:22.070 @RCB005 148*84*24发热块
13:53:22.070 @RCB006 PCS
13:53:22.070 @RCB007 006
13:53:22.070 @RCB008 2000
13:53:22.071 @RCB019 ********************
13:53:22.071 @RCB020 2400W/直脚/大网孔/148*84*24mm
13:53:22.071 @RCB021 81
13:53:22.071 @RCB022 GD201901020012
13:53:22.072 @RCB023 000
13:53:22.072 @RCB024 JDSF116-B
13:53:22.072 @RCB026 GD201901020012
13:53:22.073 @RCB027 030
13:53:22.073 @RCB029 001
13:53:22.082 @RCB001 84
13:53:22.083 @RCB002 Z20190306001
13:53:22.083 @RCB003 031
13:53:22.083 @RCB004 105041661
13:53:22.083 @RCB005 F66吹风滚珠电机
13:53:22.087 @RCB006 PCS
13:53:22.088 @RCB007 006
13:53:22.088 @RCB008 2000
13:53:22.088 @RCB019 ********************
13:53:22.088 @RCB020 白/绿/蓝L=200mm
13:53:22.089 @RCB021 81
13:53:22.089 @RCB022 GD201901020012
13:53:22.089 @RCB023 000
13:53:22.089 @RCB024 JDSF116-B
13:53:22.089 @RCB026 GD201901020012
13:53:22.090 @RCB027 031
13:53:22.090 @RCB029 001
13:53:22.099 @RCB001 84
13:53:22.100 @RCB002 Z20190306001
13:53:22.100 @RCB003 032
13:53:22.100 @RCB004 105050821
13:53:22.100 @RCB005 1μF电容
13:53:22.100 @RCB006 PCS
13:53:22.101 @RCB007 006
13:53:22.101 @RCB008 4000
13:53:22.101 @RCB019 ********************
13:53:22.101 @RCB020 1μF/引出线12cm
13:53:22.101 @RCB021 81
13:53:22.102 @RCB022 GD201901020012
13:53:22.102 @RCB023 000
13:53:22.102 @RCB024 JDSF116-B
13:53:22.102 @RCB026 GD201901020012
13:53:22.102 @RCB027 032
13:53:22.102 @RCB029 001
13:53:22.112 @RCB001 84
13:53:22.112 @RCB002 Z20190306001
13:53:22.113 @RCB003 033
13:53:22.113 @RCB004 105041662
13:53:22.113 @RCB005 F66换气滚珠电机
13:53:22.113 @RCB006 PCS
13:53:22.113 @RCB007 006
13:53:22.114 @RCB008 2000
13:53:22.114 @RCB019 ********************
13:53:22.114 @RCB020 红/黄/蓝L=200mm
13:53:22.114 @RCB021 81
13:53:22.114 @RCB022 GD201901020012
13:53:22.115 @RCB023 000
13:53:22.115 @RCB024 JDSF116-B
13:53:22.115 @RCB026 GD201901020012
13:53:22.115 @RCB027 033
13:53:22.115 @RCB029 001
13:53:22.120 @RCB001 84
13:53:22.121 @RCB002 Z20190306001
13:53:22.121 @RCB003 034
13:53:22.121 @RCB004 104131711
13:53:22.121 @RCB005 欧普F116升级版说明书
13:53:22.122 @RCB006 PCS
13:53:22.122 @RCB007 008
13:53:22.122 @RCB008 2000
13:53:22.122 @RCB019 ********************
13:53:22.122 @RCB020 
13:53:22.123 @RCB021 81
13:53:22.123 @RCB022 GD201901020012
13:53:22.123 @RCB023 000
13:53:22.123 @RCB024 JDSF116-B
13:53:22.123 @RCB026 GD201901020012
13:53:22.124 @RCB027 034
13:53:22.124 @RCB029 001
13:53:22.134 @RCB001 84
13:53:22.134 @RCB002 Z20190306001
13:53:22.135 @RCB003 036
13:53:22.135 @RCB004 104174099
13:53:22.135 @RCB005 F116-B外箱
13:53:22.135 @RCB006 PCS
13:53:22.135 @RCB007 009
13:53:22.136 @RCB008 2000
13:53:22.136 @RCB019 ********************
13:53:22.136 @RCB020 712*352*414mm/双瓦牛皮纸
13:53:22.136 @RCB021 81
13:53:22.136 @RCB022 GD201901020012
13:53:22.136 @RCB023 000
13:53:22.136 @RCB024 JDSF116-B
13:53:22.137 @RCB026 GD201901020012
13:53:22.137 @RCB027 036
13:53:22.137 @RCB029 001
13:53:22.150 @RCB001 84
13:53:22.150 @RCB002 Z20190306001
13:53:22.150 @RCB003 037
13:53:22.150 @RCB004 104114028
13:53:22.151 @RCB005 F116珍珠棉泡沫
13:53:22.151 @RCB006 PCS
13:53:22.151 @RCB007 004
13:53:22.151 @RCB008 8000
13:53:22.152 @RCB019 ********************
13:53:22.152 @RCB020 33.5*9.5*9.5cm
13:53:22.152 @RCB021 81
13:53:22.152 @RCB022 GD201901020012
13:53:22.152 @RCB023 000
13:53:22.153 @RCB024 JDSF116-B
13:53:22.153 @RCB026 GD201901020012
13:53:22.153 @RCB027 037
13:53:22.153 @RCB029 001
13:53:22.164 @RCB001 84
13:53:22.164 @RCB002 Z20190306001
13:53:22.164 @RCB003 038
13:53:22.165 @RCB004 104114030
13:53:22.165 @RCB005 日信3-1泡沫
13:53:22.165 @RCB006 套
13:53:22.165 @RCB007 004
13:53:22.166 @RCB008 2000
13:53:22.166 @RCB019 ********************
13:53:22.166 @RCB020 
13:53:22.167 @RCB021 81
13:53:22.167 @RCB022 GD201901020012
13:53:22.167 @RCB023 000
13:53:22.167 @RCB024 JDSF116-B
13:53:22.168 @RCB026 GD201901020012
13:53:22.168 @RCB027 038
13:53:22.168 @RCB029 001
13:53:22.176 @RCB001 84
13:53:22.176 @RCB002 Z20190306001
13:53:22.177 @RCB003 039
13:53:22.177 @RCB004 104114039
13:53:22.177 @RCB005 NBR+PVC防水泡棉
13:53:22.177 @RCB006 PCS
13:53:22.178 @RCB007 004
13:53:22.178 @RCB008 2000
13:53:22.178 @RCB019 ********************
13:53:22.178 @RCB020 700*10*3mm,V0级阻燃，发泡率100-1200
13:53:22.179 @RCB021 81
13:53:22.179 @RCB022 GD201901020012
13:53:22.179 @RCB023 000
13:53:22.180 @RCB024 JDSF116-B
13:53:22.180 @RCB026 GD201901020012
13:53:22.180 @RCB027 039
13:53:22.180 @RCB029 001
13:53:22.194 @RCB001 84
13:53:22.194 @RCB002 Z20190306001
13:53:22.194 @RCB003 040
13:53:22.195 @RCB004 104070449
13:53:22.195 @RCB005 欧普合格证
13:53:22.195 @RCB006 PCS
13:53:22.195 @RCB007 008
13:53:22.195 @RCB008 2000
13:53:22.196 @RCB019 ********************
13:53:22.196 @RCB020 白色不干胶
13:53:22.196 @RCB021 81
13:53:22.196 @RCB022 GD201901020012
13:53:22.196 @RCB023 000
13:53:22.196 @RCB024 JDSF116-B
13:53:22.197 @RCB026 GD201901020012
13:53:22.197 @RCB027 040
13:53:22.197 @RCB029 001
13:53:22.212 @RCB001 84
13:53:22.212 @RCB002 Z20190306001
13:53:22.212 @RCB003 041
13:53:22.213 @RCB004 104091763
13:53:22.213 @RCB005 欧普F116-B铭牌
13:53:22.213 @RCB006 PCS
13:53:22.214 @RCB007 008
13:53:22.214 @RCB008 2000
13:53:22.214 @RCB019 ********************
13:53:22.214 @RCB020 
13:53:22.215 @RCB021 81
13:53:22.215 @RCB022 GD201901020012
13:53:22.215 @RCB023 000
13:53:22.215 @RCB024 JDSF116-B
13:53:22.215 @RCB026 GD201901020012
13:53:22.216 @RCB027 041
13:53:22.216 @RCB029 001
13:53:22.231 @RCB001 84
13:53:22.231 @RCB002 Z20190306001
13:53:22.231 @RCB003 042
13:53:22.231 @RCB004 104101722
13:53:22.232 @RCB005 F116-B内箱
13:53:22.232 @RCB006 PCS
13:53:22.232 @RCB007 009
13:53:22.232 @RCB008 2000
13:53:22.233 @RCB019 ********************
13:53:22.233 @RCB020 660*305*360mm/双瓦牛皮纸
13:53:22.233 @RCB021 81
13:53:22.233 @RCB022 GD201901020012
13:53:22.234 @RCB023 000
13:53:22.234 @RCB024 JDSF116-B
13:53:22.234 @RCB026 GD201901020012
13:53:22.234 @RCB027 042
13:53:22.235 @RCB029 001
13:53:22.241 @RCB001 84
13:53:22.241 @RCB002 Z20190306001
13:53:22.241 @RCB003 043
13:53:22.241 @RCB004 104061912
13:53:22.242 @RCB005 欧普JDSF116-B箱贴
13:53:22.242 @RCB006 PCS
13:53:22.242 @RCB007 008
13:53:22.242 @RCB008 2000
13:53:22.243 @RCB019 ********************
13:53:22.243 @RCB020 
13:53:22.243 @RCB021 81
13:53:22.243 @RCB022 GD201901020012
13:53:22.244 @RCB023 000
13:53:22.244 @RCB024 JDSF116-B
13:53:22.244 @RCB026 GD201901020012
13:53:22.245 @RCB027 043
13:53:22.245 @RCB029 001
13:53:22.257 @RCB001 84
13:53:22.258 @RCB002 Z20190306001
13:53:22.258 @RCB003 044
13:53:22.258 @RCB004 104020226
13:53:22.258 @RCB005 欧普530*820包装袋
13:53:22.259 @RCB006 PCS
13:53:22.259 @RCB007 006
13:53:22.259 @RCB008 2000
13:53:22.259 @RCB019 ********************
13:53:22.259 @RCB020 单面印OPPLE
13:53:22.260 @RCB021 81
13:53:22.260 @RCB022 GD201901020012
13:53:22.260 @RCB023 000
13:53:22.260 @RCB024 JDSF116-B
13:53:22.260 @RCB026 GD201901020012
13:53:22.261 @RCB027 044
13:53:22.261 @RCB029 001
13:53:22.271 @RCB001 84
13:53:22.271 @RCB002 Z20190306001
13:53:22.271 @RCB003 045
13:53:22.271 @RCB004 103021677
13:53:22.272 @RCB005 白色50公分三芯线
13:53:22.272 @RCB006 PCS
13:53:22.272 @RCB007 001
13:53:22.272 @RCB008 2000
13:53:22.272 @RCB019 ********************
13:53:22.273 @RCB020 3*1.5mm棕/蓝/黄绿
13:53:22.273 @RCB021 81
13:53:22.273 @RCB022 GD201901020012
13:53:22.273 @RCB023 000
13:53:22.273 @RCB024 JDSF116-B
13:53:22.274 @RCB026 GD201901020012
13:53:22.274 @RCB027 045
13:53:22.274 @RCB029 001
13:53:22.285 @RCB001 84
13:53:22.285 @RCB002 Z20190306001
13:53:22.286 @RCB003 046
13:53:22.286 @RCB004 102140096
13:53:22.286 @RCB005 STP4*6三角机丝圆头
13:53:22.286 @RCB006 PCS
13:53:22.286 @RCB007 001
13:53:22.287 @RCB008 2000
13:53:22.287 @RCB019 ********************
13:53:22.287 @RCB020 
13:53:22.287 @RCB021 81
13:53:22.287 @RCB022 GD201901020012
13:53:22.287 @RCB023 000
13:53:22.288 @RCB024 JDSF116-B
13:53:22.288 @RCB026 GD201901020012
13:53:22.288 @RCB027 046
13:53:22.288 @RCB029 001
13:53:22.295 @RCB001 84
13:53:22.295 @RCB002 Z20190306001
13:53:22.296 @RCB003 047
13:53:22.296 @RCB004 103011587
13:53:22.296 @RCB005 F116内部线
13:53:22.296 @RCB006 套
13:53:22.296 @RCB007 001
13:53:22.296 @RCB008 2000
13:53:22.297 @RCB019 ********************
13:53:22.297 @RCB020 见图纸
13:53:22.297 @RCB021 81
13:53:22.297 @RCB022 GD201901020012
13:53:22.297 @RCB023 000
13:53:22.297 @RCB024 JDSF116-B
13:53:22.298 @RCB026 GD201901020012
13:53:22.298 @RCB027 047
13:53:22.303 @RCB029 001
13:53:22.319 @RCB001 84
13:53:22.320 @RCB002 Z20190306001
13:53:22.320 @RCB003 048
13:53:22.320 @RCB004 102010049
13:53:22.320 @RCB005 10公分抱箍
13:53:22.320 @RCB006 PCS
13:53:22.321 @RCB007 001
13:53:22.321 @RCB008 4000
13:53:22.321 @RCB019 ********************
13:53:22.321 @RCB020 
13:53:22.321 @RCB021 81
13:53:22.321 @RCB022 GD201901020012
13:53:22.322 @RCB023 000
13:53:22.322 @RCB024 JDSF116-B
13:53:22.322 @RCB026 GD201901020012
13:53:22.322 @RCB027 048
13:53:22.322 @RCB029 001
13:53:22.340 @RCB001 84
13:53:22.340 @RCB002 Z20190306001
13:53:22.340 @RCB003 049
13:53:22.341 @RCB004 102050068
13:53:22.341 @RCB005 Φ10高温护线圈
13:53:22.341 @RCB006 PCS
13:53:22.341 @RCB007 001
13:53:22.341 @RCB008 4000
13:53:22.342 @RCB019 ********************
13:53:22.342 @RCB020 Φ10
13:53:22.342 @RCB021 81
13:53:22.342 @RCB022 GD201901020012
13:53:22.343 @RCB023 000
13:53:22.343 @RCB024 JDSF116-B
13:53:22.343 @RCB026 GD201901020012
13:53:22.343 @RCB027 049
13:53:22.344 @RCB029 001
13:53:22.352 @RCB001 84
13:53:22.353 @RCB002 Z20190306001
13:53:22.353 @RCB003 050
13:53:22.353 @RCB004 102060067
13:53:22.354 @RCB005 M4*6圆头铜螺丝
13:53:22.354 @RCB006 PCS
13:53:22.354 @RCB007 001
13:53:22.354 @RCB008 4000
13:53:22.354 @RCB019 ********************
13:53:22.355 @RCB020 
13:53:22.355 @RCB021 81
13:53:22.355 @RCB022 GD201901020012
13:53:22.355 @RCB023 000
13:53:22.356 @RCB024 JDSF116-B
13:53:22.356 @RCB026 GD201901020012
13:53:22.356 @RCB027 050
13:53:22.356 @RCB029 001
13:53:22.363 @RCB001 84
13:53:22.363 @RCB002 Z20190306001
13:53:22.363 @RCB003 051
13:53:22.363 @RCB004 102080083
13:53:22.364 @RCB005 Φ4铜螺帽
13:53:22.364 @RCB006 PCS
13:53:22.364 @RCB007 001
13:53:22.364 @RCB008 4000
13:53:22.364 @RCB019 ********************
13:53:22.365 @RCB020 
13:53:22.365 @RCB021 81
13:53:22.365 @RCB022 GD201901020012
13:53:22.365 @RCB023 000
13:53:22.365 @RCB024 JDSF116-B
13:53:22.365 @RCB026 GD201901020012
13:53:22.366 @RCB027 051
13:53:22.366 @RCB029 001
13:53:22.377 @RCB001 84
13:53:22.377 @RCB002 Z20190306001
13:53:22.377 @RCB003 052
13:53:22.377 @RCB004 102060069
13:53:22.378 @RCB005 龙骨卡扣螺丝包
13:53:22.378 @RCB006 PCS
13:53:22.378 @RCB007 001
13:53:22.378 @RCB008 2000
13:53:22.379 @RCB019 ********************
13:53:22.379 @RCB020 带4*20螺丝
13:53:22.379 @RCB021 81
13:53:22.379 @RCB022 GD201901020012
13:53:22.380 @RCB023 000
13:53:22.380 @RCB024 JDSF116-B
13:53:22.380 @RCB026 GD201901020012
13:53:22.380 @RCB027 052
13:53:22.380 @RCB029 001
13:53:22.393 @RCB001 84
13:53:22.394 @RCB002 Z20190306001
13:53:22.394 @RCB003 053
13:53:22.394 @RCB004 102110086
13:53:22.394 @RCB005 R型线夹
13:53:22.394 @RCB006 PCS
13:53:22.395 @RCB007 001
13:53:22.395 @RCB008 2000
13:53:22.395 @RCB019 ********************
13:53:22.395 @RCB020 HDB-8.4
13:53:22.396 @RCB021 81
13:53:22.396 @RCB022 GD201901020012
13:53:22.396 @RCB023 000
13:53:22.396 @RCB024 JDSF116-B
13:53:22.396 @RCB026 GD201901020012
13:53:22.397 @RCB027 053
13:53:22.397 @RCB029 001
