08:43:01.294 @EMP002 系统管理员
08:43:01.295 @EMP033 9af7f2b45fff5ca168dd7081681fadd
08:44:47.840 @PAN001 P20190223001
08:44:47.841 @PAN002 0503
08:44:47.841 @PAN003 喷涂车间
08:44:47.841 @PAN004 0503
08:44:47.841 @PAN005 喷涂车间
08:44:47.841 @PAN006 2019/2/23 0:00:00
08:44:47.842 @PAN007 
08:44:47.842 @PAN008 
08:44:47.842 @PAN009 False
08:44:47.842 @PAN010 False
08:44:47.842 @PAN011 0
08:44:47.842 @PAN012 0
08:44:47.843 @PAN013 计件
08:44:47.843 @PAN014 系统管理员
08:44:47.843 @PAN015 2019/2/23 8:00:00
08:44:47.843 @PAN016 2019/2/23 17:00:00
08:44:47.843 @PAN017 0
08:44:47.843 @PAN018 0
08:44:47.857 @PAO001 P20190223001
08:44:47.857 @PAO002 GD201901070034
08:44:47.858 @PAO003 201161193
08:44:47.858 @PAO004 F133-S装饰圈-喷涂
08:44:47.859 @PAO005 4100
08:44:47.859 @PAO006 0.2
08:44:47.859 @PAO007 PCS
08:44:47.859 @PAO008 银色
08:44:47.860 @PAO009 
08:44:47.860 @PAO010 
08:44:47.860 @PAO011 0
08:44:47.860 @PAO012 1000
08:44:47.860 @PAO013 
08:44:47.861 @PAO014 
08:44:47.865 @PAO001 P20190223001
08:44:47.865 @PAO002 GD201901110040
08:44:47.865 @PAO003 201171500
08:44:47.866 @PAO004 欧普D71S面板
08:44:47.866 @PAO005 600
08:44:47.866 @PAO006 0.61
08:44:47.866 @PAO007 PCS
08:44:47.866 @PAO008 喷银色漆
08:44:47.866 @PAO009 
08:44:47.867 @PAO010 
08:44:47.867 @PAO011 0
08:44:47.867 @PAO012 500
08:44:47.867 @PAO013 
08:44:47.867 @PAO014 
08:44:47.873 @PAP001 P20190223001
08:44:47.873 @PPA002 10075
08:44:47.873 @PPA003 陈林甫
08:44:47.873 @PPA004 喷漆工
08:44:47.874 @PPA005 2019/2/23 8:00:00
08:44:47.874 @PPA006 2019/2/23 17:00:00
08:44:47.874 @PPA007 
08:44:47.874 @PPA008 
08:44:47.875 @PPA009 0
08:44:47.875 @PPA010 在职
08:44:47.875 @PPA011 喷涂车间
08:44:47.875 @PPA012 9
08:44:47.875 @PPA013 0
08:44:47.875 @PPA014 47.5
08:44:47.875 @PPA015 
08:44:47.876 @PPA016 
08:44:47.880 @PAP001 P20190223001
08:44:47.880 @PPA002 10076
08:44:47.880 @PPA003 张正友
08:44:47.881 @PPA004 喷漆工
08:44:47.881 @PPA005 2019/2/23 8:00:00
08:44:47.881 @PPA006 2019/2/23 17:00:00
08:44:47.881 @PPA007 
08:44:47.882 @PPA008 
08:44:47.882 @PPA009 0
08:44:47.882 @PPA010 在职
08:44:47.882 @PPA011 喷涂车间
08:44:47.882 @PPA012 9
08:44:47.882 @PPA013 0
08:44:47.883 @PPA014 47.5
08:44:47.883 @PPA015 
08:44:47.883 @PPA016 
08:44:47.885 @PAP001 P20190223001
08:44:47.886 @PPA002 10077
08:44:47.886 @PPA003 王光
08:44:47.886 @PPA004 喷漆工
08:44:47.886 @PPA005 2019/2/23 8:00:00
08:44:47.886 @PPA006 2019/2/23 17:00:00
08:44:47.886 @PPA007 
08:44:47.887 @PPA008 
08:44:47.887 @PPA009 0
08:44:47.887 @PPA010 在职
08:44:47.887 @PPA011 喷涂车间
08:44:47.887 @PPA012 9
08:44:47.887 @PPA013 0
08:44:47.887 @PPA014 47.5
08:44:47.888 @PPA015 
08:44:47.888 @PPA016 
08:44:47.891 @PAP001 P20190223001
08:44:47.891 @PPA002 10078
08:44:47.892 @PPA003 谢武林
08:44:47.892 @PPA004 喷漆工
08:44:47.892 @PPA005 2019/2/23 8:00:00
08:44:47.892 @PPA006 2019/2/23 17:00:00
08:44:47.892 @PPA007 
08:44:47.892 @PPA008 
08:44:47.893 @PPA009 0
08:44:47.893 @PPA010 在职
08:44:47.893 @PPA011 喷涂车间
08:44:47.893 @PPA012 9
08:44:47.893 @PPA013 0
08:44:47.893 @PPA014 47.5
08:44:47.894 @PPA015 
08:44:47.894 @PPA016 
08:44:47.896 @PAP001 P20190223001
08:44:47.896 @PPA002 10079
08:44:47.897 @PPA003 韩义军
08:44:47.897 @PPA004 喷漆工
08:44:47.897 @PPA005 2019/2/23 8:00:00
08:44:47.897 @PPA006 2019/2/23 17:00:00
08:44:47.897 @PPA007 
08:44:47.897 @PPA008 
08:44:47.898 @PPA009 0
08:44:47.898 @PPA010 在职
08:44:47.898 @PPA011 喷涂车间
08:44:47.898 @PPA012 9
08:44:47.898 @PPA013 0
08:44:47.899 @PPA014 47.5
08:44:47.899 @PPA015 
08:44:47.899 @PPA016 
08:44:47.901 @PAP001 P20190223001
08:44:47.902 @PPA002 10080
08:44:47.902 @PPA003 李成江
08:44:47.902 @PPA004 喷漆工
08:44:47.902 @PPA005 2019/2/23 8:00:00
08:44:47.902 @PPA006 2019/2/23 17:00:00
08:44:47.902 @PPA007 
08:44:47.902 @PPA008 
08:44:47.903 @PPA009 0
08:44:47.903 @PPA010 在职
08:44:47.903 @PPA011 喷涂车间
08:44:47.903 @PPA012 9
08:44:47.903 @PPA013 0
08:44:47.903 @PPA014 47.5
08:44:47.903 @PPA015 
08:44:47.903 @PPA016 
08:44:47.908 @PAP001 P20190223001
08:44:47.908 @PPA002 10081
08:44:47.908 @PPA003 邓朝秦
08:44:47.909 @PPA004 喷漆工
08:44:47.909 @PPA005 2019/2/23 8:00:00
08:44:47.909 @PPA006 2019/2/23 17:00:00
08:44:47.909 @PPA007 
08:44:47.909 @PPA008 
08:44:47.909 @PPA009 0
08:44:47.910 @PPA010 在职
08:44:47.910 @PPA011 喷涂车间
08:44:47.910 @PPA012 9
08:44:47.910 @PPA013 0
08:44:47.910 @PPA014 47.5
08:44:47.910 @PPA015 
08:44:47.910 @PPA016 
08:44:47.913 @PAP001 P20190223001
08:44:47.913 @PPA002 10082
08:44:47.913 @PPA003 陆秋云
08:44:47.914 @PPA004 装配工
08:44:47.914 @PPA005 2019/2/23 8:00:00
08:44:47.914 @PPA006 2019/2/23 17:00:00
08:44:47.914 @PPA007 
08:44:47.914 @PPA008 
08:44:47.914 @PPA009 0
08:44:47.915 @PPA010 在职
08:44:47.915 @PPA011 喷涂车间
08:44:47.915 @PPA012 9
08:44:47.915 @PPA013 0
08:44:47.915 @PPA014 24.54
08:44:47.915 @PPA015 
08:44:47.916 @PPA016 
08:44:47.920 @PAP001 P20190223001
08:44:47.920 @PPA002 10084
08:44:47.920 @PPA003 杜福英
08:44:47.920 @PPA004 装配工
08:44:47.921 @PPA005 2019/2/23 8:00:00
08:44:47.921 @PPA006 2019/2/23 17:00:00
08:44:47.921 @PPA007 
08:44:47.921 @PPA008 
08:44:47.921 @PPA009 0
08:44:47.921 @PPA010 在职
08:44:47.921 @PPA011 喷涂车间
08:44:47.921 @PPA012 9
08:44:47.922 @PPA013 0
08:44:47.922 @PPA014 24.54
08:44:47.922 @PPA015 
08:44:47.922 @PPA016 
08:44:47.925 @PAP001 P20190223001
08:44:47.925 @PPA002 10085
08:44:47.926 @PPA003 廖仁琼
08:44:47.926 @PPA004 装配工
08:44:47.926 @PPA005 2019/2/23 8:00:00
08:44:47.926 @PPA006 2019/2/23 17:00:00
08:44:47.926 @PPA007 
08:44:47.926 @PPA008 
08:44:47.927 @PPA009 0
08:44:47.927 @PPA010 在职
08:44:47.927 @PPA011 喷涂车间
08:44:47.927 @PPA012 9
08:44:47.927 @PPA013 0
08:44:47.928 @PPA014 24.54
08:44:47.928 @PPA015 
08:44:47.929 @PPA016 
08:44:47.931 @PAP001 P20190223001
08:44:47.932 @PPA002 10086
08:44:47.932 @PPA003 李光艳
08:44:47.932 @PPA004 装配工
08:44:47.932 @PPA005 2019/2/23 8:00:00
08:44:47.933 @PPA006 2019/2/23 17:00:00
08:44:47.933 @PPA007 
08:44:47.933 @PPA008 
08:44:47.933 @PPA009 0
08:44:47.934 @PPA010 在职
08:44:47.934 @PPA011 喷涂车间
08:44:47.934 @PPA012 9
08:44:47.934 @PPA013 0
08:44:47.934 @PPA014 24.54
08:44:47.934 @PPA015 
08:44:47.935 @PPA016 
08:44:47.937 @PAP001 P20190223001
08:44:47.938 @PPA002 10087
08:44:47.938 @PPA003 彭荣泽
08:44:47.938 @PPA004 装配工
08:44:47.938 @PPA005 2019/2/23 8:00:00
08:44:47.938 @PPA006 2019/2/23 17:00:00
08:44:47.939 @PPA007 
08:44:47.939 @PPA008 
08:44:47.939 @PPA009 0
08:44:47.939 @PPA010 在职
08:44:47.939 @PPA011 喷涂车间
08:44:47.940 @PPA012 9
08:44:47.940 @PPA013 0
08:44:47.940 @PPA014 24.54
08:44:47.941 @PPA015 
08:44:47.941 @PPA016 
08:44:47.943 @PAP001 P20190223001
08:44:47.943 @PPA002 10284
08:44:47.943 @PPA003 彭顺珍
08:44:47.944 @PPA004 装配工
08:44:47.944 @PPA005 2019/2/23 8:00:00
08:44:47.944 @PPA006 2019/2/23 17:00:00
08:44:47.944 @PPA007 
08:44:47.944 @PPA008 
08:44:47.944 @PPA009 0
08:44:47.945 @PPA010 在职
08:44:47.945 @PPA011 喷涂车间
08:44:47.945 @PPA012 9
08:44:47.945 @PPA013 0
08:44:47.945 @PPA014 24.54
08:44:47.946 @PPA015 
08:44:47.946 @PPA016 
08:52:52.914 @EMP002 系统管理员
08:52:52.916 @EMP033 9af7f2b45fff5ca168dd7081681fadd
08:53:07.086 @PAN001 P20190223001
08:53:07.086 @PAN009 True
08:53:07.089 @RCA001 84
08:53:07.090 @RCA002 P20190223001
08:53:07.090 @RCA004 20190223
08:53:07.090 @RCA005 DS
08:53:07.090 @RCA006 0503
08:53:07.090 @RCA016 F
08:53:07.090 @RCA019 F
08:53:07.106 @RCC001 84
08:53:07.106 @RCC002 P20190223001
08:53:07.106 @RCC003 81
08:53:07.106 @RCC004 GD201901070034
08:53:07.106 @RCC005 012
08:53:07.107 @RCC006 1000
08:53:07.107 @RCC007 0
08:53:07.107 @RCC008 ********************
08:53:07.107 @RCC010 201161193
08:53:07.107 @RCC011 000
08:53:07.107 @RCC022 001
08:53:07.107 @RCC028 银色
08:53:07.120 @RCB001 84
08:53:07.120 @RCB002 P20190223001
08:53:07.120 @RCB003 001
08:53:07.120 @RCB004 201161194
08:53:07.120 @RCB005 F133-S装饰圈-注塑
08:53:07.121 @RCB006 PCS
08:53:07.121 @RCB007 016
08:53:07.121 @RCB008 1000
08:53:07.121 @RCB019 ********************
08:53:07.121 @RCB020 白PC
08:53:07.122 @RCB021 81
08:53:07.122 @RCB022 GD201901070034
08:53:07.122 @RCB023 000
08:53:07.122 @RCB024 201161193
08:53:07.122 @RCB029 001
08:53:07.150 @RCC001 84
08:53:07.150 @RCC002 P20190223001
08:53:07.150 @RCC003 81
08:53:07.150 @RCC004 GD201901110040
08:53:07.151 @RCC005 012
08:53:07.151 @RCC006 500
08:53:07.151 @RCC007 0
08:53:07.151 @RCC008 ********************
08:53:07.151 @RCC010 201171500
08:53:07.151 @RCC011 000
08:53:07.152 @RCC022 002
08:53:07.152 @RCC028 喷银色漆
08:53:07.159 @RCB001 84
08:53:07.159 @RCB002 P20190223001
08:53:07.159 @RCB003 001
08:53:07.159 @RCB004 201151169
08:53:07.159 @RCB005 雅致面板
08:53:07.160 @RCB006 PCS
08:53:07.163 @RCB007 016
08:53:07.163 @RCB008 500
08:53:07.163 @RCB019 ********************
08:53:07.163 @RCB020 阻燃
08:53:07.163 @RCB021 81
08:53:07.163 @RCB022 GD201901110040
08:53:07.164 @RCB023 000
08:53:07.164 @RCB024 201171500
08:53:07.164 @RCB029 002
08:53:31.024 @EMP002 系统管理员
08:53:31.033 @EMP033 9af7f2b45fff5ca168dd7081681fadd
08:54:16.331 @PAN001 P20190223002
08:54:16.331 @PAN002 0503
08:54:16.332 @PAN003 喷涂车间
08:54:16.332 @PAN004 0503
08:54:16.332 @PAN005 喷涂车间
08:54:16.332 @PAN006 2019/2/23 0:00:00
08:54:16.332 @PAN007 
08:54:16.333 @PAN008 
08:54:16.333 @PAN009 False
08:54:16.333 @PAN010 False
08:54:16.333 @PAN011 0
08:54:16.333 @PAN012 0
08:54:16.334 @PAN013 计件
08:54:16.334 @PAN014 系统管理员
08:54:16.335 @PAN015 2019/2/23 18:00:00
08:54:16.335 @PAN016 2019/2/23 19:00:00
08:54:16.335 @PAN017 0
08:54:16.335 @PAN018 0
08:54:16.337 @PAO001 P20190223002
08:54:16.337 @PAO002 GD201901070034
08:54:16.338 @PAO003 201161193
08:54:16.338 @PAO004 F133-S装饰圈-喷涂
08:54:16.338 @PAO005 4100
08:54:16.338 @PAO006 0.2
08:54:16.339 @PAO007 PCS
08:54:16.339 @PAO008 银色
08:54:16.339 @PAO009 
08:54:16.339 @PAO010 
08:54:16.339 @PAO011 0
08:54:16.339 @PAO012 1000
08:54:16.339 @PAO013 
08:54:16.340 @PAO014 
08:54:16.345 @PAO001 P20190223002
08:54:16.345 @PAO002 GD201901070036
08:54:16.345 @PAO003 201171216
08:54:16.345 @PAO004 06款三灯壁挂面板（淡金色）
08:54:16.345 @PAO005 3000
08:54:16.346 @PAO006 0.61
08:54:16.346 @PAO007 PCS
08:54:16.346 @PAO008 喷淡金色漆/丝印LOGO
08:54:16.346 @PAO009 
08:54:16.346 @PAO010 
08:54:16.346 @PAO011 0
08:54:16.346 @PAO012 300
08:54:16.347 @PAO013 
08:54:16.347 @PAO014 
08:54:16.349 @PAP001 P20190223002
08:54:16.349 @PPA002 10075
08:54:16.349 @PPA003 陈林甫
08:54:16.349 @PPA004 喷漆工
08:54:16.349 @PPA005 2019/2/23 18:00:00
08:54:16.350 @PPA006 2019/2/23 19:00:00
08:54:16.350 @PPA007 
08:54:16.350 @PPA008 
08:54:16.350 @PPA009 0
08:54:16.351 @PPA010 在职
08:54:16.351 @PPA011 喷涂车间
08:54:16.351 @PPA012 1
08:54:16.351 @PPA013 0
08:54:16.351 @PPA014 39.36
08:54:16.351 @PPA015 
08:54:16.352 @PPA016 
08:54:16.354 @PAP001 P20190223002
08:54:16.354 @PPA002 10076
08:54:16.354 @PPA003 张正友
08:54:16.354 @PPA004 喷漆工
08:54:16.355 @PPA005 2019/2/23 18:00:00
08:54:16.355 @PPA006 2019/2/23 19:00:00
08:54:16.355 @PPA007 
08:54:16.355 @PPA008 
08:54:16.356 @PPA009 0
08:54:16.357 @PPA010 在职
08:54:16.357 @PPA011 喷涂车间
08:54:16.357 @PPA012 1
08:54:16.357 @PPA013 0
08:54:16.357 @PPA014 39.36
08:54:16.358 @PPA015 
08:54:16.358 @PPA016 
08:54:16.361 @PAP001 P20190223002
08:54:16.362 @PPA002 10077
08:54:16.362 @PPA003 王光
08:54:16.362 @PPA004 喷漆工
08:54:16.362 @PPA005 2019/2/23 18:00:00
08:54:16.362 @PPA006 2019/2/23 19:00:00
08:54:16.363 @PPA007 
08:54:16.363 @PPA008 
08:54:16.363 @PPA009 0
08:54:16.363 @PPA010 在职
08:54:16.364 @PPA011 喷涂车间
08:54:16.364 @PPA012 1
08:54:16.364 @PPA013 0
08:54:16.364 @PPA014 39.36
08:54:16.364 @PPA015 
08:54:16.364 @PPA016 
08:54:16.367 @PAP001 P20190223002
08:54:16.367 @PPA002 10078
08:54:16.367 @PPA003 谢武林
08:54:16.367 @PPA004 喷漆工
08:54:16.367 @PPA005 2019/2/23 18:00:00
08:54:16.368 @PPA006 2019/2/23 19:00:00
08:54:16.368 @PPA007 
08:54:16.368 @PPA008 
08:54:16.368 @PPA009 0
08:54:16.368 @PPA010 在职
08:54:16.368 @PPA011 喷涂车间
08:54:16.369 @PPA012 1
08:54:16.369 @PPA013 0
08:54:16.369 @PPA014 39.36
08:54:16.369 @PPA015 
08:54:16.369 @PPA016 
08:54:16.371 @PAP001 P20190223002
08:54:16.371 @PPA002 10079
08:54:16.372 @PPA003 韩义军
08:54:16.372 @PPA004 喷漆工
08:54:16.372 @PPA005 2019/2/23 18:00:00
08:54:16.372 @PPA006 2019/2/23 19:00:00
08:54:16.372 @PPA007 
08:54:16.372 @PPA008 
08:54:16.372 @PPA009 0
08:54:16.372 @PPA010 在职
08:54:16.372 @PPA011 喷涂车间
08:54:16.373 @PPA012 1
08:54:16.373 @PPA013 0
08:54:16.373 @PPA014 39.36
08:54:16.373 @PPA015 
08:54:16.373 @PPA016 
08:54:16.378 @PAP001 P20190223002
08:54:16.378 @PPA002 10080
08:54:16.378 @PPA003 李成江
08:54:16.379 @PPA004 喷漆工
08:54:16.379 @PPA005 2019/2/23 18:00:00
08:54:16.379 @PPA006 2019/2/23 19:00:00
08:54:16.379 @PPA007 
08:54:16.379 @PPA008 
08:54:16.379 @PPA009 0
08:54:16.379 @PPA010 在职
08:54:16.380 @PPA011 喷涂车间
08:54:16.380 @PPA012 1
08:54:16.380 @PPA013 0
08:54:16.380 @PPA014 39.36
08:54:16.380 @PPA015 
08:54:16.380 @PPA016 
08:54:16.384 @PAP001 P20190223002
08:54:16.384 @PPA002 10081
08:54:16.384 @PPA003 邓朝秦
08:54:16.384 @PPA004 喷漆工
08:54:16.384 @PPA005 2019/2/23 18:00:00
08:54:16.384 @PPA006 2019/2/23 19:00:00
08:54:16.384 @PPA007 
08:54:16.385 @PPA008 
08:54:16.385 @PPA009 0
08:54:16.385 @PPA010 在职
08:54:16.385 @PPA011 喷涂车间
08:54:16.385 @PPA012 1
08:54:16.385 @PPA013 0
08:54:16.385 @PPA014 39.36
08:54:16.385 @PPA015 
08:54:16.385 @PPA016 
08:54:16.388 @PAP001 P20190223002
08:54:16.389 @PPA002 10082
08:54:16.389 @PPA003 陆秋云
08:54:16.389 @PPA004 装配工
08:54:16.389 @PPA005 2019/2/23 18:00:00
08:54:16.390 @PPA006 2019/2/23 19:00:00
08:54:16.390 @PPA007 
08:54:16.390 @PPA008 
08:54:16.391 @PPA009 0
08:54:16.391 @PPA010 在职
08:54:16.391 @PPA011 喷涂车间
08:54:16.391 @PPA012 1
08:54:16.391 @PPA013 0
08:54:16.392 @PPA014 14.73
08:54:16.392 @PPA015 
08:54:16.392 @PPA016 
08:54:16.394 @PAP001 P20190223002
08:54:16.394 @PPA002 10084
08:54:16.394 @PPA003 杜福英
08:54:16.394 @PPA004 装配工
08:54:16.394 @PPA005 2019/2/23 18:00:00
08:54:16.394 @PPA006 2019/2/23 19:00:00
08:54:16.395 @PPA007 
08:54:16.395 @PPA008 
08:54:16.395 @PPA009 0
08:54:16.395 @PPA010 在职
08:54:16.395 @PPA011 喷涂车间
08:54:16.395 @PPA012 1
08:54:16.396 @PPA013 0
08:54:16.396 @PPA014 14.73
08:54:16.396 @PPA015 
08:54:16.396 @PPA016 
08:54:16.398 @PAP001 P20190223002
08:54:16.398 @PPA002 10085
08:54:16.398 @PPA003 廖仁琼
08:54:16.398 @PPA004 装配工
08:54:16.399 @PPA005 2019/2/23 18:00:00
08:54:16.399 @PPA006 2019/2/23 19:00:00
08:54:16.400 @PPA007 
08:54:16.400 @PPA008 
08:54:16.401 @PPA009 0
08:54:16.401 @PPA010 在职
08:54:16.401 @PPA011 喷涂车间
08:54:16.401 @PPA012 1
08:54:16.401 @PPA013 0
08:54:16.401 @PPA014 14.73
08:54:16.402 @PPA015 
08:54:16.402 @PPA016 
08:54:16.405 @PAP001 P20190223002
08:54:16.405 @PPA002 10086
08:54:16.405 @PPA003 李光艳
08:54:16.406 @PPA004 装配工
08:54:16.406 @PPA005 2019/2/23 18:00:00
08:54:16.406 @PPA006 2019/2/23 19:00:00
08:54:16.406 @PPA007 
08:54:16.407 @PPA008 
08:54:16.407 @PPA009 0
08:54:16.407 @PPA010 在职
08:54:16.407 @PPA011 喷涂车间
08:54:16.407 @PPA012 1
08:54:16.408 @PPA013 0
08:54:16.408 @PPA014 14.73
08:54:16.408 @PPA015 
08:54:16.408 @PPA016 
08:54:16.413 @PAP001 P20190223002
08:54:16.414 @PPA002 10087
08:54:16.414 @PPA003 彭荣泽
08:54:16.414 @PPA004 装配工
08:54:16.414 @PPA005 2019/2/23 18:00:00
08:54:16.415 @PPA006 2019/2/23 19:00:00
08:54:16.415 @PPA007 
08:54:16.415 @PPA008 
08:54:16.415 @PPA009 0
08:54:16.415 @PPA010 在职
08:54:16.416 @PPA011 喷涂车间
08:54:16.416 @PPA012 1
08:54:16.416 @PPA013 0
08:54:16.416 @PPA014 14.73
08:54:16.416 @PPA015 
08:54:16.417 @PPA016 
08:54:16.418 @PAP001 P20190223002
08:54:16.418 @PPA002 10284
08:54:16.419 @PPA003 彭顺珍
08:54:16.419 @PPA004 装配工
08:54:16.419 @PPA005 2019/2/23 18:00:00
08:54:16.419 @PPA006 2019/2/23 19:00:00
08:54:16.419 @PPA007 
08:54:16.420 @PPA008 
08:54:16.420 @PPA009 0
08:54:16.420 @PPA010 在职
08:54:16.420 @PPA011 喷涂车间
08:54:16.420 @PPA012 1
08:54:16.421 @PPA013 0
08:54:16.421 @PPA014 14.73
08:54:16.421 @PPA015 
08:54:16.421 @PPA016 
08:56:41.680 @EMP002 系统管理员
08:56:41.680 @EMP033 9af7f2b45fff5ca168dd7081681fadd
08:56:54.142 @PAN001 P20190223002
08:56:54.142 @PAN009 True
08:56:54.147 @RCA001 84
08:56:54.147 @RCA002 P20190223002
08:56:54.147 @RCA004 20190223
08:56:54.148 @RCA005 DS
08:56:54.148 @RCA006 0503
08:56:54.148 @RCA016 F
08:56:54.148 @RCA019 F
08:56:54.150 @RCC001 84
08:56:54.150 @RCC002 P20190223002
08:56:54.150 @RCC003 81
08:56:54.150 @RCC004 GD201901070034
08:56:54.150 @RCC005 012
08:56:54.150 @RCC006 1000
08:56:54.150 @RCC007 0
08:56:54.150 @RCC008 ********************
08:56:54.151 @RCC010 201161193
08:56:54.151 @RCC011 000
08:56:54.151 @RCC022 001
08:56:54.151 @RCC028 银色
08:56:54.164 @RCB001 84
08:56:54.164 @RCB002 P20190223002
08:56:54.164 @RCB003 001
08:56:54.164 @RCB004 201161194
08:56:54.165 @RCB005 F133-S装饰圈-注塑
08:56:54.169 @RCB006 PCS
08:56:54.169 @RCB007 016
08:56:54.169 @RCB008 1000
08:56:54.169 @RCB019 ********************
08:56:54.169 @RCB020 白PC
08:56:54.169 @RCB021 81
08:56:54.169 @RCB022 GD201901070034
08:56:54.170 @RCB023 000
08:56:54.170 @RCB024 201161193
08:56:54.170 @RCB026 GD201901070034
08:56:54.170 @RCB027 001
08:56:54.170 @RCB029 001
08:56:54.180 @RCC001 84
08:56:54.181 @RCC002 P20190223002
08:56:54.181 @RCC003 81
08:56:54.181 @RCC004 GD201901070036
08:56:54.181 @RCC005 012
08:56:54.181 @RCC006 300
08:56:54.181 @RCC007 0
08:56:54.181 @RCC008 ********************
08:56:54.181 @RCC010 201171216
08:56:54.181 @RCC011 000
08:56:54.182 @RCC022 002
08:56:54.182 @RCC028 喷淡金色漆/丝印LOGO
08:56:54.191 @RCB001 84
08:56:54.191 @RCB002 P20190223002
08:56:54.191 @RCB003 001
08:56:54.191 @RCB004 201151173
08:56:54.192 @RCB005 06款三灯壁挂面板
08:56:54.192 @RCB006 PCS
08:56:54.192 @RCB007 016
08:56:54.192 @RCB008 300
08:56:54.192 @RCB019 ********************
08:56:54.192 @RCB020 
08:56:54.192 @RCB021 81
08:56:54.193 @RCB022 GD201901070036
08:56:54.193 @RCB023 000
08:56:54.193 @RCB024 201171216
08:56:54.193 @RCB026 GD201901070036
08:56:54.193 @RCB027 001
08:56:54.193 @RCB029 002
09:19:04.869 @EMP002 系统管理员
09:19:04.870 @EMP033 9af7f2b45fff5ca168dd7081681fadd
13:07:51.530 @EMP002 系统管理员
13:07:51.532 @EMP033 9af7f2b45fff5ca168dd7081681fadd
15:16:10.756 @EMP002 系统管理员
15:16:10.757 @EMP033 9af7f2b45fff5ca168dd7081681fadd
15:17:02.806 @PAN001 P20190223003
15:17:02.807 @PAN002 0503
15:17:02.807 @PAN003 喷涂车间
15:17:02.807 @PAN004 0503
15:17:02.807 @PAN005 喷涂车间
15:17:02.807 @PAN006 2019/2/23 0:00:00
15:17:02.807 @PAN007 
15:17:02.807 @PAN008 
15:17:02.807 @PAN009 False
15:17:02.808 @PAN010 False
15:17:02.808 @PAN011 0
15:17:02.808 @PAN012 0
15:17:02.808 @PAN013 计件
15:17:02.808 @PAN014 系统管理员
15:17:02.808 @PAN015 2019/2/23 18:00:00
15:17:02.808 @PAN016 2019/2/23 20:00:00
15:17:02.808 @PAN017 0
15:17:02.808 @PAN018 0
15:17:02.824 @PAO001 P20190223003
15:17:02.825 @PAO002 GD201901070034
15:17:02.825 @PAO003 201161193
15:17:02.825 @PAO004 F133-S装饰圈-喷涂
15:17:02.825 @PAO005 4100
15:17:02.826 @PAO006 0.2
15:17:02.826 @PAO007 PCS
15:17:02.826 @PAO008 银色
15:17:02.826 @PAO009 
15:17:02.826 @PAO010 
15:17:02.826 @PAO011 0
15:17:02.827 @PAO012 1000
15:17:02.827 @PAO013 
15:17:02.827 @PAO014 
15:17:02.828 @PAO001 P20190223003
15:17:02.829 @PAO002 GD201901070038
15:17:02.829 @PAO003 201171502
15:17:02.829 @PAO004 F113-E面板-喷涂
15:17:02.829 @PAO005 12400
15:17:02.829 @PAO006 0.56
15:17:02.829 @PAO007 PCS
15:17:02.830 @PAO008 银色
15:17:02.830 @PAO009 
15:17:02.830 @PAO010 
15:17:02.830 @PAO011 0
15:17:02.830 @PAO012 12000
15:17:02.830 @PAO013 
15:17:02.831 @PAO014 
15:17:02.832 @PAP001 P20190223003
15:17:02.832 @PPA002 10075
15:17:02.832 @PPA003 陈林甫
15:17:02.833 @PPA004 喷漆工
15:17:02.833 @PPA005 2019/2/23 18:00:00
15:17:02.833 @PPA006 2019/2/23 20:00:00
15:17:02.833 @PPA007 
15:17:02.833 @PPA008 
15:17:02.833 @PPA009 0
15:17:02.834 @PPA010 在职
15:17:02.834 @PPA011 喷涂车间
15:17:02.834 @PPA012 2
15:17:02.834 @PPA013 0
15:17:02.834 @PPA014 613.43
15:17:02.834 @PPA015 
15:17:02.835 @PPA016 
15:17:02.838 @PAP001 P20190223003
15:17:02.838 @PPA002 10076
15:17:02.838 @PPA003 张正友
15:17:02.838 @PPA004 喷漆工
15:17:02.839 @PPA005 2019/2/23 18:00:00
15:17:02.839 @PPA006 2019/2/23 20:00:00
15:17:02.839 @PPA007 
15:17:02.839 @PPA008 
15:17:02.839 @PPA009 0
15:17:02.839 @PPA010 在职
15:17:02.840 @PPA011 喷涂车间
15:17:02.840 @PPA012 2
15:17:02.840 @PPA013 0
15:17:02.840 @PPA014 613.43
15:17:02.840 @PPA015 
15:17:02.840 @PPA016 
15:17:02.844 @PAP001 P20190223003
15:17:02.845 @PPA002 10077
15:17:02.845 @PPA003 王光
15:17:02.845 @PPA004 喷漆工
15:17:02.845 @PPA005 2019/2/23 18:00:00
15:17:02.846 @PPA006 2019/2/23 20:00:00
15:17:02.846 @PPA007 
15:17:02.846 @PPA008 
15:17:02.846 @PPA009 0
15:17:02.847 @PPA010 在职
15:17:02.848 @PPA011 喷涂车间
15:17:02.848 @PPA012 2
15:17:02.848 @PPA013 0
15:17:02.848 @PPA014 613.43
15:17:02.848 @PPA015 
15:17:02.848 @PPA016 
15:17:02.850 @PAP001 P20190223003
15:17:02.850 @PPA002 10078
15:17:02.850 @PPA003 谢武林
15:17:02.851 @PPA004 喷漆工
15:17:02.851 @PPA005 2019/2/23 18:00:00
15:17:02.851 @PPA006 2019/2/23 20:00:00
15:17:02.851 @PPA007 
15:17:02.851 @PPA008 
15:17:02.851 @PPA009 0
15:17:02.852 @PPA010 在职
15:17:02.852 @PPA011 喷涂车间
15:17:02.852 @PPA012 2
15:17:02.852 @PPA013 0
15:17:02.852 @PPA014 613.43
15:17:02.852 @PPA015 
15:17:02.853 @PPA016 
15:17:02.856 @PAP001 P20190223003
15:17:02.856 @PPA002 10079
15:17:02.856 @PPA003 韩义军
15:17:02.857 @PPA004 喷漆工
15:17:02.857 @PPA005 2019/2/23 18:00:00
15:17:02.857 @PPA006 2019/2/23 20:00:00
15:17:02.857 @PPA007 
15:17:02.858 @PPA008 
15:17:02.858 @PPA009 0
15:17:02.858 @PPA010 在职
15:17:02.858 @PPA011 喷涂车间
15:17:02.858 @PPA012 2
15:17:02.859 @PPA013 0
15:17:02.859 @PPA014 613.43
15:17:02.859 @PPA015 
15:17:02.859 @PPA016 
15:17:02.861 @PAP001 P20190223003
15:17:02.861 @PPA002 10080
15:17:02.861 @PPA003 李成江
15:17:02.861 @PPA004 喷漆工
15:17:02.861 @PPA005 2019/2/23 18:00:00
15:17:02.862 @PPA006 2019/2/23 20:00:00
15:17:02.862 @PPA007 
15:17:02.862 @PPA008 
15:17:02.862 @PPA009 0
15:17:02.862 @PPA010 在职
15:17:02.862 @PPA011 喷涂车间
15:17:02.863 @PPA012 2
15:17:02.863 @PPA013 0
15:17:02.863 @PPA014 613.43
15:17:02.863 @PPA015 
15:17:02.863 @PPA016 
15:17:02.865 @PAP001 P20190223003
15:17:02.865 @PPA002 10081
15:17:02.865 @PPA003 邓朝秦
15:17:02.865 @PPA004 喷漆工
15:17:02.865 @PPA005 2019/2/23 18:00:00
15:17:02.866 @PPA006 2019/2/23 20:00:00
15:17:02.866 @PPA007 
15:17:02.866 @PPA008 
15:17:02.866 @PPA009 0
15:17:02.866 @PPA010 在职
15:17:02.866 @PPA011 喷涂车间
15:17:02.867 @PPA012 2
15:17:02.867 @PPA013 0
15:17:02.867 @PPA014 613.43
15:17:02.867 @PPA015 
15:17:02.867 @PPA016 
15:17:02.869 @PAP001 P20190223003
15:17:02.869 @PPA002 10082
15:17:02.869 @PPA003 陆秋云
15:17:02.869 @PPA004 装配工
15:17:02.869 @PPA005 2019/2/23 18:00:00
15:17:02.870 @PPA006 2019/2/23 20:00:00
15:17:02.870 @PPA007 
15:17:02.870 @PPA008 
15:17:02.871 @PPA009 0
15:17:02.872 @PPA010 在职
15:17:02.872 @PPA011 喷涂车间
15:17:02.872 @PPA012 2
15:17:02.872 @PPA013 0
15:17:02.872 @PPA014 380
15:17:02.872 @PPA015 
15:17:02.873 @PPA016 
15:17:02.876 @PAP001 P20190223003
15:17:02.877 @PPA002 10084
15:17:02.877 @PPA003 杜福英
15:17:02.877 @PPA004 装配工
15:17:02.877 @PPA005 2019/2/23 18:00:00
15:17:02.877 @PPA006 2019/2/23 20:00:00
15:17:02.878 @PPA007 
15:17:02.878 @PPA008 
15:17:02.878 @PPA009 0
15:17:02.878 @PPA010 在职
15:17:02.878 @PPA011 喷涂车间
15:17:02.878 @PPA012 2
15:17:02.879 @PPA013 0
15:17:02.879 @PPA014 380
15:17:02.879 @PPA015 
15:17:02.879 @PPA016 
15:17:02.881 @PAP001 P20190223003
15:17:02.881 @PPA002 10085
15:17:02.881 @PPA003 廖仁琼
15:17:02.881 @PPA004 装配工
15:17:02.881 @PPA005 2019/2/23 18:00:00
15:17:02.881 @PPA006 2019/2/23 20:00:00
15:17:02.882 @PPA007 
15:17:02.882 @PPA008 
15:17:02.882 @PPA009 0
15:17:02.882 @PPA010 在职
15:17:02.882 @PPA011 喷涂车间
15:17:02.883 @PPA012 2
15:17:02.883 @PPA013 0
15:17:02.883 @PPA014 380
15:17:02.883 @PPA015 
15:17:02.883 @PPA016 
15:17:02.885 @PAP001 P20190223003
15:17:02.885 @PPA002 10086
15:17:02.885 @PPA003 李光艳
15:17:02.885 @PPA004 装配工
15:17:02.886 @PPA005 2019/2/23 18:00:00
15:17:02.886 @PPA006 2019/2/23 20:00:00
15:17:02.887 @PPA007 
15:17:02.887 @PPA008 
15:17:02.887 @PPA009 0
15:17:02.887 @PPA010 在职
15:17:02.887 @PPA011 喷涂车间
15:17:02.887 @PPA012 2
15:17:02.888 @PPA013 0
15:17:02.888 @PPA014 380
15:17:02.888 @PPA015 
15:17:02.888 @PPA016 
15:17:02.892 @PAP001 P20190223003
15:17:02.892 @PPA002 10087
15:17:02.892 @PPA003 彭荣泽
15:17:02.892 @PPA004 装配工
15:17:02.892 @PPA005 2019/2/23 18:00:00
15:17:02.893 @PPA006 2019/2/23 20:00:00
15:17:02.893 @PPA007 
15:17:02.893 @PPA008 
15:17:02.893 @PPA009 0
15:17:02.893 @PPA010 在职
15:17:02.893 @PPA011 喷涂车间
15:17:02.893 @PPA012 2
15:17:02.894 @PPA013 0
15:17:02.894 @PPA014 380
15:17:02.894 @PPA015 
15:17:02.894 @PPA016 
15:17:02.896 @PAP001 P20190223003
15:17:02.896 @PPA002 10284
15:17:02.896 @PPA003 彭顺珍
15:17:02.896 @PPA004 装配工
15:17:02.896 @PPA005 2019/2/23 18:00:00
15:17:02.896 @PPA006 2019/2/23 20:00:00
15:17:02.897 @PPA007 
15:17:02.897 @PPA008 
15:17:02.897 @PPA009 0
15:17:02.897 @PPA010 在职
15:17:02.897 @PPA011 喷涂车间
15:17:02.897 @PPA012 2
15:17:02.898 @PPA013 0
15:17:02.898 @PPA014 380
15:17:02.898 @PPA015 
15:17:02.898 @PPA016 
15:17:55.062 @PAN001 P20190223003
15:17:55.062 @PAN002 0503
15:17:55.063 @PAN003 喷涂车间
15:17:55.063 @PAN004 0503
15:17:55.063 @PAN005 喷涂车间
15:17:55.063 @PAN006 2019/2/23 0:00:00
15:17:55.063 @PAN007 
15:17:55.063 @PAN008 
15:17:55.064 @PAN009 False
15:17:55.064 @PAN010 False
15:17:55.064 @PAN011 0
15:17:55.064 @PAN012 0
15:17:55.064 @PAN013 计件
15:17:55.064 @PAN014 系统管理员
15:17:55.065 @PAN015 2019/2/24 8:00:00
15:17:55.065 @PAN016 2019/2/24 17:00:00
15:17:55.065 @PAN017 0
15:17:55.068 @PAN018 0
15:17:55.080 @PAO001 P20190223003
15:17:55.080 @PAO002 GD201901070044
15:17:55.080 @PAO003 201171541
15:17:55.080 @PAO004 F133-S面板-喷涂
15:17:55.080 @PAO005 4100
15:17:55.081 @PAO006 0.75
15:17:55.081 @PAO007 PCS
15:17:55.081 @PAO008 哑光白
15:17:55.081 @PAO009 
15:17:55.081 @PAO010 
15:17:55.081 @PAO011 0
15:17:55.082 @PAO012 4000
15:17:55.082 @PAO013 
15:17:55.082 @PAO014 
15:17:55.088 @PAP001 P20190223003
15:17:55.088 @PPA002 10075
15:17:55.089 @PPA003 陈林甫
15:17:55.089 @PPA004 喷漆工
15:17:55.089 @PPA005 2019/2/24 8:00:00
15:17:55.089 @PPA006 2019/2/24 17:00:00
15:17:55.089 @PPA007 
15:17:55.090 @PPA008 
15:17:55.090 @PPA009 0
15:17:55.090 @PPA010 在职
15:17:55.090 @PPA011 喷涂车间
15:17:55.090 @PPA012 9
15:17:55.091 @PPA013 0
15:17:55.091 @PPA014 217.14
15:17:55.091 @PPA015 
15:17:55.091 @PPA016 
15:17:55.093 @PAP001 P20190223003
15:17:55.093 @PPA002 10076
15:17:55.093 @PPA003 张正友
15:17:55.093 @PPA004 喷漆工
15:17:55.093 @PPA005 2019/2/24 8:00:00
15:17:55.094 @PPA006 2019/2/24 17:00:00
15:17:55.094 @PPA007 
15:17:55.094 @PPA008 
15:17:55.094 @PPA009 0
15:17:55.094 @PPA010 在职
15:17:55.095 @PPA011 喷涂车间
15:17:55.095 @PPA012 9
15:17:55.095 @PPA013 0
15:17:55.095 @PPA014 217.14
15:17:55.095 @PPA015 
15:17:55.096 @PPA016 
15:17:55.097 @PAP001 P20190223003
15:17:55.097 @PPA002 10077
15:17:55.097 @PPA003 王光
15:17:55.098 @PPA004 喷漆工
15:17:55.098 @PPA005 2019/2/24 8:00:00
15:17:55.098 @PPA006 2019/2/24 17:00:00
15:17:55.098 @PPA007 
15:17:55.098 @PPA008 
15:17:55.099 @PPA009 0
15:17:55.099 @PPA010 在职
15:17:55.099 @PPA011 喷涂车间
15:17:55.099 @PPA012 9
15:17:55.099 @PPA013 0
15:17:55.100 @PPA014 217.14
15:17:55.100 @PPA015 
15:17:55.100 @PPA016 
15:17:55.101 @PAP001 P20190223003
15:17:55.102 @PPA002 10078
15:17:55.102 @PPA003 谢武林
15:17:55.102 @PPA004 喷漆工
15:17:55.102 @PPA005 2019/2/24 8:00:00
15:17:55.102 @PPA006 2019/2/24 17:00:00
15:17:55.103 @PPA007 
15:17:55.103 @PPA008 
15:17:55.103 @PPA009 0
15:17:55.103 @PPA010 在职
15:17:55.103 @PPA011 喷涂车间
15:17:55.104 @PPA012 9
15:17:55.104 @PPA013 0
15:17:55.104 @PPA014 217.14
15:17:55.104 @PPA015 
15:17:55.104 @PPA016 
15:17:55.107 @PAP001 P20190223003
15:17:55.108 @PPA002 10079
15:17:55.108 @PPA003 韩义军
15:17:55.108 @PPA004 喷漆工
15:17:55.108 @PPA005 2019/2/24 8:00:00
15:17:55.108 @PPA006 2019/2/24 17:00:00
15:17:55.109 @PPA007 
15:17:55.109 @PPA008 
15:17:55.109 @PPA009 0
15:17:55.109 @PPA010 在职
15:17:55.109 @PPA011 喷涂车间
15:17:55.110 @PPA012 9
15:17:55.110 @PPA013 0
15:17:55.110 @PPA014 217.14
15:17:55.110 @PPA015 
15:17:55.110 @PPA016 
15:17:55.112 @PAP001 P20190223003
15:17:55.112 @PPA002 10080
15:17:55.112 @PPA003 李成江
15:17:55.112 @PPA004 喷漆工
15:17:55.113 @PPA005 2019/2/24 8:00:00
15:17:55.113 @PPA006 2019/2/24 17:00:00
15:17:55.113 @PPA007 
15:17:55.113 @PPA008 
15:17:55.113 @PPA009 0
15:17:55.114 @PPA010 在职
15:17:55.114 @PPA011 喷涂车间
15:17:55.114 @PPA012 9
15:17:55.114 @PPA013 0
15:17:55.114 @PPA014 217.14
15:17:55.115 @PPA015 
15:17:55.115 @PPA016 
15:17:55.118 @PAP001 P20190223003
15:17:55.118 @PPA002 10081
15:17:55.118 @PPA003 邓朝秦
15:17:55.119 @PPA004 喷漆工
15:17:55.119 @PPA005 2019/2/24 8:00:00
15:17:55.119 @PPA006 2019/2/24 17:00:00
15:17:55.119 @PPA007 
15:17:55.119 @PPA008 
15:17:55.120 @PPA009 0
15:17:55.120 @PPA010 在职
15:17:55.120 @PPA011 喷涂车间
15:17:55.120 @PPA012 9
15:17:55.120 @PPA013 0
15:17:55.121 @PPA014 217.14
15:17:55.121 @PPA015 
15:17:55.121 @PPA016 
15:17:55.124 @PAP001 P20190223003
15:17:55.124 @PPA002 10082
15:17:55.124 @PPA003 陆秋云
15:17:55.125 @PPA004 装配工
15:17:55.125 @PPA005 2019/2/24 8:00:00
15:17:55.125 @PPA006 2019/2/24 17:00:00
15:17:55.126 @PPA007 
15:17:55.126 @PPA008 
15:17:55.126 @PPA009 0
15:17:55.126 @PPA010 在职
15:17:55.126 @PPA011 喷涂车间
15:17:55.127 @PPA012 9
15:17:55.127 @PPA013 0
15:17:55.127 @PPA014 221.67
15:17:55.127 @PPA015 
15:17:55.127 @PPA016 
15:17:55.129 @PAP001 P20190223003
15:17:55.129 @PPA002 10084
15:17:55.129 @PPA003 杜福英
15:17:55.129 @PPA004 装配工
15:17:55.129 @PPA005 2019/2/24 8:00:00
15:17:55.130 @PPA006 2019/2/24 17:00:00
15:17:55.130 @PPA007 
15:17:55.130 @PPA008 
15:17:55.130 @PPA009 0
15:17:55.130 @PPA010 在职
15:17:55.131 @PPA011 喷涂车间
15:17:55.131 @PPA012 9
15:17:55.131 @PPA013 0
15:17:55.131 @PPA014 221.67
15:17:55.131 @PPA015 
15:17:55.132 @PPA016 
15:17:55.135 @PAP001 P20190223003
15:17:55.135 @PPA002 10085
15:17:55.135 @PPA003 廖仁琼
15:17:55.135 @PPA004 装配工
15:17:55.136 @PPA005 2019/2/24 8:00:00
15:17:55.136 @PPA006 2019/2/24 17:00:00
15:17:55.136 @PPA007 
15:17:55.136 @PPA008 
15:17:55.136 @PPA009 0
15:17:55.136 @PPA010 在职
15:17:55.137 @PPA011 喷涂车间
15:17:55.137 @PPA012 9
15:17:55.137 @PPA013 0
15:17:55.137 @PPA014 221.67
15:17:55.137 @PPA015 
15:17:55.137 @PPA016 
15:17:55.140 @PAP001 P20190223003
15:17:55.140 @PPA002 10086
15:17:55.140 @PPA003 李光艳
15:17:55.140 @PPA004 装配工
15:17:55.140 @PPA005 2019/2/24 8:00:00
15:17:55.141 @PPA006 2019/2/24 17:00:00
15:17:55.141 @PPA007 
15:17:55.141 @PPA008 
15:17:55.141 @PPA009 0
15:17:55.141 @PPA010 在职
15:17:55.141 @PPA011 喷涂车间
15:17:55.141 @PPA012 9
15:17:55.141 @PPA013 0
15:17:55.142 @PPA014 221.67
15:17:55.142 @PPA015 
15:17:55.142 @PPA016 
15:17:55.143 @PAP001 P20190223003
15:17:55.143 @PPA002 10087
15:17:55.144 @PPA003 彭荣泽
15:17:55.144 @PPA004 装配工
15:17:55.144 @PPA005 2019/2/24 8:00:00
15:17:55.144 @PPA006 2019/2/24 17:00:00
15:17:55.144 @PPA007 
15:17:55.145 @PPA008 
15:17:55.145 @PPA009 0
15:17:55.145 @PPA010 在职
15:17:55.145 @PPA011 喷涂车间
15:17:55.145 @PPA012 9
15:17:55.145 @PPA013 0
15:17:55.146 @PPA014 221.67
15:17:55.146 @PPA015 
15:17:55.146 @PPA016 
15:17:55.147 @PAP001 P20190223003
15:17:55.148 @PPA002 10284
15:17:55.148 @PPA003 彭顺珍
15:17:55.148 @PPA004 装配工
15:17:55.148 @PPA005 2019/2/24 8:00:00
15:17:55.148 @PPA006 2019/2/24 17:00:00
15:17:55.149 @PPA007 
15:17:55.149 @PPA008 
15:17:55.149 @PPA009 0
15:17:55.149 @PPA010 在职
15:17:55.149 @PPA011 喷涂车间
15:17:55.150 @PPA012 9
15:17:55.150 @PPA013 0
15:17:55.150 @PPA014 221.67
15:17:55.150 @PPA015 
15:17:55.150 @PPA016 
15:19:36.089 @PAN001 P20190223003
15:19:36.089 @PAN009 True
15:19:36.091 @RCA001 84
15:19:36.092 @RCA002 P20190223003
15:19:36.092 @RCA004 20190223
15:19:36.092 @RCA005 DS
15:19:36.092 @RCA006 0503
15:19:36.092 @RCA016 F
15:19:36.092 @RCA019 F
15:19:36.094 @RCC001 84
15:19:36.095 @RCC002 P20190223003
15:19:36.095 @RCC003 81
15:19:36.095 @RCC004 GD201901070044
15:19:36.095 @RCC005 012
15:19:36.095 @RCC006 4000
15:19:36.095 @RCC007 0
15:19:36.095 @RCC008 ********************
15:19:36.095 @RCC010 201171541
15:19:36.095 @RCC011 000
15:19:36.096 @RCC022 001
15:19:36.096 @RCC028 哑光白
15:19:36.104 @RCB001 84
15:19:36.104 @RCB002 P20190223003
15:19:36.104 @RCB003 001
15:19:36.104 @RCB004 201151205
15:19:36.104 @RCB005 F133面板-注塑
15:19:36.104 @RCB006 PCS
15:19:36.105 @RCB007 016
15:19:36.105 @RCB008 4000
15:19:36.105 @RCB019 ********************
15:19:36.105 @RCB020 PC
15:19:36.105 @RCB021 81
15:19:36.105 @RCB022 GD201901070044
15:19:36.105 @RCB023 000
15:19:36.105 @RCB024 201171541
15:19:36.105 @RCB026 GD201901070044
15:19:36.106 @RCB027 001
15:19:36.106 @RCB029 001
15:19:36.112 @RCB001 84
15:19:36.112 @RCB002 P20190223003
15:19:36.113 @RCB003 002
15:19:36.113 @RCB004 201111172
15:19:36.113 @RCB005 F133暖风窗
15:19:36.113 @RCB006 PCS
15:19:36.113 @RCB007 016
15:19:36.113 @RCB008 4000
15:19:36.113 @RCB019 ********************
15:19:36.113 @RCB020 PBT-白色
15:19:36.113 @RCB021 81
15:19:36.114 @RCB022 GD201901070044
15:19:36.114 @RCB023 000
15:19:36.114 @RCB024 201171541
15:19:36.114 @RCB026 GD201901070044
15:19:36.114 @RCB027 002
15:19:36.114 @RCB029 001
16:21:02.370 @EMP002 系统管理员
16:21:02.371 @EMP033 9af7f2b45fff5ca168dd7081681fadd
16:21:43.396 @ANW001 Z20190223001
16:21:43.397 @ANW010 0507
16:21:43.397 @ANW011 总装车间
16:21:43.397 @ANW012 050701
16:21:43.397 @ANW013 1线
16:21:43.397 @ANW014 计件
16:21:43.397 @ANW015 2019/2/23 8:00:00
16:21:43.398 @ANW016 2019/2/23 17:00:00
16:21:43.398 @ANW017 
16:21:43.398 @ANW018 
16:21:43.398 @ANW019 
16:21:43.398 @ANW020 False
16:21:43.398 @ANW021 False
16:21:43.398 @ANW022 2019/2/23 0:00:00
16:21:43.398 @ANW023 0
16:21:43.398 @ANW024 0
16:21:43.399 @ANW025 系统管理员
16:21:43.399 @ANW026 0
16:21:43.399 @ANW027 0
16:21:43.416 @ANX001 Z20190223001
16:21:43.416 @ANX002 10116
16:21:43.416 @ANX003 刘兴贵
16:21:43.416 @ANX004 装配工
16:21:43.417 @ANX005 2019/2/23 8:00:00
16:21:43.417 @ANX006 2019/2/23 17:00:00
16:21:43.417 @ANX007 
16:21:43.417 @ANX008 
16:21:43.417 @ANX009 0
16:21:43.417 @ANX010 0
16:21:43.418 @ANX011 在职
16:21:43.418 @ANX012 
16:21:43.418 @ANX013 
16:21:43.418 @ANX014 1线
16:21:43.419 @ANX015 9
16:21:43.419 @ANX016 0
16:21:43.419 @ANX017 21.65
16:21:43.419 @ANX018 
16:21:43.423 @ANX001 Z20190223001
16:21:43.424 @ANX002 10117
16:21:43.424 @ANX003 赵成鹏
16:21:43.424 @ANX004 装配工
16:21:43.424 @ANX005 2019/2/23 8:00:00
16:21:43.424 @ANX006 2019/2/23 17:00:00
16:21:43.425 @ANX007 
16:21:43.425 @ANX008 
16:21:43.425 @ANX009 0
16:21:43.425 @ANX010 0
16:21:43.425 @ANX011 在职
16:21:43.426 @ANX012 
16:21:43.426 @ANX013 
16:21:43.426 @ANX014 1线
16:21:43.426 @ANX015 9
16:21:43.426 @ANX016 0
16:21:43.427 @ANX017 21.65
16:21:43.427 @ANX018 
16:21:43.431 @ANX001 Z20190223001
16:21:43.432 @ANX002 10118
16:21:43.432 @ANX003 何万华
16:21:43.432 @ANX004 装配工
16:21:43.432 @ANX005 2019/2/23 8:00:00
16:21:43.433 @ANX006 2019/2/23 17:00:00
16:21:43.433 @ANX007 
16:21:43.433 @ANX008 
16:21:43.433 @ANX009 0
16:21:43.433 @ANX010 0
16:21:43.434 @ANX011 在职
16:21:43.434 @ANX012 
16:21:43.434 @ANX013 
16:21:43.434 @ANX014 1线
16:21:43.434 @ANX015 9
16:21:43.435 @ANX016 0
16:21:43.435 @ANX017 21.65
16:21:43.435 @ANX018 
16:21:43.437 @ANX001 Z20190223001
16:21:43.437 @ANX002 10120
16:21:43.437 @ANX003 马小千
16:21:43.437 @ANX004 检测
16:21:43.438 @ANX005 2019/2/23 8:00:00
16:21:43.438 @ANX006 2019/2/23 17:00:00
16:21:43.438 @ANX007 
16:21:43.438 @ANX008 
16:21:43.438 @ANX009 0
16:21:43.439 @ANX010 0
16:21:43.439 @ANX011 在职
16:21:43.439 @ANX012 
16:21:43.439 @ANX013 检测
16:21:43.439 @ANX014 1线
16:21:43.440 @ANX015 9
16:21:43.440 @ANX016 0
16:21:43.440 @ANX017 21.65
16:21:43.440 @ANX018 
16:21:43.442 @ANX001 Z20190223001
16:21:43.442 @ANX002 10121
16:21:43.442 @ANX003 周顺
16:21:43.442 @ANX004 装配工
16:21:43.442 @ANX005 2019/2/23 8:00:00
16:21:43.443 @ANX006 2019/2/23 17:00:00
16:21:43.443 @ANX007 
16:21:43.443 @ANX008 
16:21:43.443 @ANX009 0
16:21:43.443 @ANX010 0
16:21:43.444 @ANX011 在职
16:21:43.444 @ANX012 
16:21:43.444 @ANX013 
16:21:43.444 @ANX014 1线
16:21:43.444 @ANX015 9
16:21:43.445 @ANX016 0
16:21:43.445 @ANX017 21.65
16:21:43.445 @ANX018 
16:21:43.448 @ANX001 Z20190223001
16:21:43.449 @ANX002 10122
16:21:43.449 @ANX003 郭昭芬
16:21:43.449 @ANX004 装配工
16:21:43.450 @ANX005 2019/2/23 8:00:00
16:21:43.450 @ANX006 2019/2/23 17:00:00
16:21:43.450 @ANX007 
16:21:43.450 @ANX008 
16:21:43.450 @ANX009 0
16:21:43.451 @ANX010 0
16:21:43.451 @ANX011 在职
16:21:43.451 @ANX012 
16:21:43.452 @ANX013 
16:21:43.452 @ANX014 1线
16:21:43.452 @ANX015 9
16:21:43.452 @ANX016 0
16:21:43.453 @ANX017 21.65
16:21:43.453 @ANX018 
16:21:43.454 @ANX001 Z20190223001
16:21:43.454 @ANX002 10123
16:21:43.455 @ANX003 吴张英
16:21:43.455 @ANX004 装配工
16:21:43.455 @ANX005 2019/2/23 8:00:00
16:21:43.455 @ANX006 2019/2/23 17:00:00
16:21:43.455 @ANX007 
16:21:43.456 @ANX008 
16:21:43.456 @ANX009 0
16:21:43.456 @ANX010 0
16:21:43.456 @ANX011 在职
16:21:43.456 @ANX012 
16:21:43.457 @ANX013 
16:21:43.457 @ANX014 1线
16:21:43.457 @ANX015 9
16:21:43.457 @ANX016 0
16:21:43.457 @ANX017 21.65
16:21:43.457 @ANX018 
16:21:43.459 @ANX001 Z20190223001
16:21:43.459 @ANX002 10125
16:21:43.459 @ANX003 代开容
16:21:43.459 @ANX004 装配工
16:21:43.459 @ANX005 2019/2/23 8:00:00
16:21:43.459 @ANX006 2019/2/23 17:00:00
16:21:43.459 @ANX007 
16:21:43.460 @ANX008 
16:21:43.460 @ANX009 0
16:21:43.460 @ANX010 0
16:21:43.460 @ANX011 在职
16:21:43.460 @ANX012 
16:21:43.460 @ANX013 
16:21:43.460 @ANX014 1线
16:21:43.460 @ANX015 9
16:21:43.460 @ANX016 0
16:21:43.461 @ANX017 21.65
16:21:43.461 @ANX018 
16:21:43.465 @ANX001 Z20190223001
16:21:43.465 @ANX002 10126
16:21:43.465 @ANX003 朱正高
16:21:43.465 @ANX004 装配工
16:21:43.466 @ANX005 2019/2/23 8:00:00
16:21:43.466 @ANX006 2019/2/23 17:00:00
16:21:43.466 @ANX007 
16:21:43.466 @ANX008 
16:21:43.466 @ANX009 0
16:21:43.467 @ANX010 0
16:21:43.467 @ANX011 在职
16:21:43.467 @ANX012 
16:21:43.468 @ANX013 
16:21:43.468 @ANX014 1线
16:21:43.468 @ANX015 9
16:21:43.468 @ANX016 0
16:21:43.468 @ANX017 21.65
16:21:43.468 @ANX018 
16:21:43.470 @ANX001 Z20190223001
16:21:43.470 @ANX002 10127
16:21:43.470 @ANX003 卿廷群
16:21:43.471 @ANX004 装配工
16:21:43.471 @ANX005 2019/2/23 8:00:00
16:21:43.471 @ANX006 2019/2/23 17:00:00
16:21:43.471 @ANX007 
16:21:43.471 @ANX008 
16:21:43.472 @ANX009 0
16:21:43.472 @ANX010 0
16:21:43.472 @ANX011 在职
16:21:43.472 @ANX012 
16:21:43.472 @ANX013 
16:21:43.473 @ANX014 1线
16:21:43.473 @ANX015 9
16:21:43.473 @ANX016 0
16:21:43.473 @ANX017 21.65
16:21:43.474 @ANX018 
16:21:43.476 @ANX001 Z20190223001
16:21:43.476 @ANX002 10130
16:21:43.477 @ANX003 张义兵
16:21:43.477 @ANX004 装配工
16:21:43.477 @ANX005 2019/2/23 8:00:00
16:21:43.477 @ANX006 2019/2/23 17:00:00
16:21:43.477 @ANX007 
16:21:43.478 @ANX008 
16:21:43.478 @ANX009 0
16:21:43.478 @ANX010 0
16:21:43.478 @ANX011 在职
16:21:43.478 @ANX012 
16:21:43.479 @ANX013 
16:21:43.479 @ANX014 1线
16:21:43.479 @ANX015 9
16:21:43.479 @ANX016 0
16:21:43.479 @ANX017 21.65
16:21:43.480 @ANX018 
16:21:43.482 @ANX001 Z20190223001
16:21:43.483 @ANX002 10134
16:21:43.483 @ANX003 邹永操
16:21:43.483 @ANX004 装配工
16:21:43.483 @ANX005 2019/2/23 8:00:00
16:21:43.483 @ANX006 2019/2/23 17:00:00
16:21:43.484 @ANX007 
16:21:43.484 @ANX008 
16:21:43.484 @ANX009 0
16:21:43.484 @ANX010 0
16:21:43.484 @ANX011 在职
16:21:43.485 @ANX012 
16:21:43.485 @ANX013 
16:21:43.485 @ANX014 1线
16:21:43.485 @ANX015 9
16:21:43.485 @ANX016 0
16:21:43.486 @ANX017 21.65
16:21:43.486 @ANX018 
16:21:43.487 @ANX001 Z20190223001
16:21:43.488 @ANX002 10135
16:21:43.488 @ANX003 陈广春
16:21:43.488 @ANX004 装配工
16:21:43.488 @ANX005 2019/2/23 8:00:00
16:21:43.489 @ANX006 2019/2/23 17:00:00
16:21:43.489 @ANX007 
16:21:43.489 @ANX008 
16:21:43.489 @ANX009 0
16:21:43.489 @ANX010 0
16:21:43.489 @ANX011 在职
16:21:43.490 @ANX012 
16:21:43.490 @ANX013 
16:21:43.490 @ANX014 1线
16:21:43.490 @ANX015 9
16:21:43.490 @ANX016 0
16:21:43.490 @ANX017 21.65
16:21:43.491 @ANX018 
16:21:43.492 @ANX001 Z20190223001
16:21:43.492 @ANX002 10137
16:21:43.493 @ANX003 占利
16:21:43.493 @ANX004 装配工
16:21:43.493 @ANX005 2019/2/23 8:00:00
16:21:43.493 @ANX006 2019/2/23 17:00:00
16:21:43.493 @ANX007 
16:21:43.494 @ANX008 
16:21:43.494 @ANX009 0
16:21:43.494 @ANX010 0
16:21:43.494 @ANX011 在职
16:21:43.494 @ANX012 
16:21:43.495 @ANX013 
16:21:43.495 @ANX014 1线
16:21:43.495 @ANX015 9
16:21:43.495 @ANX016 0
16:21:43.495 @ANX017 21.65
16:21:43.496 @ANX018 
16:21:43.498 @ANX001 Z20190223001
16:21:43.498 @ANX002 10138
16:21:43.498 @ANX003 王绍琴
16:21:43.498 @ANX004 装配工
16:21:43.499 @ANX005 2019/2/23 8:00:00
16:21:43.499 @ANX006 2019/2/23 17:00:00
16:21:43.499 @ANX007 
16:21:43.499 @ANX008 
16:21:43.499 @ANX009 0
16:21:43.500 @ANX010 0
16:21:43.500 @ANX011 在职
16:21:43.500 @ANX012 
16:21:43.500 @ANX013 
16:21:43.500 @ANX014 1线
16:21:43.501 @ANX015 9
16:21:43.501 @ANX016 0
16:21:43.501 @ANX017 21.65
16:21:43.501 @ANX018 
16:21:43.502 @ANX001 Z20190223001
16:21:43.503 @ANX002 10139
16:21:43.503 @ANX003 唐录云
16:21:43.503 @ANX004 装配工
16:21:43.503 @ANX005 2019/2/23 8:00:00
16:21:43.503 @ANX006 2019/2/23 17:00:00
16:21:43.504 @ANX007 
16:21:43.504 @ANX008 
16:21:43.504 @ANX009 0
16:21:43.504 @ANX010 0
16:21:43.504 @ANX011 在职
16:21:43.505 @ANX012 
16:21:43.505 @ANX013 
16:21:43.505 @ANX014 1线
16:21:43.505 @ANX015 9
16:21:43.505 @ANX016 0
16:21:43.505 @ANX017 21.65
16:21:43.506 @ANX018 
16:21:43.507 @ANX001 Z20190223001
16:21:43.508 @ANX002 10141
16:21:43.508 @ANX003 付志林
16:21:43.508 @ANX004 装配工
16:21:43.508 @ANX005 2019/2/23 8:00:00
16:21:43.508 @ANX006 2019/2/23 17:00:00
16:21:43.509 @ANX007 
16:21:43.509 @ANX008 
16:21:43.509 @ANX009 0
16:21:43.509 @ANX010 0
16:21:43.509 @ANX011 在职
16:21:43.510 @ANX012 
16:21:43.510 @ANX013 
16:21:43.510 @ANX014 1线
16:21:43.510 @ANX015 9
16:21:43.510 @ANX016 0
16:21:43.510 @ANX017 21.65
16:21:43.511 @ANX018 
16:21:43.512 @ANX001 Z20190223001
16:21:43.512 @ANX002 10290
16:21:43.513 @ANX003 钟成菊
16:21:43.513 @ANX004 装配工
16:21:43.513 @ANX005 2019/2/23 8:00:00
16:21:43.513 @ANX006 2019/2/23 17:00:00
16:21:43.513 @ANX007 
16:21:43.513 @ANX008 
16:21:43.514 @ANX009 0
16:21:43.514 @ANX010 0
16:21:43.514 @ANX011 在职
16:21:43.514 @ANX012 
16:21:43.514 @ANX013 
16:21:43.514 @ANX014 1线
16:21:43.515 @ANX015 9
16:21:43.515 @ANX016 0
16:21:43.515 @ANX017 21.65
16:21:43.515 @ANX018 
16:21:43.517 @ANX001 Z20190223001
16:21:43.517 @ANX002 10294
16:21:43.517 @ANX003 朱志琴
16:21:43.518 @ANX004 装配工
16:21:43.518 @ANX005 2019/2/23 8:00:00
16:21:43.518 @ANX006 2019/2/23 17:00:00
16:21:43.518 @ANX007 
16:21:43.518 @ANX008 
16:21:43.519 @ANX009 0
16:21:43.519 @ANX010 0
16:21:43.519 @ANX011 在职
16:21:43.519 @ANX012 
16:21:43.519 @ANX013 
16:21:43.520 @ANX014 1线
16:21:43.520 @ANX015 9
16:21:43.520 @ANX016 0
16:21:43.520 @ANX017 21.65
16:21:43.520 @ANX018 
16:21:43.524 @ANN001 Z20190223001
16:21:43.524 @ANN002 GD201901020009
16:21:43.525 @ANN003 JDSF113-E
16:21:43.525 @ANN004 JDSF113-E-玉树临风-300*600数显风暖四合一
16:21:43.525 @ANN005 
16:21:43.525 @ANN006 台
16:21:43.525 @ANN007 2128
16:21:43.526 @ANN008 4.33
16:21:43.526 @ANN009 100
16:21:43.526 @ANN010 
16:21:56.191 @ANW010 0507
16:21:56.191 @ANW011 总装车间
16:21:56.192 @ANW012 050701
16:21:56.194 @ANW013 1线
16:21:56.195 @ANW014 计件
16:21:56.195 @ANW015 2019/2/23 1:00:00
16:21:56.196 @ANW016 2019/2/23 17:00:00
16:21:56.196 @ANW017 
16:21:56.198 @ANW018 
16:21:56.198 @ANW019 
16:21:56.198 @ANW020 False
16:21:56.198 @ANW021 False
16:21:56.198 @ANW001 Z20190223001
16:21:56.198 @ANW023 0
16:21:56.198 @ANW024 0
16:21:56.198 @ANW026 0
16:21:56.199 @ANW027 0
16:21:56.206 @ANX003 刘兴贵
16:21:56.206 @ANX004 装配工
16:21:56.206 @ANX005 2019/2/23 1:00:00
16:21:56.206 @ANX006 2019/2/23 17:00:00
16:21:56.206 @ANX007 
16:21:56.207 @ANX008 
16:21:56.207 @ANX009 0
16:21:56.207 @ANX010 0
16:21:56.207 @ANX011 在职
16:21:56.207 @ANX012 
16:21:56.207 @idx 2332
16:21:56.207 @ANX002 10116
16:21:56.207 @ANX013 
16:21:56.207 @ANX014 1线
16:21:56.208 @ANX015 16
16:21:56.208 @ANX016 0
16:21:56.208 @ANX017 21.65
16:21:56.208 @ANX018 
16:21:56.223 @ANX003 赵成鹏
16:21:56.223 @ANX004 装配工
16:21:56.223 @ANX005 2019/2/23 1:00:00
16:21:56.223 @ANX006 2019/2/23 17:00:00
16:21:56.223 @ANX007 
16:21:56.224 @ANX008 
16:21:56.224 @ANX009 0
16:21:56.224 @ANX010 0
16:21:56.224 @ANX011 在职
16:21:56.224 @ANX012 
16:21:56.224 @idx 2333
16:21:56.225 @ANX002 10117
16:21:56.225 @ANX013 
16:21:56.225 @ANX014 1线
16:21:56.225 @ANX015 16
16:21:56.225 @ANX016 0
16:21:56.226 @ANX017 21.65
16:21:56.226 @ANX018 
16:21:56.232 @ANX003 何万华
16:21:56.233 @ANX004 装配工
16:21:56.233 @ANX005 2019/2/23 1:00:00
16:21:56.233 @ANX006 2019/2/23 17:00:00
16:21:56.233 @ANX007 
16:21:56.233 @ANX008 
16:21:56.233 @ANX009 0
16:21:56.234 @ANX010 0
16:21:56.234 @ANX011 在职
16:21:56.234 @ANX012 
16:21:56.234 @idx 2334
16:21:56.234 @ANX002 10118
16:21:56.234 @ANX013 
16:21:56.235 @ANX014 1线
16:21:56.235 @ANX015 16
16:21:56.235 @ANX016 0
16:21:56.235 @ANX017 21.65
16:21:56.235 @ANX018 
16:21:56.241 @ANX003 马小千
16:21:56.241 @ANX004 检测
16:21:56.241 @ANX005 2019/2/23 1:00:00
16:21:56.241 @ANX006 2019/2/23 17:00:00
16:21:56.241 @ANX007 
16:21:56.242 @ANX008 
16:21:56.242 @ANX009 0
16:21:56.242 @ANX010 0
16:21:56.242 @ANX011 在职
16:21:56.243 @ANX012 
16:21:56.243 @idx 2335
16:21:56.243 @ANX002 10120
16:21:56.243 @ANX013 检测
16:21:56.243 @ANX014 1线
16:21:56.243 @ANX015 16
16:21:56.244 @ANX016 0
16:21:56.244 @ANX017 21.65
16:21:56.244 @ANX018 
16:21:56.250 @ANX003 周顺
16:21:56.250 @ANX004 装配工
16:21:56.251 @ANX005 2019/2/23 1:00:00
16:21:56.251 @ANX006 2019/2/23 17:00:00
16:21:56.251 @ANX007 
16:21:56.251 @ANX008 
16:21:56.251 @ANX009 0
16:21:56.252 @ANX010 0
16:21:56.252 @ANX011 在职
16:21:56.252 @ANX012 
16:21:56.252 @idx 2336
16:21:56.253 @ANX002 10121
16:21:56.253 @ANX013 
16:21:56.253 @ANX014 1线
16:21:56.253 @ANX015 16
16:21:56.253 @ANX016 0
16:21:56.253 @ANX017 21.65
16:21:56.253 @ANX018 
16:21:56.256 @ANX003 郭昭芬
16:21:56.257 @ANX004 装配工
16:21:56.257 @ANX005 2019/2/23 1:00:00
16:21:56.257 @ANX006 2019/2/23 17:00:00
16:21:56.257 @ANX007 
16:21:56.257 @ANX008 
16:21:56.257 @ANX009 0
16:21:56.258 @ANX010 0
16:21:56.258 @ANX011 在职
16:21:56.258 @ANX012 
16:21:56.258 @idx 2337
16:21:56.258 @ANX002 10122
16:21:56.258 @ANX013 
16:21:56.259 @ANX014 1线
16:21:56.259 @ANX015 16
16:21:56.259 @ANX016 0
16:21:56.259 @ANX017 21.65
16:21:56.260 @ANX018 
16:21:56.265 @ANX003 吴张英
16:21:56.266 @ANX004 装配工
16:21:56.266 @ANX005 2019/2/23 1:00:00
16:21:56.266 @ANX006 2019/2/23 17:00:00
16:21:56.266 @ANX007 
16:21:56.266 @ANX008 
16:21:56.267 @ANX009 0
16:21:56.267 @ANX010 0
16:21:56.267 @ANX011 在职
16:21:56.267 @ANX012 
16:21:56.268 @idx 2338
16:21:56.268 @ANX002 10123
16:21:56.268 @ANX013 
16:21:56.268 @ANX014 1线
16:21:56.268 @ANX015 16
16:21:56.268 @ANX016 0
16:21:56.269 @ANX017 21.65
16:21:56.269 @ANX018 
16:21:56.272 @ANX003 代开容
16:21:56.272 @ANX004 装配工
16:21:56.272 @ANX005 2019/2/23 1:00:00
16:21:56.272 @ANX006 2019/2/23 17:00:00
16:21:56.273 @ANX007 
16:21:56.273 @ANX008 
16:21:56.273 @ANX009 0
16:21:56.273 @ANX010 0
16:21:56.273 @ANX011 在职
16:21:56.273 @ANX012 
16:21:56.273 @idx 2339
16:21:56.273 @ANX002 10125
16:21:56.274 @ANX013 
16:21:56.274 @ANX014 1线
16:21:56.274 @ANX015 16
16:21:56.274 @ANX016 0
16:21:56.274 @ANX017 21.65
16:21:56.274 @ANX018 
16:21:56.278 @ANX003 朱正高
16:21:56.278 @ANX004 装配工
16:21:56.278 @ANX005 2019/2/23 1:00:00
16:21:56.278 @ANX006 2019/2/23 17:00:00
16:21:56.279 @ANX007 
16:21:56.279 @ANX008 
16:21:56.279 @ANX009 0
16:21:56.279 @ANX010 0
16:21:56.279 @ANX011 在职
16:21:56.279 @ANX012 
16:21:56.280 @idx 2340
16:21:56.280 @ANX002 10126
16:21:56.280 @ANX013 
16:21:56.280 @ANX014 1线
16:21:56.281 @ANX015 16
16:21:56.281 @ANX016 0
16:21:56.281 @ANX017 21.65
16:21:56.281 @ANX018 
16:21:56.284 @ANX003 卿廷群
16:21:56.284 @ANX004 装配工
16:21:56.285 @ANX005 2019/2/23 1:00:00
16:21:56.285 @ANX006 2019/2/23 17:00:00
16:21:56.285 @ANX007 
16:21:56.285 @ANX008 
16:21:56.285 @ANX009 0
16:21:56.286 @ANX010 0
16:21:56.286 @ANX011 在职
16:21:56.286 @ANX012 
16:21:56.286 @idx 2341
16:21:56.286 @ANX002 10127
16:21:56.287 @ANX013 
16:21:56.287 @ANX014 1线
16:21:56.287 @ANX015 16
16:21:56.287 @ANX016 0
16:21:56.287 @ANX017 21.65
16:21:56.288 @ANX018 
16:21:56.290 @ANX003 张义兵
16:21:56.291 @ANX004 装配工
16:21:56.291 @ANX005 2019/2/23 1:00:00
16:21:56.291 @ANX006 2019/2/23 17:00:00
16:21:56.291 @ANX007 
16:21:56.291 @ANX008 
16:21:56.291 @ANX009 0
16:21:56.291 @ANX010 0
16:21:56.291 @ANX011 在职
16:21:56.292 @ANX012 
16:21:56.292 @idx 2342
16:21:56.292 @ANX002 10130
16:21:56.292 @ANX013 
16:21:56.292 @ANX014 1线
16:21:56.292 @ANX015 16
16:21:56.292 @ANX016 0
16:21:56.292 @ANX017 21.65
16:21:56.292 @ANX018 
16:21:56.296 @ANX003 邹永操
16:21:56.296 @ANX004 装配工
16:21:56.296 @ANX005 2019/2/23 1:00:00
16:21:56.297 @ANX006 2019/2/23 17:00:00
16:21:56.297 @ANX007 
16:21:56.297 @ANX008 
16:21:56.297 @ANX009 0
16:21:56.297 @ANX010 0
16:21:56.298 @ANX011 在职
16:21:56.298 @ANX012 
16:21:56.298 @idx 2343
16:21:56.298 @ANX002 10134
16:21:56.298 @ANX013 
16:21:56.299 @ANX014 1线
16:21:56.299 @ANX015 16
16:21:56.299 @ANX016 0
16:21:56.299 @ANX017 21.65
16:21:56.299 @ANX018 
16:21:56.304 @ANX003 陈广春
16:21:56.305 @ANX004 装配工
16:21:56.305 @ANX005 2019/2/23 1:00:00
16:21:56.305 @ANX006 2019/2/23 17:00:00
16:21:56.305 @ANX007 
16:21:56.305 @ANX008 
16:21:56.305 @ANX009 0
16:21:56.306 @ANX010 0
16:21:56.306 @ANX011 在职
16:21:56.306 @ANX012 
16:21:56.306 @idx 2344
16:21:56.306 @ANX002 10135
16:21:56.306 @ANX013 
16:21:56.307 @ANX014 1线
16:21:56.307 @ANX015 16
16:21:56.307 @ANX016 0
16:21:56.307 @ANX017 21.65
16:21:56.307 @ANX018 
16:21:56.311 @ANX003 占利
16:21:56.311 @ANX004 装配工
16:21:56.312 @ANX005 2019/2/23 1:00:00
16:21:56.312 @ANX006 2019/2/23 17:00:00
16:21:56.312 @ANX007 
16:21:56.312 @ANX008 
16:21:56.312 @ANX009 0
16:21:56.313 @ANX010 0
16:21:56.313 @ANX011 在职
16:21:56.313 @ANX012 
16:21:56.313 @idx 2345
16:21:56.314 @ANX002 10137
16:21:56.314 @ANX013 
16:21:56.314 @ANX014 1线
16:21:56.315 @ANX015 16
16:21:56.315 @ANX016 0
16:21:56.315 @ANX017 21.65
16:21:56.315 @ANX018 
16:21:56.319 @ANX003 王绍琴
16:21:56.319 @ANX004 装配工
16:21:56.319 @ANX005 2019/2/23 1:00:00
16:21:56.319 @ANX006 2019/2/23 17:00:00
16:21:56.320 @ANX007 
16:21:56.320 @ANX008 
16:21:56.320 @ANX009 0
16:21:56.320 @ANX010 0
16:21:56.320 @ANX011 在职
16:21:56.321 @ANX012 
16:21:56.321 @idx 2346
16:21:56.321 @ANX002 10138
16:21:56.321 @ANX013 
16:21:56.321 @ANX014 1线
16:21:56.322 @ANX015 16
16:21:56.322 @ANX016 0
16:21:56.322 @ANX017 21.65
16:21:56.322 @ANX018 
16:21:56.325 @ANX003 唐录云
16:21:56.326 @ANX004 装配工
16:21:56.326 @ANX005 2019/2/23 1:00:00
16:21:56.326 @ANX006 2019/2/23 17:00:00
16:21:56.326 @ANX007 
16:21:56.326 @ANX008 
16:21:56.327 @ANX009 0
16:21:56.327 @ANX010 0
16:21:56.327 @ANX011 在职
16:21:56.327 @ANX012 
16:21:56.327 @idx 2347
16:21:56.328 @ANX002 10139
16:21:56.328 @ANX013 
16:21:56.328 @ANX014 1线
16:21:56.328 @ANX015 16
16:21:56.328 @ANX016 0
16:21:56.329 @ANX017 21.65
16:21:56.329 @ANX018 
16:21:56.333 @ANX003 付志林
16:21:56.333 @ANX004 装配工
16:21:56.333 @ANX005 2019/2/23 1:00:00
16:21:56.333 @ANX006 2019/2/23 17:00:00
16:21:56.333 @ANX007 
16:21:56.334 @ANX008 
16:21:56.334 @ANX009 0
16:21:56.334 @ANX010 0
16:21:56.334 @ANX011 在职
16:21:56.334 @ANX012 
16:21:56.334 @idx 2348
16:21:56.335 @ANX002 10141
16:21:56.335 @ANX013 
16:21:56.335 @ANX014 1线
16:21:56.335 @ANX015 16
16:21:56.335 @ANX016 0
16:21:56.335 @ANX017 21.65
16:21:56.336 @ANX018 
16:21:56.339 @ANX003 钟成菊
16:21:56.339 @ANX004 装配工
16:21:56.339 @ANX005 2019/2/23 1:00:00
16:21:56.339 @ANX006 2019/2/23 17:00:00
16:21:56.340 @ANX007 
16:21:56.340 @ANX008 
16:21:56.340 @ANX009 0
16:21:56.340 @ANX010 0
16:21:56.340 @ANX011 在职
16:21:56.340 @ANX012 
16:21:56.341 @idx 2349
16:21:56.341 @ANX002 10290
16:21:56.341 @ANX013 
16:21:56.341 @ANX014 1线
16:21:56.341 @ANX015 16
16:21:56.341 @ANX016 0
16:21:56.342 @ANX017 21.65
16:21:56.343 @ANX018 
16:21:56.345 @ANX003 朱志琴
16:21:56.346 @ANX004 装配工
16:21:56.346 @ANX005 2019/2/23 1:00:00
16:21:56.346 @ANX006 2019/2/23 17:00:00
16:21:56.346 @ANX007 
16:21:56.346 @ANX008 
16:21:56.346 @ANX009 0
16:21:56.347 @ANX010 0
16:21:56.347 @ANX011 在职
16:21:56.347 @ANX012 
16:21:56.347 @idx 2350
16:21:56.348 @ANX002 10294
16:21:56.349 @ANX013 
16:21:56.349 @ANX014 1线
16:21:56.350 @ANX015 16
16:21:56.350 @ANX016 0
16:21:56.350 @ANX017 21.65
16:21:56.350 @ANX018 
16:21:56.354 @ANN003 JDSF113-E
16:21:56.354 @ANN004 JDSF113-E-玉树临风-300*600数显风暖四合一
16:21:56.355 @ANN005 
16:21:56.355 @ANN006 台
16:21:56.355 @ANN007 2128
16:21:56.355 @ANN008 4.330000
16:21:56.355 @ANN009 100
16:21:56.356 @ANN010 
16:21:56.356 @idx 107
16:21:56.356 @ANN002 GD201901020009
16:22:06.333 @ANW010 0507
16:22:06.333 @ANW011 总装车间
16:22:06.333 @ANW012 050701
16:22:06.333 @ANW013 1线
16:22:06.333 @ANW014 计件
16:22:06.333 @ANW015 2019/2/23 1:00:00
16:22:06.334 @ANW016 2019/2/23 23:00:00
16:22:06.334 @ANW017 
16:22:06.334 @ANW018 
16:22:06.334 @ANW019 
16:22:06.334 @ANW020 False
16:22:06.334 @ANW021 False
16:22:06.334 @ANW001 Z20190223001
16:22:06.334 @ANW023 0
16:22:06.334 @ANW024 0
16:22:06.335 @ANW026 0
16:22:06.335 @ANW027 0
16:22:06.345 @ANX003 刘兴贵
16:22:06.345 @ANX004 装配工
16:22:06.345 @ANX005 2019/2/23 1:00:00
16:22:06.345 @ANX006 2019/2/23 23:00:00
16:22:06.345 @ANX007 
16:22:06.345 @ANX008 
16:22:06.346 @ANX009 0
16:22:06.346 @ANX010 0
16:22:06.346 @ANX011 在职
16:22:06.346 @ANX012 
16:22:06.346 @idx 2332
16:22:06.346 @ANX002 10116
16:22:06.346 @ANX013 
16:22:06.346 @ANX014 1线
16:22:06.347 @ANX015 22
16:22:06.347 @ANX016 0
16:22:06.347 @ANX017 21.65
16:22:06.347 @ANX018 
16:22:06.352 @ANX003 赵成鹏
16:22:06.352 @ANX004 装配工
16:22:06.352 @ANX005 2019/2/23 1:00:00
16:22:06.352 @ANX006 2019/2/23 23:00:00
16:22:06.352 @ANX007 
16:22:06.352 @ANX008 
16:22:06.353 @ANX009 0
16:22:06.353 @ANX010 0
16:22:06.353 @ANX011 在职
16:22:06.353 @ANX012 
16:22:06.353 @idx 2333
16:22:06.353 @ANX002 10117
16:22:06.353 @ANX013 
16:22:06.353 @ANX014 1线
16:22:06.353 @ANX015 22
16:22:06.354 @ANX016 0
16:22:06.354 @ANX017 21.65
16:22:06.354 @ANX018 
16:22:06.360 @ANX003 何万华
16:22:06.360 @ANX004 装配工
16:22:06.361 @ANX005 2019/2/23 1:00:00
16:22:06.361 @ANX006 2019/2/23 23:00:00
16:22:06.361 @ANX007 
16:22:06.361 @ANX008 
16:22:06.362 @ANX009 0
16:22:06.362 @ANX010 0
16:22:06.362 @ANX011 在职
16:22:06.362 @ANX012 
16:22:06.362 @idx 2334
16:22:06.362 @ANX002 10118
16:22:06.363 @ANX013 
16:22:06.363 @ANX014 1线
16:22:06.363 @ANX015 22
16:22:06.363 @ANX016 0
16:22:06.363 @ANX017 21.65
16:22:06.363 @ANX018 
16:22:06.366 @ANX003 马小千
16:22:06.366 @ANX004 检测
16:22:06.366 @ANX005 2019/2/23 1:00:00
16:22:06.367 @ANX006 2019/2/23 23:00:00
16:22:06.367 @ANX007 
16:22:06.367 @ANX008 
16:22:06.367 @ANX009 0
16:22:06.367 @ANX010 0
16:22:06.368 @ANX011 在职
16:22:06.368 @ANX012 
16:22:06.368 @idx 2335
16:22:06.368 @ANX002 10120
16:22:06.368 @ANX013 检测
16:22:06.369 @ANX014 1线
16:22:06.369 @ANX015 22
16:22:06.369 @ANX016 0
16:22:06.369 @ANX017 21.65
16:22:06.369 @ANX018 
16:22:06.372 @ANX003 周顺
16:22:06.372 @ANX004 装配工
16:22:06.373 @ANX005 2019/2/23 1:00:00
16:22:06.373 @ANX006 2019/2/23 23:00:00
16:22:06.373 @ANX007 
16:22:06.373 @ANX008 
16:22:06.373 @ANX009 0
16:22:06.374 @ANX010 0
16:22:06.374 @ANX011 在职
16:22:06.374 @ANX012 
16:22:06.374 @idx 2336
16:22:06.374 @ANX002 10121
16:22:06.375 @ANX013 
16:22:06.375 @ANX014 1线
16:22:06.375 @ANX015 22
16:22:06.375 @ANX016 0
16:22:06.375 @ANX017 21.65
16:22:06.375 @ANX018 
16:22:06.381 @ANX003 郭昭芬
16:22:06.381 @ANX004 装配工
16:22:06.381 @ANX005 2019/2/23 1:00:00
16:22:06.382 @ANX006 2019/2/23 23:00:00
16:22:06.382 @ANX007 
16:22:06.382 @ANX008 
16:22:06.382 @ANX009 0
16:22:06.382 @ANX010 0
16:22:06.383 @ANX011 在职
16:22:06.383 @ANX012 
16:22:06.383 @idx 2337
16:22:06.383 @ANX002 10122
16:22:06.383 @ANX013 
16:22:06.384 @ANX014 1线
16:22:06.384 @ANX015 22
16:22:06.384 @ANX016 0
16:22:06.384 @ANX017 21.65
16:22:06.385 @ANX018 
16:22:06.387 @ANX003 吴张英
16:22:06.388 @ANX004 装配工
16:22:06.388 @ANX005 2019/2/23 1:00:00
16:22:06.388 @ANX006 2019/2/23 23:00:00
16:22:06.388 @ANX007 
16:22:06.388 @ANX008 
16:22:06.388 @ANX009 0
16:22:06.388 @ANX010 0
16:22:06.388 @ANX011 在职
16:22:06.389 @ANX012 
16:22:06.389 @idx 2338
16:22:06.389 @ANX002 10123
16:22:06.389 @ANX013 
16:22:06.389 @ANX014 1线
16:22:06.389 @ANX015 22
16:22:06.389 @ANX016 0
16:22:06.390 @ANX017 21.65
16:22:06.390 @ANX018 
16:22:06.392 @ANX003 代开容
16:22:06.393 @ANX004 装配工
16:22:06.393 @ANX005 2019/2/23 1:00:00
16:22:06.393 @ANX006 2019/2/23 23:00:00
16:22:06.393 @ANX007 
16:22:06.393 @ANX008 
16:22:06.394 @ANX009 0
16:22:06.394 @ANX010 0
16:22:06.394 @ANX011 在职
16:22:06.394 @ANX012 
16:22:06.394 @idx 2339
16:22:06.394 @ANX002 10125
16:22:06.395 @ANX013 
16:22:06.395 @ANX014 1线
16:22:06.395 @ANX015 22
16:22:06.395 @ANX016 0
16:22:06.395 @ANX017 21.65
16:22:06.396 @ANX018 
16:22:06.401 @ANX003 朱正高
16:22:06.401 @ANX004 装配工
16:22:06.402 @ANX005 2019/2/23 1:00:00
16:22:06.402 @ANX006 2019/2/23 23:00:00
16:22:06.402 @ANX007 
16:22:06.402 @ANX008 
16:22:06.402 @ANX009 0
16:22:06.402 @ANX010 0
16:22:06.403 @ANX011 在职
16:22:06.403 @ANX012 
16:22:06.403 @idx 2340
16:22:06.403 @ANX002 10126
16:22:06.403 @ANX013 
16:22:06.403 @ANX014 1线
16:22:06.403 @ANX015 22
16:22:06.403 @ANX016 0
16:22:06.404 @ANX017 21.65
16:22:06.404 @ANX018 
16:22:06.408 @ANX003 卿廷群
16:22:06.408 @ANX004 装配工
16:22:06.409 @ANX005 2019/2/23 1:00:00
16:22:06.409 @ANX006 2019/2/23 23:00:00
16:22:06.409 @ANX007 
16:22:06.409 @ANX008 
16:22:06.409 @ANX009 0
16:22:06.410 @ANX010 0
16:22:06.410 @ANX011 在职
16:22:06.410 @ANX012 
16:22:06.410 @idx 2341
16:22:06.411 @ANX002 10127
16:22:06.411 @ANX013 
16:22:06.411 @ANX014 1线
16:22:06.411 @ANX015 22
16:22:06.411 @ANX016 0
16:22:06.411 @ANX017 21.65
16:22:06.412 @ANX018 
16:22:06.415 @ANX003 张义兵
16:22:06.415 @ANX004 装配工
16:22:06.415 @ANX005 2019/2/23 1:00:00
16:22:06.415 @ANX006 2019/2/23 23:00:00
16:22:06.416 @ANX007 
16:22:06.416 @ANX008 
16:22:06.416 @ANX009 0
16:22:06.416 @ANX010 0
16:22:06.416 @ANX011 在职
16:22:06.416 @ANX012 
16:22:06.417 @idx 2342
16:22:06.417 @ANX002 10130
16:22:06.417 @ANX013 
16:22:06.417 @ANX014 1线
16:22:06.417 @ANX015 22
16:22:06.418 @ANX016 0
16:22:06.418 @ANX017 21.65
16:22:06.418 @ANX018 
16:22:06.421 @ANX003 邹永操
16:22:06.421 @ANX004 装配工
16:22:06.421 @ANX005 2019/2/23 1:00:00
16:22:06.422 @ANX006 2019/2/23 23:00:00
16:22:06.422 @ANX007 
16:22:06.422 @ANX008 
16:22:06.422 @ANX009 0
16:22:06.422 @ANX010 0
16:22:06.422 @ANX011 在职
16:22:06.423 @ANX012 
16:22:06.423 @idx 2343
16:22:06.423 @ANX002 10134
16:22:06.423 @ANX013 
16:22:06.423 @ANX014 1线
16:22:06.423 @ANX015 22
16:22:06.424 @ANX016 0
16:22:06.424 @ANX017 21.65
16:22:06.424 @ANX018 
16:22:06.430 @ANX003 陈广春
16:22:06.431 @ANX004 装配工
16:22:06.431 @ANX005 2019/2/23 1:00:00
16:22:06.431 @ANX006 2019/2/23 23:00:00
16:22:06.431 @ANX007 
16:22:06.431 @ANX008 
16:22:06.431 @ANX009 0
16:22:06.431 @ANX010 0
16:22:06.432 @ANX011 在职
16:22:06.432 @ANX012 
16:22:06.432 @idx 2344
16:22:06.432 @ANX002 10135
16:22:06.432 @ANX013 
16:22:06.432 @ANX014 1线
16:22:06.432 @ANX015 22
16:22:06.432 @ANX016 0
16:22:06.433 @ANX017 21.65
16:22:06.433 @ANX018 
16:22:06.435 @ANX003 占利
16:22:06.436 @ANX004 装配工
16:22:06.436 @ANX005 2019/2/23 1:00:00
16:22:06.436 @ANX006 2019/2/23 23:00:00
16:22:06.436 @ANX007 
16:22:06.436 @ANX008 
16:22:06.439 @ANX009 0
16:22:06.439 @ANX010 0
16:22:06.439 @ANX011 在职
16:22:06.439 @ANX012 
16:22:06.439 @idx 2345
16:22:06.440 @ANX002 10137
16:22:06.440 @ANX013 
16:22:06.440 @ANX014 1线
16:22:06.440 @ANX015 22
16:22:06.440 @ANX016 0
16:22:06.441 @ANX017 21.65
16:22:06.441 @ANX018 
16:22:06.444 @ANX003 王绍琴
16:22:06.444 @ANX004 装配工
16:22:06.444 @ANX005 2019/2/23 1:00:00
16:22:06.445 @ANX006 2019/2/23 23:00:00
16:22:06.445 @ANX007 
16:22:06.445 @ANX008 
16:22:06.445 @ANX009 0
16:22:06.445 @ANX010 0
16:22:06.446 @ANX011 在职
16:22:06.446 @ANX012 
16:22:06.446 @idx 2346
16:22:06.446 @ANX002 10138
16:22:06.446 @ANX013 
16:22:06.447 @ANX014 1线
16:22:06.447 @ANX015 22
16:22:06.447 @ANX016 0
16:22:06.447 @ANX017 21.65
16:22:06.447 @ANX018 
16:22:06.450 @ANX003 唐录云
16:22:06.450 @ANX004 装配工
16:22:06.451 @ANX005 2019/2/23 1:00:00
16:22:06.451 @ANX006 2019/2/23 23:00:00
16:22:06.452 @ANX007 
16:22:06.452 @ANX008 
16:22:06.452 @ANX009 0
16:22:06.453 @ANX010 0
16:22:06.453 @ANX011 在职
16:22:06.453 @ANX012 
16:22:06.453 @idx 2347
16:22:06.453 @ANX002 10139
16:22:06.454 @ANX013 
16:22:06.454 @ANX014 1线
16:22:06.454 @ANX015 22
16:22:06.454 @ANX016 0
16:22:06.454 @ANX017 21.65
16:22:06.455 @ANX018 
16:22:06.458 @ANX003 付志林
16:22:06.458 @ANX004 装配工
16:22:06.458 @ANX005 2019/2/23 1:00:00
16:22:06.458 @ANX006 2019/2/23 23:00:00
16:22:06.459 @ANX007 
16:22:06.459 @ANX008 
16:22:06.459 @ANX009 0
16:22:06.460 @ANX010 0
16:22:06.460 @ANX011 在职
16:22:06.460 @ANX012 
16:22:06.460 @idx 2348
16:22:06.460 @ANX002 10141
16:22:06.461 @ANX013 
16:22:06.461 @ANX014 1线
16:22:06.461 @ANX015 22
16:22:06.461 @ANX016 0
16:22:06.461 @ANX017 21.65
16:22:06.466 @ANX018 
16:22:06.469 @ANX003 钟成菊
16:22:06.469 @ANX004 装配工
16:22:06.469 @ANX005 2019/2/23 1:00:00
16:22:06.470 @ANX006 2019/2/23 23:00:00
16:22:06.470 @ANX007 
16:22:06.470 @ANX008 
16:22:06.470 @ANX009 0
16:22:06.470 @ANX010 0
16:22:06.471 @ANX011 在职
16:22:06.471 @ANX012 
16:22:06.471 @idx 2349
16:22:06.471 @ANX002 10290
16:22:06.471 @ANX013 
16:22:06.472 @ANX014 1线
16:22:06.472 @ANX015 22
16:22:06.472 @ANX016 0
16:22:06.472 @ANX017 21.65
16:22:06.472 @ANX018 
16:22:06.476 @ANX003 朱志琴
16:22:06.476 @ANX004 装配工
16:22:06.476 @ANX005 2019/2/23 1:00:00
16:22:06.476 @ANX006 2019/2/23 23:00:00
16:22:06.476 @ANX007 
16:22:06.477 @ANX008 
16:22:06.477 @ANX009 0
16:22:06.477 @ANX010 0
16:22:06.477 @ANX011 在职
16:22:06.477 @ANX012 
16:22:06.478 @idx 2350
16:22:06.478 @ANX002 10294
16:22:06.478 @ANX013 
16:22:06.478 @ANX014 1线
16:22:06.478 @ANX015 22
16:22:06.478 @ANX016 0
16:22:06.479 @ANX017 21.65
16:22:06.479 @ANX018 
16:22:06.482 @ANN003 JDSF113-E
16:22:06.482 @ANN004 JDSF113-E-玉树临风-300*600数显风暖四合一
16:22:06.483 @ANN005 
16:22:06.483 @ANN006 台
16:22:06.483 @ANN007 2128
16:22:06.483 @ANN008 4.330000
16:22:06.483 @ANN009 100
16:22:06.483 @ANN010 
16:22:06.484 @idx 107
16:22:06.484 @ANN002 GD201901020009
16:22:20.852 从 varchar 数据类型到 datetime 数据类型的转换产生一个超出范围的值。
   在 System.Data.SqlClient.SqlConnection.OnError(SqlException exception, Boolean breakConnection, Action`1 wrapCloseInAction)
   在 System.Data.SqlClient.SqlInternalConnection.OnError(SqlException exception, Boolean breakConnection, Action`1 wrapCloseInAction)
   在 System.Data.SqlClient.TdsParser.ThrowExceptionAndWarning(TdsParserStateObject stateObj, Boolean callerHasConnectionLock, Boolean asyncClose)
   在 System.Data.SqlClient.TdsParser.TryRun(RunBehavior runBehavior, SqlCommand cmdHandler, SqlDataReader dataStream, BulkCopySimpleResultSet bulkCopyHandler, TdsParserStateObject stateObj, Boolean& dataReady)
   在 System.Data.SqlClient.SqlDataReader.TryHasMoreRows(Boolean& moreRows)
   在 System.Data.SqlClient.SqlDataReader.TryReadInternal(Boolean setTimeout, Boolean& more)
   在 System.Data.SqlClient.SqlDataReader.Read()
   在 System.Data.Common.DataAdapter.FillLoadDataRow(SchemaMapping mapping)
   在 System.Data.Common.DataAdapter.FillFromReader(DataSet dataset, DataTable datatable, String srcTable, DataReaderContainer dataReader, Int32 startRecord, Int32 maxRecords, DataColumn parentChapterColumn, Object parentChapterValue)
   在 System.Data.Common.DataAdapter.Fill(DataTable[] dataTables, IDataReader dataReader, Int32 startRecord, Int32 maxRecords)
   在 System.Data.Common.DbDataAdapter.FillInternal(DataSet dataset, DataTable[] datatables, Int32 startRecord, Int32 maxRecords, String srcTable, IDbCommand command, CommandBehavior behavior)
   在 System.Data.Common.DbDataAdapter.Fill(DataTable[] dataTables, Int32 startRecord, Int32 maxRecords, IDbCommand command, CommandBehavior behavior)
   在 System.Data.Common.DbDataAdapter.Fill(DataTable dataTable)
   在 StudentMgr.SqlHelper.ExecuteDataTable(SqlConnection conn, String cmdText, SqlParameter[] parameters) 位置 D:\ProjectData\MiKe\LineProductMes\LineProductMesBll\SqlHelper.cs:行号 278
16:22:20.852 SELECT EMP001 FROM MIKEMP WHERE DATEDIFF(DAY,EMP023,'0001/1/1 0:00:00')<=7
16:28:48.841 @EMP002 系统管理员
16:28:48.842 @EMP033 9af7f2b45fff5ca168dd7081681fadd
16:30:29.413 @HAW001 W20190223001
16:30:29.413 @HAW002 GD201901070063
16:30:29.413 @HAW003 202161433
16:30:29.413 @HAW004 F10型材条600
16:30:29.413 @HAW005 599.9±0.1mm
16:30:29.413 @HAW006 PCS
16:30:29.414 @HAW007 22000
16:30:29.414 @HAW008 0.058
16:30:29.414 @HAW009 100
16:30:29.414 @HAW010 2019/2/23 0:00:00
16:30:29.414 @HAW011 计件
16:30:29.414 @HAW012 0501
16:30:29.415 @HAW013 五金车间
16:30:29.417 @HAW014 0501
16:30:29.417 @HAW015 五金车间
16:30:29.417 @HAW016 
16:30:29.418 @HAW017 
16:30:29.418 @HAW018 False
16:30:29.418 @HAW019 False
16:30:29.418 @HAW020 0
16:30:29.419 @HAW021 0
16:30:29.419 @HAW023 系统管理员
16:30:29.419 @HAW024 2019/2/23 1:00:00
16:30:29.419 @HAW025 2019/2/23 23:00:00
16:30:29.426 @HAX001 W20190223001
16:30:29.426 @HAX002 10013
16:30:29.427 @HAX003 李守军
16:30:29.427 @HAX004 成品搬运工
16:30:29.427 @HAX005 1010
16:30:29.427 @HAX006 切割
16:30:29.428 @HAX007 0.033
16:30:29.428 @HAX008 100
16:30:29.428 @HAX009 2019/2/23 1:00:00
16:30:29.428 @HAX010 2019/2/23 23:00:00
16:30:29.428 @HAX011 
16:30:29.429 @HAX012 
16:30:29.429 @HAX013 0
16:30:29.429 @HAX014 
16:30:29.429 @HAX015 在职
16:30:29.430 @HAX016 001
16:30:29.430 @HAX017 物流组
16:30:29.430 @HAX018 22
16:30:29.431 @HAX019 0
16:30:29.431 @HAX020 3.3
16:30:29.435 @HAX001 W20190223001
16:30:29.435 @HAX002 10025
16:30:29.435 @HAX003 梁永琴
16:30:29.435 @HAX004 装配工
16:30:29.436 @HAX005 1011
16:30:29.436 @HAX006 冲角
16:30:29.436 @HAX007 0.025
16:30:29.436 @HAX008 100
16:30:29.437 @HAX009 2019/2/23 1:00:00
16:30:29.437 @HAX010 2019/2/23 23:00:00
16:30:29.437 @HAX011 
16:30:29.437 @HAX012 
16:30:29.437 @HAX013 0
16:30:29.437 @HAX014 
16:30:29.438 @HAX015 在职
16:30:29.438 @HAX016 002
16:30:29.438 @HAX017 LED车间
16:30:29.438 @HAX018 22
16:30:29.438 @HAX019 0
16:30:29.439 @HAX020 2.5
