08:38:43.978 @EMP002 系统管理员
08:38:43.979 @EMP033 9af7f2b45fff5ca168dd7081681fadd
08:42:45.951 @idx 4
08:42:45.951 @BOS002 3
08:42:45.952 @BOS003 3
08:42:45.952 @BOS004 30
08:42:45.952 @BOS005 2019/2/17 0:00:00
08:42:45.958 @idx 3
08:42:45.958 @BOS002 3
08:42:45.959 @BOS003 3
08:42:45.959 @BOS004 30
08:42:45.959 @BOS005 2019/2/17 0:00:00
08:42:45.962 @idx 6
08:42:45.962 @BOS002 3
08:42:45.963 @BOS003 3
08:42:45.963 @BOS004 30
08:42:45.963 @BOS005 2019/2/17 0:00:00
08:42:45.965 @idx 5
08:42:45.966 @BOS002 3
08:42:45.966 @BOS003 3
08:42:45.966 @BOS004 30
08:42:45.966 @BOS005 2019/2/17 0:00:00
08:42:45.969 @idx 5
08:42:45.969 @BOS002 3
08:42:45.969 @BOS003 3
08:42:45.970 @BOS004 30
08:42:45.970 @BOS005 2019/2/17 0:00:00
08:42:45.973 @idx 1
08:42:45.974 @BOS002 3
08:42:45.974 @BOS003 4
08:42:45.974 @BOS004 30
08:42:45.974 @BOS005 2019/2/17 0:00:00
08:42:45.977 @idx 3
08:42:45.978 @BOS002 3
08:42:45.978 @BOS003 3
08:42:45.978 @BOS004 30
08:42:45.979 @BOS005 2019/2/17 0:00:00
08:42:45.980 @idx 4
08:42:45.980 @BOS002 3
08:42:45.981 @BOS003 3
08:42:45.981 @BOS004 30
08:42:45.981 @BOS005 2019/2/17 0:00:00
08:42:45.983 @idx 4
08:42:45.983 @BOS002 3
08:42:45.983 @BOS003 3
08:42:45.983 @BOS004 30
08:42:45.983 @BOS005 2019/2/17 0:00:00
08:42:45.985 @idx 6
08:42:45.985 @BOS002 3
08:42:45.985 @BOS003 3
08:42:45.986 @BOS004 30
08:42:45.986 @BOS005 2019/2/17 0:00:00
08:42:45.987 @idx 2
08:42:45.987 @BOS002 3
08:42:45.987 @BOS003 3
08:42:45.988 @BOS004 30
08:42:45.992 @BOS005 2019/2/17 0:00:00
08:42:45.993 @idx 2
08:42:45.993 @BOS002 3
08:42:45.994 @BOS003 3
08:42:45.994 @BOS004 30
08:42:45.994 @BOS005 2019/2/17 0:00:00
08:42:45.995 @idx 5
08:42:45.995 @BOS002 3
08:42:45.996 @BOS003 3
08:42:45.996 @BOS004 30
08:42:45.996 @BOS005 2019/2/17 0:00:00
08:42:45.997 @idx 1
08:42:45.998 @BOS002 3
08:42:45.998 @BOS003 4
08:42:45.998 @BOS004 30
08:42:45.998 @BOS005 2019/2/17 0:00:00
08:42:45.999 @idx 1
08:42:45.999 @BOS002 3
08:42:45.999 @BOS003 4
08:42:46.000 @BOS004 30
08:42:46.000 @BOS005 2019/2/17 0:00:00
08:42:46.001 @idx 3
08:42:46.001 @BOS002 3
08:42:46.001 @BOS003 3
08:42:46.001 @BOS004 30
08:42:46.002 @BOS005 2019/2/17 0:00:00
08:42:46.003 @idx 6
08:42:46.003 @BOS002 3
08:42:46.003 @BOS003 3
08:42:46.003 @BOS004 30
08:42:46.003 @BOS005 2019/2/17 0:00:00
08:42:46.005 @idx 2
08:42:46.005 @BOS002 3
08:42:46.005 @BOS003 3
08:42:46.006 @BOS004 30
08:42:46.006 @BOS005 2019/2/17 0:00:00
08:45:11.928 @idx 2
08:45:11.929 @BOS002 3
08:45:11.929 @BOS003 4
08:45:11.930 @BOS004 20
08:45:11.930 @BOS005 2019/2/16 0:00:00
08:45:11.939 @idx 6
08:45:11.939 @BOS002 3
08:45:11.944 @BOS003 4
08:45:11.944 @BOS004 20
08:45:11.944 @BOS005 2019/2/16 0:00:00
08:45:11.950 @idx 5
08:45:11.951 @BOS002 3
08:45:11.951 @BOS003 4
08:45:11.951 @BOS004 20
08:45:11.951 @BOS005 2019/2/16 0:00:00
08:45:11.957 @idx 4
08:45:11.957 @BOS002 3
08:45:11.957 @BOS003 4
08:45:11.957 @BOS004 20
08:45:11.958 @BOS005 2019/2/16 0:00:00
08:45:11.961 @idx 3
08:45:11.961 @BOS002 3
08:45:11.961 @BOS003 4
08:45:11.961 @BOS004 20
08:45:11.961 @BOS005 2019/2/16 0:00:00
08:45:11.962 @idx 1
08:45:11.962 @BOS002 3
08:45:11.963 @BOS003 4
08:45:11.963 @BOS004 20
08:45:11.963 @BOS005 2019/2/16 0:00:00
08:49:40.306 @idx 1
08:49:40.307 @BOS002 3
08:49:40.307 @BOS003 4
08:49:40.308 @BOS004 20
08:49:40.308 @BOS005 2019/1/20 0:00:00
08:49:40.315 @idx 2
08:49:40.315 @BOS002 3
08:49:40.316 @BOS003 4
08:49:40.316 @BOS004 20
08:49:40.317 @BOS005 2019/1/20 0:00:00
08:49:40.320 @idx 6
08:49:40.321 @BOS002 3
08:49:40.321 @BOS003 4
08:49:40.321 @BOS004 20
08:49:40.322 @BOS005 2019/1/20 0:00:00
08:49:40.325 @idx 3
08:49:40.325 @BOS002 3
08:49:40.327 @BOS003 4
08:49:40.327 @BOS004 20
08:49:40.327 @BOS005 2019/1/20 0:00:00
08:49:40.342 @idx 5
08:49:40.342 @BOS002 3
08:49:40.342 @BOS003 4
08:49:40.342 @BOS004 20
08:49:40.343 @BOS005 2019/1/20 0:00:00
08:49:40.345 @idx 4
08:49:40.345 @BOS002 3
08:49:40.346 @BOS003 4
08:49:40.346 @BOS004 20
08:49:40.346 @BOS005 2019/1/20 0:00:00
08:51:04.788 @idx 5
08:51:04.789 @BOS002 3
08:51:04.789 @BOS003 4
08:51:04.790 @BOS004 20
08:51:04.790 @BOS005 2019/1/20 0:00:00
08:51:04.795 @idx 3
08:51:04.796 @BOS002 3
08:51:04.796 @BOS003 4
08:51:04.796 @BOS004 20
08:51:04.797 @BOS005 2019/1/20 0:00:00
08:51:04.800 @idx 6
08:51:04.800 @BOS002 3
08:51:04.801 @BOS003 4
08:51:04.801 @BOS004 20
08:51:04.801 @BOS005 2019/1/20 0:00:00
08:51:04.806 @idx 1
08:51:04.806 @BOS002 3
08:51:04.806 @BOS003 4
08:51:04.807 @BOS004 20
08:51:04.807 @BOS005 2019/1/21 0:00:00
08:51:04.810 @idx 2
08:51:04.811 @BOS002 3
08:51:04.811 @BOS003 4
08:51:04.811 @BOS004 20
08:51:04.812 @BOS005 2019/1/20 0:00:00
08:51:04.819 @idx 4
08:51:04.820 @BOS002 3
08:51:04.820 @BOS003 4
08:51:04.820 @BOS004 20
08:51:04.820 @BOS005 2019/1/20 0:00:00
09:15:07.388 @idx 6
09:15:07.389 @BOS002 3
09:15:07.390 @BOS003 4
09:15:07.390 @BOS004 20
09:15:07.391 @BOS005 2019/1/20 0:00:00
09:15:07.398 @idx 4
09:15:07.399 @BOS002 3
09:15:07.399 @BOS003 4
09:15:07.399 @BOS004 20
09:15:07.399 @BOS005 2019/1/20 0:00:00
09:15:07.409 @idx 1
09:15:07.409 @BOS002 3
09:15:07.410 @BOS003 4
09:15:07.410 @BOS004 20
09:15:07.410 @BOS005 2019/1/21 0:00:00
09:15:07.412 @idx 2
09:15:07.412 @BOS002 3
09:15:07.413 @BOS003 4
09:15:07.413 @BOS004 20
09:15:07.413 @BOS005 2019/1/17 0:00:00
09:15:07.415 @idx 5
09:15:07.415 @BOS002 3
09:15:07.415 @BOS003 4
09:15:07.416 @BOS004 20
09:15:07.416 @BOS005 2019/1/20 0:00:00
09:15:07.418 @idx 3
09:15:07.419 @BOS002 3
09:15:07.419 @BOS003 4
09:15:07.419 @BOS004 20
09:15:07.419 @BOS005 2019/1/20 0:00:00
09:38:55.476 @EMP002 系统管理员
09:38:55.478 @EMP033 9af7f2b45fff5ca168dd7081681fadd
09:43:07.229 @EMP002 系统管理员
09:43:07.231 @EMP033 9af7f2b45fff5ca168dd7081681fadd
09:46:56.032 @WAH010 0
09:46:56.032 @WAH011 0
09:46:56.032 @WAH015 0
09:46:56.032 @WAH016 0
09:46:56.033 @WAH017 0
09:46:56.033 @WAH018 0
09:46:56.033 @WAH019 0
09:46:56.033 @WAH022 18
09:46:56.033 @idx 4330
09:46:56.041 @WAH010 0
09:46:56.041 @WAH011 0
09:46:56.041 @WAH015 0
09:46:56.042 @WAH016 0
09:46:56.042 @WAH017 0
09:46:56.042 @WAH018 0
09:46:56.042 @WAH019 0
09:46:56.042 @WAH022 18
09:46:56.042 @idx 4412
09:46:56.044 @WAH010 0
09:46:56.045 @WAH011 0
09:46:56.045 @WAH015 0
09:46:56.045 @WAH016 0
09:46:56.045 @WAH017 0
09:46:56.045 @WAH018 0
09:46:56.045 @WAH019 0
09:46:56.046 @WAH022 18
09:46:56.046 @idx 4378
09:46:56.048 @WAH010 0
09:46:56.048 @WAH011 0
09:46:56.048 @WAH015 0
09:46:56.048 @WAH016 0
09:46:56.048 @WAH017 0
09:46:56.049 @WAH018 0
09:46:56.049 @WAH019 0
09:46:56.049 @WAH022 18
09:46:56.049 @idx 4483
09:46:56.051 @WAH010 0
09:46:56.051 @WAH011 0
09:46:56.051 @WAH015 0
09:46:56.051 @WAH016 0
09:46:56.051 @WAH017 0
09:46:56.052 @WAH018 0
09:46:56.052 @WAH019 0
09:46:56.052 @WAH022 15
09:46:56.052 @idx 4456
09:46:56.054 @WAH010 0
09:46:56.054 @WAH011 0
09:46:56.055 @WAH015 0
09:46:56.055 @WAH016 0
09:46:56.055 @WAH017 0
09:46:56.055 @WAH018 0
09:46:56.055 @WAH019 0
09:46:56.055 @WAH022 15
09:46:56.055 @idx 4486
09:46:56.057 @WAH010 0
09:46:56.057 @WAH011 0
09:46:56.057 @WAH015 0
09:46:56.058 @WAH016 0
09:46:56.058 @WAH017 0
09:46:56.058 @WAH018 0
09:46:56.058 @WAH019 0
09:46:56.058 @WAH022 15
09:46:56.058 @idx 4432
09:46:56.060 @WAH010 0
09:46:56.060 @WAH011 0
09:46:56.060 @WAH015 0
09:46:56.061 @WAH016 0
09:46:56.061 @WAH017 0
09:46:56.061 @WAH018 0
09:46:56.061 @WAH019 0
09:46:56.061 @WAH022 15
09:46:56.062 @idx 4439
09:46:56.063 @WAH010 0
09:46:56.063 @WAH011 0
09:46:56.063 @WAH015 0
09:46:56.064 @WAH016 0
09:46:56.064 @WAH017 0
09:46:56.064 @WAH018 0
09:46:56.064 @WAH019 0
09:46:56.064 @WAH022 15
09:46:56.065 @idx 4360
09:46:56.066 @WAH010 0
09:46:56.067 @WAH011 0
09:46:56.067 @WAH015 0
09:46:56.067 @WAH016 0
09:46:56.067 @WAH017 0
09:46:56.067 @WAH018 0
09:46:56.068 @WAH019 0
09:46:56.068 @WAH022 15
09:46:56.068 @idx 4428
09:46:56.070 @WAH010 0
09:46:56.070 @WAH011 0
09:46:56.070 @WAH015 0
09:46:56.071 @WAH016 0
09:46:56.071 @WAH017 0
09:46:56.071 @WAH018 0
09:46:56.071 @WAH019 0
09:46:56.071 @WAH022 15
09:46:56.071 @idx 4324
09:46:56.073 @WAH010 0
09:46:56.074 @WAH011 0
09:46:56.074 @WAH015 0
09:46:56.074 @WAH016 0
09:46:56.074 @WAH017 0
09:46:56.074 @WAH018 0
09:46:56.075 @WAH019 0
09:46:56.075 @WAH022 15
09:46:56.075 @idx 4370
09:46:56.077 @WAH010 0
09:46:56.077 @WAH011 0
09:46:56.077 @WAH015 0
09:46:56.077 @WAH016 0
09:46:56.077 @WAH017 0
09:46:56.077 @WAH018 0
09:46:56.078 @WAH019 0
09:46:56.078 @WAH022 15
09:46:56.078 @idx 4346
09:46:56.080 @WAH010 0
09:46:56.080 @WAH011 0
09:46:56.080 @WAH015 0
09:46:56.080 @WAH016 0
09:46:56.080 @WAH017 0
09:46:56.081 @WAH018 0
09:46:56.081 @WAH019 0
09:46:56.081 @WAH022 15
09:46:56.081 @idx 4403
09:46:56.083 @WAH010 0
09:46:56.083 @WAH011 0
09:46:56.083 @WAH015 0
09:46:56.083 @WAH016 0
09:46:56.084 @WAH017 0
09:46:56.084 @WAH018 0
09:46:56.084 @WAH019 0
09:46:56.084 @WAH022 15
09:46:56.084 @idx 4433
09:46:56.086 @WAH010 0
09:46:56.086 @WAH011 0
09:46:56.086 @WAH015 0
09:46:56.087 @WAH016 0
09:46:56.087 @WAH017 0
09:46:56.087 @WAH018 0
09:46:56.087 @WAH019 0
09:46:56.087 @WAH022 15
09:46:56.088 @idx 4431
09:46:56.089 @WAH010 0
09:46:56.089 @WAH011 0
09:46:56.089 @WAH015 0
09:46:56.090 @WAH016 0
09:46:56.090 @WAH017 0
09:46:56.090 @WAH018 0
09:46:56.090 @WAH019 0
09:46:56.090 @WAH022 15
09:46:56.091 @idx 4470
09:46:56.093 @WAH010 0
09:46:56.093 @WAH011 0
09:46:56.093 @WAH015 0
09:46:56.093 @WAH016 0
09:46:56.094 @WAH017 0
09:46:56.094 @WAH018 0
09:46:56.094 @WAH019 0
09:46:56.094 @WAH022 15
09:46:56.094 @idx 4405
09:46:56.096 @WAH010 0
09:46:56.096 @WAH011 0
09:46:56.097 @WAH015 0
09:46:56.097 @WAH016 0
09:46:56.097 @WAH017 0
09:46:56.097 @WAH018 0
09:46:56.097 @WAH019 0
09:46:56.097 @WAH022 15
09:46:56.098 @idx 4371
09:46:56.100 @WAH010 0
09:46:56.100 @WAH011 0
09:46:56.100 @WAH015 0
09:46:56.101 @WAH016 0
09:46:56.101 @WAH017 0
09:46:56.101 @WAH018 0
09:46:56.101 @WAH019 0
09:46:56.101 @WAH022 15
09:46:56.102 @idx 4484
09:46:56.103 @WAH010 0
09:46:56.103 @WAH011 0
09:46:56.103 @WAH015 0
09:46:56.104 @WAH016 0
09:46:56.104 @WAH017 0
09:46:56.104 @WAH018 0
09:46:56.104 @WAH019 0
09:46:56.104 @WAH022 15
09:46:56.104 @idx 4426
09:46:56.106 @WAH010 0
09:46:56.106 @WAH011 0
09:46:56.107 @WAH015 0
09:46:56.107 @WAH016 0
09:46:56.107 @WAH017 0
09:46:56.107 @WAH018 0
09:46:56.107 @WAH019 0
09:46:56.107 @WAH022 15
09:46:56.107 @idx 4448
09:46:56.109 @WAH010 0
09:46:56.109 @WAH011 0
09:46:56.109 @WAH015 0
09:46:56.109 @WAH016 0
09:46:56.110 @WAH017 0
09:46:56.110 @WAH018 0
09:46:56.110 @WAH019 0
09:46:56.110 @WAH022 15
09:46:56.110 @idx 4390
09:46:56.111 @WAH010 0
09:46:56.112 @WAH011 0
09:46:56.112 @WAH015 0
09:46:56.112 @WAH016 0
09:46:56.112 @WAH017 0
09:46:56.112 @WAH018 0
09:46:56.113 @WAH019 0
09:46:56.113 @WAH022 15
09:46:56.113 @idx 4476
09:46:56.115 @WAH010 0
09:46:56.115 @WAH011 0
09:46:56.115 @WAH015 0
09:46:56.116 @WAH016 0
09:46:56.116 @WAH017 0
09:46:56.116 @WAH018 0
09:46:56.116 @WAH019 0
09:46:56.117 @WAH022 15
09:46:56.117 @idx 4310
09:46:56.118 @WAH010 0
09:46:56.119 @WAH011 0
09:46:56.119 @WAH015 0
09:46:56.119 @WAH016 0
09:46:56.119 @WAH017 0
09:46:56.119 @WAH018 0
09:46:56.120 @WAH019 0
09:46:56.120 @WAH022 15
09:46:56.120 @idx 4411
09:46:56.122 @WAH010 0
09:46:56.122 @WAH011 0
09:46:56.122 @WAH015 0
09:46:56.122 @WAH016 0
09:46:56.122 @WAH017 0
09:46:56.123 @WAH018 0
09:46:56.123 @WAH019 0
09:46:56.123 @WAH022 15
09:46:56.123 @idx 4478
09:46:56.125 @WAH010 0
09:46:56.125 @WAH011 0
09:46:56.125 @WAH015 0
09:46:56.126 @WAH016 0
09:46:56.126 @WAH017 0
09:46:56.126 @WAH018 0
09:46:56.126 @WAH019 0
09:46:56.126 @WAH022 15
09:46:56.126 @idx 4397
09:46:56.128 @WAH010 0
09:46:56.128 @WAH011 0
09:46:56.128 @WAH015 0
09:46:56.129 @WAH016 0
09:46:56.129 @WAH017 0
09:46:56.129 @WAH018 0
09:46:56.129 @WAH019 0
09:46:56.129 @WAH022 15
09:46:56.130 @idx 4381
09:46:56.131 @WAH010 0
09:46:56.131 @WAH011 0
09:46:56.132 @WAH015 0
09:46:56.132 @WAH016 0
09:46:56.132 @WAH017 0
09:46:56.132 @WAH018 0
09:46:56.132 @WAH019 0
09:46:56.132 @WAH022 15
09:46:56.132 @idx 4331
09:46:56.134 @WAH010 0
09:46:56.134 @WAH011 0
09:46:56.134 @WAH015 0
09:46:56.134 @WAH016 0
09:46:56.134 @WAH017 0
09:46:56.135 @WAH018 0
09:46:56.135 @WAH019 0
09:46:56.135 @WAH022 15
09:46:56.135 @idx 4337
09:46:56.137 @WAH010 0
09:46:56.137 @WAH011 0
09:46:56.137 @WAH015 0
09:46:56.137 @WAH016 0
09:46:56.137 @WAH017 0
09:46:56.138 @WAH018 0
09:46:56.138 @WAH019 0
09:46:56.138 @WAH022 15
09:46:56.138 @idx 4460
09:46:56.140 @WAH010 0
09:46:56.140 @WAH011 0
09:46:56.140 @WAH015 0
09:46:56.140 @WAH016 0
09:46:56.140 @WAH017 0
09:46:56.141 @WAH018 0
09:46:56.141 @WAH019 0
09:46:56.141 @WAH022 15
09:46:56.141 @idx 4408
09:46:56.142 @WAH010 0
09:46:56.143 @WAH011 0
09:46:56.143 @WAH015 0
09:46:56.143 @WAH016 0
09:46:56.143 @WAH017 0
09:46:56.143 @WAH018 0
09:46:56.144 @WAH019 0
09:46:56.144 @WAH022 15
09:46:56.144 @idx 4421
09:46:56.146 @WAH010 0
09:46:56.146 @WAH011 0
09:46:56.146 @WAH015 0
09:46:56.146 @WAH016 0
09:46:56.146 @WAH017 0
09:46:56.146 @WAH018 0
09:46:56.147 @WAH019 0
09:46:56.147 @WAH022 15
09:46:56.147 @idx 4334
09:46:56.148 @WAH010 0
09:46:56.148 @WAH011 0
09:46:56.149 @WAH015 0
09:46:56.149 @WAH016 0
09:46:56.149 @WAH017 0
09:46:56.149 @WAH018 0
09:46:56.149 @WAH019 0
09:46:56.150 @WAH022 15
09:46:56.150 @idx 4462
09:46:56.151 @WAH010 0
09:46:56.152 @WAH011 0
09:46:56.152 @WAH015 0
09:46:56.152 @WAH016 0
09:46:56.152 @WAH017 0
09:46:56.152 @WAH018 0
09:46:56.153 @WAH019 0
09:46:56.153 @WAH022 15
09:46:56.153 @idx 4485
09:46:56.154 @WAH010 0
09:46:56.155 @WAH011 0
09:46:56.155 @WAH015 0
09:46:56.155 @WAH016 0
09:46:56.155 @WAH017 0
09:46:56.155 @WAH018 0
09:46:56.155 @WAH019 0
09:46:56.156 @WAH022 15
09:46:56.160 @idx 4342
09:46:56.162 @WAH010 0
09:46:56.162 @WAH011 0
09:46:56.162 @WAH015 0
09:46:56.162 @WAH016 0
09:46:56.162 @WAH017 0
09:46:56.163 @WAH018 0
09:46:56.163 @WAH019 0
09:46:56.163 @WAH022 15
09:46:56.163 @idx 4375
09:46:56.165 @WAH010 0
09:46:56.165 @WAH011 0
09:46:56.165 @WAH015 0
09:46:56.165 @WAH016 0
09:46:56.165 @WAH017 0
09:46:56.166 @WAH018 0
09:46:56.166 @WAH019 0
09:46:56.166 @WAH022 17
09:46:56.166 @idx 4350
09:46:56.168 @WAH010 0
09:46:56.168 @WAH011 0
09:46:56.168 @WAH015 0
09:46:56.168 @WAH016 0
09:46:56.168 @WAH017 0
09:46:56.169 @WAH018 0
09:46:56.169 @WAH019 0
09:46:56.169 @WAH022 17
09:46:56.169 @idx 4318
09:46:56.171 @WAH010 0
09:46:56.171 @WAH011 0
09:46:56.171 @WAH015 0
09:46:56.171 @WAH016 0
09:46:56.171 @WAH017 0
09:46:56.172 @WAH018 0
09:46:56.172 @WAH019 0
09:46:56.172 @WAH022 17
09:46:56.172 @idx 4447
09:46:56.174 @WAH010 0
09:46:56.174 @WAH011 0
09:46:56.174 @WAH015 0
09:46:56.174 @WAH016 0
09:46:56.174 @WAH017 0
09:46:56.175 @WAH018 0
09:46:56.175 @WAH019 0
09:46:56.175 @WAH022 17
09:46:56.175 @idx 4326
09:46:56.177 @WAH010 0
09:46:56.177 @WAH011 0
09:46:56.177 @WAH015 0
09:46:56.177 @WAH016 0
09:46:56.177 @WAH017 0
09:46:56.178 @WAH018 0
09:46:56.178 @WAH019 0
09:46:56.178 @WAH022 17
09:46:56.178 @idx 4419
09:46:56.180 @WAH010 0
09:46:56.180 @WAH011 0
09:46:56.180 @WAH015 0
09:46:56.180 @WAH016 0
09:46:56.181 @WAH017 0
09:46:56.181 @WAH018 0
09:46:56.181 @WAH019 0
09:46:56.181 @WAH022 17
09:46:56.181 @idx 4365
09:46:56.183 @WAH010 0
09:46:56.183 @WAH011 0
09:46:56.183 @WAH015 0
09:46:56.184 @WAH016 0
09:46:56.184 @WAH017 0
09:46:56.184 @WAH018 0
09:46:56.184 @WAH019 0
09:46:56.184 @WAH022 17
09:46:56.184 @idx 4468
09:46:56.186 @WAH010 0
09:46:56.186 @WAH011 0
09:46:56.186 @WAH015 0
09:46:56.186 @WAH016 0
09:46:56.186 @WAH017 0
09:46:56.187 @WAH018 0
09:46:56.187 @WAH019 0
09:46:56.187 @WAH022 17
09:46:56.187 @idx 4418
09:46:56.189 @WAH010 0
09:46:56.189 @WAH011 0
09:46:56.189 @WAH015 0
09:46:56.189 @WAH016 0
09:46:56.189 @WAH017 0
09:46:56.190 @WAH018 0
09:46:56.190 @WAH019 0
09:46:56.190 @WAH022 17
09:46:56.190 @idx 4382
09:46:56.192 @WAH010 0
09:46:56.192 @WAH011 0
09:46:56.192 @WAH015 0
09:46:56.192 @WAH016 0
09:46:56.192 @WAH017 0
09:46:56.193 @WAH018 0
09:46:56.193 @WAH019 0
09:46:56.193 @WAH022 16
09:46:56.193 @idx 4400
09:46:56.194 @WAH010 0
09:46:56.195 @WAH011 0
09:46:56.195 @WAH015 0
09:46:56.195 @WAH016 0
09:46:56.195 @WAH017 0
09:46:56.196 @WAH018 0
09:46:56.196 @WAH019 0
09:46:56.196 @WAH022 17
09:46:56.196 @idx 4366
09:46:56.197 @WAH010 0
09:46:56.198 @WAH011 0
09:46:56.198 @WAH015 0
09:46:56.198 @WAH016 0
09:46:56.198 @WAH017 0
09:46:56.198 @WAH018 0
09:46:56.199 @WAH019 0
09:46:56.199 @WAH022 17
09:46:56.199 @idx 4349
09:46:56.200 @WAH010 0
09:46:56.200 @WAH011 0
09:46:56.201 @WAH015 0
09:46:56.201 @WAH016 0
09:46:56.201 @WAH017 0
09:46:56.201 @WAH018 0
09:46:56.201 @WAH019 0
09:46:56.202 @WAH022 17
09:46:56.202 @idx 4364
09:46:56.203 @WAH010 0
09:46:56.203 @WAH011 0
09:46:56.204 @WAH015 0
09:46:56.204 @WAH016 0
09:46:56.204 @WAH017 0
09:46:56.204 @WAH018 0
09:46:56.204 @WAH019 0
09:46:56.205 @WAH022 16
09:46:56.205 @idx 4466
09:46:56.206 @WAH010 0
09:46:56.207 @WAH011 0
09:46:56.207 @WAH015 0
09:46:56.207 @WAH016 0
09:46:56.207 @WAH017 0
09:46:56.207 @WAH018 0
09:46:56.207 @WAH019 0
09:46:56.208 @WAH022 16
09:46:56.208 @idx 4354
09:46:56.209 @WAH010 0
09:46:56.210 @WAH011 0
09:46:56.210 @WAH015 0
09:46:56.210 @WAH016 0
09:46:56.210 @WAH017 0
09:46:56.210 @WAH018 0
09:46:56.210 @WAH019 0
09:46:56.211 @WAH022 16
09:46:56.211 @idx 4443
09:46:56.212 @WAH010 0
09:46:56.212 @WAH011 0
09:46:56.213 @WAH015 0
09:46:56.213 @WAH016 0
09:46:56.213 @WAH017 0
09:46:56.213 @WAH018 0
09:46:56.213 @WAH019 0
09:46:56.214 @WAH022 16
09:46:56.214 @idx 4474
09:46:56.215 @WAH010 0
09:46:56.215 @WAH011 0
09:46:56.216 @WAH015 0
09:46:56.216 @WAH016 0
09:46:56.216 @WAH017 0
09:46:56.216 @WAH018 0
09:46:56.216 @WAH019 0
09:46:56.216 @WAH022 16
09:46:56.217 @idx 4369
09:46:56.218 @WAH010 0
09:46:56.218 @WAH011 0
09:46:56.219 @WAH015 0
09:46:56.219 @WAH016 0
09:46:56.219 @WAH017 0
09:46:56.219 @WAH018 0
09:46:56.219 @WAH019 0
09:46:56.219 @WAH022 16
09:46:56.220 @idx 4453
09:46:56.221 @WAH010 0
09:46:56.221 @WAH011 0
09:46:56.222 @WAH015 0
09:46:56.222 @WAH016 0
09:46:56.222 @WAH017 0
09:46:56.222 @WAH018 0
09:46:56.222 @WAH019 0
09:46:56.222 @WAH022 16
09:46:56.223 @idx 4391
09:46:56.224 @WAH010 0
09:46:56.225 @WAH011 0
09:46:56.225 @WAH015 0
09:46:56.225 @WAH016 0
09:46:56.225 @WAH017 0
09:46:56.225 @WAH018 0
09:46:56.225 @WAH019 0
09:46:56.226 @WAH022 16
09:46:56.226 @idx 4347
09:46:56.227 @WAH010 0
09:46:56.227 @WAH011 0
09:46:56.228 @WAH015 0
09:46:56.228 @WAH016 0
09:46:56.228 @WAH017 0
09:46:56.228 @WAH018 0
09:46:56.228 @WAH019 0
09:46:56.229 @WAH022 16
09:46:56.229 @idx 4374
09:46:56.230 @WAH010 0
09:46:56.230 @WAH011 0
09:46:56.231 @WAH015 0
09:46:56.231 @WAH016 0
09:46:56.231 @WAH017 0
09:46:56.231 @WAH018 0
09:46:56.231 @WAH019 0
09:46:56.232 @WAH022 16
09:46:56.232 @idx 4359
09:46:56.233 @WAH010 0
09:46:56.233 @WAH011 0
09:46:56.234 @WAH015 0
09:46:56.234 @WAH016 0
09:46:56.234 @WAH017 0
09:46:56.234 @WAH018 0
09:46:56.234 @WAH019 0
09:46:56.235 @WAH022 16
09:46:56.235 @idx 4465
09:46:56.236 @WAH010 0
09:46:56.236 @WAH011 0
09:46:56.237 @WAH015 0
09:46:56.237 @WAH016 0
09:46:56.237 @WAH017 0
09:46:56.237 @WAH018 0
09:46:56.237 @WAH019 0
09:46:56.238 @WAH022 16
09:46:56.238 @idx 4355
09:46:56.239 @WAH010 0
09:46:56.239 @WAH011 0
09:46:56.239 @WAH015 0
09:46:56.240 @WAH016 0
09:46:56.240 @WAH017 0
09:46:56.240 @WAH018 0
09:46:56.240 @WAH019 0
09:46:56.240 @WAH022 16
09:46:56.240 @idx 4472
09:46:56.242 @WAH010 0
09:46:56.242 @WAH011 0
09:46:56.242 @WAH015 0
09:46:56.242 @WAH016 0
09:46:56.243 @WAH017 0
09:46:56.243 @WAH018 0
09:46:56.243 @WAH019 0
09:46:56.243 @WAH022 16
09:46:56.243 @idx 4351
09:46:56.245 @WAH010 0
09:46:56.245 @WAH011 0
09:46:56.245 @WAH015 0
09:46:56.245 @WAH016 0
09:46:56.245 @WAH017 0
09:46:56.245 @WAH018 0
09:46:56.246 @WAH019 0
09:46:56.246 @WAH022 16
09:46:56.246 @idx 4410
09:46:56.247 @WAH010 0
09:46:56.247 @WAH011 0
09:46:56.248 @WAH015 0
09:46:56.248 @WAH016 0
09:46:56.248 @WAH017 0
09:46:56.248 @WAH018 0
09:46:56.248 @WAH019 0
09:46:56.249 @WAH022 16
09:46:56.249 @idx 4356
09:46:56.250 @WAH010 0
09:46:56.250 @WAH011 0
09:46:56.250 @WAH015 0
09:46:56.251 @WAH016 0
09:46:56.251 @WAH017 0
09:46:56.251 @WAH018 0
09:46:56.251 @WAH019 0
09:46:56.251 @WAH022 16
09:46:56.252 @idx 4322
09:46:56.253 @WAH010 0
09:46:56.253 @WAH011 0
09:46:56.253 @WAH015 0
09:46:56.253 @WAH016 0
09:46:56.254 @WAH017 0
09:46:56.254 @WAH018 0
09:46:56.254 @WAH019 0
09:46:56.254 @WAH022 16
09:46:56.254 @idx 4404
09:46:56.256 @WAH010 0
09:46:56.256 @WAH011 0
09:46:56.256 @WAH015 0
09:46:56.256 @WAH016 0
09:46:56.257 @WAH017 0
09:46:56.257 @WAH018 0
09:46:56.257 @WAH019 0
09:46:56.257 @WAH022 16
09:46:56.257 @idx 4416
09:46:56.259 @WAH010 0
09:46:56.259 @WAH011 0
09:46:56.259 @WAH015 0
09:46:56.259 @WAH016 0
09:46:56.260 @WAH017 0
09:46:56.260 @WAH018 0
09:46:56.260 @WAH019 0
09:46:56.260 @WAH022 16
09:46:56.260 @idx 4442
09:46:56.262 @WAH010 0
09:46:56.262 @WAH011 0
09:46:56.262 @WAH015 0
09:46:56.262 @WAH016 0
09:46:56.263 @WAH017 0
09:46:56.263 @WAH018 0
09:46:56.263 @WAH019 0
09:46:56.263 @WAH022 16
09:46:56.263 @idx 4363
09:46:56.265 @WAH010 0
09:46:56.265 @WAH011 0
09:46:56.265 @WAH015 0
09:46:56.265 @WAH016 0
09:46:56.266 @WAH017 0
09:46:56.266 @WAH018 0
09:46:56.266 @WAH019 0
09:46:56.266 @WAH022 16
09:46:56.266 @idx 4454
09:46:56.268 @WAH010 0
09:46:56.268 @WAH011 0
09:46:56.268 @WAH015 0
09:46:56.269 @WAH016 0
09:46:56.269 @WAH017 0
09:46:56.269 @WAH018 0
09:46:56.269 @WAH019 0
09:46:56.269 @WAH022 16
09:46:56.269 @idx 4384
09:46:56.271 @WAH010 0
09:46:56.271 @WAH011 0
09:46:56.271 @WAH015 0
09:46:56.272 @WAH016 0
09:46:56.272 @WAH017 0
09:46:56.272 @WAH018 0
09:46:56.272 @WAH019 0
09:46:56.272 @WAH022 16
09:46:56.272 @idx 4313
09:46:56.274 @WAH010 0
09:46:56.274 @WAH011 0
09:46:56.274 @WAH015 0
09:46:56.275 @WAH016 0
09:46:56.275 @WAH017 0
09:46:56.275 @WAH018 0
09:46:56.275 @WAH019 0
09:46:56.275 @WAH022 16
09:46:56.276 @idx 4395
09:46:56.277 @WAH010 0
09:46:56.277 @WAH011 0
09:46:56.277 @WAH015 0
09:46:56.278 @WAH016 0
09:46:56.278 @WAH017 0
09:46:56.278 @WAH018 0
09:46:56.278 @WAH019 0
09:46:56.278 @WAH022 16
09:46:56.278 @idx 4434
09:46:56.280 @WAH010 0
09:46:56.280 @WAH011 0
09:46:56.280 @WAH015 0
09:46:56.280 @WAH016 0
09:46:56.280 @WAH017 0
09:46:56.281 @WAH018 0
09:46:56.281 @WAH019 0
09:46:56.281 @WAH022 16
09:46:56.281 @idx 4436
09:46:56.282 @WAH010 0
09:46:56.283 @WAH011 0
09:46:56.283 @WAH015 0
09:46:56.283 @WAH016 0
09:46:56.283 @WAH017 0
09:46:56.283 @WAH018 0
09:46:56.283 @WAH019 0
09:46:56.284 @WAH022 16
09:46:56.284 @idx 4377
09:46:56.285 @WAH010 0
09:46:56.286 @WAH011 0
09:46:56.286 @WAH015 0
09:46:56.286 @WAH016 0
09:46:56.286 @WAH017 0
09:46:56.286 @WAH018 0
09:46:56.287 @WAH019 0
09:46:56.287 @WAH022 16
09:46:56.287 @idx 4303
09:46:56.289 @WAH010 0
09:46:56.289 @WAH011 0
09:46:56.289 @WAH015 0
09:46:56.290 @WAH016 0
09:46:56.290 @WAH017 0
09:46:56.290 @WAH018 0
09:46:56.290 @WAH019 0
09:46:56.290 @WAH022 16
09:46:56.290 @idx 4430
09:46:56.292 @WAH010 0
09:46:56.292 @WAH011 0
09:46:56.292 @WAH015 0
09:46:56.292 @WAH016 0
09:46:56.293 @WAH017 0
09:46:56.293 @WAH018 0
09:46:56.293 @WAH019 0
09:46:56.293 @WAH022 16
09:46:56.293 @idx 4343
09:46:56.295 @WAH010 0
09:46:56.295 @WAH011 0
09:46:56.296 @WAH015 0
09:46:56.296 @WAH016 0
09:46:56.296 @WAH017 0
09:46:56.296 @WAH018 0
09:46:56.296 @WAH019 0
09:46:56.296 @WAH022 16
09:46:56.296 @idx 4362
09:46:56.298 @WAH010 0
09:46:56.298 @WAH011 0
09:46:56.298 @WAH015 0
09:46:56.299 @WAH016 0
09:46:56.299 @WAH017 0
09:46:56.299 @WAH018 0
09:46:56.299 @WAH019 0
09:46:56.299 @WAH022 16
09:46:56.300 @idx 4333
09:46:56.301 @WAH010 0
09:46:56.302 @WAH011 0
09:46:56.302 @WAH015 0
09:46:56.302 @WAH016 0
09:46:56.302 @WAH017 0
09:46:56.302 @WAH018 0
09:46:56.303 @WAH019 0
09:46:56.303 @WAH022 16
09:46:56.303 @idx 4301
09:46:56.305 @WAH010 0
09:46:56.305 @WAH011 0
09:46:56.305 @WAH015 0
09:46:56.305 @WAH016 0
09:46:56.306 @WAH017 0
09:46:56.306 @WAH018 0
09:46:56.306 @WAH019 0
09:46:56.306 @WAH022 16
09:46:56.306 @idx 4461
09:46:56.308 @WAH010 0
09:46:56.308 @WAH011 0
09:46:56.308 @WAH015 0
09:46:56.308 @WAH016 0
09:46:56.309 @WAH017 0
09:46:56.309 @WAH018 0
09:46:56.309 @WAH019 0
09:46:56.309 @WAH022 16
09:46:56.309 @idx 4316
09:46:56.311 @WAH010 0
09:46:56.311 @WAH011 0
09:46:56.311 @WAH015 0
09:46:56.312 @WAH016 0
09:46:56.312 @WAH017 0
09:46:56.312 @WAH018 0
09:46:56.312 @WAH019 0
09:46:56.312 @WAH022 18
09:46:56.313 @idx 4315
09:46:56.314 @WAH010 0
09:46:56.314 @WAH011 0
09:46:56.314 @WAH015 0
09:46:56.315 @WAH016 0
09:46:56.315 @WAH017 0
09:46:56.315 @WAH018 0
09:46:56.315 @WAH019 0
09:46:56.315 @WAH022 18
09:46:56.316 @idx 4445
09:46:56.317 @WAH010 0
09:46:56.317 @WAH011 0
09:46:56.317 @WAH015 0
09:46:56.318 @WAH016 0
09:46:56.318 @WAH017 0
09:46:56.318 @WAH018 0
09:46:56.318 @WAH019 0
09:46:56.318 @WAH022 18
09:46:56.319 @idx 4304
09:46:56.320 @WAH010 0
09:46:56.320 @WAH011 0
09:46:56.320 @WAH015 0
09:46:56.320 @WAH016 0
09:46:56.321 @WAH017 0
09:46:56.321 @WAH018 0
09:46:56.321 @WAH019 0
09:46:56.321 @WAH022 18
09:46:56.321 @idx 4479
09:46:56.323 @WAH010 0
09:46:56.323 @WAH011 0
09:46:56.323 @WAH015 0
09:46:56.323 @WAH016 0
09:46:56.323 @WAH017 0
09:46:56.324 @WAH018 0
09:46:56.324 @WAH019 0
09:46:56.324 @WAH022 18
09:46:56.324 @idx 4335
09:46:56.326 @WAH010 0
09:46:56.326 @WAH011 0
09:46:56.326 @WAH015 0
09:46:56.326 @WAH016 0
09:46:56.326 @WAH017 0
09:46:56.327 @WAH018 0
09:46:56.327 @WAH019 0
09:46:56.327 @WAH022 18
09:46:56.327 @idx 4455
09:46:56.329 @WAH010 0
09:46:56.329 @WAH011 0
09:46:56.329 @WAH015 0
09:46:56.329 @WAH016 0
09:46:56.330 @WAH017 0
09:46:56.330 @WAH018 0
09:46:56.330 @WAH019 0
09:46:56.331 @WAH022 18
09:46:56.331 @idx 4328
09:46:56.332 @WAH010 0
09:46:56.333 @WAH011 0
09:46:56.333 @WAH015 0
09:46:56.333 @WAH016 0
09:46:56.333 @WAH017 0
09:46:56.333 @WAH018 0
09:46:56.334 @WAH019 0
09:46:56.334 @WAH022 18
09:46:56.334 @idx 4407
09:46:56.335 @WAH010 0
09:46:56.336 @WAH011 0
09:46:56.336 @WAH015 0
09:46:56.336 @WAH016 0
09:46:56.336 @WAH017 0
09:46:56.336 @WAH018 0
09:46:56.336 @WAH019 0
09:46:56.337 @WAH022 18
09:46:56.337 @idx 4300
09:46:56.338 @WAH010 0
09:46:56.338 @WAH011 0
09:46:56.339 @WAH015 0
09:46:56.339 @WAH016 0
09:46:56.339 @WAH017 0
09:46:56.339 @WAH018 0
09:46:56.339 @WAH019 0
09:46:56.340 @WAH022 18
09:46:56.340 @idx 4367
09:46:56.341 @WAH010 0
09:46:56.341 @WAH011 0
09:46:56.342 @WAH015 0
09:46:56.342 @WAH016 0
09:46:56.342 @WAH017 0
09:46:56.342 @WAH018 0
09:46:56.342 @WAH019 0
09:46:56.343 @WAH022 18
09:46:56.343 @idx 4321
09:46:56.344 @WAH010 0
09:46:56.344 @WAH011 0
09:46:56.345 @WAH015 0
09:46:56.345 @WAH016 0
09:46:56.345 @WAH017 0
09:46:56.345 @WAH018 0
09:46:56.345 @WAH019 0
09:46:56.345 @WAH022 18
09:46:56.346 @idx 4459
09:46:56.347 @WAH010 0
09:46:56.347 @WAH011 0
09:46:56.347 @WAH015 0
09:46:56.348 @WAH016 0
09:46:56.348 @WAH017 0
09:46:56.348 @WAH018 0
09:46:56.348 @WAH019 0
09:46:56.348 @WAH022 18
09:46:56.349 @idx 4373
09:46:56.350 @WAH010 0
09:46:56.350 @WAH011 0
09:46:56.350 @WAH015 0
09:46:56.351 @WAH016 0
09:46:56.351 @WAH017 0
09:46:56.351 @WAH018 0
09:46:56.351 @WAH019 0
09:46:56.351 @WAH022 18
09:46:56.352 @idx 4353
09:46:56.353 @WAH010 0
09:46:56.354 @WAH011 0
09:46:56.354 @WAH015 0
09:46:56.354 @WAH016 0
09:46:56.354 @WAH017 0
09:46:56.354 @WAH018 0
09:46:56.354 @WAH019 0
09:46:56.355 @WAH022 18
09:46:56.355 @idx 4372
09:46:56.357 @WAH010 0
09:46:56.357 @WAH011 0
09:46:56.357 @WAH015 0
09:46:56.357 @WAH016 0
09:46:56.357 @WAH017 0
09:46:56.358 @WAH018 0
09:46:56.358 @WAH019 0
09:46:56.358 @WAH022 18
09:46:56.358 @idx 4379
09:46:56.360 @WAH010 0
09:46:56.360 @WAH011 0
09:46:56.360 @WAH015 0
09:46:56.360 @WAH016 0
09:46:56.360 @WAH017 0
09:46:56.361 @WAH018 0
09:46:56.361 @WAH019 0
09:46:56.361 @WAH022 18
09:46:56.361 @idx 4452
09:46:56.362 @WAH010 0
09:46:56.363 @WAH011 0
09:46:56.363 @WAH015 0
09:46:56.363 @WAH016 0
09:46:56.363 @WAH017 0
09:46:56.363 @WAH018 0
09:46:56.363 @WAH019 0
09:46:56.364 @WAH022 18
09:46:56.364 @idx 4463
09:46:56.365 @WAH010 0
09:46:56.365 @WAH011 0
09:46:56.365 @WAH015 0
09:46:56.366 @WAH016 0
09:46:56.366 @WAH017 0
09:46:56.366 @WAH018 0
09:46:56.366 @WAH019 0
09:46:56.366 @WAH022 18
09:46:56.366 @idx 4376
09:46:56.368 @WAH010 0
09:46:56.368 @WAH011 0
09:46:56.368 @WAH015 0
09:46:56.368 @WAH016 0
09:46:56.369 @WAH017 0
09:46:56.369 @WAH018 0
09:46:56.369 @WAH019 0
09:46:56.369 @WAH022 18
09:46:56.369 @idx 4319
09:46:56.371 @WAH010 0
09:46:56.371 @WAH011 0
09:46:56.371 @WAH015 0
09:46:56.372 @WAH016 0
09:46:56.372 @WAH017 0
09:46:56.372 @WAH018 0
09:46:56.372 @WAH019 0
09:46:56.372 @WAH022 18
09:46:56.372 @idx 4417
09:46:56.374 @WAH010 0
09:46:56.374 @WAH011 0
09:46:56.374 @WAH015 0
09:46:56.374 @WAH016 0
09:46:56.375 @WAH017 0
09:46:56.375 @WAH018 0
09:46:56.375 @WAH019 0
09:46:56.375 @WAH022 18
09:46:56.375 @idx 4340
09:46:56.377 @WAH010 0
09:46:56.377 @WAH011 0
09:46:56.377 @WAH015 0
09:46:56.378 @WAH016 0
09:46:56.378 @WAH017 0
09:46:56.378 @WAH018 0
09:46:56.378 @WAH019 0
09:46:56.378 @WAH022 18
09:46:56.378 @idx 4422
09:46:56.380 @WAH010 0
09:46:56.380 @WAH011 0
09:46:56.380 @WAH015 0
09:46:56.380 @WAH016 0
09:46:56.380 @WAH017 0
09:46:56.381 @WAH018 0
09:46:56.381 @WAH019 0
09:46:56.381 @WAH022 18
09:46:56.381 @idx 4299
09:46:56.382 @WAH010 0
09:46:56.383 @WAH011 0
09:46:56.383 @WAH015 0
09:46:56.383 @WAH016 0
09:46:56.383 @WAH017 0
09:46:56.383 @WAH018 0
09:46:56.383 @WAH019 0
09:46:56.384 @WAH022 16
09:46:56.384 @idx 4425
09:46:56.385 @WAH010 0
09:46:56.385 @WAH011 0
09:46:56.386 @WAH015 0
09:46:56.386 @WAH016 0
09:46:56.386 @WAH017 0
09:46:56.386 @WAH018 0
09:46:56.386 @WAH019 0
09:46:56.386 @WAH022 16
09:46:56.387 @idx 4444
09:46:56.388 @WAH010 0
09:46:56.388 @WAH011 0
09:46:56.388 @WAH015 0
09:46:56.389 @WAH016 0
09:46:56.389 @WAH017 0
09:46:56.389 @WAH018 0
09:46:56.389 @WAH019 0
09:46:56.389 @WAH022 16
09:46:56.390 @idx 4409
09:46:56.391 @WAH010 0
09:46:56.391 @WAH011 0
09:46:56.391 @WAH015 0
09:46:56.391 @WAH016 0
09:46:56.392 @WAH017 0
09:46:56.392 @WAH018 0
09:46:56.392 @WAH019 0
09:46:56.392 @WAH022 16
09:46:56.392 @idx 4406
09:46:56.394 @WAH010 0
09:46:56.394 @WAH011 0
09:46:56.394 @WAH015 0
09:46:56.394 @WAH016 0
09:46:56.394 @WAH017 0
09:46:56.394 @WAH018 0
09:46:56.395 @WAH019 0
09:46:56.395 @WAH022 16
09:46:56.395 @idx 4438
09:46:56.396 @WAH010 0
09:46:56.397 @WAH011 0
09:46:56.397 @WAH015 0
09:46:56.397 @WAH016 0
09:46:56.397 @WAH017 0
09:46:56.397 @WAH018 0
09:46:56.397 @WAH019 0
09:46:56.398 @WAH022 16
09:46:56.398 @idx 4441
09:46:56.399 @WAH010 0
09:46:56.399 @WAH011 0
09:46:56.400 @WAH015 0
09:46:56.400 @WAH016 0
09:46:56.400 @WAH017 0
09:46:56.400 @WAH018 0
09:46:56.400 @WAH019 0
09:46:56.400 @WAH022 16
09:46:56.401 @idx 4467
09:46:56.402 @WAH010 0
09:46:56.402 @WAH011 0
09:46:56.402 @WAH015 0
09:46:56.403 @WAH016 0
09:46:56.403 @WAH017 0
09:46:56.403 @WAH018 0
09:46:56.403 @WAH019 0
09:46:56.403 @WAH022 16
09:46:56.403 @idx 4392
09:46:56.405 @WAH010 0
09:46:56.405 @WAH011 0
09:46:56.405 @WAH015 0
09:46:56.405 @WAH016 0
09:46:56.405 @WAH017 0
09:46:56.406 @WAH018 0
09:46:56.406 @WAH019 0
09:46:56.406 @WAH022 16
09:46:56.406 @idx 4424
09:46:56.408 @WAH010 0
09:46:56.408 @WAH011 0
09:46:56.408 @WAH015 0
09:46:56.408 @WAH016 0
09:46:56.408 @WAH017 0
09:46:56.409 @WAH018 0
09:46:56.409 @WAH019 0
09:46:56.409 @WAH022 16
09:46:56.409 @idx 4345
09:46:56.411 @WAH010 0
09:46:56.411 @WAH011 0
09:46:56.411 @WAH015 0
09:46:56.412 @WAH016 0
09:46:56.412 @WAH017 0
09:46:56.412 @WAH018 0
09:46:56.412 @WAH019 0
09:46:56.412 @WAH022 16
09:46:56.412 @idx 4446
09:46:56.414 @WAH010 0
09:46:56.414 @WAH011 0
09:46:56.414 @WAH015 0
09:46:56.414 @WAH016 0
09:46:56.415 @WAH017 0
09:46:56.415 @WAH018 0
09:46:56.415 @WAH019 0
09:46:56.415 @WAH022 16
09:46:56.415 @idx 4323
09:46:56.417 @WAH010 0
09:46:56.417 @WAH011 0
09:46:56.417 @WAH015 0
09:46:56.417 @WAH016 0
09:46:56.417 @WAH017 0
09:46:56.418 @WAH018 0
09:46:56.418 @WAH019 0
09:46:56.418 @WAH022 16
09:46:56.418 @idx 4305
09:46:56.420 @WAH010 0
09:46:56.420 @WAH011 0
09:46:56.420 @WAH015 0
09:46:56.420 @WAH016 0
09:46:56.420 @WAH017 0
09:46:56.420 @WAH018 0
09:46:56.421 @WAH019 0
09:46:56.421 @WAH022 16
09:46:56.421 @idx 4338
09:46:56.423 @WAH010 0
09:46:56.423 @WAH011 0
09:46:56.423 @WAH015 0
09:46:56.423 @WAH016 0
09:46:56.423 @WAH017 0
09:46:56.423 @WAH018 0
09:46:56.424 @WAH019 0
09:46:56.424 @WAH022 16
09:46:56.424 @idx 4451
09:46:56.426 @WAH010 0
09:46:56.426 @WAH011 0
09:46:56.426 @WAH015 0
09:46:56.426 @WAH016 0
09:46:56.426 @WAH017 0
09:46:56.426 @WAH018 0
09:46:56.427 @WAH019 0
09:46:56.427 @WAH022 16
09:46:56.427 @idx 4341
09:46:56.428 @WAH010 0
09:46:56.429 @WAH011 0
09:46:56.429 @WAH015 0
09:46:56.429 @WAH016 0
09:46:56.429 @WAH017 0
09:46:56.429 @WAH018 0
09:46:56.429 @WAH019 0
09:46:56.430 @WAH022 15
09:46:56.430 @idx 4344
09:46:56.431 @WAH010 0
09:46:56.432 @WAH011 0
09:46:56.432 @WAH015 0
09:46:56.432 @WAH016 0
09:46:56.432 @WAH017 0
09:46:56.432 @WAH018 0
09:46:56.432 @WAH019 0
09:46:56.433 @WAH022 16
09:46:56.433 @idx 4450
09:46:56.434 @WAH010 0
09:46:56.434 @WAH011 0
09:46:56.435 @WAH015 0
09:46:56.435 @WAH016 0
09:46:56.435 @WAH017 0
09:46:56.435 @WAH018 0
09:46:56.435 @WAH019 0
09:46:56.436 @WAH022 16
09:46:56.436 @idx 4449
09:46:56.437 @WAH010 0
09:46:56.437 @WAH011 0
09:46:56.438 @WAH015 0
09:46:56.438 @WAH016 0
09:46:56.438 @WAH017 0
09:46:56.438 @WAH018 0
09:46:56.438 @WAH019 0
09:46:56.439 @WAH022 16
09:46:56.439 @idx 4420
09:46:56.440 @WAH010 0
09:46:56.440 @WAH011 0
09:46:56.441 @WAH015 0
09:46:56.441 @WAH016 0
09:46:56.441 @WAH017 0
09:46:56.441 @WAH018 0
09:46:56.441 @WAH019 0
09:46:56.442 @WAH022 16
09:46:56.442 @idx 4435
09:46:56.443 @WAH010 0
09:46:56.443 @WAH011 0
09:46:56.443 @WAH015 0
09:46:56.444 @WAH016 0
09:46:56.444 @WAH017 0
09:46:56.444 @WAH018 0
09:46:56.444 @WAH019 0
09:46:56.444 @WAH022 16
09:46:56.445 @idx 4308
09:46:56.446 @WAH010 0
09:46:56.446 @WAH011 0
09:46:56.446 @WAH015 0
09:46:56.446 @WAH016 0
09:46:56.447 @WAH017 0
09:46:56.447 @WAH018 0
09:46:56.447 @WAH019 0
09:46:56.447 @WAH022 16
09:46:56.447 @idx 4480
09:46:56.449 @WAH010 0
09:46:56.449 @WAH011 0
09:46:56.449 @WAH015 0
09:46:56.449 @WAH016 0
09:46:56.450 @WAH017 0
09:46:56.450 @WAH018 0
09:46:56.450 @WAH019 0
09:46:56.450 @WAH022 18
09:46:56.451 @idx 4306
09:46:56.452 @WAH010 0
09:46:56.452 @WAH011 0
09:46:56.452 @WAH015 0
09:46:56.453 @WAH016 0
09:46:56.453 @WAH017 0
09:46:56.453 @WAH018 0
09:46:56.453 @WAH019 0
09:46:56.453 @WAH022 18
09:46:56.453 @idx 4487
09:46:56.455 @WAH010 0
09:46:56.455 @WAH011 0
09:46:56.455 @WAH015 0
09:46:56.455 @WAH016 0
09:46:56.456 @WAH017 0
09:46:56.456 @WAH018 0
09:46:56.456 @WAH019 0
09:46:56.456 @WAH022 18
09:46:56.456 @idx 4394
09:46:56.458 @WAH010 0
09:46:56.458 @WAH011 0
09:46:56.458 @WAH015 0
09:46:56.458 @WAH016 0
09:46:56.458 @WAH017 0
09:46:56.459 @WAH018 0
09:46:56.459 @WAH019 0
09:46:56.459 @WAH022 18
09:46:56.459 @idx 4386
09:46:56.461 @WAH010 0
09:46:56.461 @WAH011 0
09:46:56.461 @WAH015 0
09:46:56.462 @WAH016 0
09:46:56.462 @WAH017 0
09:46:56.462 @WAH018 0
09:46:56.462 @WAH019 0
09:46:56.462 @WAH022 18
09:46:56.462 @idx 4396
09:46:56.464 @WAH010 0
09:46:56.464 @WAH011 0
09:46:56.464 @WAH015 0
09:46:56.464 @WAH016 0
09:46:56.465 @WAH017 0
09:46:56.465 @WAH018 0
09:46:56.465 @WAH019 0
09:46:56.465 @WAH022 18
09:46:56.465 @idx 4423
09:46:56.467 @WAH010 0
09:46:56.467 @WAH011 0
09:46:56.467 @WAH015 0
09:46:56.467 @WAH016 0
09:46:56.467 @WAH017 0
09:46:56.468 @WAH018 0
09:46:56.468 @WAH019 0
09:46:56.468 @WAH022 18
09:46:56.468 @idx 4348
09:46:56.470 @WAH010 0
09:46:56.470 @WAH011 0
09:46:56.470 @WAH015 0
09:46:56.470 @WAH016 0
09:46:56.470 @WAH017 0
09:46:56.471 @WAH018 0
09:46:56.471 @WAH019 0
09:46:56.471 @WAH022 18
09:46:56.471 @idx 4388
09:46:56.472 @WAH010 0
09:46:56.473 @WAH011 0
09:46:56.473 @WAH015 0
09:46:56.473 @WAH016 0
09:46:56.473 @WAH017 0
09:46:56.473 @WAH018 0
09:46:56.474 @WAH019 0
09:46:56.474 @WAH022 18
09:46:56.474 @idx 4329
09:46:56.475 @WAH010 0
09:46:56.476 @WAH011 0
09:46:56.476 @WAH015 0
09:46:56.476 @WAH016 0
09:46:56.476 @WAH017 0
09:46:56.477 @WAH018 0
09:46:56.477 @WAH019 0
09:46:56.477 @WAH022 18
09:46:56.477 @idx 4298
09:46:56.479 @WAH010 0
09:46:56.479 @WAH011 0
09:46:56.479 @WAH015 0
09:46:56.479 @WAH016 0
09:46:56.479 @WAH017 0
09:46:56.479 @WAH018 0
09:46:56.480 @WAH019 0
09:46:56.480 @WAH022 18
09:46:56.480 @idx 4327
09:46:56.481 @WAH010 0
09:46:56.481 @WAH011 0
09:46:56.482 @WAH015 0
09:46:56.482 @WAH016 0
09:46:56.482 @WAH017 0
09:46:56.482 @WAH018 0
09:46:56.482 @WAH019 0
09:46:56.482 @WAH022 18
09:46:56.483 @idx 4473
09:46:56.484 @WAH010 0
09:46:56.484 @WAH011 0
09:46:56.484 @WAH015 0
09:46:56.485 @WAH016 0
09:46:56.485 @WAH017 0
09:46:56.485 @WAH018 0
09:46:56.485 @WAH019 0
09:46:56.485 @WAH022 18
09:46:56.485 @idx 4358
09:46:56.487 @WAH010 0
09:46:56.487 @WAH011 0
09:46:56.487 @WAH015 0
09:46:56.487 @WAH016 0
09:46:56.488 @WAH017 0
09:46:56.488 @WAH018 0
09:46:56.488 @WAH019 0
09:46:56.488 @WAH022 18
09:46:56.488 @idx 4357
09:46:56.490 @WAH010 0
09:46:56.491 @WAH011 0
09:46:56.491 @WAH015 0
09:46:56.491 @WAH016 0
09:46:56.491 @WAH017 0
09:46:56.491 @WAH018 0
09:46:56.492 @WAH019 0
09:46:56.492 @WAH022 18
09:46:56.492 @idx 4393
09:46:56.493 @WAH010 0
09:46:56.494 @WAH011 0
09:46:56.494 @WAH015 0
09:46:56.494 @WAH016 0
09:46:56.494 @WAH017 0
09:46:56.494 @WAH018 0
09:46:56.494 @WAH019 0
09:46:56.495 @WAH022 18
09:46:56.495 @idx 4414
09:46:56.496 @WAH010 0
09:46:56.496 @WAH011 0
09:46:56.497 @WAH015 0
09:46:56.497 @WAH016 0
09:46:56.497 @WAH017 0
09:46:56.497 @WAH018 0
09:46:56.497 @WAH019 0
09:46:56.498 @WAH022 18
09:46:56.498 @idx 4336
09:46:56.499 @WAH010 0
09:46:56.499 @WAH011 0
09:46:56.500 @WAH015 0
09:46:56.500 @WAH016 0
09:46:56.500 @WAH017 0
09:46:56.500 @WAH018 0
09:46:56.500 @WAH019 0
09:46:56.501 @WAH022 18
09:46:56.501 @idx 4464
09:46:56.502 @WAH010 0
09:46:56.503 @WAH011 0
09:46:56.503 @WAH015 0
09:46:56.503 @WAH016 0
09:46:56.503 @WAH017 0
09:46:56.503 @WAH018 0
09:46:56.503 @WAH019 0
09:46:56.504 @WAH022 18
09:46:56.504 @idx 4389
09:46:56.505 @WAH010 0
09:46:56.506 @WAH011 0
09:46:56.506 @WAH015 0
09:46:56.506 @WAH016 0
09:46:56.506 @WAH017 0
09:46:56.506 @WAH018 0
09:46:56.506 @WAH019 0
09:46:56.507 @WAH022 18
09:46:56.507 @idx 4297
09:46:56.509 @WAH010 0
09:46:56.509 @WAH011 0
09:46:56.509 @WAH015 0
09:46:56.509 @WAH016 0
09:46:56.510 @WAH017 0
09:46:56.510 @WAH018 0
09:46:56.510 @WAH019 0
09:46:56.510 @WAH022 18
09:46:56.510 @idx 4352
09:46:56.512 @WAH010 0
09:46:56.513 @WAH011 0
09:46:56.513 @WAH015 0
09:46:56.513 @WAH016 0
09:46:56.513 @WAH017 0
09:46:56.513 @WAH018 0
09:46:56.514 @WAH019 0
09:46:56.514 @WAH022 18
09:46:56.514 @idx 4339
09:46:56.515 @WAH010 0
09:46:56.516 @WAH011 0
09:46:56.516 @WAH015 0
09:46:56.516 @WAH016 0
09:46:56.516 @WAH017 0
09:46:56.516 @WAH018 0
09:46:56.517 @WAH019 0
09:46:56.517 @WAH022 18
09:46:56.517 @idx 4398
09:46:56.518 @WAH010 0
09:46:56.518 @WAH011 0
09:46:56.519 @WAH015 0
09:46:56.519 @WAH016 0
09:46:56.519 @WAH017 0
09:46:56.519 @WAH018 0
09:46:56.519 @WAH019 0
09:46:56.520 @WAH022 16
09:46:56.520 @idx 4332
09:46:56.521 @WAH010 0
09:46:56.521 @WAH011 0
09:46:56.521 @WAH015 0
09:46:56.522 @WAH016 0
09:46:56.522 @WAH017 0
09:46:56.522 @WAH018 0
09:46:56.522 @WAH019 0
09:46:56.522 @WAH022 16
09:46:56.522 @idx 4320
09:46:56.524 @WAH010 0
09:46:56.524 @WAH011 0
09:46:56.524 @WAH015 0
09:46:56.524 @WAH016 0
09:46:56.525 @WAH017 0
09:46:56.525 @WAH018 0
09:46:56.525 @WAH019 0
09:46:56.525 @WAH022 16
09:46:56.525 @idx 4469
09:46:56.527 @WAH010 0
09:46:56.527 @WAH011 0
09:46:56.527 @WAH015 0
09:46:56.527 @WAH016 0
09:46:56.527 @WAH017 0
09:46:56.528 @WAH018 0
09:46:56.528 @WAH019 0
09:46:56.528 @WAH022 16
09:46:56.528 @idx 4413
09:46:56.529 @WAH010 0
09:46:56.530 @WAH011 0
09:46:56.530 @WAH015 0
09:46:56.530 @WAH016 0
09:46:56.530 @WAH017 0
09:46:56.530 @WAH018 0
09:46:56.531 @WAH019 0
09:46:56.531 @WAH022 16
09:46:56.531 @idx 4427
09:46:56.533 @WAH010 0
09:46:56.533 @WAH011 0
09:46:56.533 @WAH015 0
09:46:56.533 @WAH016 0
09:46:56.534 @WAH017 0
09:46:56.534 @WAH018 0
09:46:56.534 @WAH019 0
09:46:56.534 @WAH022 16
09:46:56.534 @idx 4311
09:46:56.536 @WAH010 0
09:46:56.536 @WAH011 0
09:46:56.536 @WAH015 0
09:46:56.536 @WAH016 0
09:46:56.537 @WAH017 0
09:46:56.537 @WAH018 0
09:46:56.537 @WAH019 0
09:46:56.537 @WAH022 16
09:46:56.537 @idx 4317
09:46:56.539 @WAH010 0
09:46:56.539 @WAH011 0
09:46:56.539 @WAH015 0
09:46:56.539 @WAH016 0
09:46:56.539 @WAH017 0
09:46:56.540 @WAH018 0
09:46:56.540 @WAH019 0
09:46:56.540 @WAH022 16
09:46:56.540 @idx 4312
09:46:56.541 @WAH010 0
09:46:56.542 @WAH011 0
09:46:56.542 @WAH015 0
09:46:56.542 @WAH016 0
09:46:56.542 @WAH017 0
09:46:56.542 @WAH018 0
09:46:56.542 @WAH019 0
09:46:56.543 @WAH022 16
09:46:56.543 @idx 4302
09:46:56.544 @WAH010 0
09:46:56.544 @WAH011 0
09:46:56.544 @WAH015 0
09:46:56.545 @WAH016 0
09:46:56.545 @WAH017 0
09:46:56.545 @WAH018 0
09:46:56.545 @WAH019 0
09:46:56.545 @WAH022 16
09:46:56.545 @idx 4475
09:46:56.547 @WAH010 0
09:46:56.547 @WAH011 0
09:46:56.547 @WAH015 0
09:46:56.547 @WAH016 0
09:46:56.548 @WAH017 0
09:46:56.548 @WAH018 0
09:46:56.548 @WAH019 0
09:46:56.548 @WAH022 16
09:46:56.548 @idx 4387
09:46:56.550 @WAH010 0
09:46:56.550 @WAH011 0
09:46:56.550 @WAH015 0
09:46:56.550 @WAH016 0
09:46:56.551 @WAH017 0
09:46:56.551 @WAH018 0
09:46:56.551 @WAH019 0
09:46:56.551 @WAH022 16
09:46:56.551 @idx 4429
09:46:56.553 @WAH010 0
09:46:56.553 @WAH011 0
09:46:56.553 @WAH015 0
09:46:56.554 @WAH016 0
09:46:56.554 @WAH017 0
09:46:56.554 @WAH018 0
09:46:56.554 @WAH019 0
09:46:56.554 @WAH022 16
09:46:56.555 @idx 4385
09:46:56.556 @WAH010 0
09:46:56.556 @WAH011 0
09:46:56.556 @WAH015 0
09:46:56.557 @WAH016 0
09:46:56.557 @WAH017 0
09:46:56.557 @WAH018 0
09:46:56.557 @WAH019 0
09:46:56.557 @WAH022 16
09:46:56.557 @idx 4401
09:46:56.559 @WAH010 0
09:46:56.559 @WAH011 0
09:46:56.559 @WAH015 0
09:46:56.559 @WAH016 0
09:46:56.560 @WAH017 0
09:46:56.560 @WAH018 0
09:46:56.560 @WAH019 0
09:46:56.560 @WAH022 16
09:46:56.560 @idx 4402
09:46:56.562 @WAH010 0
09:46:56.562 @WAH011 0
09:46:56.562 @WAH015 0
09:46:56.562 @WAH016 0
09:46:56.563 @WAH017 0
09:46:56.563 @WAH018 0
09:46:56.563 @WAH019 0
09:46:56.563 @WAH022 16
09:46:56.563 @idx 4380
09:46:56.565 @WAH010 0
09:46:56.565 @WAH011 0
09:46:56.565 @WAH015 0
09:46:56.566 @WAH016 0
09:46:56.566 @WAH017 0
09:46:56.566 @WAH018 0
09:46:56.566 @WAH019 0
09:46:56.566 @WAH022 16
09:46:56.567 @idx 4314
09:46:56.568 @WAH010 0
09:46:56.569 @WAH011 0
09:46:56.569 @WAH015 0
09:46:56.569 @WAH016 0
09:46:56.569 @WAH017 0
09:46:56.569 @WAH018 0
09:46:56.569 @WAH019 0
09:46:56.570 @WAH022 16
09:46:56.570 @idx 4437
09:46:56.571 @WAH010 0
09:46:56.571 @WAH011 0
09:46:56.572 @WAH015 0
09:46:56.572 @WAH016 0
09:46:56.572 @WAH017 0
09:46:56.572 @WAH018 0
09:46:56.573 @WAH019 0
09:46:56.573 @WAH022 16
09:46:56.573 @idx 4309
09:46:56.574 @WAH010 0
09:46:56.575 @WAH011 0
09:46:56.575 @WAH015 0
09:46:56.575 @WAH016 0
09:46:56.575 @WAH017 0
09:46:56.575 @WAH018 0
09:46:56.576 @WAH019 0
09:46:56.576 @WAH022 16
09:46:56.576 @idx 4368
09:46:56.577 @WAH010 0
09:46:56.578 @WAH011 0
09:46:56.578 @WAH015 0
09:46:56.578 @WAH016 0
09:46:56.578 @WAH017 0
09:46:56.579 @WAH018 0
09:46:56.579 @WAH019 0
09:46:56.579 @WAH022 16
09:46:56.579 @idx 4399
09:46:56.580 @WAH010 0
09:46:56.581 @WAH011 0
09:46:56.581 @WAH015 0
09:46:56.581 @WAH016 0
09:46:56.581 @WAH017 0
09:46:56.581 @WAH018 0
09:46:56.582 @WAH019 0
09:46:56.582 @WAH022 16
09:46:56.582 @idx 4415
09:46:56.583 @WAH010 0
09:46:56.583 @WAH011 0
09:46:56.584 @WAH015 0
09:46:56.584 @WAH016 0
09:46:56.584 @WAH017 0
09:46:56.584 @WAH018 0
09:46:56.584 @WAH019 0
09:46:56.585 @WAH022 14
09:46:56.585 @idx 4477
09:46:56.586 @WAH010 0
09:46:56.586 @WAH011 0
09:46:56.586 @WAH015 0
09:46:56.586 @WAH016 0
09:46:56.587 @WAH017 0
09:46:56.587 @WAH018 0
09:46:56.587 @WAH019 0
09:46:56.587 @WAH022 14
09:46:56.587 @idx 4481
09:46:56.589 @WAH010 0
09:46:56.589 @WAH011 0
09:46:56.589 @WAH015 0
09:46:56.589 @WAH016 0
09:46:56.589 @WAH017 0
09:46:56.590 @WAH018 0
09:46:56.590 @WAH019 0
09:46:56.590 @WAH022 14
09:46:56.590 @idx 4440
09:46:56.591 @WAH010 0
09:46:56.592 @WAH011 0
09:46:56.592 @WAH015 0
09:46:56.592 @WAH016 0
09:46:56.592 @WAH017 0
09:46:56.592 @WAH018 0
09:46:56.593 @WAH019 0
09:46:56.593 @WAH022 14
09:46:56.593 @idx 4307
09:46:56.594 @WAH010 0
09:46:56.594 @WAH011 0
09:46:56.595 @WAH015 0
09:46:56.595 @WAH016 0
09:46:56.595 @WAH017 0
09:46:56.595 @WAH018 0
09:46:56.595 @WAH019 0
09:46:56.595 @WAH022 14
09:46:56.596 @idx 4383
09:46:56.597 @WAH010 0
09:46:56.597 @WAH011 0
09:46:56.597 @WAH015 0
09:46:56.597 @WAH016 0
09:46:56.598 @WAH017 0
09:46:56.598 @WAH018 0
09:46:56.598 @WAH019 0
09:46:56.598 @WAH022 15
09:46:56.598 @idx 4457
09:46:56.600 @WAH010 0
09:46:56.600 @WAH011 0
09:46:56.600 @WAH015 0
09:46:56.600 @WAH016 0
09:46:56.600 @WAH017 0
09:46:56.601 @WAH018 0
09:46:56.601 @WAH019 0
09:46:56.601 @WAH022 15
09:46:56.601 @idx 4471
09:46:56.602 @WAH010 0
09:46:56.603 @WAH011 0
09:46:56.603 @WAH015 0
09:46:56.603 @WAH016 0
09:46:56.603 @WAH017 0
09:46:56.603 @WAH018 0
09:46:56.604 @WAH019 0
09:46:56.604 @WAH022 15
09:46:56.604 @idx 4325
09:46:56.605 @WAH010 0
09:46:56.605 @WAH011 0
09:46:56.606 @WAH015 0
09:46:56.606 @WAH016 0
09:46:56.606 @WAH017 0
09:46:56.606 @WAH018 0
09:46:56.606 @WAH019 0
09:46:56.606 @WAH022 16
09:46:56.607 @idx 4361
09:46:56.608 @WAH010 0
09:46:56.608 @WAH011 0
09:46:56.608 @WAH015 0
09:46:56.609 @WAH016 0
09:46:56.609 @WAH017 0
09:46:56.609 @WAH018 0
09:46:56.609 @WAH019 0
09:46:56.609 @WAH022 15
09:46:56.609 @idx 4458
09:46:56.611 @WAH010 0
09:46:56.611 @WAH011 0
09:46:56.612 @WAH015 0
09:46:56.612 @WAH016 0
09:46:56.612 @WAH017 0
09:46:56.612 @WAH018 0
09:46:56.612 @WAH019 0
09:46:56.613 @WAH022 16
09:46:56.613 @idx 4482
10:01:23.931 @EMP002 系统管理员
10:01:23.931 @EMP033 9af7f2b45fff5ca168dd7081681fadd
10:03:59.013 @ANW001 Z20190218001
10:03:59.014 @ANW010 0507
10:03:59.014 @ANW011 总装车间
10:03:59.014 @ANW012 050701
10:03:59.014 @ANW013 1线
10:03:59.014 @ANW014 计件
10:03:59.015 @ANW015 2019/2/18 8:00:00
10:03:59.015 @ANW016 2019/2/18 17:00:00
10:03:59.015 @ANW017 
10:03:59.015 @ANW018 
10:03:59.015 @ANW019 
10:03:59.015 @ANW020 False
10:03:59.016 @ANW021 False
10:03:59.016 @ANW022 2019/2/18 0:00:00
10:03:59.016 @ANW023 0
10:03:59.016 @ANW024 0
10:03:59.016 @ANW025 系统管理员
10:03:59.016 @ANW026 0
10:03:59.017 @ANW027 0
10:03:59.035 @ANX001 Z20190218001
10:03:59.035 @ANX002 10116
10:03:59.035 @ANX003 刘兴贵
10:03:59.036 @ANX004 装配工
10:03:59.036 @ANX005 2019/2/18 8:00:00
10:03:59.036 @ANX006 2019/2/18 17:00:00
10:03:59.036 @ANX007 
10:03:59.036 @ANX008 
10:03:59.037 @ANX009 0
10:03:59.037 @ANX010 0
10:03:59.037 @ANX011 请假
10:03:59.037 @ANX012 
10:03:59.037 @ANX013 
10:03:59.037 @ANX014 1线
10:03:59.038 @ANX015 9
10:03:59.038 @ANX016 0
10:03:59.038 @ANX017 0
10:03:59.038 @ANX018 
10:03:59.043 @ANX001 Z20190218001
10:03:59.044 @ANX002 10117
10:03:59.044 @ANX003 赵成鹏
10:03:59.044 @ANX004 装配工
10:03:59.044 @ANX005 2019/2/18 8:00:00
10:03:59.044 @ANX006 2019/2/18 17:00:00
10:03:59.044 @ANX007 
10:03:59.045 @ANX008 
10:03:59.045 @ANX009 0
10:03:59.045 @ANX010 0
10:03:59.045 @ANX011 在职
10:03:59.045 @ANX012 
10:03:59.046 @ANX013 
10:03:59.046 @ANX014 1线
10:03:59.046 @ANX015 9
10:03:59.046 @ANX016 0
10:03:59.046 @ANX017 13.36
10:03:59.047 @ANX018 
10:03:59.050 @ANX001 Z20190218001
10:03:59.050 @ANX002 10118
10:03:59.050 @ANX003 何万华
10:03:59.050 @ANX004 装配工
10:03:59.050 @ANX005 2019/2/18 8:00:00
10:03:59.050 @ANX006 2019/2/18 17:00:00
10:03:59.050 @ANX007 
10:03:59.051 @ANX008 
10:03:59.051 @ANX009 0
10:03:59.051 @ANX010 0
10:03:59.051 @ANX011 在职
10:03:59.051 @ANX012 
10:03:59.051 @ANX013 
10:03:59.051 @ANX014 1线
10:03:59.051 @ANX015 9
10:03:59.052 @ANX016 0
10:03:59.052 @ANX017 13.36
10:03:59.052 @ANX018 
10:03:59.053 @ANX001 Z20190218001
10:03:59.054 @ANX002 10120
10:03:59.054 @ANX003 马小千
10:03:59.054 @ANX004 检测
10:03:59.054 @ANX005 2019/2/18 8:00:00
10:03:59.054 @ANX006 2019/2/18 17:00:00
10:03:59.055 @ANX007 
10:03:59.055 @ANX008 
10:03:59.055 @ANX009 0
10:03:59.055 @ANX010 0
10:03:59.055 @ANX011 在职
10:03:59.055 @ANX012 
10:03:59.056 @ANX013 检测
10:03:59.056 @ANX014 1线
10:03:59.056 @ANX015 9
10:03:59.056 @ANX016 0
10:03:59.056 @ANX017 13.36
10:03:59.056 @ANX018 
10:03:59.061 @ANX001 Z20190218001
10:03:59.061 @ANX002 10121
10:03:59.061 @ANX003 周顺
10:03:59.061 @ANX004 装配工
10:03:59.062 @ANX005 2019/2/18 8:00:00
10:03:59.062 @ANX006 2019/2/18 17:00:00
10:03:59.062 @ANX007 
10:03:59.062 @ANX008 
10:03:59.062 @ANX009 0
10:03:59.063 @ANX010 0
10:03:59.063 @ANX011 在职
10:03:59.063 @ANX012 
10:03:59.063 @ANX013 
10:03:59.063 @ANX014 1线
10:03:59.063 @ANX015 9
10:03:59.064 @ANX016 0
10:03:59.064 @ANX017 13.36
10:03:59.064 @ANX018 
10:03:59.066 @ANX001 Z20190218001
10:03:59.066 @ANX002 10122
10:03:59.066 @ANX003 郭昭芬
10:03:59.066 @ANX004 装配工
10:03:59.067 @ANX005 2019/2/18 8:00:00
10:03:59.067 @ANX006 2019/2/18 17:00:00
10:03:59.067 @ANX007 
10:03:59.067 @ANX008 
10:03:59.067 @ANX009 0
10:03:59.067 @ANX010 0
10:03:59.067 @ANX011 在职
10:03:59.068 @ANX012 
10:03:59.068 @ANX013 
10:03:59.068 @ANX014 1线
10:03:59.068 @ANX015 9
10:03:59.068 @ANX016 0
10:03:59.068 @ANX017 13.36
10:03:59.068 @ANX018 
10:03:59.071 @ANX001 Z20190218001
10:03:59.071 @ANX002 10123
10:03:59.071 @ANX003 吴张英
10:03:59.071 @ANX004 装配工
10:03:59.072 @ANX005 2019/2/18 8:00:00
10:03:59.072 @ANX006 2019/2/18 17:00:00
10:03:59.072 @ANX007 
10:03:59.072 @ANX008 
10:03:59.072 @ANX009 0
10:03:59.072 @ANX010 0
10:03:59.073 @ANX011 在职
10:03:59.073 @ANX012 
10:03:59.073 @ANX013 
10:03:59.073 @ANX014 1线
10:03:59.073 @ANX015 9
10:03:59.074 @ANX016 0
10:03:59.074 @ANX017 13.36
10:03:59.074 @ANX018 
10:03:59.076 @ANX001 Z20190218001
10:03:59.076 @ANX002 10125
10:03:59.076 @ANX003 代开容
10:03:59.076 @ANX004 装配工
10:03:59.076 @ANX005 2019/2/18 8:00:00
10:03:59.077 @ANX006 2019/2/18 17:00:00
10:03:59.077 @ANX007 
10:03:59.077 @ANX008 
10:03:59.077 @ANX009 0
10:03:59.077 @ANX010 0
10:03:59.078 @ANX011 在职
10:03:59.078 @ANX012 
10:03:59.078 @ANX013 
10:03:59.078 @ANX014 1线
10:03:59.078 @ANX015 9
10:03:59.078 @ANX016 0
10:03:59.079 @ANX017 13.36
10:03:59.079 @ANX018 
10:03:59.081 @ANX001 Z20190218001
10:03:59.081 @ANX002 10126
10:03:59.081 @ANX003 朱正高
10:03:59.081 @ANX004 装配工
10:03:59.081 @ANX005 2019/2/18 8:00:00
10:03:59.082 @ANX006 2019/2/18 17:00:00
10:03:59.082 @ANX007 
10:03:59.082 @ANX008 
10:03:59.082 @ANX009 0
10:03:59.082 @ANX010 0
10:03:59.083 @ANX011 在职
10:03:59.083 @ANX012 
10:03:59.083 @ANX013 
10:03:59.083 @ANX014 1线
10:03:59.083 @ANX015 9
10:03:59.084 @ANX016 0
10:03:59.084 @ANX017 13.36
10:03:59.084 @ANX018 
10:03:59.085 @ANX001 Z20190218001
10:03:59.085 @ANX002 10127
10:03:59.086 @ANX003 卿廷群
10:03:59.086 @ANX004 装配工
10:03:59.086 @ANX005 2019/2/18 8:00:00
10:03:59.086 @ANX006 2019/2/18 17:00:00
10:03:59.086 @ANX007 
10:03:59.087 @ANX008 
10:03:59.087 @ANX009 0
10:03:59.087 @ANX010 0
10:03:59.087 @ANX011 在职
10:03:59.087 @ANX012 
10:03:59.087 @ANX013 
10:03:59.088 @ANX014 1线
10:03:59.088 @ANX015 9
10:03:59.088 @ANX016 0
10:03:59.088 @ANX017 13.36
10:03:59.088 @ANX018 
10:03:59.090 @ANX001 Z20190218001
10:03:59.091 @ANX002 10130
10:03:59.091 @ANX003 张义兵
10:03:59.091 @ANX004 装配工
10:03:59.091 @ANX005 2019/2/18 8:00:00
10:03:59.091 @ANX006 2019/2/18 17:00:00
10:03:59.091 @ANX007 
10:03:59.092 @ANX008 
10:03:59.092 @ANX009 0
10:03:59.092 @ANX010 0
10:03:59.092 @ANX011 在职
10:03:59.092 @ANX012 
10:03:59.093 @ANX013 
10:03:59.093 @ANX014 1线
10:03:59.093 @ANX015 9
10:03:59.093 @ANX016 0
10:03:59.093 @ANX017 13.36
10:03:59.094 @ANX018 
10:03:59.095 @ANX001 Z20190218001
10:03:59.095 @ANX002 10134
10:03:59.095 @ANX003 邹永操
10:03:59.096 @ANX004 装配工
10:03:59.096 @ANX005 2019/2/18 8:00:00
10:03:59.097 @ANX006 2019/2/18 17:00:00
10:03:59.098 @ANX007 
10:03:59.098 @ANX008 
10:03:59.098 @ANX009 0
10:03:59.098 @ANX010 0
10:03:59.098 @ANX011 在职
10:03:59.099 @ANX012 
10:03:59.099 @ANX013 
10:03:59.099 @ANX014 1线
10:03:59.099 @ANX015 9
10:03:59.099 @ANX016 0
10:03:59.100 @ANX017 13.36
10:03:59.100 @ANX018 
10:03:59.102 @ANX001 Z20190218001
10:03:59.102 @ANX002 10135
10:03:59.102 @ANX003 陈广春
10:03:59.102 @ANX004 装配工
10:03:59.102 @ANX005 2019/2/18 8:00:00
10:03:59.103 @ANX006 2019/2/18 17:00:00
10:03:59.103 @ANX007 
10:03:59.103 @ANX008 
10:03:59.103 @ANX009 0
10:03:59.103 @ANX010 0
10:03:59.103 @ANX011 在职
10:03:59.104 @ANX012 
10:03:59.104 @ANX013 
10:03:59.104 @ANX014 1线
10:03:59.104 @ANX015 9
10:03:59.104 @ANX016 0
10:03:59.105 @ANX017 13.36
10:03:59.105 @ANX018 
10:03:59.106 @ANX001 Z20190218001
10:03:59.107 @ANX002 10137
10:03:59.107 @ANX003 占利
10:03:59.107 @ANX004 装配工
10:03:59.107 @ANX005 2019/2/18 8:00:00
10:03:59.107 @ANX006 2019/2/18 17:00:00
10:03:59.107 @ANX007 
10:03:59.108 @ANX008 
10:03:59.108 @ANX009 0
10:03:59.108 @ANX010 0
10:03:59.108 @ANX011 在职
10:03:59.108 @ANX012 
10:03:59.109 @ANX013 
10:03:59.109 @ANX014 1线
10:03:59.109 @ANX015 9
10:03:59.109 @ANX016 0
10:03:59.109 @ANX017 13.36
10:03:59.110 @ANX018 
10:03:59.111 @ANX001 Z20190218001
10:03:59.111 @ANX002 10138
10:03:59.111 @ANX003 王绍琴
10:03:59.111 @ANX004 装配工
10:03:59.112 @ANX005 2019/2/18 8:00:00
10:03:59.112 @ANX006 2019/2/18 17:00:00
10:03:59.112 @ANX007 
10:03:59.112 @ANX008 
10:03:59.112 @ANX009 0
10:03:59.112 @ANX010 0
10:03:59.112 @ANX011 在职
10:03:59.112 @ANX012 
10:03:59.113 @ANX013 
10:03:59.113 @ANX014 1线
10:03:59.113 @ANX015 9
10:03:59.113 @ANX016 0
10:03:59.113 @ANX017 13.36
10:03:59.113 @ANX018 
10:03:59.115 @ANX001 Z20190218001
10:03:59.115 @ANX002 10139
10:03:59.115 @ANX003 唐录云
10:03:59.116 @ANX004 装配工
10:03:59.116 @ANX005 2019/2/18 8:00:00
10:03:59.116 @ANX006 2019/2/18 17:00:00
10:03:59.116 @ANX007 
10:03:59.116 @ANX008 
10:03:59.116 @ANX009 0
10:03:59.116 @ANX010 0
10:03:59.116 @ANX011 在职
10:03:59.116 @ANX012 
10:03:59.117 @ANX013 
10:03:59.117 @ANX014 1线
10:03:59.117 @ANX015 9
10:03:59.117 @ANX016 0
10:03:59.117 @ANX017 13.36
10:03:59.117 @ANX018 
10:03:59.119 @ANX001 Z20190218001
10:03:59.119 @ANX002 10141
10:03:59.119 @ANX003 付志林
10:03:59.119 @ANX004 装配工
10:03:59.119 @ANX005 2019/2/18 8:00:00
10:03:59.120 @ANX006 2019/2/18 17:00:00
10:03:59.120 @ANX007 
10:03:59.120 @ANX008 
10:03:59.120 @ANX009 0
10:03:59.120 @ANX010 0
10:03:59.120 @ANX011 在职
10:03:59.120 @ANX012 
10:03:59.121 @ANX013 
10:03:59.121 @ANX014 1线
10:03:59.121 @ANX015 9
10:03:59.121 @ANX016 0
10:03:59.121 @ANX017 13.36
10:03:59.121 @ANX018 
10:03:59.123 @ANN001 Z20190218001
10:03:59.123 @ANN002 GD201901020004
10:03:59.123 @ANN003 H-Q30
10:03:59.124 @ANN004 H-Q30-单风暖
10:03:59.124 @ANN005 
10:03:59.124 @ANN006 台
10:03:59.124 @ANN007 396
10:03:59.124 @ANN008 2.5
10:03:59.124 @ANN009 90
10:03:59.125 @ANN010 
10:07:41.563 @ANW010 0507
10:07:41.563 @ANW011 总装车间
10:07:41.564 @ANW012 050701
10:07:41.564 @ANW013 1线
10:07:41.564 @ANW014 计时
10:07:41.564 @ANW015 2019/2/18 8:00:00
10:07:41.564 @ANW016 2019/2/18 17:00:00
10:07:41.564 @ANW017 
10:07:41.565 @ANW018 
10:07:41.565 @ANW019 
10:07:41.565 @ANW020 False
10:07:41.565 @ANW021 False
10:07:41.565 @ANW001 Z20190218001
10:07:41.566 @ANW023 0
10:07:41.566 @ANW024 0
10:07:41.566 @ANW026 0
10:07:41.566 @ANW027 0
10:07:41.575 @ANX003 刘兴贵
10:07:41.575 @ANX004 装配工
10:07:41.576 @ANX005 
10:07:41.576 @ANX006 
10:07:41.576 @ANX007 2019/2/18 0:00:00
10:07:41.576 @ANX008 2019/2/18 2:00:00
10:07:41.576 @ANX009 8
10:07:41.577 @ANX010 0
10:07:41.577 @ANX011 请假
10:07:41.577 @ANX012 
10:07:41.577 @idx 1948
10:07:41.577 @ANX002 10116
10:07:41.578 @ANX013 
10:07:41.578 @ANX014 1线
10:07:41.578 @ANX015 0
10:07:41.578 @ANX016 2
10:07:41.578 @ANX017 0
10:07:41.578 @ANX018 100
10:07:41.586 @ANX003 赵成鹏
10:07:41.586 @ANX004 装配工
10:07:41.586 @ANX005 
10:07:41.587 @ANX006 
10:07:41.587 @ANX007 2019/2/18 8:00:00
10:07:41.587 @ANX008 2019/2/18 17:00:00
10:07:41.587 @ANX009 8
10:07:41.587 @ANX010 0
10:07:41.588 @ANX011 在职
10:07:41.588 @ANX012 
10:07:41.590 @idx 1949
10:07:41.590 @ANX002 10117
10:07:41.590 @ANX013 
10:07:41.590 @ANX014 1线
10:07:41.590 @ANX015 0
10:07:41.591 @ANX016 9
10:07:41.591 @ANX017 72
10:07:41.591 @ANX018 100
10:07:41.601 @ANX003 何万华
10:07:41.601 @ANX004 装配工
10:07:41.601 @ANX005 
10:07:41.601 @ANX006 
10:07:41.602 @ANX007 2019/2/18 8:00:00
10:07:41.602 @ANX008 2019/2/18 17:00:00
10:07:41.602 @ANX009 8
10:07:41.602 @ANX010 0
10:07:41.602 @ANX011 在职
10:07:41.603 @ANX012 
10:07:41.603 @idx 1950
10:07:41.603 @ANX002 10118
10:07:41.603 @ANX013 
10:07:41.603 @ANX014 1线
10:07:41.604 @ANX015 0
10:07:41.604 @ANX016 9
10:07:41.604 @ANX017 72
10:07:41.604 @ANX018 
10:07:41.611 @ANX003 马小千
10:07:41.611 @ANX004 检测
10:07:41.611 @ANX005 
10:07:41.611 @ANX006 
10:07:41.611 @ANX007 2019/2/18 8:00:00
10:07:41.612 @ANX008 2019/2/18 17:00:00
10:07:41.612 @ANX009 8
10:07:41.612 @ANX010 0
10:07:41.612 @ANX011 在职
10:07:41.613 @ANX012 
10:07:41.613 @idx 1951
10:07:41.613 @ANX002 10120
10:07:41.613 @ANX013 检测
10:07:41.613 @ANX014 1线
10:07:41.614 @ANX015 0
10:07:41.614 @ANX016 9
10:07:41.614 @ANX017 72
10:07:41.614 @ANX018 
10:07:41.617 @ANX003 周顺
10:07:41.617 @ANX004 装配工
10:07:41.617 @ANX005 
10:07:41.617 @ANX006 
10:07:41.618 @ANX007 2019/2/18 8:00:00
10:07:41.618 @ANX008 2019/2/18 17:00:00
10:07:41.618 @ANX009 8
10:07:41.618 @ANX010 0
10:07:41.618 @ANX011 在职
10:07:41.619 @ANX012 
10:07:41.619 @idx 1952
10:07:41.619 @ANX002 10121
10:07:41.619 @ANX013 
10:07:41.619 @ANX014 1线
10:07:41.619 @ANX015 0
10:07:41.620 @ANX016 9
10:07:41.620 @ANX017 72
10:07:41.620 @ANX018 
10:07:41.624 @ANX003 郭昭芬
10:07:41.625 @ANX004 装配工
10:07:41.625 @ANX005 
10:07:41.625 @ANX006 
10:07:41.625 @ANX007 2019/2/18 8:00:00
10:07:41.625 @ANX008 2019/2/18 17:00:00
10:07:41.626 @ANX009 8
10:07:41.626 @ANX010 0
10:07:41.626 @ANX011 在职
10:07:41.626 @ANX012 
10:07:41.626 @idx 1953
10:07:41.627 @ANX002 10122
10:07:41.627 @ANX013 
10:07:41.627 @ANX014 1线
10:07:41.627 @ANX015 0
10:07:41.627 @ANX016 9
10:07:41.628 @ANX017 72
10:07:41.628 @ANX018 
10:07:41.630 @ANX003 吴张英
10:07:41.631 @ANX004 装配工
10:07:41.631 @ANX005 
10:07:41.631 @ANX006 
10:07:41.631 @ANX007 2019/2/18 8:00:00
10:07:41.632 @ANX008 2019/2/18 17:00:00
10:07:41.632 @ANX009 8
10:07:41.632 @ANX010 0
10:07:41.632 @ANX011 在职
10:07:41.632 @ANX012 
10:07:41.632 @idx 1954
10:07:41.633 @ANX002 10123
10:07:41.633 @ANX013 
10:07:41.633 @ANX014 1线
10:07:41.633 @ANX015 0
10:07:41.634 @ANX016 9
10:07:41.634 @ANX017 72
10:07:41.634 @ANX018 
10:07:41.639 @ANX003 代开容
10:07:41.639 @ANX004 装配工
10:07:41.640 @ANX005 
10:07:41.640 @ANX006 
10:07:41.640 @ANX007 2019/2/18 8:00:00
10:07:41.640 @ANX008 2019/2/18 17:00:00
10:07:41.640 @ANX009 8
10:07:41.641 @ANX010 0
10:07:41.641 @ANX011 在职
10:07:41.641 @ANX012 
10:07:41.641 @idx 1955
10:07:41.641 @ANX002 10125
10:07:41.642 @ANX013 
10:07:41.642 @ANX014 1线
10:07:41.642 @ANX015 0
10:07:41.642 @ANX016 9
10:07:41.642 @ANX017 72
10:07:41.643 @ANX018 
10:07:41.645 @ANX003 朱正高
10:07:41.646 @ANX004 装配工
10:07:41.646 @ANX005 
10:07:41.646 @ANX006 
10:07:41.647 @ANX007 2019/2/18 8:00:00
10:07:41.647 @ANX008 2019/2/18 17:00:00
10:07:41.647 @ANX009 8
10:07:41.647 @ANX010 0
10:07:41.647 @ANX011 在职
10:07:41.647 @ANX012 
10:07:41.648 @idx 1956
10:07:41.648 @ANX002 10126
10:07:41.648 @ANX013 
10:07:41.648 @ANX014 1线
10:07:41.648 @ANX015 0
10:07:41.648 @ANX016 9
10:07:41.649 @ANX017 72
10:07:41.649 @ANX018 
10:07:41.651 @ANX003 卿廷群
10:07:41.652 @ANX004 装配工
10:07:41.652 @ANX005 
10:07:41.652 @ANX006 
10:07:41.652 @ANX007 2019/2/18 8:00:00
10:07:41.652 @ANX008 2019/2/18 17:00:00
10:07:41.653 @ANX009 8
10:07:41.653 @ANX010 0
10:07:41.653 @ANX011 在职
10:07:41.653 @ANX012 
10:07:41.653 @idx 1957
10:07:41.653 @ANX002 10127
10:07:41.653 @ANX013 
10:07:41.654 @ANX014 1线
10:07:41.654 @ANX015 0
10:07:41.654 @ANX016 9
10:07:41.654 @ANX017 72
10:07:41.654 @ANX018 
10:07:41.661 @ANX003 张义兵
10:07:41.661 @ANX004 装配工
10:07:41.662 @ANX005 
10:07:41.662 @ANX006 
10:07:41.662 @ANX007 2019/2/18 8:00:00
10:07:41.662 @ANX008 2019/2/18 17:00:00
10:07:41.663 @ANX009 8
10:07:41.663 @ANX010 0
10:07:41.663 @ANX011 在职
10:07:41.663 @ANX012 
10:07:41.663 @idx 1958
10:07:41.664 @ANX002 10130
10:07:41.664 @ANX013 
10:07:41.664 @ANX014 1线
10:07:41.664 @ANX015 0
10:07:41.664 @ANX016 9
10:07:41.664 @ANX017 72
10:07:41.665 @ANX018 
10:07:41.667 @ANX003 邹永操
10:07:41.668 @ANX004 装配工
10:07:41.668 @ANX005 
10:07:41.668 @ANX006 
10:07:41.668 @ANX007 2019/2/18 8:00:00
10:07:41.669 @ANX008 2019/2/18 17:00:00
10:07:41.669 @ANX009 8
10:07:41.669 @ANX010 0
10:07:41.669 @ANX011 在职
10:07:41.669 @ANX012 
10:07:41.670 @idx 1959
10:07:41.670 @ANX002 10134
10:07:41.670 @ANX013 
10:07:41.670 @ANX014 1线
10:07:41.670 @ANX015 0
10:07:41.671 @ANX016 9
10:07:41.671 @ANX017 72
10:07:41.671 @ANX018 
10:07:41.674 @ANX003 陈广春
10:07:41.674 @ANX004 装配工
10:07:41.674 @ANX005 
10:07:41.675 @ANX006 
10:07:41.675 @ANX007 2019/2/18 8:00:00
10:07:41.675 @ANX008 2019/2/18 17:00:00
10:07:41.675 @ANX009 8
10:07:41.675 @ANX010 0
10:07:41.676 @ANX011 在职
10:07:41.676 @ANX012 
10:07:41.676 @idx 1960
10:07:41.676 @ANX002 10135
10:07:41.676 @ANX013 
10:07:41.676 @ANX014 1线
10:07:41.677 @ANX015 0
10:07:41.677 @ANX016 9
10:07:41.677 @ANX017 72
10:07:41.677 @ANX018 
10:07:41.680 @ANX003 占利
10:07:41.680 @ANX004 装配工
10:07:41.680 @ANX005 
10:07:41.680 @ANX006 
10:07:41.680 @ANX007 2019/2/18 8:00:00
10:07:41.681 @ANX008 2019/2/18 17:00:00
10:07:41.681 @ANX009 8
10:07:41.681 @ANX010 0
10:07:41.681 @ANX011 在职
10:07:41.681 @ANX012 
10:07:41.682 @idx 1961
10:07:41.682 @ANX002 10137
10:07:41.682 @ANX013 
10:07:41.682 @ANX014 1线
10:07:41.682 @ANX015 0
10:07:41.683 @ANX016 9
10:07:41.683 @ANX017 72
10:07:41.683 @ANX018 
10:07:41.686 @ANX003 王绍琴
10:07:41.686 @ANX004 装配工
10:07:41.687 @ANX005 
10:07:41.687 @ANX006 
10:07:41.687 @ANX007 2019/2/18 8:00:00
10:07:41.688 @ANX008 2019/2/18 17:00:00
10:07:41.688 @ANX009 8
10:07:41.688 @ANX010 0
10:07:41.688 @ANX011 在职
10:07:41.689 @ANX012 
10:07:41.689 @idx 1962
10:07:41.689 @ANX002 10138
10:07:41.689 @ANX013 
10:07:41.689 @ANX014 1线
10:07:41.690 @ANX015 0
10:07:41.690 @ANX016 9
10:07:41.690 @ANX017 72
10:07:41.690 @ANX018 
10:07:41.694 @ANX003 唐录云
10:07:41.694 @ANX004 装配工
10:07:41.694 @ANX005 
10:07:41.694 @ANX006 
10:07:41.694 @ANX007 2019/2/18 8:00:00
10:07:41.698 @ANX008 2019/2/18 17:00:00
10:07:41.698 @ANX009 8
10:07:41.698 @ANX010 0
10:07:41.698 @ANX011 在职
10:07:41.698 @ANX012 
10:07:41.699 @idx 1963
10:07:41.699 @ANX002 10139
10:07:41.699 @ANX013 
10:07:41.699 @ANX014 1线
10:07:41.700 @ANX015 0
10:07:41.700 @ANX016 9
10:07:41.700 @ANX017 72
10:07:41.700 @ANX018 
10:07:41.703 @ANX003 付志林
10:07:41.703 @ANX004 装配工
10:07:41.703 @ANX005 
10:07:41.704 @ANX006 
10:07:41.704 @ANX007 2019/2/18 8:00:00
10:07:41.704 @ANX008 2019/2/18 17:00:00
10:07:41.704 @ANX009 8
10:07:41.704 @ANX010 0
10:07:41.705 @ANX011 在职
10:07:41.705 @ANX012 
10:07:41.705 @idx 1964
10:07:41.705 @ANX002 10141
10:07:41.705 @ANX013 
10:07:41.705 @ANX014 1线
10:07:41.706 @ANX015 0
10:07:41.706 @ANX016 9
10:07:41.706 @ANX017 72
10:07:41.706 @ANX018 
10:07:41.710 @ANN003 H-Q30
10:07:41.710 @ANN004 H-Q30-单风暖
10:07:41.710 @ANN005 
10:07:41.710 @ANN006 台
10:07:41.711 @ANN007 396
10:07:41.711 @ANN008 2.500000
10:07:41.711 @ANN009 90
10:07:41.711 @ANN010 
10:07:41.711 @idx 85
10:07:41.711 @ANN002 GD201901020004
10:08:23.392 @ANW010 0507
10:08:23.392 @ANW011 总装车间
10:08:23.392 @ANW012 050701
10:08:23.392 @ANW013 1线
10:08:23.392 @ANW014 计时
10:08:23.393 @ANW015 2019/2/18 8:00:00
10:08:23.393 @ANW016 2019/2/18 17:00:00
10:08:23.393 @ANW017 
10:08:23.393 @ANW018 
10:08:23.393 @ANW019 
10:08:23.393 @ANW020 False
10:08:23.393 @ANW021 False
10:08:23.393 @ANW001 Z20190218001
10:08:23.393 @ANW023 0
10:08:23.394 @ANW024 0
10:08:23.394 @ANW026 0
10:08:23.394 @ANW027 0
10:08:23.410 @ANX003 刘兴贵
10:08:23.410 @ANX004 装配工
10:08:23.410 @ANX005 
10:08:23.410 @ANX006 
10:08:23.410 @ANX007 2019/2/18 0:00:00
10:08:23.410 @ANX008 2019/2/18 2:00:00
10:08:23.410 @ANX009 8
10:08:23.411 @ANX010 0
10:08:23.411 @ANX011 请假
10:08:23.411 @ANX012 
10:08:23.411 @idx 1948
10:08:23.411 @ANX002 10116
10:08:23.411 @ANX013 
10:08:23.412 @ANX014 1线
10:08:23.412 @ANX015 0
10:08:23.412 @ANX016 2
10:08:23.412 @ANX017 100
10:08:23.412 @ANX018 100.000000
10:08:23.420 @ANX003 赵成鹏
10:08:23.420 @ANX004 装配工
10:08:23.421 @ANX005 
10:08:23.421 @ANX006 
10:08:23.421 @ANX007 2019/2/18 8:00:00
10:08:23.421 @ANX008 2019/2/18 17:00:00
10:08:23.422 @ANX009 8
10:08:23.422 @ANX010 0
10:08:23.422 @ANX011 在职
10:08:23.422 @ANX012 
10:08:23.423 @idx 1949
10:08:23.423 @ANX002 10117
10:08:23.423 @ANX013 
10:08:23.423 @ANX014 1线
10:08:23.424 @ANX015 0
10:08:23.424 @ANX016 9
10:08:23.424 @ANX017 72
10:08:23.424 @ANX018 
10:08:23.428 @ANX003 何万华
10:08:23.429 @ANX004 装配工
10:08:23.429 @ANX005 
10:08:23.429 @ANX006 
10:08:23.429 @ANX007 2019/2/18 8:00:00
10:08:23.429 @ANX008 2019/2/18 17:00:00
10:08:23.429 @ANX009 8
10:08:23.429 @ANX010 0
10:08:23.429 @ANX011 在职
10:08:23.432 @ANX012 
10:08:23.432 @idx 1950
10:08:23.432 @ANX002 10118
10:08:23.432 @ANX013 
10:08:23.432 @ANX014 1线
10:08:23.432 @ANX015 0
10:08:23.433 @ANX016 9
10:08:23.433 @ANX017 72
10:08:23.433 @ANX018 
10:08:23.438 @ANX003 马小千
10:08:23.438 @ANX004 检测
10:08:23.439 @ANX005 
10:08:23.439 @ANX006 
10:08:23.439 @ANX007 2019/2/18 8:00:00
10:08:23.439 @ANX008 2019/2/18 17:00:00
10:08:23.440 @ANX009 8
10:08:23.440 @ANX010 0
10:08:23.440 @ANX011 在职
10:08:23.440 @ANX012 
10:08:23.440 @idx 1951
10:08:23.440 @ANX002 10120
10:08:23.441 @ANX013 检测
10:08:23.441 @ANX014 1线
10:08:23.441 @ANX015 0
10:08:23.441 @ANX016 9
10:08:23.441 @ANX017 72
10:08:23.442 @ANX018 
10:08:23.445 @ANX003 周顺
10:08:23.445 @ANX004 装配工
10:08:23.445 @ANX005 
10:08:23.445 @ANX006 
10:08:23.445 @ANX007 2019/2/18 8:00:00
10:08:23.446 @ANX008 2019/2/18 17:00:00
10:08:23.446 @ANX009 8
10:08:23.446 @ANX010 0
10:08:23.446 @ANX011 在职
10:08:23.446 @ANX012 
10:08:23.446 @idx 1952
10:08:23.447 @ANX002 10121
10:08:23.447 @ANX013 
10:08:23.447 @ANX014 1线
10:08:23.447 @ANX015 0
10:08:23.447 @ANX016 9
10:08:23.448 @ANX017 72
10:08:23.448 @ANX018 
10:08:23.453 @ANX003 郭昭芬
10:08:23.453 @ANX004 装配工
10:08:23.453 @ANX005 
10:08:23.454 @ANX006 
10:08:23.454 @ANX007 2019/2/18 8:00:00
10:08:23.454 @ANX008 2019/2/18 17:00:00
10:08:23.454 @ANX009 8
10:08:23.454 @ANX010 0
10:08:23.455 @ANX011 在职
10:08:23.455 @ANX012 
10:08:23.455 @idx 1953
10:08:23.455 @ANX002 10122
10:08:23.455 @ANX013 
10:08:23.456 @ANX014 1线
10:08:23.456 @ANX015 0
10:08:23.456 @ANX016 9
10:08:23.457 @ANX017 72
10:08:23.457 @ANX018 
10:08:23.459 @ANX003 吴张英
10:08:23.460 @ANX004 装配工
10:08:23.460 @ANX005 
10:08:23.460 @ANX006 
10:08:23.460 @ANX007 2019/2/18 8:00:00
10:08:23.460 @ANX008 2019/2/18 17:00:00
10:08:23.460 @ANX009 8
10:08:23.461 @ANX010 0
10:08:23.461 @ANX011 在职
10:08:23.461 @ANX012 
10:08:23.461 @idx 1954
10:08:23.461 @ANX002 10123
10:08:23.461 @ANX013 
10:08:23.462 @ANX014 1线
10:08:23.462 @ANX015 0
10:08:23.462 @ANX016 9
10:08:23.462 @ANX017 72
10:08:23.462 @ANX018 
10:08:23.466 @ANX003 代开容
10:08:23.466 @ANX004 装配工
10:08:23.466 @ANX005 
10:08:23.467 @ANX006 
10:08:23.467 @ANX007 2019/2/18 8:00:00
10:08:23.467 @ANX008 2019/2/18 17:00:00
10:08:23.467 @ANX009 8
10:08:23.467 @ANX010 0
10:08:23.467 @ANX011 在职
10:08:23.467 @ANX012 
10:08:23.467 @idx 1955
10:08:23.468 @ANX002 10125
10:08:23.468 @ANX013 
10:08:23.468 @ANX014 1线
10:08:23.468 @ANX015 0
10:08:23.468 @ANX016 9
10:08:23.469 @ANX017 72
10:08:23.469 @ANX018 
10:08:23.473 @ANX003 朱正高
10:08:23.474 @ANX004 装配工
10:08:23.474 @ANX005 
10:08:23.474 @ANX006 
10:08:23.474 @ANX007 2019/2/18 8:00:00
10:08:23.474 @ANX008 2019/2/18 17:00:00
10:08:23.475 @ANX009 8
10:08:23.475 @ANX010 0
10:08:23.475 @ANX011 在职
10:08:23.475 @ANX012 
10:08:23.475 @idx 1956
10:08:23.475 @ANX002 10126
10:08:23.476 @ANX013 
10:08:23.476 @ANX014 1线
10:08:23.476 @ANX015 0
10:08:23.476 @ANX016 9
10:08:23.476 @ANX017 72
10:08:23.477 @ANX018 
10:08:23.481 @ANX003 卿廷群
10:08:23.481 @ANX004 装配工
10:08:23.481 @ANX005 
10:08:23.482 @ANX006 
10:08:23.482 @ANX007 2019/2/18 8:00:00
10:08:23.482 @ANX008 2019/2/18 17:00:00
10:08:23.482 @ANX009 8
10:08:23.486 @ANX010 0
10:08:23.486 @ANX011 在职
10:08:23.486 @ANX012 
10:08:23.486 @idx 1957
10:08:23.486 @ANX002 10127
10:08:23.487 @ANX013 
10:08:23.487 @ANX014 1线
10:08:23.487 @ANX015 0
10:08:23.487 @ANX016 9
10:08:23.487 @ANX017 72
10:08:23.488 @ANX018 
10:08:23.491 @ANX003 张义兵
10:08:23.491 @ANX004 装配工
10:08:23.491 @ANX005 
10:08:23.491 @ANX006 
10:08:23.492 @ANX007 2019/2/18 8:00:00
10:08:23.492 @ANX008 2019/2/18 17:00:00
10:08:23.492 @ANX009 8
10:08:23.492 @ANX010 0
10:08:23.493 @ANX011 在职
10:08:23.493 @ANX012 
10:08:23.493 @idx 1958
10:08:23.494 @ANX002 10130
10:08:23.495 @ANX013 
10:08:23.495 @ANX014 1线
10:08:23.495 @ANX015 0
10:08:23.495 @ANX016 9
10:08:23.495 @ANX017 72
10:08:23.496 @ANX018 
10:08:23.498 @ANX003 邹永操
10:08:23.498 @ANX004 装配工
10:08:23.498 @ANX005 
10:08:23.499 @ANX006 
10:08:23.499 @ANX007 2019/2/18 8:00:00
10:08:23.499 @ANX008 2019/2/18 17:00:00
10:08:23.500 @ANX009 8
10:08:23.500 @ANX010 0
10:08:23.500 @ANX011 在职
10:08:23.500 @ANX012 
10:08:23.500 @idx 1959
10:08:23.501 @ANX002 10134
10:08:23.501 @ANX013 
10:08:23.501 @ANX014 1线
10:08:23.501 @ANX015 0
10:08:23.501 @ANX016 9
10:08:23.502 @ANX017 72
10:08:23.502 @ANX018 
10:08:23.505 @ANX003 陈广春
10:08:23.505 @ANX004 装配工
10:08:23.505 @ANX005 
10:08:23.505 @ANX006 
10:08:23.505 @ANX007 2019/2/18 8:00:00
10:08:23.506 @ANX008 2019/2/18 17:00:00
10:08:23.506 @ANX009 8
10:08:23.506 @ANX010 0
10:08:23.506 @ANX011 在职
10:08:23.507 @ANX012 
10:08:23.507 @idx 1960
10:08:23.507 @ANX002 10135
10:08:23.507 @ANX013 
10:08:23.507 @ANX014 1线
10:08:23.508 @ANX015 0
10:08:23.508 @ANX016 9
10:08:23.508 @ANX017 72
10:08:23.508 @ANX018 
10:08:23.512 @ANX003 占利
10:08:23.512 @ANX004 装配工
10:08:23.513 @ANX005 
10:08:23.513 @ANX006 
10:08:23.513 @ANX007 2019/2/18 8:00:00
10:08:23.513 @ANX008 2019/2/18 17:00:00
10:08:23.513 @ANX009 8
10:08:23.513 @ANX010 0
10:08:23.514 @ANX011 在职
10:08:23.514 @ANX012 
10:08:23.514 @idx 1961
10:08:23.514 @ANX002 10137
10:08:23.514 @ANX013 
10:08:23.515 @ANX014 1线
10:08:23.515 @ANX015 0
10:08:23.515 @ANX016 9
10:08:23.515 @ANX017 72
10:08:23.516 @ANX018 
10:08:23.518 @ANX003 王绍琴
10:08:23.518 @ANX004 装配工
10:08:23.518 @ANX005 
10:08:23.518 @ANX006 
10:08:23.519 @ANX007 2019/2/18 8:00:00
10:08:23.519 @ANX008 2019/2/18 17:00:00
10:08:23.519 @ANX009 8
10:08:23.519 @ANX010 0
10:08:23.519 @ANX011 在职
10:08:23.520 @ANX012 
10:08:23.520 @idx 1962
10:08:23.520 @ANX002 10138
10:08:23.520 @ANX013 
10:08:23.520 @ANX014 1线
10:08:23.521 @ANX015 0
10:08:23.521 @ANX016 9
10:08:23.521 @ANX017 72
10:08:23.521 @ANX018 
10:08:23.525 @ANX003 唐录云
10:08:23.525 @ANX004 装配工
10:08:23.525 @ANX005 
10:08:23.525 @ANX006 
10:08:23.525 @ANX007 2019/2/18 8:00:00
10:08:23.526 @ANX008 2019/2/18 17:00:00
10:08:23.526 @ANX009 8
10:08:23.526 @ANX010 0
10:08:23.526 @ANX011 在职
10:08:23.526 @ANX012 
10:08:23.526 @idx 1963
10:08:23.527 @ANX002 10139
10:08:23.527 @ANX013 
10:08:23.527 @ANX014 1线
10:08:23.527 @ANX015 0
10:08:23.527 @ANX016 9
10:08:23.527 @ANX017 72
10:08:23.528 @ANX018 
10:08:23.530 @ANX003 付志林
10:08:23.530 @ANX004 装配工
10:08:23.530 @ANX005 
10:08:23.531 @ANX006 
10:08:23.531 @ANX007 2019/2/18 8:00:00
10:08:23.531 @ANX008 2019/2/18 17:00:00
10:08:23.531 @ANX009 8
10:08:23.532 @ANX010 0
10:08:23.532 @ANX011 在职
10:08:23.532 @ANX012 
10:08:23.532 @idx 1964
10:08:23.532 @ANX002 10141
10:08:23.532 @ANX013 
10:08:23.533 @ANX014 1线
10:08:23.533 @ANX015 0
10:08:23.533 @ANX016 9
10:08:23.533 @ANX017 72
10:08:23.533 @ANX018 
10:08:23.536 @ANN003 H-Q30
10:08:23.536 @ANN004 H-Q30-单风暖
10:08:23.536 @ANN005 
10:08:23.536 @ANN006 台
10:08:23.537 @ANN007 396
10:08:23.537 @ANN008 2.500000
10:08:23.537 @ANN009 90
10:08:23.537 @ANN010 
10:08:23.537 @idx 85
10:08:23.538 @ANN002 GD201901020004
10:09:10.893 @ANW010 0507
10:09:10.894 @ANW011 总装车间
10:09:10.894 @ANW012 050701
10:09:10.894 @ANW013 1线
10:09:10.894 @ANW014 计时
10:09:10.894 @ANW015 2019/2/18 8:00:00
10:09:10.894 @ANW016 2019/2/18 17:00:00
10:09:10.894 @ANW017 
10:09:10.895 @ANW018 
10:09:10.895 @ANW019 
10:09:10.895 @ANW020 False
10:09:10.895 @ANW021 False
10:09:10.895 @ANW001 Z20190218001
10:09:10.895 @ANW023 0
10:09:10.895 @ANW024 0
10:09:10.895 @ANW026 0
10:09:10.896 @ANW027 0
10:09:10.936 @ANX003 刘兴贵
10:09:10.937 @ANX004 装配工
10:09:10.937 @ANX005 
10:09:10.937 @ANX006 
10:09:10.937 @ANX007 2019/2/18 0:00:00
10:09:10.937 @ANX008 2019/2/18 2:00:00
10:09:10.937 @ANX009 8
10:09:10.937 @ANX010 0
10:09:10.937 @ANX011 请假
10:09:10.938 @ANX012 
10:09:10.938 @idx 1948
10:09:10.938 @ANX002 10116
10:09:10.938 @ANX013 
10:09:10.938 @ANX014 1线
10:09:10.938 @ANX015 0
10:09:10.938 @ANX016 2
10:09:10.938 @ANX017 100
10:09:10.938 @ANX018 0
10:09:10.947 @ANX003 赵成鹏
10:09:10.947 @ANX004 装配工
10:09:10.948 @ANX005 
10:09:10.948 @ANX006 
10:09:10.948 @ANX007 2019/2/18 8:00:00
10:09:10.948 @ANX008 2019/2/18 17:00:00
10:09:10.948 @ANX009 8
10:09:10.949 @ANX010 0
10:09:10.949 @ANX011 在职
10:09:10.949 @ANX012 
10:09:10.949 @idx 1949
10:09:10.949 @ANX002 10117
10:09:10.949 @ANX013 
10:09:10.950 @ANX014 1线
10:09:10.950 @ANX015 0
10:09:10.950 @ANX016 9
10:09:10.950 @ANX017 72
10:09:10.950 @ANX018 
10:09:10.956 @ANX003 何万华
10:09:10.957 @ANX004 装配工
10:09:10.957 @ANX005 
10:09:10.957 @ANX006 
10:09:10.957 @ANX007 2019/2/18 8:00:00
10:09:10.957 @ANX008 2019/2/18 17:00:00
10:09:10.958 @ANX009 8
10:09:10.958 @ANX010 0
10:09:10.958 @ANX011 在职
10:09:10.958 @ANX012 
10:09:10.958 @idx 1950
10:09:10.958 @ANX002 10118
10:09:10.959 @ANX013 
10:09:10.959 @ANX014 1线
10:09:10.959 @ANX015 0
10:09:10.959 @ANX016 9
10:09:10.959 @ANX017 72
10:09:10.959 @ANX018 
10:09:10.963 @ANX003 马小千
10:09:10.964 @ANX004 检测
10:09:10.964 @ANX005 
10:09:10.964 @ANX006 
10:09:10.964 @ANX007 2019/2/18 8:00:00
10:09:10.964 @ANX008 2019/2/18 17:00:00
10:09:10.965 @ANX009 8
10:09:10.965 @ANX010 0
10:09:10.965 @ANX011 在职
10:09:10.965 @ANX012 
10:09:10.965 @idx 1951
10:09:10.965 @ANX002 10120
10:09:10.966 @ANX013 检测
10:09:10.966 @ANX014 1线
10:09:10.966 @ANX015 0
10:09:10.966 @ANX016 9
10:09:10.966 @ANX017 72
10:09:10.966 @ANX018 
10:09:10.970 @ANX003 周顺
10:09:10.970 @ANX004 装配工
10:09:10.970 @ANX005 
10:09:10.970 @ANX006 
10:09:10.971 @ANX007 2019/2/18 8:00:00
10:09:10.971 @ANX008 2019/2/18 17:00:00
10:09:10.971 @ANX009 8
10:09:10.971 @ANX010 0
10:09:10.971 @ANX011 在职
10:09:10.972 @ANX012 
10:09:10.972 @idx 1952
10:09:10.972 @ANX002 10121
10:09:10.972 @ANX013 
10:09:10.972 @ANX014 1线
10:09:10.973 @ANX015 0
10:09:10.973 @ANX016 9
10:09:10.973 @ANX017 72
10:09:10.973 @ANX018 
10:09:10.977 @ANX003 郭昭芬
10:09:10.977 @ANX004 装配工
10:09:10.977 @ANX005 
10:09:10.978 @ANX006 
10:09:10.978 @ANX007 2019/2/18 8:00:00
10:09:10.978 @ANX008 2019/2/18 17:00:00
10:09:10.978 @ANX009 8
10:09:10.978 @ANX010 0
10:09:10.978 @ANX011 在职
10:09:10.978 @ANX012 
10:09:10.979 @idx 1953
10:09:10.980 @ANX002 10122
10:09:10.980 @ANX013 
10:09:10.980 @ANX014 1线
10:09:10.980 @ANX015 0
10:09:10.980 @ANX016 9
10:09:10.981 @ANX017 72
10:09:10.981 @ANX018 
10:09:10.983 @ANX003 吴张英
10:09:10.984 @ANX004 装配工
10:09:10.984 @ANX005 
10:09:10.984 @ANX006 
10:09:10.984 @ANX007 2019/2/18 8:00:00
10:09:10.984 @ANX008 2019/2/18 17:00:00
10:09:10.985 @ANX009 8
10:09:10.985 @ANX010 0
10:09:10.985 @ANX011 在职
10:09:10.985 @ANX012 
10:09:10.985 @idx 1954
10:09:10.985 @ANX002 10123
10:09:10.986 @ANX013 
10:09:10.986 @ANX014 1线
10:09:10.986 @ANX015 0
10:09:10.986 @ANX016 9
10:09:10.986 @ANX017 72
10:09:10.987 @ANX018 
10:09:10.991 @ANX003 代开容
10:09:10.991 @ANX004 装配工
10:09:10.991 @ANX005 
10:09:10.991 @ANX006 
10:09:10.992 @ANX007 2019/2/18 8:00:00
10:09:10.992 @ANX008 2019/2/18 17:00:00
10:09:10.992 @ANX009 8
10:09:10.992 @ANX010 0
10:09:10.992 @ANX011 在职
10:09:10.993 @ANX012 
10:09:10.993 @idx 1955
10:09:10.993 @ANX002 10125
10:09:10.993 @ANX013 
10:09:10.993 @ANX014 1线
10:09:10.993 @ANX015 0
10:09:10.993 @ANX016 9
10:09:10.994 @ANX017 72
10:09:10.994 @ANX018 
10:09:10.997 @ANX003 朱正高
10:09:10.997 @ANX004 装配工
10:09:10.997 @ANX005 
10:09:10.998 @ANX006 
10:09:10.998 @ANX007 2019/2/18 8:00:00
10:09:10.998 @ANX008 2019/2/18 17:00:00
10:09:10.998 @ANX009 8
10:09:10.998 @ANX010 0
10:09:10.999 @ANX011 在职
10:09:10.999 @ANX012 
10:09:10.999 @idx 1956
10:09:10.999 @ANX002 10126
10:09:10.999 @ANX013 
10:09:11.000 @ANX014 1线
10:09:11.000 @ANX015 0
10:09:11.000 @ANX016 9
10:09:11.000 @ANX017 72
10:09:11.000 @ANX018 
10:09:11.005 @ANX003 卿廷群
10:09:11.005 @ANX004 装配工
10:09:11.006 @ANX005 
10:09:11.006 @ANX006 
10:09:11.006 @ANX007 2019/2/18 8:00:00
10:09:11.006 @ANX008 2019/2/18 17:00:00
10:09:11.006 @ANX009 8
10:09:11.006 @ANX010 0
10:09:11.007 @ANX011 在职
10:09:11.007 @ANX012 
10:09:11.007 @idx 1957
10:09:11.007 @ANX002 10127
10:09:11.007 @ANX013 
10:09:11.008 @ANX014 1线
10:09:11.008 @ANX015 0
10:09:11.008 @ANX016 9
10:09:11.008 @ANX017 72
10:09:11.008 @ANX018 
10:09:11.012 @ANX003 张义兵
10:09:11.013 @ANX004 装配工
10:09:11.013 @ANX005 
10:09:11.013 @ANX006 
10:09:11.013 @ANX007 2019/2/18 8:00:00
10:09:11.014 @ANX008 2019/2/18 17:00:00
10:09:11.014 @ANX009 8
10:09:11.014 @ANX010 0
10:09:11.014 @ANX011 在职
10:09:11.014 @ANX012 
10:09:11.014 @idx 1958
10:09:11.015 @ANX002 10130
10:09:11.015 @ANX013 
10:09:11.015 @ANX014 1线
10:09:11.015 @ANX015 0
10:09:11.015 @ANX016 9
10:09:11.016 @ANX017 72
10:09:11.016 @ANX018 
10:09:11.018 @ANX003 邹永操
10:09:11.018 @ANX004 装配工
10:09:11.019 @ANX005 
10:09:11.019 @ANX006 
10:09:11.019 @ANX007 2019/2/18 8:00:00
10:09:11.019 @ANX008 2019/2/18 17:00:00
10:09:11.019 @ANX009 8
10:09:11.019 @ANX010 0
10:09:11.020 @ANX011 在职
10:09:11.020 @ANX012 
10:09:11.020 @idx 1959
10:09:11.020 @ANX002 10134
10:09:11.020 @ANX013 
10:09:11.021 @ANX014 1线
10:09:11.021 @ANX015 0
10:09:11.021 @ANX016 9
10:09:11.021 @ANX017 72
10:09:11.021 @ANX018 
10:09:11.024 @ANX003 陈广春
10:09:11.024 @ANX004 装配工
10:09:11.024 @ANX005 
10:09:11.024 @ANX006 
10:09:11.025 @ANX007 2019/2/18 8:00:00
10:09:11.025 @ANX008 2019/2/18 17:00:00
10:09:11.025 @ANX009 8
10:09:11.025 @ANX010 0
10:09:11.025 @ANX011 在职
10:09:11.026 @ANX012 
10:09:11.026 @idx 1960
10:09:11.026 @ANX002 10135
10:09:11.026 @ANX013 
10:09:11.026 @ANX014 1线
10:09:11.027 @ANX015 0
10:09:11.027 @ANX016 9
10:09:11.027 @ANX017 72
10:09:11.027 @ANX018 
10:09:11.030 @ANX003 占利
10:09:11.031 @ANX004 装配工
10:09:11.031 @ANX005 
10:09:11.031 @ANX006 
10:09:11.031 @ANX007 2019/2/18 8:00:00
10:09:11.031 @ANX008 2019/2/18 17:00:00
10:09:11.031 @ANX009 8
10:09:11.032 @ANX010 0
10:09:11.032 @ANX011 在职
10:09:11.032 @ANX012 
10:09:11.032 @idx 1961
10:09:11.032 @ANX002 10137
10:09:11.032 @ANX013 
10:09:11.033 @ANX014 1线
10:09:11.033 @ANX015 0
10:09:11.033 @ANX016 9
10:09:11.033 @ANX017 72
10:09:11.033 @ANX018 
10:09:11.036 @ANX003 王绍琴
10:09:11.036 @ANX004 装配工
10:09:11.036 @ANX005 
10:09:11.036 @ANX006 
10:09:11.037 @ANX007 2019/2/18 8:00:00
10:09:11.037 @ANX008 2019/2/18 17:00:00
10:09:11.037 @ANX009 8
10:09:11.037 @ANX010 0
10:09:11.037 @ANX011 在职
10:09:11.037 @ANX012 
10:09:11.037 @idx 1962
10:09:11.038 @ANX002 10138
10:09:11.038 @ANX013 
10:09:11.038 @ANX014 1线
10:09:11.038 @ANX015 0
10:09:11.038 @ANX016 9
10:09:11.038 @ANX017 72
10:09:11.038 @ANX018 
10:09:11.041 @ANX003 唐录云
10:09:11.042 @ANX004 装配工
10:09:11.042 @ANX005 
10:09:11.042 @ANX006 
10:09:11.042 @ANX007 2019/2/18 8:00:00
10:09:11.042 @ANX008 2019/2/18 17:00:00
10:09:11.043 @ANX009 8
10:09:11.043 @ANX010 0
10:09:11.043 @ANX011 在职
10:09:11.043 @ANX012 
10:09:11.043 @idx 1963
10:09:11.043 @ANX002 10139
10:09:11.044 @ANX013 
10:09:11.044 @ANX014 1线
10:09:11.044 @ANX015 0
10:09:11.044 @ANX016 9
10:09:11.045 @ANX017 72
10:09:11.045 @ANX018 
10:09:11.050 @ANX003 付志林
10:09:11.050 @ANX004 装配工
10:09:11.050 @ANX005 
10:09:11.050 @ANX006 
10:09:11.050 @ANX007 2019/2/18 8:00:00
10:09:11.051 @ANX008 2019/2/18 17:00:00
10:09:11.051 @ANX009 8
10:09:11.051 @ANX010 0
10:09:11.051 @ANX011 在职
10:09:11.051 @ANX012 
10:09:11.052 @idx 1964
10:09:11.052 @ANX002 10141
10:09:11.052 @ANX013 
10:09:11.052 @ANX014 1线
10:09:11.052 @ANX015 0
10:09:11.052 @ANX016 9
10:09:11.053 @ANX017 72
10:09:11.053 @ANX018 
10:09:11.055 @ANN003 H-Q30
10:09:11.055 @ANN004 H-Q30-单风暖
10:09:11.056 @ANN005 
10:09:11.056 @ANN006 台
10:09:11.056 @ANN007 396
10:09:11.056 @ANN008 2.500000
10:09:11.056 @ANN009 90
10:09:11.056 @ANN010 
10:09:11.057 @idx 85
10:09:11.057 @ANN002 GD201901020004
10:09:46.993 @ANW010 0507
10:09:46.993 @ANW011 总装车间
10:09:46.993 @ANW012 050701
10:09:46.993 @ANW013 1线
10:09:46.993 @ANW014 计时
10:09:46.994 @ANW015 2019/2/18 8:00:00
10:09:46.994 @ANW016 2019/2/18 17:00:00
10:09:46.994 @ANW017 
10:09:46.994 @ANW018 
10:09:46.994 @ANW019 
10:09:46.994 @ANW020 False
10:09:46.995 @ANW021 False
10:09:46.995 @ANW001 Z20190218001
10:09:46.995 @ANW023 0
10:09:46.995 @ANW024 0
10:09:46.995 @ANW026 0
10:09:46.995 @ANW027 0
10:09:47.016 @ANX003 刘兴贵
10:09:47.016 @ANX004 装配工
10:09:47.016 @ANX005 
10:09:47.016 @ANX006 
10:09:47.016 @ANX007 2019/2/18 0:00:00
10:09:47.016 @ANX008 2019/2/18 2:00:00
10:09:47.016 @ANX009 8
10:09:47.017 @ANX010 0
10:09:47.017 @ANX011 请假
10:09:47.017 @ANX012 
10:09:47.017 @idx 1948
10:09:47.017 @ANX002 10116
10:09:47.017 @ANX013 
10:09:47.017 @ANX014 1线
10:09:47.017 @ANX015 0
10:09:47.017 @ANX016 2
10:09:47.018 @ANX017 0
10:09:47.018 @ANX018 100
10:09:47.024 @ANX003 赵成鹏
10:09:47.024 @ANX004 装配工
10:09:47.024 @ANX005 
10:09:47.024 @ANX006 
10:09:47.025 @ANX007 2019/2/18 8:00:00
10:09:47.025 @ANX008 2019/2/18 17:00:00
10:09:47.025 @ANX009 8
10:09:47.025 @ANX010 0
10:09:47.025 @ANX011 在职
10:09:47.025 @ANX012 
10:09:47.025 @idx 1949
10:09:47.025 @ANX002 10117
10:09:47.025 @ANX013 
10:09:47.026 @ANX014 1线
10:09:47.026 @ANX015 0
10:09:47.026 @ANX016 9
10:09:47.026 @ANX017 72
10:09:47.026 @ANX018 
10:09:47.032 @ANX003 何万华
10:09:47.033 @ANX004 装配工
10:09:47.033 @ANX005 
10:09:47.033 @ANX006 
10:09:47.033 @ANX007 2019/2/18 8:00:00
10:09:47.033 @ANX008 2019/2/18 17:00:00
10:09:47.034 @ANX009 8
10:09:47.034 @ANX010 0
10:09:47.034 @ANX011 在职
10:09:47.034 @ANX012 
10:09:47.034 @idx 1950
10:09:47.035 @ANX002 10118
10:09:47.035 @ANX013 
10:09:47.035 @ANX014 1线
10:09:47.035 @ANX015 0
10:09:47.035 @ANX016 9
10:09:47.036 @ANX017 72
10:09:47.036 @ANX018 
10:09:47.040 @ANX003 马小千
10:09:47.040 @ANX004 检测
10:09:47.040 @ANX005 
10:09:47.040 @ANX006 
10:09:47.041 @ANX007 2019/2/18 8:00:00
10:09:47.041 @ANX008 2019/2/18 17:00:00
10:09:47.041 @ANX009 8
10:09:47.041 @ANX010 0
10:09:47.041 @ANX011 在职
10:09:47.042 @ANX012 
10:09:47.042 @idx 1951
10:09:47.042 @ANX002 10120
10:09:47.042 @ANX013 检测
10:09:47.042 @ANX014 1线
10:09:47.042 @ANX015 0
10:09:47.042 @ANX016 9
10:09:47.042 @ANX017 72
10:09:47.043 @ANX018 
10:09:47.045 @ANX003 周顺
10:09:47.046 @ANX004 装配工
10:09:47.046 @ANX005 
10:09:47.046 @ANX006 
10:09:47.046 @ANX007 2019/2/18 8:00:00
10:09:47.047 @ANX008 2019/2/18 17:00:00
10:09:47.047 @ANX009 8
10:09:47.047 @ANX010 0
10:09:47.047 @ANX011 在职
10:09:47.047 @ANX012 
10:09:47.047 @idx 1952
10:09:47.047 @ANX002 10121
10:09:47.047 @ANX013 
10:09:47.048 @ANX014 1线
10:09:47.048 @ANX015 0
10:09:47.048 @ANX016 9
10:09:47.048 @ANX017 72
10:09:47.048 @ANX018 
10:09:47.051 @ANX003 郭昭芬
10:09:47.051 @ANX004 装配工
10:09:47.051 @ANX005 
10:09:47.052 @ANX006 
10:09:47.052 @ANX007 2019/2/18 8:00:00
10:09:47.052 @ANX008 2019/2/18 17:00:00
10:09:47.052 @ANX009 8
10:09:47.052 @ANX010 0
10:09:47.053 @ANX011 在职
10:09:47.053 @ANX012 
10:09:47.053 @idx 1953
10:09:47.053 @ANX002 10122
10:09:47.053 @ANX013 
10:09:47.054 @ANX014 1线
10:09:47.054 @ANX015 0
10:09:47.054 @ANX016 9
10:09:47.054 @ANX017 72
10:09:47.054 @ANX018 
10:09:47.058 @ANX003 吴张英
10:09:47.059 @ANX004 装配工
10:09:47.059 @ANX005 
10:09:47.059 @ANX006 
10:09:47.059 @ANX007 2019/2/18 8:00:00
10:09:47.059 @ANX008 2019/2/18 17:00:00
10:09:47.059 @ANX009 8
10:09:47.060 @ANX010 0
10:09:47.060 @ANX011 在职
10:09:47.060 @ANX012 
10:09:47.060 @idx 1954
10:09:47.061 @ANX002 10123
10:09:47.061 @ANX013 
10:09:47.061 @ANX014 1线
10:09:47.061 @ANX015 0
10:09:47.061 @ANX016 9
10:09:47.061 @ANX017 72
10:09:47.061 @ANX018 
10:09:47.067 @ANX003 代开容
10:09:47.067 @ANX004 装配工
10:09:47.067 @ANX005 
10:09:47.067 @ANX006 
10:09:47.067 @ANX007 2019/2/18 8:00:00
10:09:47.068 @ANX008 2019/2/18 17:00:00
10:09:47.068 @ANX009 8
10:09:47.068 @ANX010 0
10:09:47.068 @ANX011 在职
10:09:47.069 @ANX012 
10:09:47.069 @idx 1955
10:09:47.069 @ANX002 10125
10:09:47.069 @ANX013 
10:09:47.069 @ANX014 1线
10:09:47.069 @ANX015 0
10:09:47.070 @ANX016 9
10:09:47.070 @ANX017 72
10:09:47.070 @ANX018 
10:09:47.074 @ANX003 朱正高
10:09:47.074 @ANX004 装配工
10:09:47.074 @ANX005 
10:09:47.074 @ANX006 
10:09:47.075 @ANX007 2019/2/18 8:00:00
10:09:47.075 @ANX008 2019/2/18 17:00:00
10:09:47.075 @ANX009 8
10:09:47.075 @ANX010 0
10:09:47.075 @ANX011 在职
10:09:47.076 @ANX012 
10:09:47.076 @idx 1956
10:09:47.076 @ANX002 10126
10:09:47.076 @ANX013 
10:09:47.076 @ANX014 1线
10:09:47.077 @ANX015 0
10:09:47.077 @ANX016 9
10:09:47.077 @ANX017 72
10:09:47.077 @ANX018 
10:09:47.080 @ANX003 卿廷群
10:09:47.080 @ANX004 装配工
10:09:47.080 @ANX005 
10:09:47.080 @ANX006 
10:09:47.080 @ANX007 2019/2/18 8:00:00
10:09:47.080 @ANX008 2019/2/18 17:00:00
10:09:47.081 @ANX009 8
10:09:47.081 @ANX010 0
10:09:47.081 @ANX011 在职
10:09:47.082 @ANX012 
10:09:47.082 @idx 1957
10:09:47.082 @ANX002 10127
10:09:47.082 @ANX013 
10:09:47.082 @ANX014 1线
10:09:47.082 @ANX015 0
10:09:47.083 @ANX016 9
10:09:47.083 @ANX017 72
10:09:47.083 @ANX018 
10:09:47.086 @ANX003 张义兵
10:09:47.087 @ANX004 装配工
10:09:47.087 @ANX005 
10:09:47.087 @ANX006 
10:09:47.087 @ANX007 2019/2/18 8:00:00
10:09:47.088 @ANX008 2019/2/18 17:00:00
10:09:47.088 @ANX009 8
10:09:47.088 @ANX010 0
10:09:47.088 @ANX011 在职
10:09:47.088 @ANX012 
10:09:47.088 @idx 1958
10:09:47.089 @ANX002 10130
10:09:47.089 @ANX013 
10:09:47.089 @ANX014 1线
10:09:47.089 @ANX015 0
10:09:47.089 @ANX016 9
10:09:47.090 @ANX017 72
10:09:47.090 @ANX018 
10:09:47.094 @ANX003 邹永操
10:09:47.094 @ANX004 装配工
10:09:47.094 @ANX005 
10:09:47.094 @ANX006 
10:09:47.094 @ANX007 2019/2/18 8:00:00
10:09:47.094 @ANX008 2019/2/18 17:00:00
10:09:47.095 @ANX009 8
10:09:47.095 @ANX010 0
10:09:47.095 @ANX011 在职
10:09:47.095 @ANX012 
10:09:47.095 @idx 1959
10:09:47.095 @ANX002 10134
10:09:47.095 @ANX013 
10:09:47.095 @ANX014 1线
10:09:47.096 @ANX015 0
10:09:47.096 @ANX016 9
10:09:47.096 @ANX017 72
10:09:47.096 @ANX018 
10:09:47.099 @ANX003 陈广春
10:09:47.099 @ANX004 装配工
10:09:47.100 @ANX005 
10:09:47.100 @ANX006 
10:09:47.100 @ANX007 2019/2/18 8:00:00
10:09:47.100 @ANX008 2019/2/18 17:00:00
10:09:47.100 @ANX009 8
10:09:47.101 @ANX010 0
10:09:47.101 @ANX011 在职
10:09:47.101 @ANX012 
10:09:47.101 @idx 1960
10:09:47.101 @ANX002 10135
10:09:47.101 @ANX013 
10:09:47.102 @ANX014 1线
10:09:47.102 @ANX015 0
10:09:47.102 @ANX016 9
10:09:47.102 @ANX017 72
10:09:47.102 @ANX018 
10:09:47.106 @ANX003 占利
10:09:47.106 @ANX004 装配工
10:09:47.106 @ANX005 
10:09:47.106 @ANX006 
10:09:47.107 @ANX007 2019/2/18 8:00:00
10:09:47.107 @ANX008 2019/2/18 17:00:00
10:09:47.107 @ANX009 8
10:09:47.107 @ANX010 0
10:09:47.108 @ANX011 在职
10:09:47.111 @ANX012 
10:09:47.111 @idx 1961
10:09:47.111 @ANX002 10137
10:09:47.111 @ANX013 
10:09:47.111 @ANX014 1线
10:09:47.111 @ANX015 0
10:09:47.112 @ANX016 9
10:09:47.112 @ANX017 72
10:09:47.112 @ANX018 
10:09:47.116 @ANX003 王绍琴
10:09:47.117 @ANX004 装配工
10:09:47.117 @ANX005 
10:09:47.117 @ANX006 
10:09:47.117 @ANX007 2019/2/18 8:00:00
10:09:47.117 @ANX008 2019/2/18 17:00:00
10:09:47.117 @ANX009 8
10:09:47.117 @ANX010 0
10:09:47.118 @ANX011 在职
10:09:47.118 @ANX012 
10:09:47.118 @idx 1962
10:09:47.118 @ANX002 10138
10:09:47.118 @ANX013 
10:09:47.118 @ANX014 1线
10:09:47.118 @ANX015 0
10:09:47.119 @ANX016 9
10:09:47.119 @ANX017 72
10:09:47.119 @ANX018 
10:09:47.122 @ANX003 唐录云
10:09:47.122 @ANX004 装配工
10:09:47.122 @ANX005 
10:09:47.122 @ANX006 
10:09:47.122 @ANX007 2019/2/18 8:00:00
10:09:47.123 @ANX008 2019/2/18 17:00:00
10:09:47.123 @ANX009 8
10:09:47.123 @ANX010 0
10:09:47.123 @ANX011 在职
10:09:47.123 @ANX012 
10:09:47.123 @idx 1963
10:09:47.124 @ANX002 10139
10:09:47.124 @ANX013 
10:09:47.124 @ANX014 1线
10:09:47.124 @ANX015 0
10:09:47.124 @ANX016 9
10:09:47.125 @ANX017 72
10:09:47.125 @ANX018 
10:09:47.128 @ANX003 付志林
10:09:47.129 @ANX004 装配工
10:09:47.129 @ANX005 
10:09:47.129 @ANX006 
10:09:47.129 @ANX007 2019/2/18 8:00:00
10:09:47.130 @ANX008 2019/2/18 17:00:00
10:09:47.130 @ANX009 8
10:09:47.130 @ANX010 0
10:09:47.130 @ANX011 在职
10:09:47.130 @ANX012 
10:09:47.131 @idx 1964
10:09:47.131 @ANX002 10141
10:09:47.131 @ANX013 
10:09:47.131 @ANX014 1线
10:09:47.131 @ANX015 0
10:09:47.131 @ANX016 9
10:09:47.132 @ANX017 72
10:09:47.132 @ANX018 
10:09:47.134 @ANN003 H-Q30
10:09:47.134 @ANN004 H-Q30-单风暖
10:09:47.135 @ANN005 
10:09:47.135 @ANN006 台
10:09:47.135 @ANN007 396
10:09:47.135 @ANN008 2.500000
10:09:47.135 @ANN009 90
10:09:47.135 @ANN010 
10:09:47.136 @idx 85
10:09:47.136 @ANN002 GD201901020004
10:12:01.988 @EMP002 系统管理员
10:12:01.994 @EMP033 9af7f2b45fff5ca168dd7081681fadd
10:41:00.088 @EMP002 系统管理员
10:41:00.088 @EMP033 9af7f2b45fff5ca168dd7081681fadd
10:42:51.035 @idx 4
10:42:51.036 @BOS002 3
10:42:51.036 @BOS003 4
10:42:51.036 @BOS004 20
10:42:51.036 @BOS005 2019/2/17 0:00:00
10:42:51.037 @idx 2
10:42:51.038 @BOS002 3
10:42:51.038 @BOS003 4
10:42:51.038 @BOS004 20
10:42:51.038 @BOS005 2019/1/17 0:00:00
10:42:51.040 @idx 6
10:42:51.040 @BOS002 3
10:42:51.040 @BOS003 4
10:42:51.040 @BOS004 20
10:42:51.040 @BOS005 2019/2/17 0:00:00
10:42:51.042 @idx 1
10:42:51.042 @BOS002 3
10:42:51.043 @BOS003 4
10:42:51.043 @BOS004 20
10:42:51.043 @BOS005 2019/2/17 0:00:00
10:42:51.044 @idx 3
10:42:51.044 @BOS002 3
10:42:51.044 @BOS003 4
10:42:51.045 @BOS004 20
10:42:51.045 @BOS005 2019/2/17 0:00:00
10:42:51.047 @idx 5
10:42:51.048 @BOS002 3
10:42:51.048 @BOS003 4
10:42:51.048 @BOS004 20
10:42:51.056 @BOS005 2019/2/17 0:00:00
13:52:02.053 @EMP002 系统管理员
13:52:02.057 @EMP033 9af7f2b45fff5ca168dd7081681fadd
13:54:04.117 @idx 2
13:54:04.117 @BOS002 3
13:54:04.118 @BOS003 4
13:54:04.118 @BOS004 20
13:54:04.118 @BOS005 2019/2/12 0:00:00
13:54:04.119 @idx 1
13:54:04.120 @BOS002 3
13:54:04.120 @BOS003 4
13:54:04.120 @BOS004 20
13:54:04.120 @BOS005 2019/2/17 0:00:00
13:54:04.121 @idx 4
13:54:04.122 @BOS002 3
13:54:04.122 @BOS003 4
13:54:04.122 @BOS004 20
13:54:04.122 @BOS005 2019/2/17 0:00:00
13:54:04.123 @idx 5
13:54:04.124 @BOS002 3
13:54:04.124 @BOS003 4
13:54:04.124 @BOS004 20
13:54:04.124 @BOS005 2019/2/17 0:00:00
13:54:04.125 @idx 3
13:54:04.126 @BOS002 3
13:54:04.126 @BOS003 4
13:54:04.126 @BOS004 20
13:54:04.126 @BOS005 2019/2/17 0:00:00
13:54:04.127 @idx 6
13:54:04.127 @BOS002 3
13:54:04.128 @BOS003 4
13:54:04.128 @BOS004 20
13:54:04.128 @BOS005 2019/2/17 0:00:00
13:54:08.504 @idx 3
13:54:08.505 @BOS002 3
13:54:08.506 @BOS003 4
13:54:08.506 @BOS004 20
13:54:08.507 @BOS005 2019/2/17 0:00:00
13:54:08.511 @idx 1
13:54:08.511 @BOS002 3
13:54:08.511 @BOS003 4
13:54:08.511 @BOS004 20
13:54:08.512 @BOS005 2019/2/17 0:00:00
13:54:08.514 @idx 4
13:54:08.514 @BOS002 3
13:54:08.514 @BOS003 4
13:54:08.514 @BOS004 20
13:54:08.514 @BOS005 2019/2/17 0:00:00
13:54:08.516 @idx 5
13:54:08.517 @BOS002 3
13:54:08.517 @BOS003 4
13:54:08.517 @BOS004 20
13:54:08.517 @BOS005 2019/2/17 0:00:00
13:54:08.519 @idx 2
13:54:08.519 @BOS002 3
13:54:08.520 @BOS003 4
13:54:08.520 @BOS004 20
13:54:08.520 @BOS005 2019/1/12 0:00:00
13:54:08.523 @idx 6
13:54:08.523 @BOS002 3
13:54:08.523 @BOS003 4
13:54:08.523 @BOS004 20
13:54:08.523 @BOS005 2019/2/17 0:00:00
14:06:25.600 @EMP002 系统管理员
14:06:25.601 @EMP033 9af7f2b45fff5ca168dd7081681fadd
