08:41:21.285 @EMP002 系统管理员
08:41:21.338 @EMP033 d147845167609156fbfc3a53ce72a656
08:41:28.762 @EMP002 系统管理员
08:41:28.762 @EMP033 9af7f2b45fff5ca168dd7081681fadd
08:49:48.712 @EMP002 系统管理员
08:49:48.713 @EMP033 cebfd1559b68d67688884d7a3d3e8c
08:49:53.010 @EMP002 系统管理员
08:49:53.011 @EMP033 9af7f2b45fff5ca168dd7081681fadd
09:40:58.670 @EMP002 系统管理员
09:40:58.671 @EMP033 9af7f2b45fff5ca168dd7081681fadd
09:54:28.802 @EMP002 系统管理员
09:54:28.804 @EMP033 9af7f2b45fff5ca168dd7081681fadd
13:12:51.184 @EMP002 系统管理员
13:12:51.185 @EMP033 9af7f2b45fff5ca168dd7081681fadd
13:13:28.859 @PRD001 20190216001
13:13:28.859 @PRD002 2019/2/16 0:00:00
13:13:28.859 @PRD003 False
13:13:28.883 @PRE001 20190216001
13:13:28.883 @PRE002 SD201901210001
13:13:28.884 @PRE003 001
13:13:28.884 @PRE004 JYLF01-DS
13:13:28.884 @PRE005 2019/2/16 0:00:00
13:13:28.884 @PRE006 2019/1/21 0:00:00
13:13:28.885 @PRE007 1
13:13:28.885 @PRE008 1
13:13:28.885 @PRE010 1
13:13:39.061 @PRD001 20190216001
13:13:39.061 @PRD003 True
13:13:39.064 @PRF001 JYLF01-DS
13:13:39.065 @PRF002 2019/2/16 0:00:00
13:13:39.065 @PRF003 1
13:22:35.088 @EMP002 系统管理员
13:22:35.088 @EMP033 9af7f2b45fff5ca168dd7081681fadd
15:05:34.120 @EMP002 系统管理员
15:05:34.122 @EMP033 9af7f2b45fff5ca168dd7081681fadd
15:07:05.684 @EMP002 系统管理员
15:07:05.686 @EMP033 9af7f2b45fff5ca168dd7081681fadd
15:22:04.624 @EMP002 系统管理员
15:22:04.625 @EMP033 9af7f2b45fff5ca168dd7081681fadd
16:19:30.959 @EMP002 系统管理员
16:19:30.960 @EMP033 9af7f2b45fff5ca168dd7081681fadd
17:03:39.551 @EMP002 系统管理员
17:03:39.551 @EMP033 6a56eb4ec7fb6c111f76120d43c5d1e
17:03:43.356 @EMP002 系统管理员
17:03:43.356 @EMP033 9af7f2b45fff5ca168dd7081681fadd
17:04:10.305 @WAH001 20190116004
17:04:10.305 @WAH002 10197
17:04:10.305 @WAH003 严光梅
17:04:10.305 @WAH006 86.5
17:04:10.305 @WAH008 1245.3
17:04:10.315 @WAH001 20190116004
17:04:10.315 @WAH002 10184
17:04:10.315 @WAH003 严金容
17:04:10.315 @WAH006 160
17:04:10.315 @WAH008 2278.49
17:04:10.315 @WAH001 20190116004
17:04:10.315 @WAH002 10141
17:04:10.315 @WAH003 付志林
17:04:10.315 @WAH006 93.5
17:04:10.315 @WAH008 1351.34
17:04:10.325 @WAH001 20190116004
17:04:10.325 @WAH002 10125
17:04:10.325 @WAH003 代开容
17:04:10.325 @WAH006 163
17:04:10.325 @WAH008 2370.21
17:04:10.325 @WAH001 20190116004
17:04:10.325 @WAH002 10111
17:04:10.325 @WAH003 代碧荣
17:04:10.325 @WAH006 164
17:04:10.325 @WAH008 2363.1
17:04:10.325 @WAH001 20190116004
17:04:10.325 @WAH002 10216
17:04:10.325 @WAH003 任汝茂
17:04:10.325 @WAH006 120
17:04:10.325 @WAH008 1803
17:04:10.335 @WAH001 20190116004
17:04:10.335 @WAH002 10106
17:04:10.335 @WAH003 任汝桂
17:04:10.335 @WAH006 123
17:04:10.335 @WAH008 2033.8
17:04:10.335 @WAH001 20190116004
17:04:10.335 @WAH002 10118
17:04:10.335 @WAH003 何万华
17:04:10.335 @WAH006 154.5
17:04:10.335 @WAH008 2242.71
17:04:10.335 @WAH001 20190116004
17:04:10.335 @WAH002 10158
17:04:10.335 @WAH003 何恩鹏
17:04:10.335 @WAH006 129
17:04:10.335 @WAH008 2046.17
17:04:10.335 @WAH001 20190116004
17:04:10.335 @WAH002 10174
17:04:10.335 @WAH003 何卫芳
17:04:10.335 @WAH006 153
17:04:10.335 @WAH008 2278.26
17:04:10.345 @WAH001 20190116004
17:04:10.346 @WAH002 10233
17:04:10.346 @WAH003 何卫英
17:04:10.346 @WAH006 148.5
17:04:10.346 @WAH008 2100.69
17:04:10.346 @WAH001 20190116004
17:04:10.346 @WAH002 10170
17:04:10.346 @WAH003 何兴强
17:04:10.346 @WAH006 68.5
17:04:10.346 @WAH008 1053.57
17:04:10.346 @WAH001 20190116004
17:04:10.346 @WAH002 10226
17:04:10.346 @WAH003 何忠鑫
17:04:10.346 @WAH006 110
17:04:10.346 @WAH008 1697.07
17:04:10.346 @WAH001 20190116004
17:04:10.346 @WAH002 10036
17:04:10.346 @WAH003 何培凤
17:04:10.346 @WAH006 78
17:04:10.346 @WAH008 975.54
17:04:10.346 @WAH001 20190116004
17:04:10.346 @WAH002 10211
17:04:10.346 @WAH003 冉月梅
17:04:10.346 @WAH006 143.5
17:04:10.356 @WAH008 2169.85
17:04:10.356 @WAH001 20190116004
17:04:10.356 @WAH002 10214
17:04:10.356 @WAH003 冉剑
17:04:10.356 @WAH006 120
17:04:10.356 @WAH008 1803
17:04:10.356 @WAH001 20190116004
17:04:10.356 @WAH002 10101
17:04:10.356 @WAH003 冉建明
17:04:10.356 @WAH006 180
17:04:10.356 @WAH008 2314.7
17:04:10.356 @WAH001 20190116004
17:04:10.356 @WAH002 10224
17:04:10.356 @WAH003 刘兴星
17:04:10.356 @WAH006 120
17:04:10.356 @WAH008 1803
17:04:10.356 @WAH001 20190116004
17:04:10.356 @WAH002 10116
17:04:10.356 @WAH003 刘兴贵
17:04:10.356 @WAH006 158.5
17:04:10.356 @WAH008 2387.14
17:04:10.356 @WAH001 20190116004
17:04:10.356 @WAH002 10114
17:04:10.356 @WAH003 刘林艳
17:04:10.356 @WAH006 123
17:04:10.366 @WAH008 2002.9
17:04:10.366 @WAH001 20190116004
17:04:10.366 @WAH002 10213
17:04:10.366 @WAH003 刘志
17:04:10.366 @WAH006 120
17:04:10.366 @WAH008 1803
17:04:10.366 @WAH001 20190116004
17:04:10.366 @WAH002 10062
17:04:10.366 @WAH003 刘国正
17:04:10.366 @WAH006 134
17:04:10.366 @WAH008 3090.2
17:04:10.366 @WAH001 20190116004
17:04:10.366 @WAH002 10137
17:04:10.366 @WAH003 占利
17:04:10.366 @WAH006 131
17:04:10.366 @WAH008 1875.86
17:04:10.366 @WAH001 20190116004
17:04:10.366 @WAH002 10205
17:04:10.366 @WAH003 卢刚
17:04:10.366 @WAH006 118
17:04:10.366 @WAH008 1772.1
17:04:10.376 @WAH001 20190116004
17:04:10.376 @WAH002 10127
17:04:10.376 @WAH003 卿廷群
17:04:10.376 @WAH006 163
17:04:10.376 @WAH008 2370.21
17:04:10.376 @WAH001 20190116004
17:04:10.376 @WAH002 10094
17:04:10.376 @WAH003 向光彬
17:04:10.376 @WAH006 159
17:04:10.376 @WAH008 2074.7
17:04:10.376 @WAH001 20190116004
17:04:10.376 @WAH002 10157
17:04:10.376 @WAH003 吕大英
17:04:10.376 @WAH006 108.5
17:04:10.376 @WAH008 1725.94
17:04:10.376 @WAH001 20190116004
17:04:10.376 @WAH002 10021
17:04:10.376 @WAH003 吕红艳
17:04:10.376 @WAH006 78
17:04:10.376 @WAH008 975.54
17:04:10.376 @WAH001 20190116004
17:04:10.376 @WAH002 10239
17:04:10.376 @WAH003 吕家奎
17:04:10.376 @WAH006 141.5
17:04:10.376 @WAH008 2452.11
17:04:10.386 @WAH001 20190116004
17:04:10.386 @WAH002 10064
17:04:10.386 @WAH003 吕士长
17:04:10.386 @WAH006 109
17:04:10.386 @WAH008 1512.7
17:04:10.386 @WAH001 20190116004
17:04:10.386 @WAH002 10185
17:04:10.386 @WAH003 吕建明
17:04:10.386 @WAH006 120
17:04:10.386 @WAH008 1683.04
17:04:10.386 @WAH001 20190116004
17:04:10.386 @WAH002 10123
17:04:10.386 @WAH003 吴张英
17:04:10.386 @WAH006 111.5
17:04:10.386 @WAH008 1599.29
17:04:10.386 @WAH001 20190116004
17:04:10.386 @WAH002 10183
17:04:10.386 @WAH003 吴正秀
17:04:10.386 @WAH006 159.5
17:04:10.386 @WAH008 2363.33
17:04:10.386 @WAH001 20190116004
17:04:10.386 @WAH002 10011
17:04:10.386 @WAH003 吴征义
17:04:10.386 @WAH006 141
17:04:10.386 @WAH008 2353.06527
17:04:10.396 @WAH001 20190116004
17:04:10.396 @WAH002 10041
17:04:10.396 @WAH003 吴群英
17:04:10.396 @WAH006 70
17:04:10.396 @WAH008 871.54
17:04:10.396 @WAH001 20190116004
17:04:10.396 @WAH002 10204
17:04:10.396 @WAH003 吴纪高
17:04:10.396 @WAH006 143.5
17:04:10.396 @WAH008 2169.85
17:04:10.396 @WAH001 20190116004
17:04:10.396 @WAH002 10110
17:04:10.396 @WAH003 吴绍洪
17:04:10.396 @WAH006 48
17:04:10.396 @WAH008 644.2
17:04:10.406 @WAH001 20190116004
17:04:10.406 @WAH002 10052
17:04:10.406 @WAH003 周思超
17:04:10.406 @WAH006 70
17:04:10.406 @WAH008 747.49
17:04:10.406 @WAH001 20190116004
17:04:10.406 @WAH002 10121
17:04:10.406 @WAH003 周顺
17:04:10.406 @WAH006 170
17:04:10.406 @WAH008 2455.31
17:04:10.406 @WAH001 20190116004
17:04:10.406 @WAH002 10194
17:04:10.406 @WAH003 周梦
17:04:10.406 @WAH006 37
17:04:10.406 @WAH008 507.03
17:04:10.406 @WAH001 20190116004
17:04:10.406 @WAH002 10043
17:04:10.406 @WAH003 唐春凤
17:04:10.406 @WAH006 57
17:04:10.406 @WAH008 626.23
17:04:10.406 @WAH001 20190116004
17:04:10.406 @WAH002 10161
17:04:10.406 @WAH003 唐启碧
17:04:10.406 @WAH006 121.5
17:04:10.406 @WAH008 1932.24
17:04:10.416 @WAH001 20190116004
17:04:10.416 @WAH002 10199
17:04:10.416 @WAH003 唐录兴
17:04:10.416 @WAH006 98
17:04:10.416 @WAH008 1423.13
17:04:10.416 @WAH001 20190116004
17:04:10.416 @WAH002 10139
17:04:10.416 @WAH003 唐录云
17:04:10.416 @WAH006 138
17:04:10.416 @WAH008 2097.12
17:04:10.416 @WAH001 20190116004
17:04:10.416 @WAH002 10163
17:04:10.416 @WAH003 唐家文
17:04:10.416 @WAH006 133.5
17:04:10.416 @WAH008 2118.83
17:04:10.416 @WAH001 20190116004
17:04:10.416 @WAH002 10056
17:04:10.416 @WAH003 宋万林
17:04:10.416 @WAH006 62
17:04:10.416 @WAH008 730.74
17:04:10.426 @WAH001 20190116004
17:04:10.426 @WAH002 10108
17:04:10.426 @WAH003 宋华枝
17:04:10.426 @WAH006 3
17:04:10.426 @WAH008 39
17:04:10.426 @WAH001 20190116004
17:04:10.426 @WAH002 10164
17:04:10.426 @WAH003 崔文平
17:04:10.426 @WAH006 121.5
17:04:10.426 @WAH008 2148.54
17:04:10.426 @WAH001 20190116004
17:04:10.426 @WAH002 10154
17:04:10.426 @WAH003 巢红
17:04:10.426 @WAH006 110.5
17:04:10.426 @WAH008 1772.3
17:04:10.436 @WAH001 20190116004
17:04:10.436 @WAH002 10024
17:04:10.436 @WAH003 平单单
17:04:10.436 @WAH006 70
17:04:10.436 @WAH008 914.54
17:04:10.436 @WAH001 20190116004
17:04:10.436 @WAH002 10085
17:04:10.436 @WAH003 廖仁琼
17:04:10.436 @WAH006 168
17:04:10.436 @WAH008 2130.84
17:04:10.436 @WAH001 20190116004
17:04:10.436 @WAH002 10180
17:04:10.436 @WAH003 张吉娥
17:04:10.436 @WAH006 147
17:04:10.436 @WAH008 2132.54
17:04:10.436 @WAH001 20190116004
17:04:10.436 @WAH002 10073
17:04:10.436 @WAH003 张小婵
17:04:10.436 @WAH006 286
17:04:10.436 @WAH008 1760.2
17:04:10.436 @WAH001 20190116004
17:04:10.436 @WAH002 10061
17:04:10.436 @WAH003 张朝军
17:04:10.436 @WAH006 37
17:04:10.446 @WAH008 245.6
17:04:10.446 @WAH001 20190116004
17:04:10.446 @WAH002 10091
17:04:10.446 @WAH003 张永红
17:04:10.446 @WAH006 84
17:04:10.446 @WAH008 1157.4
17:04:10.446 @WAH001 20190116004
17:04:10.446 @WAH002 10198
17:04:10.446 @WAH003 张永芹
17:04:10.446 @WAH006 129
17:04:10.446 @WAH008 1937.04
17:04:10.446 @WAH001 20190116004
17:04:10.446 @WAH002 10130
17:04:10.446 @WAH003 张义兵
17:04:10.446 @WAH006 33
17:04:10.446 @WAH008 469.32
17:04:10.446 @WAH001 20190116004
17:04:10.446 @WAH002 10076
17:04:10.446 @WAH003 张正友
17:04:10.456 @WAH006 40
17:04:10.456 @WAH008 347.65
17:04:10.456 @WAH001 20190116004
17:04:10.456 @WAH002 10089
17:04:10.456 @WAH003 张登群
17:04:10.456 @WAH006 153
17:04:10.456 @WAH008 2567
17:04:10.456 @WAH001 20190116004
17:04:10.456 @WAH002 10093
17:04:10.456 @WAH003 张承浩
17:04:10.456 @WAH006 150
17:04:10.456 @WAH008 2078.1
17:04:10.456 @WAH001 20190116004
17:04:10.456 @WAH002 10190
17:04:10.456 @WAH003 张文华
17:04:10.456 @WAH006 113.5
17:04:10.456 @WAH008 1650.76
17:04:10.456 @WAH001 20190116004
17:04:10.456 @WAH002 10189
17:04:10.456 @WAH003 张冶英
17:04:10.456 @WAH006 92.5
17:04:10.456 @WAH008 1321.43
17:04:10.456 @WAH001 20190116004
17:04:10.456 @WAH002 10087
17:04:10.456 @WAH003 彭荣泽
17:04:10.456 @WAH006 94
17:04:10.456 @WAH008 917.15
17:04:10.466 @WAH001 20190116004
17:04:10.466 @WAH002 10019
17:04:10.466 @WAH003 彭顺艳
17:04:10.466 @WAH006 70
17:04:10.466 @WAH008 874.54
17:04:10.466 @WAH001 20190116004
17:04:10.466 @WAH002 10240
17:04:10.466 @WAH003 徐代宽
17:04:10.466 @WAH006 95
17:04:10.466 @WAH008 1473.89
17:04:10.466 @WAH001 20190116004
17:04:10.466 @WAH002 10109
17:04:10.466 @WAH003 成露洪
17:04:10.466 @WAH006 160
17:04:10.466 @WAH008 2282.5
17:04:10.466 @WAH001 20190116004
17:04:10.466 @WAH002 10098
17:04:10.466 @WAH003 文玉容
17:04:10.466 @WAH006 108
17:04:10.466 @WAH008 1783.8
17:04:10.466 @WAH001 20190116004
17:04:10.466 @WAH002 10074
17:04:10.466 @WAH003 曾昭婵
17:04:10.466 @WAH006 273
17:04:10.466 @WAH008 1449.9
17:04:10.476 @WAH001 20190116004
17:04:10.476 @WAH002 10067
17:04:10.476 @WAH003 曾代元
17:04:10.476 @WAH006 112
17:04:10.476 @WAH008 1517.3
17:04:10.476 @WAH001 20190116004
17:04:10.476 @WAH002 10072
17:04:10.476 @WAH003 曾代保
17:04:10.476 @WAH006 85
17:04:10.476 @WAH008 1207.7
17:04:10.476 @WAH001 20190116004
17:04:10.476 @WAH002 10126
17:04:10.476 @WAH003 朱正高
17:04:10.476 @WAH006 33
17:04:10.476 @WAH008 469.32
17:04:10.476 @WAH001 20190116004
17:04:10.476 @WAH002 10227
17:04:10.476 @WAH003 朱红洋
17:04:10.476 @WAH006 120
17:04:10.476 @WAH008 1803
17:04:10.476 @WAH001 20190116004
17:04:10.476 @WAH002 10080
17:04:10.476 @WAH003 李成江
17:04:10.486 @WAH006 53
17:04:10.486 @WAH008 478.25
17:04:10.486 @WAH001 20190116004
17:04:10.486 @WAH002 10022
17:04:10.486 @WAH003 李朝粉
17:04:10.486 @WAH006 70
17:04:10.486 @WAH008 871.54
17:04:10.486 @WAH001 20190116004
17:04:10.486 @WAH002 10030
17:04:10.486 @WAH003 李大花
17:04:10.486 @WAH006 61
17:04:10.486 @WAH008 837.11
17:04:10.486 @WAH001 20190116004
17:04:10.486 @WAH002 10131
17:04:10.486 @WAH003 李琴琴
17:04:10.486 @WAH006 49.5
17:04:10.486 @WAH008 712.65
17:04:10.486 @WAH001 20190116004
17:04:10.486 @WAH002 10129
17:04:10.486 @WAH003 李义承
17:04:10.496 @WAH006 101
17:04:10.496 @WAH008 1467.65
17:04:10.496 @WAH001 20190116004
17:04:10.496 @WAH002 10086
17:04:10.496 @WAH003 李光艳
17:04:10.496 @WAH006 94
17:04:10.496 @WAH008 917.15
17:04:10.496 @WAH001 20190116004
17:04:10.496 @WAH002 10057
17:04:10.496 @WAH003 李光云
17:04:10.496 @WAH006 70
17:04:10.496 @WAH008 871.54
17:04:10.496 @WAH001 20190116004
17:04:10.496 @WAH002 10136
17:04:10.496 @WAH003 李敏
17:04:10.496 @WAH006 71
17:04:10.496 @WAH008 1018.47
17:04:10.496 @WAH001 20190116004
17:04:10.496 @WAH002 10105
17:04:10.496 @WAH003 李道红
17:04:10.496 @WAH006 12
17:04:10.496 @WAH008 0
17:04:10.506 @WAH001 20190116004
17:04:10.506 @WAH002 10013
17:04:10.506 @WAH003 李守军
17:04:10.506 @WAH006 141
17:04:10.506 @WAH008 2353.06527
17:04:10.506 @WAH001 20190116004
17:04:10.506 @WAH002 10133
17:04:10.506 @WAH003 李二先
17:04:10.506 @WAH006 101
17:04:10.506 @WAH008 1467.65
17:04:10.506 @WAH001 20190116004
17:04:10.506 @WAH002 10223
17:04:10.506 @WAH003 李再秀
17:04:10.506 @WAH006 140
17:04:10.506 @WAH008 2110.76
17:04:10.506 @WAH001 20190116004
17:04:10.506 @WAH002 10040
17:04:10.506 @WAH003 李林菊
17:04:10.506 @WAH006 70
17:04:10.506 @WAH008 871.54
17:04:10.506 @WAH001 20190116004
17:04:10.516 @WAH002 10070
17:04:10.516 @WAH003 李军
17:04:10.516 @WAH006 103.5
17:04:10.516 @WAH008 1164.4
17:04:10.516 @WAH001 20190116004
17:04:10.516 @WAH002 10235
17:04:10.516 @WAH003 李梦飞
17:04:10.516 @WAH006 101.5
17:04:10.516 @WAH008 1331.73
17:04:10.516 @WAH001 20190116004
17:04:10.516 @WAH002 10100
17:04:10.516 @WAH003 李金芳
17:04:10.516 @WAH006 103
17:04:10.516 @WAH008 1687.7
17:04:10.516 @WAH001 20190116004
17:04:10.516 @WAH002 10220
17:04:10.516 @WAH003 李进芬
17:04:10.516 @WAH006 40.5
17:04:10.516 @WAH008 590.5
17:04:10.516 @WAH001 20190116004
17:04:10.516 @WAH002 10177
17:04:10.516 @WAH003 李英
17:04:10.516 @WAH006 117.5
17:04:10.516 @WAH008 1656.09
17:04:10.526 @WAH001 20190116004
17:04:10.526 @WAH002 10218
17:04:10.526 @WAH003 李泽勋
17:04:10.526 @WAH006 120.5
17:04:10.526 @WAH008 1811.47
17:04:10.526 @WAH001 20190116004
17:04:10.526 @WAH002 10182
17:04:10.526 @WAH003 杜光兴
17:04:10.526 @WAH006 104
17:04:10.526 @WAH008 1470.93
17:04:10.526 @WAH001 20190116004
17:04:10.526 @WAH002 10196
17:04:10.526 @WAH003 杜光辉
17:04:10.526 @WAH006 95
17:04:10.526 @WAH008 1353.93
17:04:10.526 @WAH001 20190116004
17:04:10.526 @WAH002 10034
17:04:10.526 @WAH003 杜顺艳
17:04:10.526 @WAH006 70
17:04:10.526 @WAH008 871.54
17:04:10.526 @WAH001 20190116004
17:04:10.526 @WAH002 10084
17:04:10.526 @WAH003 杜福英
17:04:10.526 @WAH006 146
17:04:10.526 @WAH008 1769.12
17:04:10.536 @WAH001 20190116004
17:04:10.536 @WAH002 10152
17:04:10.536 @WAH003 杨小祥
17:04:10.536 @WAH006 144.5
17:04:10.536 @WAH008 2285
17:04:10.536 @WAH001 20190116004
17:04:10.536 @WAH002 10191
17:04:10.536 @WAH003 杨成芳
17:04:10.536 @WAH006 156.5
17:04:10.536 @WAH008 2265.13
17:04:10.536 @WAH001 20190116004
17:04:10.536 @WAH002 10176
17:04:10.536 @WAH003 杨天燕
17:04:10.536 @WAH006 87.5
17:04:10.536 @WAH008 1237.51
17:04:10.536 @WAH001 20190116004
17:04:10.536 @WAH002 10102
17:04:10.536 @WAH003 杨晓芬
17:04:10.536 @WAH006 171
17:04:10.536 @WAH008 2364.8
17:04:10.536 @WAH001 20190116004
17:04:10.546 @WAH002 10178
17:04:10.546 @WAH003 杨浪
17:04:10.546 @WAH006 124.5
17:04:10.546 @WAH008 1877.44
17:04:10.546 @WAH001 20190116004
17:04:10.546 @WAH002 10039
17:04:10.546 @WAH003 杨海霞
17:04:10.546 @WAH006 95
17:04:10.546 @WAH008 1287.23
17:04:10.546 @WAH001 20190116004
17:04:10.546 @WAH002 10201
17:04:10.546 @WAH003 杨犁
17:04:10.546 @WAH006 133
17:04:10.546 @WAH008 1899.39
17:04:10.546 @WAH001 20190116004
17:04:10.546 @WAH002 10228
17:04:10.546 @WAH003 杨定红
17:04:10.546 @WAH006 95
17:04:10.546 @WAH008 1473.89
17:04:10.546 @WAH001 20190116004
17:04:10.546 @WAH002 10071
17:04:10.546 @WAH003 杨碧华
17:04:10.546 @WAH006 161
17:04:10.546 @WAH008 2428.2
17:04:10.546 @WAH001 20190116004
17:04:10.546 @WAH002 10221
17:04:10.546 @WAH003 杨秘密
17:04:10.546 @WAH006 120
17:04:10.546 @WAH008 1803
17:04:10.556 @WAH001 20190116004
17:04:10.556 @WAH002 10222
17:04:10.556 @WAH003 梁昌莲
17:04:10.556 @WAH006 56.5
17:04:10.556 @WAH008 838.02
17:04:10.556 @WAH001 20190116004
17:04:10.556 @WAH002 10025
17:04:10.556 @WAH003 梁永琴
17:04:10.556 @WAH006 67
17:04:10.556 @WAH008 640.05
17:04:10.556 @WAH001 20190116004
17:04:10.556 @WAH002 10095
17:04:10.556 @WAH003 梁永松
17:04:10.556 @WAH006 144
17:04:10.556 @WAH008 1911
17:04:10.556 @WAH001 20190116004
17:04:10.556 @WAH002 10029
17:04:10.556 @WAH003 段进连
17:04:10.556 @WAH006 14
17:04:10.556 @WAH008 103.82
17:04:10.556 @WAH001 20190116004
17:04:10.556 @WAH002 10147
17:04:10.556 @WAH003 毛友英
17:04:10.556 @WAH006 145
17:04:10.556 @WAH008 2299.09
17:04:10.566 @WAH001 20190116004
17:04:10.566 @WAH002 10124
17:04:10.566 @WAH003 熊洪才
17:04:10.566 @WAH006 114
17:04:10.566 @WAH008 1613.6
17:04:10.566 @WAH001 20190116004
17:04:10.566 @WAH002 10045
17:04:10.566 @WAH003 牟飞
17:04:10.566 @WAH006 51
17:04:10.566 @WAH008 517.3
17:04:10.566 @WAH001 20190116004
17:04:10.566 @WAH002 10146
17:04:10.566 @WAH003 王万才
17:04:10.566 @WAH006 121.5
17:04:10.566 @WAH008 1932.24
17:04:10.566 @WAH001 20190116004
17:04:10.566 @WAH002 10092
17:04:10.566 @WAH003 王月庆
17:04:10.566 @WAH006 186
17:04:10.566 @WAH008 2644
17:04:10.566 @WAH001 20190116004
17:04:10.566 @WAH002 10037
17:04:10.566 @WAH003 王程平
17:04:10.566 @WAH006 25
17:04:10.566 @WAH008 189.55
17:04:10.566 @WAH001 20190116004
17:04:10.566 @WAH002 10012
17:04:10.566 @WAH003 王世洪
17:04:10.576 @WAH006 125
17:04:10.576 @WAH008 2000.205
17:04:10.576 @WAH001 20190116004
17:04:10.576 @WAH002 10209
17:04:10.576 @WAH003 王敬琼
17:04:10.576 @WAH006 24.5
17:04:10.576 @WAH008 332.72
17:04:10.576 @WAH001 20190116004
17:04:10.576 @WAH002 10193
17:04:10.576 @WAH003 王海云
17:04:10.576 @WAH006 129
17:04:10.576 @WAH008 1800.04
17:04:10.576 @WAH001 20190116004
17:04:10.576 @WAH002 10229
17:04:10.576 @WAH003 王云
17:04:10.576 @WAH006 107
17:04:10.576 @WAH008 1644.46
17:04:10.576 @WAH001 20190116004
17:04:10.586 @WAH002 10096
17:04:10.586 @WAH003 王友会
17:04:10.586 @WAH006 147
17:04:10.586 @WAH008 2060.7
17:04:10.586 @WAH001 20190116004
17:04:10.586 @WAH002 10138
17:04:10.586 @WAH003 王绍琴
17:04:10.586 @WAH006 101
17:04:10.586 @WAH008 1467.65
17:04:10.586 @WAH001 20190116004
17:04:10.586 @WAH002 10069
17:04:10.586 @WAH003 王燕
17:04:10.586 @WAH006 361
17:04:10.586 @WAH008 2021.1
17:04:10.586 @WAH001 20190116004
17:04:10.586 @WAH002 10065
17:04:10.586 @WAH003 王高全
17:04:10.586 @WAH006 134.5
17:04:10.586 @WAH008 1897.7
17:04:10.586 @WAH001 20190116004
17:04:10.586 @WAH002 10168
17:04:10.586 @WAH003 王旭
17:04:10.586 @WAH006 33
17:04:10.586 @WAH008 492.34
17:04:10.586 @WAH001 20190116004
17:04:10.586 @WAH002 10048
17:04:10.586 @WAH003 王建琼
17:04:10.586 @WAH006 70
17:04:10.586 @WAH008 744.49
17:04:10.596 @WAH001 20190116004
17:04:10.596 @WAH002 10140
17:04:10.596 @WAH003 田锋
17:04:10.596 @WAH006 97
17:04:10.596 @WAH008 1363.77
17:04:10.596 @WAH001 20190116004
17:04:10.596 @WAH002 10179
17:04:10.596 @WAH003 田玉云
17:04:10.596 @WAH006 168
17:04:10.596 @WAH008 2369.46
17:04:10.596 @WAH001 20190116004
17:04:10.596 @WAH002 10153
17:04:10.596 @WAH003 石英
17:04:10.596 @WAH006 121.5
17:04:10.596 @WAH008 1932.24
17:04:10.596 @WAH001 20190116004
17:04:10.596 @WAH002 10143
17:04:10.596 @WAH003 章艳艳
17:04:10.596 @WAH006 130.5
17:04:10.596 @WAH008 1942.88
17:04:10.596 @WAH001 20190116004
17:04:10.596 @WAH002 10032
17:04:10.596 @WAH003 罗昌梅
17:04:10.596 @WAH006 70
17:04:10.596 @WAH008 744.49
17:04:10.606 @WAH001 20190116004
17:04:10.606 @WAH002 10210
17:04:10.606 @WAH003 罗昌蓉
17:04:10.606 @WAH006 120
17:04:10.606 @WAH008 1933
17:04:10.606 @WAH001 20190116004
17:04:10.606 @WAH002 10020
17:04:10.606 @WAH003 罗小琴
17:04:10.606 @WAH006 70
17:04:10.606 @WAH008 871.54
17:04:10.606 @WAH001 20190116004
17:04:10.606 @WAH002 10219
17:04:10.606 @WAH003 罗洪
17:04:10.606 @WAH006 103.5
17:04:10.606 @WAH008 1559.51
17:04:10.606 @WAH001 20190116004
17:04:10.606 @WAH002 10107
17:04:10.606 @WAH003 罗永凤
17:04:10.606 @WAH006 135
17:04:10.606 @WAH008 2090.3
17:04:10.606 @WAH001 20190116004
17:04:10.606 @WAH002 10027
17:04:10.606 @WAH003 聂昌奎
17:04:10.606 @WAH006 19
17:04:10.606 @WAH008 43.25
17:04:10.616 @WAH001 20190116004
17:04:10.616 @WAH002 10017
17:04:10.616 @WAH003 聂付秋
17:04:10.616 @WAH006 70
17:04:10.616 @WAH008 871.54
17:04:10.616 @WAH001 20190116004
17:04:10.616 @WAH002 10026
17:04:10.616 @WAH003 胡孝明
17:04:10.616 @WAH006 66
17:04:10.616 @WAH008 649.49
17:04:10.616 @WAH001 20190116004
17:04:10.616 @WAH002 10103
17:04:10.616 @WAH003 胡肖荣
17:04:10.616 @WAH006 173.5
17:04:10.616 @WAH008 2430.9
17:04:10.616 @WAH001 20190116004
17:04:10.616 @WAH002 10169
17:04:10.616 @WAH003 莫红妹
17:04:10.616 @WAH006 116.5
17:04:10.616 @WAH008 1854.88
17:04:10.616 @WAH001 20190116004
17:04:10.616 @WAH002 10104
17:04:10.626 @WAH003 蒋祥兰
17:04:10.626 @WAH006 137.5
17:04:10.626 @WAH008 1981.5
17:04:10.626 @WAH001 20190116004
17:04:10.626 @WAH002 10225
17:04:10.626 @WAH003 薛伦彪
17:04:10.626 @WAH006 150.5
17:04:10.626 @WAH008 2274.95
17:04:10.626 @WAH001 20190116004
17:04:10.626 @WAH002 10149
17:04:10.626 @WAH003 薛能琴
17:04:10.626 @WAH006 122.5
17:04:10.626 @WAH008 1958.89
17:04:10.626 @WAH001 20190116004
17:04:10.626 @WAH002 10018
17:04:10.626 @WAH003 薛能米
17:04:10.626 @WAH006 70
17:04:10.626 @WAH008 882.54
17:04:10.626 @WAH001 20190116004
17:04:10.626 @WAH002 10232
17:04:10.626 @WAH003 薛能珍
17:04:10.626 @WAH006 127.5
17:04:10.626 @WAH008 1681.31
17:04:10.626 @WAH001 20190116004
17:04:10.636 @WAH002 10150
17:04:10.636 @WAH003 言玲俐
17:04:10.636 @WAH006 108
17:04:10.636 @WAH008 1686.48
17:04:10.636 @WAH001 20190116004
17:04:10.636 @WAH002 10097
17:04:10.636 @WAH003 许娟
17:04:10.636 @WAH006 156
17:04:10.636 @WAH008 2510.3
17:04:10.636 @WAH001 20190116004
17:04:10.636 @WAH002 10078
17:04:10.636 @WAH003 谢武林
17:04:10.636 @WAH006 186
17:04:10.636 @WAH008 3076.81
17:04:10.636 @WAH001 20190116004
17:04:10.636 @WAH002 10144
17:04:10.636 @WAH003 费锡情
17:04:10.636 @WAH006 153.5
17:04:10.636 @WAH008 2426.59
17:04:10.636 @WAH001 20190116004
17:04:10.636 @WAH002 10117
17:04:10.636 @WAH003 赵成鹏
17:04:10.636 @WAH006 101
17:04:10.636 @WAH008 1467.65
17:04:10.636 @WAH001 20190116004
17:04:10.636 @WAH002 10156
17:04:10.636 @WAH003 赵成国
17:04:10.636 @WAH006 108
17:04:10.646 @WAH008 1686.48
17:04:10.646 @WAH001 20190116004
17:04:10.646 @WAH002 10063
17:04:10.646 @WAH003 赵海
17:04:10.646 @WAH006 84
17:04:10.646 @WAH008 1128.3
17:04:10.646 @WAH001 20190116004
17:04:10.646 @WAH002 10033
17:04:10.646 @WAH003 赵雨婷
17:04:10.646 @WAH006 62
17:04:10.646 @WAH008 857.79
17:04:10.646 @WAH001 20190116004
17:04:10.646 @WAH002 10167
17:04:10.646 @WAH003 邓转敏
17:04:10.646 @WAH006 103.5
17:04:10.646 @WAH008 1606.96
17:04:10.646 @WAH001 20190116004
17:04:10.646 @WAH002 10166
17:04:10.646 @WAH003 邢玲玲
17:04:10.646 @WAH006 128.5
17:04:10.646 @WAH008 2147.34
17:04:10.646 @WAH001 20190116004
17:04:10.646 @WAH002 10162
17:04:10.646 @WAH003 邵太玲
17:04:10.646 @WAH006 121.5
17:04:10.646 @WAH008 1932.24
17:04:10.656 @WAH001 20190116004
17:04:10.656 @WAH002 10134
17:04:10.656 @WAH003 邹永操
17:04:10.656 @WAH006 131
17:04:10.656 @WAH008 1875.86
17:04:10.656 @WAH001 20190116004
17:04:10.656 @WAH002 10083
17:04:10.656 @WAH003 郁叶琴
17:04:10.656 @WAH006 155.5
17:04:10.656 @WAH008 1898.06
17:04:10.656 @WAH001 20190116004
17:04:10.656 @WAH002 10099
17:04:10.656 @WAH003 郭锡芬
17:04:10.656 @WAH006 156
17:04:10.656 @WAH008 2250.5
17:04:10.656 @WAH001 20190116004
17:04:10.656 @WAH002 10122
17:04:10.656 @WAH003 郭昭芬
17:04:10.656 @WAH006 130.5
17:04:10.656 @WAH008 1914.31
17:04:10.656 @WAH001 20190116004
17:04:10.656 @WAH002 10015
17:04:10.656 @WAH003 郭婧
17:04:10.656 @WAH006 70
17:04:10.656 @WAH008 744.49
17:04:10.666 @WAH001 20190116004
17:04:10.666 @WAH002 10236
17:04:10.666 @WAH003 钟以芝
17:04:10.666 @WAH006 126
17:04:10.666 @WAH008 2253.26
17:04:10.666 @WAH001 20190116004
17:04:10.666 @WAH002 10241
17:04:10.666 @WAH003 钱军旗
17:04:10.666 @WAH006 132.5
17:04:10.666 @WAH008 2347.76
17:04:10.666 @WAH001 20190116004
17:04:10.666 @WAH002 10128
17:04:10.666 @WAH003 陈万珍
17:04:10.666 @WAH006 114
17:04:10.666 @WAH008 1613.6
17:04:10.666 @WAH001 20190116004
17:04:10.666 @WAH002 10044
17:04:10.666 @WAH003 陈朝香
17:04:10.666 @WAH006 70
17:04:10.666 @WAH008 744.49
17:04:10.666 @WAH001 20190116004
17:04:10.666 @WAH002 10113
17:04:10.666 @WAH003 陈洪
17:04:10.666 @WAH006 157.5
17:04:10.666 @WAH008 2121.1
17:04:10.666 @WAH001 20190116004
17:04:10.666 @WAH002 10053
17:04:10.676 @WAH003 陈广会
17:04:10.676 @WAH006 65
17:04:10.676 @WAH008 783.33
17:04:10.676 @WAH001 20190116004
17:04:10.676 @WAH002 10135
17:04:10.676 @WAH003 陈广春
17:04:10.676 @WAH006 154.5
17:04:10.676 @WAH008 2262.62
17:04:10.676 @WAH001 20190116004
17:04:10.676 @WAH002 10195
17:04:10.676 @WAH003 陈广前
17:04:10.676 @WAH006 60
17:04:10.676 @WAH008 850.59
17:04:10.676 @WAH001 20190116004
17:04:10.676 @WAH002 10088
17:04:10.676 @WAH003 陈善芬
17:04:10.676 @WAH006 144
17:04:10.676 @WAH008 2199.1
17:04:10.676 @WAH001 20190116004
17:04:10.676 @WAH002 10075
17:04:10.676 @WAH003 陈林甫
17:04:10.676 @WAH006 186
17:04:10.676 @WAH008 3076.81
17:04:10.676 @WAH001 20190116004
17:04:10.676 @WAH002 10151
17:04:10.676 @WAH003 陈仁兵
17:04:10.676 @WAH006 96
17:04:10.676 @WAH008 1491.76
17:04:10.686 @WAH001 20190116004
17:04:10.686 @WAH002 10068
17:04:10.686 @WAH003 陈勇
17:04:10.686 @WAH006 83
17:04:10.686 @WAH008 1232.5
17:04:10.686 @WAH001 20190116004
17:04:10.686 @WAH002 10206
17:04:10.686 @WAH003 陈友泌
17:04:10.686 @WAH006 117
17:04:10.686 @WAH008 1764
17:04:10.686 @WAH001 20190116004
17:04:10.686 @WAH002 10028
17:04:10.686 @WAH003 陶兴琴
17:04:10.686 @WAH006 10
17:04:10.686 @WAH008 8.82
17:04:10.686 @WAH001 20190116004
17:04:10.686 @WAH002 10238
17:04:10.686 @WAH003 陶红德
17:04:10.686 @WAH006 127
17:04:10.686 @WAH008 2214
17:04:10.686 @WAH001 20190116004
17:04:10.696 @WAH002 10090
17:04:10.696 @WAH003 雷华莲
17:04:10.696 @WAH006 36
17:04:10.696 @WAH008 522.8
17:04:10.696 @WAH001 20190116004
17:04:10.696 @WAH002 10188
17:04:10.696 @WAH003 韩万碧
17:04:10.696 @WAH006 106.5
17:04:10.696 @WAH008 1503.43
17:04:10.696 @WAH001 20190116004
17:04:10.696 @WAH002 10079
17:04:10.696 @WAH003 韩义军
17:04:10.696 @WAH006 186
17:04:10.696 @WAH008 3076.81
17:04:10.696 @WAH001 20190116004
17:04:10.696 @WAH002 10217
17:04:10.696 @WAH003 韩道翠
17:04:10.696 @WAH006 143.5
17:04:10.696 @WAH008 2169.85
17:04:10.696 @WAH001 20190116004
17:04:10.696 @WAH002 10035
17:04:10.696 @WAH003 韩孝君
17:04:10.696 @WAH006 70
17:04:10.696 @WAH008 881.54
17:04:10.696 @WAH001 20190116004
17:04:10.696 @WAH002 10230
17:04:10.696 @WAH003 韩秀金
17:04:10.696 @WAH006 145.5
17:04:10.696 @WAH008 1983.17
17:04:10.706 @WAH001 20190116004
17:04:10.706 @WAH002 10038
17:04:10.706 @WAH003 韩英
17:04:10.706 @WAH006 67
17:04:10.706 @WAH008 635.05
17:04:10.706 @WAH001 20190116004
17:04:10.706 @WAH002 10120
17:04:10.706 @WAH003 马小千
17:04:10.706 @WAH006 131
17:04:10.706 @WAH008 2005.86
17:04:10.706 @WAH001 20190116004
17:04:10.706 @WAH002 10171
17:04:10.706 @WAH003 魏涛
17:04:10.706 @WAH006 121.5
17:04:10.706 @WAH008 1932.24
17:04:10.706 @WAH001 20190116004
17:04:10.706 @WAH002 10231
17:04:10.706 @WAH003 黄春燕
17:04:10.706 @WAH006 126
17:04:10.706 @WAH008 1762.91
17:04:10.706 @WAH001 20190116004
17:04:10.706 @WAH002 10260
17:04:10.706 @WAH003 黄兴平
17:04:10.706 @WAH006 112
17:04:10.706 @WAH008 1845.3
17:04:10.716 @WAH001 20190116004
17:04:10.716 @WAH002 10014
17:04:10.716 @WAH003 黄仁生
17:04:10.716 @WAH006 141
17:04:10.716 @WAH008 2353.06527
17:04:10.716 @WAH001 20190116004
17:04:10.716 @WAH002 10031
17:04:10.726 @WAH003 黄史作
17:04:10.726 @WAH006 70
17:04:10.726 @WAH008 871.54
17:04:10.726 @WAH001 20190116004
17:04:10.726 @WAH002 10055
17:04:10.726 @WAH003 黄曲作
17:04:10.726 @WAH006 70
17:04:10.726 @WAH008 871.54
17:04:10.726 @WAH001 20190116004
17:04:10.726 @WAH002 10016
17:04:10.726 @WAH003 龙兴连
17:04:10.726 @WAH006 78
17:04:10.726 @WAH008 975.54
17:04:10.726 @WAH001 20190116004
17:04:10.726 @WAH002 10175
17:04:10.726 @WAH003 龚建容
17:04:10.726 @WAH006 129
17:04:10.726 @WAH008 1800.04
17:04:32.124 @WAH010 0
17:04:32.124 @WAH011 0
17:04:32.124 @WAH015 0
17:04:32.124 @WAH016 0
17:04:32.124 @WAH017 0
17:04:32.124 @WAH018 0
17:04:32.124 @WAH019 0
17:04:32.134 @WAH022 18
17:04:32.134 @idx 4330
17:04:32.134 @WAH010 0
17:04:32.134 @WAH011 0
17:04:32.134 @WAH015 0
17:04:32.134 @WAH016 0
17:04:32.134 @WAH017 0
17:04:32.134 @WAH018 0
17:04:32.134 @WAH019 0
17:04:32.134 @WAH022 18
17:04:32.134 @idx 4412
17:04:32.144 @WAH010 0
17:04:32.144 @WAH011 0
17:04:32.144 @WAH015 0
17:04:32.144 @WAH016 0
17:04:32.144 @WAH017 0
17:04:32.144 @WAH018 0
17:04:32.144 @WAH019 0
17:04:32.144 @WAH022 18
17:04:32.144 @idx 4378
17:04:32.144 @WAH010 0
17:04:32.144 @WAH011 0
17:04:32.144 @WAH015 0
17:04:32.144 @WAH016 0
17:04:32.144 @WAH017 0
17:04:32.144 @WAH018 0
17:04:32.144 @WAH019 0
17:04:32.144 @WAH022 18
17:04:32.144 @idx 4483
17:04:32.144 @WAH010 0
17:04:32.144 @WAH011 0
17:04:32.144 @WAH015 0
17:04:32.144 @WAH016 0
17:04:32.144 @WAH017 0
17:04:32.144 @WAH018 0
17:04:32.144 @WAH019 0
17:04:32.144 @WAH022 15
17:04:32.144 @idx 4456
17:04:32.154 @WAH010 0
17:04:32.154 @WAH011 0
17:04:32.154 @WAH015 0
17:04:32.154 @WAH016 0
17:04:32.154 @WAH017 0
17:04:32.154 @WAH018 0
17:04:32.154 @WAH019 0
17:04:32.154 @WAH022 15
17:04:32.154 @idx 4486
17:04:32.154 @WAH010 0
17:04:32.154 @WAH011 0
17:04:32.154 @WAH015 0
17:04:32.154 @WAH016 0
17:04:32.154 @WAH017 0
17:04:32.154 @WAH018 0
17:04:32.154 @WAH019 0
17:04:32.154 @WAH022 15
17:04:32.154 @idx 4432
17:04:32.154 @WAH010 0
17:04:32.154 @WAH011 0
17:04:32.154 @WAH015 0
17:04:32.154 @WAH016 0
17:04:32.154 @WAH017 0
17:04:32.154 @WAH018 0
17:04:32.154 @WAH019 0
17:04:32.154 @WAH022 15
17:04:32.154 @idx 4439
17:04:32.164 @WAH010 0
17:04:32.164 @WAH011 0
17:04:32.164 @WAH015 0
17:04:32.164 @WAH016 0
17:04:32.164 @WAH017 0
17:04:32.164 @WAH018 0
17:04:32.164 @WAH019 0
17:04:32.164 @WAH022 15
17:04:32.164 @idx 4360
17:04:32.164 @WAH010 0
17:04:32.164 @WAH011 0
17:04:32.164 @WAH015 0
17:04:32.164 @WAH016 0
17:04:32.164 @WAH017 0
17:04:32.164 @WAH018 0
17:04:32.164 @WAH019 0
17:04:32.164 @WAH022 15
17:04:32.164 @idx 4428
17:04:32.164 @WAH010 0
17:04:32.164 @WAH011 0
17:04:32.164 @WAH015 0
17:04:32.164 @WAH016 0
17:04:32.164 @WAH017 0
17:04:32.164 @WAH018 0
17:04:32.164 @WAH019 0
17:04:32.164 @WAH022 15
17:04:32.164 @idx 4324
17:04:32.164 @WAH010 0
17:04:32.164 @WAH011 0
17:04:32.164 @WAH015 0
17:04:32.164 @WAH016 0
17:04:32.164 @WAH017 0
17:04:32.164 @WAH018 0
17:04:32.174 @WAH019 0
17:04:32.174 @WAH022 15
17:04:32.174 @idx 4370
17:04:32.174 @WAH010 0
17:04:32.174 @WAH011 0
17:04:32.174 @WAH015 0
17:04:32.174 @WAH016 0
17:04:32.174 @WAH017 0
17:04:32.174 @WAH018 0
17:04:32.174 @WAH019 0
17:04:32.174 @WAH022 15
17:04:32.174 @idx 4346
17:04:32.174 @WAH010 0
17:04:32.174 @WAH011 0
17:04:32.174 @WAH015 0
17:04:32.174 @WAH016 0
17:04:32.174 @WAH017 0
17:04:32.174 @WAH018 0
17:04:32.174 @WAH019 0
17:04:32.174 @WAH022 15
17:04:32.174 @idx 4403
17:04:32.174 @WAH010 0
17:04:32.174 @WAH011 0
17:04:32.174 @WAH015 0
17:04:32.174 @WAH016 0
17:04:32.174 @WAH017 0
17:04:32.174 @WAH018 0
17:04:32.174 @WAH019 0
17:04:32.174 @WAH022 15
17:04:32.174 @idx 4433
17:04:32.174 @WAH010 0
17:04:32.174 @WAH011 0
17:04:32.174 @WAH015 0
17:04:32.174 @WAH016 0
17:04:32.174 @WAH017 0
17:04:32.184 @WAH018 0
17:04:32.184 @WAH019 0
17:04:32.184 @WAH022 15
17:04:32.184 @idx 4431
17:04:32.184 @WAH010 0
17:04:32.184 @WAH011 0
17:04:32.184 @WAH015 0
17:04:32.184 @WAH016 0
17:04:32.184 @WAH017 0
17:04:32.184 @WAH018 0
17:04:32.184 @WAH019 0
17:04:32.184 @WAH022 15
17:04:32.184 @idx 4470
17:04:32.184 @WAH010 0
17:04:32.184 @WAH011 0
17:04:32.184 @WAH015 0
17:04:32.184 @WAH016 0
17:04:32.184 @WAH017 0
17:04:32.184 @WAH018 0
17:04:32.184 @WAH019 0
17:04:32.184 @WAH022 15
17:04:32.184 @idx 4405
17:04:32.184 @WAH010 0
17:04:32.184 @WAH011 0
17:04:32.184 @WAH015 0
17:04:32.184 @WAH016 0
17:04:32.184 @WAH017 0
17:04:32.184 @WAH018 0
17:04:32.184 @WAH019 0
17:04:32.184 @WAH022 15
17:04:32.184 @idx 4371
17:04:32.194 @WAH010 0
17:04:32.194 @WAH011 0
17:04:32.194 @WAH015 0
17:04:32.194 @WAH016 0
17:04:32.194 @WAH017 0
17:04:32.194 @WAH018 0
17:04:32.194 @WAH019 0
17:04:32.194 @WAH022 15
17:04:32.194 @idx 4484
17:04:32.194 @WAH010 0
17:04:32.194 @WAH011 0
17:04:32.194 @WAH015 0
17:04:32.194 @WAH016 0
17:04:32.194 @WAH017 0
17:04:32.194 @WAH018 0
17:04:32.194 @WAH019 0
17:04:32.194 @WAH022 15
17:04:32.194 @idx 4426
17:04:32.194 @WAH010 0
17:04:32.194 @WAH011 0
17:04:32.194 @WAH015 0
17:04:32.194 @WAH016 0
17:04:32.194 @WAH017 0
17:04:32.194 @WAH018 0
17:04:32.194 @WAH019 0
17:04:32.194 @WAH022 15
17:04:32.194 @idx 4448
17:04:32.194 @WAH010 0
17:04:32.194 @WAH011 0
17:04:32.194 @WAH015 0
17:04:32.194 @WAH016 0
17:04:32.194 @WAH017 0
17:04:32.194 @WAH018 0
17:04:32.194 @WAH019 0
17:04:32.194 @WAH022 15
17:04:32.194 @idx 4390
17:04:32.204 @WAH010 0
17:04:32.204 @WAH011 0
17:04:32.204 @WAH015 0
17:04:32.204 @WAH016 0
17:04:32.204 @WAH017 0
17:04:32.204 @WAH018 0
17:04:32.204 @WAH019 0
17:04:32.204 @WAH022 15
17:04:32.204 @idx 4476
17:04:32.204 @WAH010 0
17:04:32.204 @WAH011 0
17:04:32.204 @WAH015 0
17:04:32.204 @WAH016 0
17:04:32.204 @WAH017 0
17:04:32.204 @WAH018 0
17:04:32.204 @WAH019 0
17:04:32.204 @WAH022 15
17:04:32.204 @idx 4310
17:04:32.204 @WAH010 0
17:04:32.204 @WAH011 0
17:04:32.204 @WAH015 0
17:04:32.204 @WAH016 0
17:04:32.204 @WAH017 0
17:04:32.204 @WAH018 0
17:04:32.204 @WAH019 0
17:04:32.204 @WAH022 15
17:04:32.204 @idx 4411
17:04:32.204 @WAH010 0
17:04:32.204 @WAH011 0
17:04:32.204 @WAH015 0
17:04:32.204 @WAH016 0
17:04:32.204 @WAH017 0
17:04:32.204 @WAH018 0
17:04:32.204 @WAH019 0
17:04:32.204 @WAH022 15
17:04:32.214 @idx 4478
17:04:32.214 @WAH010 0
17:04:32.214 @WAH011 0
17:04:32.214 @WAH015 0
17:04:32.214 @WAH016 0
17:04:32.214 @WAH017 0
17:04:32.214 @WAH018 0
17:04:32.214 @WAH019 0
17:04:32.214 @WAH022 15
17:04:32.214 @idx 4397
17:04:32.214 @WAH010 0
17:04:32.214 @WAH011 0
17:04:32.214 @WAH015 0
17:04:32.214 @WAH016 0
17:04:32.214 @WAH017 0
17:04:32.214 @WAH018 0
17:04:32.214 @WAH019 0
17:04:32.214 @WAH022 15
17:04:32.214 @idx 4381
17:04:32.214 @WAH010 0
17:04:32.214 @WAH011 0
17:04:32.214 @WAH015 0
17:04:32.214 @WAH016 0
17:04:32.214 @WAH017 0
17:04:32.214 @WAH018 0
17:04:32.214 @WAH019 0
17:04:32.214 @WAH022 15
17:04:32.214 @idx 4331
17:04:32.214 @WAH010 0
17:04:32.214 @WAH011 0
17:04:32.224 @WAH015 0
17:04:32.224 @WAH016 0
17:04:32.224 @WAH017 0
17:04:32.224 @WAH018 0
17:04:32.224 @WAH019 0
17:04:32.224 @WAH022 15
17:04:32.224 @idx 4337
17:04:32.224 @WAH010 0
17:04:32.224 @WAH011 0
17:04:32.224 @WAH015 0
17:04:32.224 @WAH016 0
17:04:32.224 @WAH017 0
17:04:32.224 @WAH018 0
17:04:32.224 @WAH019 0
17:04:32.224 @WAH022 15
17:04:32.224 @idx 4460
17:04:32.224 @WAH010 0
17:04:32.224 @WAH011 0
17:04:32.224 @WAH015 0
17:04:32.224 @WAH016 0
17:04:32.224 @WAH017 0
17:04:32.224 @WAH018 0
17:04:32.224 @WAH019 0
17:04:32.224 @WAH022 15
17:04:32.224 @idx 4408
17:04:32.224 @WAH010 0
17:04:32.224 @WAH011 0
17:04:32.224 @WAH015 0
17:04:32.224 @WAH016 0
17:04:32.224 @WAH017 0
17:04:32.224 @WAH018 0
17:04:32.224 @WAH019 0
17:04:32.224 @WAH022 15
17:04:32.234 @idx 4421
17:04:32.234 @WAH010 0
17:04:32.234 @WAH011 0
17:04:32.234 @WAH015 0
17:04:32.234 @WAH016 0
17:04:32.234 @WAH017 0
17:04:32.234 @WAH018 0
17:04:32.234 @WAH019 0
17:04:32.234 @WAH022 15
17:04:32.234 @idx 4334
17:04:32.234 @WAH010 0
17:04:32.234 @WAH011 0
17:04:32.234 @WAH015 0
17:04:32.234 @WAH016 0
17:04:32.234 @WAH017 0
17:04:32.234 @WAH018 0
17:04:32.234 @WAH019 0
17:04:32.234 @WAH022 15
17:04:32.234 @idx 4462
17:04:32.234 @WAH010 0
17:04:32.234 @WAH011 0
17:04:32.234 @WAH015 0
17:04:32.234 @WAH016 0
17:04:32.234 @WAH017 0
17:04:32.234 @WAH018 0
17:04:32.234 @WAH019 0
17:04:32.234 @WAH022 15
17:04:32.234 @idx 4485
17:04:32.244 @WAH010 0
17:04:32.244 @WAH011 0
17:04:32.244 @WAH015 0
17:04:32.244 @WAH016 0
17:04:32.244 @WAH017 0
17:04:32.244 @WAH018 0
17:04:32.244 @WAH019 0
17:04:32.244 @WAH022 15
17:04:32.244 @idx 4342
17:04:32.244 @WAH010 0
17:04:32.244 @WAH011 0
17:04:32.244 @WAH015 0
17:04:32.244 @WAH016 0
17:04:32.244 @WAH017 0
17:04:32.244 @WAH018 0
17:04:32.244 @WAH019 0
17:04:32.244 @WAH022 15
17:04:32.244 @idx 4375
17:04:32.244 @WAH010 0
17:04:32.244 @WAH011 0
17:04:32.244 @WAH015 0
17:04:32.244 @WAH016 0
17:04:32.244 @WAH017 0
17:04:32.244 @WAH018 0
17:04:32.244 @WAH019 0
17:04:32.244 @WAH022 17
17:04:32.244 @idx 4350
17:04:32.244 @WAH010 0
17:04:32.244 @WAH011 0
17:04:32.244 @WAH015 0
17:04:32.244 @WAH016 0
17:04:32.244 @WAH017 0
17:04:32.244 @WAH018 0
17:04:32.254 @WAH019 0
17:04:32.254 @WAH022 17
17:04:32.254 @idx 4318
17:04:32.254 @WAH010 0
17:04:32.254 @WAH011 0
17:04:32.254 @WAH015 0
17:04:32.254 @WAH016 0
17:04:32.254 @WAH017 0
17:04:32.254 @WAH018 0
17:04:32.254 @WAH019 0
17:04:32.254 @WAH022 17
17:04:32.254 @idx 4447
17:04:32.254 @WAH010 0
17:04:32.254 @WAH011 0
17:04:32.254 @WAH015 0
17:04:32.254 @WAH016 0
17:04:32.254 @WAH017 0
17:04:32.254 @WAH018 0
17:04:32.254 @WAH019 0
17:04:32.254 @WAH022 17
17:04:32.254 @idx 4326
17:04:32.254 @WAH010 0
17:04:32.254 @WAH011 0
17:04:32.254 @WAH015 0
17:04:32.254 @WAH016 0
17:04:32.254 @WAH017 0
17:04:32.254 @WAH018 0
17:04:32.254 @WAH019 0
17:04:32.254 @WAH022 17
17:04:32.254 @idx 4419
17:04:32.264 @WAH010 0
17:04:32.264 @WAH011 0
17:04:32.264 @WAH015 0
17:04:32.264 @WAH016 0
17:04:32.264 @WAH017 0
17:04:32.264 @WAH018 0
17:04:32.264 @WAH019 0
17:04:32.264 @WAH022 17
17:04:32.264 @idx 4365
17:04:32.264 @WAH010 0
17:04:32.264 @WAH011 0
17:04:32.264 @WAH015 0
17:04:32.264 @WAH016 0
17:04:32.264 @WAH017 0
17:04:32.264 @WAH018 0
17:04:32.264 @WAH019 0
17:04:32.264 @WAH022 17
17:04:32.264 @idx 4468
17:04:32.264 @WAH010 0
17:04:32.264 @WAH011 0
17:04:32.264 @WAH015 0
17:04:32.264 @WAH016 0
17:04:32.264 @WAH017 0
17:04:32.264 @WAH018 0
17:04:32.264 @WAH019 0
17:04:32.264 @WAH022 17
17:04:32.264 @idx 4418
17:04:32.264 @WAH010 0
17:04:32.264 @WAH011 0
17:04:32.264 @WAH015 0
17:04:32.264 @WAH016 0
17:04:32.264 @WAH017 0
17:04:32.264 @WAH018 0
17:04:32.264 @WAH019 0
17:04:32.264 @WAH022 17
17:04:32.264 @idx 4382
17:04:32.274 @WAH010 0
17:04:32.274 @WAH011 0
17:04:32.274 @WAH015 0
17:04:32.274 @WAH016 0
17:04:32.274 @WAH017 0
17:04:32.274 @WAH018 0
17:04:32.274 @WAH019 0
17:04:32.274 @WAH022 16
17:04:32.274 @idx 4400
17:04:32.274 @WAH010 0
17:04:32.274 @WAH011 0
17:04:32.274 @WAH015 0
17:04:32.274 @WAH016 0
17:04:32.274 @WAH017 0
17:04:32.274 @WAH018 0
17:04:32.274 @WAH019 0
17:04:32.274 @WAH022 17
17:04:32.274 @idx 4366
17:04:32.274 @WAH010 0
17:04:32.274 @WAH011 0
17:04:32.274 @WAH015 0
17:04:32.274 @WAH016 0
17:04:32.274 @WAH017 0
17:04:32.274 @WAH018 0
17:04:32.274 @WAH019 0
17:04:32.274 @WAH022 17
17:04:32.284 @idx 4349
17:04:32.284 @WAH010 0
17:04:32.284 @WAH011 0
17:04:32.284 @WAH015 0
17:04:32.284 @WAH016 0
17:04:32.284 @WAH017 0
17:04:32.284 @WAH018 0
17:04:32.284 @WAH019 0
17:04:32.284 @WAH022 17
17:04:32.284 @idx 4364
17:04:32.284 @WAH010 0
17:04:32.284 @WAH011 0
17:04:32.284 @WAH015 200
17:04:32.284 @WAH016 0
17:04:32.284 @WAH017 0
17:04:32.284 @WAH018 0
17:04:32.284 @WAH019 0
17:04:32.284 @WAH022 16
17:04:32.284 @idx 4466
17:04:32.294 @WAH010 0
17:04:32.294 @WAH011 0
17:04:32.294 @WAH015 81.3172222222222
17:04:32.294 @WAH016 0
17:04:32.294 @WAH017 0
17:04:32.294 @WAH018 0
17:04:32.294 @WAH019 0
17:04:32.294 @WAH022 16
17:04:32.294 @idx 4354
17:04:32.294 @WAH010 0
17:04:32.294 @WAH011 0
17:04:32.294 @WAH015 81.3172222222222
17:04:32.294 @WAH016 0
17:04:32.294 @WAH017 0
17:04:32.294 @WAH018 0
17:04:32.294 @WAH019 0
17:04:32.294 @WAH022 16
17:04:32.294 @idx 4443
17:04:32.304 @WAH010 0
17:04:32.304 @WAH011 0
17:04:32.304 @WAH015 81.3172222222222
17:04:32.304 @WAH016 0
17:04:32.304 @WAH017 0
17:04:32.304 @WAH018 0
17:04:32.304 @WAH019 0
17:04:32.304 @WAH022 16
17:04:32.304 @idx 4474
17:04:32.304 @WAH010 0
17:04:32.304 @WAH011 0
17:04:32.304 @WAH015 81.3172222222222
17:04:32.304 @WAH016 0
17:04:32.304 @WAH017 0
17:04:32.304 @WAH018 0
17:04:32.304 @WAH019 0
17:04:32.304 @WAH022 16
17:04:32.304 @idx 4369
17:04:32.304 @WAH010 0
17:04:32.304 @WAH011 0
17:04:32.304 @WAH015 81.3172222222222
17:04:32.304 @WAH016 0
17:04:32.304 @WAH017 0
17:04:32.304 @WAH018 0
17:04:32.304 @WAH019 0
17:04:32.304 @WAH022 16
17:04:32.304 @idx 4453
17:04:32.314 @WAH010 0
17:04:32.314 @WAH011 0
17:04:32.314 @WAH015 81.3172222222222
17:04:32.314 @WAH016 0
17:04:32.314 @WAH017 0
17:04:32.314 @WAH018 0
17:04:32.314 @WAH019 0
17:04:32.314 @WAH022 16
17:04:32.314 @idx 4391
17:04:32.314 @WAH010 0
17:04:32.314 @WAH011 0
17:04:32.314 @WAH015 81.3172222222222
17:04:32.314 @WAH016 0
17:04:32.314 @WAH017 0
17:04:32.314 @WAH018 0
17:04:32.314 @WAH019 0
17:04:32.314 @WAH022 16
17:04:32.314 @idx 4347
17:04:32.314 @WAH010 0
17:04:32.314 @WAH011 0
17:04:32.314 @WAH015 81.3172222222222
17:04:32.314 @WAH016 0
17:04:32.314 @WAH017 0
17:04:32.314 @WAH018 0
17:04:32.314 @WAH019 0
17:04:32.314 @WAH022 16
17:04:32.314 @idx 4374
17:04:32.314 @WAH010 0
17:04:32.314 @WAH011 0
17:04:32.314 @WAH015 81.3172222222222
17:04:32.314 @WAH016 0
17:04:32.314 @WAH017 0
17:04:32.314 @WAH018 0
17:04:32.314 @WAH019 0
17:04:32.314 @WAH022 16
17:04:32.314 @idx 4359
17:04:32.324 @WAH010 0
17:04:32.324 @WAH011 0
17:04:32.324 @WAH015 0
17:04:32.324 @WAH016 0
17:04:32.324 @WAH017 0
17:04:32.324 @WAH018 0
17:04:32.324 @WAH019 0
17:04:32.324 @WAH022 16
17:04:32.324 @idx 4465
17:04:32.324 @WAH010 0
17:04:32.324 @WAH011 0
17:04:32.324 @WAH015 0
17:04:32.324 @WAH016 0
17:04:32.324 @WAH017 0
17:04:32.324 @WAH018 0
17:04:32.324 @WAH019 0
17:04:32.324 @WAH022 16
17:04:32.324 @idx 4355
17:04:32.324 @WAH010 0
17:04:32.324 @WAH011 0
17:04:32.324 @WAH015 0
17:04:32.324 @WAH016 0
17:04:32.324 @WAH017 0
17:04:32.324 @WAH018 0
17:04:32.324 @WAH019 0
17:04:32.324 @WAH022 16
17:04:32.324 @idx 4472
17:04:32.334 @WAH010 0
17:04:32.334 @WAH011 0
17:04:32.334 @WAH015 0
17:04:32.334 @WAH016 0
17:04:32.334 @WAH017 0
17:04:32.334 @WAH018 0
17:04:32.334 @WAH019 0
17:04:32.334 @WAH022 16
17:04:32.334 @idx 4351
17:04:32.334 @WAH010 0
17:04:32.334 @WAH011 0
17:04:32.334 @WAH015 0
17:04:32.334 @WAH016 0
17:04:32.334 @WAH017 0
17:04:32.334 @WAH018 0
17:04:32.334 @WAH019 0
17:04:32.334 @WAH022 16
17:04:32.334 @idx 4410
17:04:32.334 @WAH010 0
17:04:32.334 @WAH011 0
17:04:32.334 @WAH015 0
17:04:32.334 @WAH016 0
17:04:32.334 @WAH017 0
17:04:32.334 @WAH018 0
17:04:32.334 @WAH019 0
17:04:32.334 @WAH022 16
17:04:32.334 @idx 4356
17:04:32.334 @WAH010 0
17:04:32.334 @WAH011 0
17:04:32.344 @WAH015 0
17:04:32.344 @WAH016 0
17:04:32.344 @WAH017 0
17:04:32.344 @WAH018 0
17:04:32.344 @WAH019 0
17:04:32.344 @WAH022 16
17:04:32.344 @idx 4322
17:04:32.344 @WAH010 0
17:04:32.344 @WAH011 0
17:04:32.344 @WAH015 0
17:04:32.344 @WAH016 0
17:04:32.344 @WAH017 0
17:04:32.344 @WAH018 0
17:04:32.344 @WAH019 0
17:04:32.344 @WAH022 16
17:04:32.344 @idx 4404
17:04:32.344 @WAH010 0
17:04:32.344 @WAH011 0
17:04:32.344 @WAH015 0
17:04:32.344 @WAH016 0
17:04:32.344 @WAH017 0
17:04:32.344 @WAH018 0
17:04:32.344 @WAH019 0
17:04:32.344 @WAH022 16
17:04:32.344 @idx 4416
17:04:32.344 @WAH010 0
17:04:32.344 @WAH011 0
17:04:32.344 @WAH015 0
17:04:32.344 @WAH016 0
17:04:32.344 @WAH017 0
17:04:32.344 @WAH018 0
17:04:32.344 @WAH019 0
17:04:32.344 @WAH022 16
17:04:32.344 @idx 4442
17:04:32.354 @WAH010 0
17:04:32.354 @WAH011 0
17:04:32.354 @WAH015 0
17:04:32.354 @WAH016 0
17:04:32.354 @WAH017 0
17:04:32.354 @WAH018 0
17:04:32.354 @WAH019 0
17:04:32.354 @WAH022 16
17:04:32.354 @idx 4363
17:04:32.354 @WAH010 0
17:04:32.354 @WAH011 0
17:04:32.354 @WAH015 0
17:04:32.354 @WAH016 0
17:04:32.354 @WAH017 0
17:04:32.354 @WAH018 0
17:04:32.354 @WAH019 0
17:04:32.354 @WAH022 16
17:04:32.354 @idx 4454
17:04:32.354 @WAH010 0
17:04:32.354 @WAH011 0
17:04:32.354 @WAH015 0
17:04:32.354 @WAH016 0
17:04:32.354 @WAH017 0
17:04:32.354 @WAH018 0
17:04:32.354 @WAH019 0
17:04:32.354 @WAH022 16
17:04:32.354 @idx 4384
17:04:32.354 @WAH010 0
17:04:32.354 @WAH011 0
17:04:32.354 @WAH015 0
17:04:32.354 @WAH016 0
17:04:32.354 @WAH017 0
17:04:32.364 @WAH018 0
17:04:32.364 @WAH019 0
17:04:32.364 @WAH022 16
17:04:32.364 @idx 4313
17:04:32.364 @WAH010 0
17:04:32.364 @WAH011 0
17:04:32.364 @WAH015 0
17:04:32.364 @WAH016 0
17:04:32.364 @WAH017 0
17:04:32.364 @WAH018 0
17:04:32.364 @WAH019 0
17:04:32.364 @WAH022 16
17:04:32.364 @idx 4395
17:04:32.364 @WAH010 0
17:04:32.364 @WAH011 0
17:04:32.364 @WAH015 0
17:04:32.364 @WAH016 0
17:04:32.364 @WAH017 0
17:04:32.364 @WAH018 0
17:04:32.364 @WAH019 0
17:04:32.364 @WAH022 16
17:04:32.364 @idx 4434
17:04:32.364 @WAH010 0
17:04:32.364 @WAH011 0
17:04:32.364 @WAH015 0
17:04:32.364 @WAH016 0
17:04:32.364 @WAH017 0
17:04:32.364 @WAH018 0
17:04:32.364 @WAH019 0
17:04:32.364 @WAH022 16
17:04:32.364 @idx 4436
17:04:32.374 @WAH010 0
17:04:32.374 @WAH011 0
17:04:32.374 @WAH015 0
17:04:32.374 @WAH016 0
17:04:32.374 @WAH017 0
17:04:32.374 @WAH018 0
17:04:32.374 @WAH019 0
17:04:32.374 @WAH022 16
17:04:32.374 @idx 4377
17:04:32.374 @WAH010 0
17:04:32.374 @WAH011 0
17:04:32.374 @WAH015 0
17:04:32.374 @WAH016 0
17:04:32.374 @WAH017 0
17:04:32.374 @WAH018 0
17:04:32.374 @WAH019 0
17:04:32.374 @WAH022 16
17:04:32.374 @idx 4303
17:04:32.374 @WAH010 0
17:04:32.374 @WAH011 0
17:04:32.374 @WAH015 0
17:04:32.374 @WAH016 0
17:04:32.374 @WAH017 0
17:04:32.374 @WAH018 0
17:04:32.374 @WAH019 0
17:04:32.374 @WAH022 16
17:04:32.374 @idx 4430
17:04:32.374 @WAH010 0
17:04:32.374 @WAH011 0
17:04:32.384 @WAH015 0
17:04:32.384 @WAH016 0
17:04:32.384 @WAH017 0
17:04:32.384 @WAH018 0
17:04:32.384 @WAH019 0
17:04:32.384 @WAH022 16
17:04:32.384 @idx 4343
17:04:32.384 @WAH010 0
17:04:32.384 @WAH011 0
17:04:32.384 @WAH015 0
17:04:32.384 @WAH016 0
17:04:32.384 @WAH017 0
17:04:32.384 @WAH018 0
17:04:32.384 @WAH019 0
17:04:32.384 @WAH022 16
17:04:32.384 @idx 4362
17:04:32.384 @WAH010 0
17:04:32.384 @WAH011 0
17:04:32.384 @WAH015 0
17:04:32.384 @WAH016 0
17:04:32.384 @WAH017 0
17:04:32.384 @WAH018 0
17:04:32.384 @WAH019 0
17:04:32.384 @WAH022 16
17:04:32.384 @idx 4333
17:04:32.384 @WAH010 0
17:04:32.384 @WAH011 0
17:04:32.384 @WAH015 0
17:04:32.384 @WAH016 0
17:04:32.384 @WAH017 0
17:04:32.384 @WAH018 0
17:04:32.384 @WAH019 0
17:04:32.384 @WAH022 16
17:04:32.384 @idx 4301
17:04:32.394 @WAH010 0
17:04:32.394 @WAH011 0
17:04:32.394 @WAH015 0
17:04:32.394 @WAH016 0
17:04:32.394 @WAH017 0
17:04:32.394 @WAH018 0
17:04:32.394 @WAH019 0
17:04:32.394 @WAH022 16
17:04:32.394 @idx 4461
17:04:32.394 @WAH010 0
17:04:32.394 @WAH011 0
17:04:32.394 @WAH015 0
17:04:32.394 @WAH016 0
17:04:32.394 @WAH017 0
17:04:32.394 @WAH018 0
17:04:32.394 @WAH019 0
17:04:32.394 @WAH022 16
17:04:32.394 @idx 4316
17:04:32.394 @WAH010 0
17:04:32.394 @WAH011 0
17:04:32.394 @WAH015 0
17:04:32.394 @WAH016 0
17:04:32.394 @WAH017 0
17:04:32.394 @WAH018 0
17:04:32.394 @WAH019 0
17:04:32.394 @WAH022 18
17:04:32.394 @idx 4315
17:04:32.394 @WAH010 0
17:04:32.394 @WAH011 0
17:04:32.394 @WAH015 0
17:04:32.394 @WAH016 0
17:04:32.394 @WAH017 0
17:04:32.404 @WAH018 0
17:04:32.404 @WAH019 0
17:04:32.404 @WAH022 18
17:04:32.404 @idx 4445
17:04:32.404 @WAH010 0
17:04:32.404 @WAH011 0
17:04:32.404 @WAH015 0
17:04:32.404 @WAH016 0
17:04:32.404 @WAH017 0
17:04:32.404 @WAH018 0
17:04:32.404 @WAH019 0
17:04:32.404 @WAH022 18
17:04:32.404 @idx 4304
17:04:32.404 @WAH010 0
17:04:32.404 @WAH011 0
17:04:32.404 @WAH015 0
17:04:32.404 @WAH016 0
17:04:32.404 @WAH017 0
17:04:32.404 @WAH018 0
17:04:32.404 @WAH019 0
17:04:32.404 @WAH022 18
17:04:32.404 @idx 4479
17:04:32.404 @WAH010 0
17:04:32.404 @WAH011 0
17:04:32.404 @WAH015 0
17:04:32.404 @WAH016 0
17:04:32.404 @WAH017 0
17:04:32.404 @WAH018 0
17:04:32.404 @WAH019 0
17:04:32.404 @WAH022 18
17:04:32.404 @idx 4335
17:04:32.414 @WAH010 0
17:04:32.414 @WAH011 0
17:04:32.414 @WAH015 0
17:04:32.414 @WAH016 0
17:04:32.414 @WAH017 0
17:04:32.414 @WAH018 0
17:04:32.414 @WAH019 0
17:04:32.414 @WAH022 18
17:04:32.414 @idx 4455
17:04:32.414 @WAH010 0
17:04:32.414 @WAH011 0
17:04:32.414 @WAH015 0
17:04:32.414 @WAH016 0
17:04:32.414 @WAH017 0
17:04:32.414 @WAH018 0
17:04:32.414 @WAH019 0
17:04:32.414 @WAH022 18
17:04:32.414 @idx 4328
17:04:32.414 @WAH010 0
17:04:32.414 @WAH011 0
17:04:32.414 @WAH015 0
17:04:32.414 @WAH016 0
17:04:32.414 @WAH017 0
17:04:32.414 @WAH018 0
17:04:32.414 @WAH019 0
17:04:32.414 @WAH022 18
17:04:32.414 @idx 4407
17:04:32.414 @WAH010 0
17:04:32.414 @WAH011 0
17:04:32.414 @WAH015 0
17:04:32.414 @WAH016 0
17:04:32.414 @WAH017 0
17:04:32.414 @WAH018 0
17:04:32.424 @WAH019 0
17:04:32.424 @WAH022 18
17:04:32.424 @idx 4300
17:04:32.424 @WAH010 0
17:04:32.424 @WAH011 0
17:04:32.424 @WAH015 0
17:04:32.424 @WAH016 0
17:04:32.424 @WAH017 0
17:04:32.424 @WAH018 0
17:04:32.424 @WAH019 0
17:04:32.424 @WAH022 18
17:04:32.424 @idx 4367
17:04:32.424 @WAH010 0
17:04:32.424 @WAH011 0
17:04:32.424 @WAH015 0
17:04:32.424 @WAH016 0
17:04:32.424 @WAH017 0
17:04:32.424 @WAH018 0
17:04:32.424 @WAH019 0
17:04:32.424 @WAH022 18
17:04:32.424 @idx 4321
17:04:32.424 @WAH010 0
17:04:32.424 @WAH011 0
17:04:32.424 @WAH015 0
17:04:32.424 @WAH016 0
17:04:32.424 @WAH017 0
17:04:32.424 @WAH018 0
17:04:32.424 @WAH019 0
17:04:32.424 @WAH022 18
17:04:32.424 @idx 4459
17:04:32.424 @WAH010 0
17:04:32.434 @WAH011 0
17:04:32.434 @WAH015 0
17:04:32.434 @WAH016 0
17:04:32.434 @WAH017 0
17:04:32.434 @WAH018 0
17:04:32.434 @WAH019 0
17:04:32.434 @WAH022 18
17:04:32.434 @idx 4373
17:04:32.434 @WAH010 0
17:04:32.434 @WAH011 0
17:04:32.434 @WAH015 0
17:04:32.434 @WAH016 0
17:04:32.434 @WAH017 0
17:04:32.434 @WAH018 0
17:04:32.434 @WAH019 0
17:04:32.434 @WAH022 18
17:04:32.434 @idx 4353
17:04:32.434 @WAH010 0
17:04:32.434 @WAH011 0
17:04:32.434 @WAH015 0
17:04:32.434 @WAH016 0
17:04:32.434 @WAH017 0
17:04:32.434 @WAH018 0
17:04:32.434 @WAH019 0
17:04:32.434 @WAH022 18
17:04:32.434 @idx 4372
17:04:32.434 @WAH010 0
17:04:32.434 @WAH011 0
17:04:32.434 @WAH015 0
17:04:32.434 @WAH016 0
17:04:32.434 @WAH017 0
17:04:32.434 @WAH018 0
17:04:32.434 @WAH019 0
17:04:32.434 @WAH022 18
17:04:32.434 @idx 4379
17:04:32.444 @WAH010 0
17:04:32.444 @WAH011 0
17:04:32.444 @WAH015 0
17:04:32.444 @WAH016 0
17:04:32.444 @WAH017 0
17:04:32.444 @WAH018 0
17:04:32.444 @WAH019 0
17:04:32.444 @WAH022 18
17:04:32.444 @idx 4452
17:04:32.444 @WAH010 0
17:04:32.444 @WAH011 0
17:04:32.444 @WAH015 0
17:04:32.444 @WAH016 0
17:04:32.444 @WAH017 0
17:04:32.444 @WAH018 0
17:04:32.444 @WAH019 0
17:04:32.444 @WAH022 18
17:04:32.444 @idx 4463
17:04:32.444 @WAH010 0
17:04:32.444 @WAH011 0
17:04:32.444 @WAH015 0
17:04:32.444 @WAH016 0
17:04:32.444 @WAH017 0
17:04:32.444 @WAH018 0
17:04:32.444 @WAH019 0
17:04:32.444 @WAH022 18
17:04:32.444 @idx 4376
17:04:32.444 @WAH010 0
17:04:32.454 @WAH011 0
17:04:32.454 @WAH015 0
17:04:32.454 @WAH016 0
17:04:32.454 @WAH017 0
17:04:32.454 @WAH018 0
17:04:32.454 @WAH019 0
17:04:32.454 @WAH022 18
17:04:32.454 @idx 4319
17:04:32.454 @WAH010 0
17:04:32.454 @WAH011 0
17:04:32.454 @WAH015 0
17:04:32.454 @WAH016 0
17:04:32.454 @WAH017 0
17:04:32.454 @WAH018 0
17:04:32.454 @WAH019 0
17:04:32.454 @WAH022 18
17:04:32.454 @idx 4417
17:04:32.454 @WAH010 0
17:04:32.454 @WAH011 0
17:04:32.454 @WAH015 0
17:04:32.454 @WAH016 0
17:04:32.454 @WAH017 0
17:04:32.454 @WAH018 0
17:04:32.454 @WAH019 0
17:04:32.454 @WAH022 18
17:04:32.454 @idx 4340
17:04:32.454 @WAH010 0
17:04:32.454 @WAH011 0
17:04:32.454 @WAH015 0
17:04:32.454 @WAH016 0
17:04:32.454 @WAH017 0
17:04:32.454 @WAH018 0
17:04:32.454 @WAH019 0
17:04:32.454 @WAH022 18
17:04:32.454 @idx 4422
17:04:32.464 @WAH010 0
17:04:32.464 @WAH011 0
17:04:32.464 @WAH015 0
17:04:32.464 @WAH016 0
17:04:32.464 @WAH017 0
17:04:32.464 @WAH018 0
17:04:32.464 @WAH019 0
17:04:32.464 @WAH022 18
17:04:32.464 @idx 4299
17:04:32.464 @WAH010 0
17:04:32.464 @WAH011 0
17:04:32.464 @WAH015 0
17:04:32.464 @WAH016 0
17:04:32.464 @WAH017 0
17:04:32.464 @WAH018 0
17:04:32.464 @WAH019 0
17:04:32.464 @WAH022 16
17:04:32.464 @idx 4425
17:04:32.464 @WAH010 0
17:04:32.464 @WAH011 0
17:04:32.464 @WAH015 0
17:04:32.464 @WAH016 0
17:04:32.464 @WAH017 0
17:04:32.464 @WAH018 0
17:04:32.464 @WAH019 0
17:04:32.464 @WAH022 16
17:04:32.464 @idx 4444
17:04:32.464 @WAH010 0
17:04:32.464 @WAH011 0
17:04:32.464 @WAH015 0
17:04:32.464 @WAH016 0
17:04:32.464 @WAH017 0
17:04:32.464 @WAH018 0
17:04:32.464 @WAH019 0
17:04:32.474 @WAH022 16
17:04:32.474 @idx 4409
17:04:32.474 @WAH010 0
17:04:32.474 @WAH011 0
17:04:32.474 @WAH015 0
17:04:32.474 @WAH016 0
17:04:32.474 @WAH017 0
17:04:32.474 @WAH018 0
17:04:32.474 @WAH019 0
17:04:32.474 @WAH022 16
17:04:32.474 @idx 4406
17:04:32.474 @WAH010 0
17:04:32.474 @WAH011 0
17:04:32.474 @WAH015 0
17:04:32.474 @WAH016 0
17:04:32.474 @WAH017 0
17:04:32.474 @WAH018 0
17:04:32.474 @WAH019 0
17:04:32.474 @WAH022 16
17:04:32.474 @idx 4438
17:04:32.474 @WAH010 0
17:04:32.474 @WAH011 0
17:04:32.474 @WAH015 0
17:04:32.474 @WAH016 0
17:04:32.474 @WAH017 0
17:04:32.474 @WAH018 0
17:04:32.474 @WAH019 0
17:04:32.474 @WAH022 16
17:04:32.474 @idx 4441
17:04:32.484 @WAH010 0
17:04:32.484 @WAH011 0
17:04:32.484 @WAH015 0
17:04:32.484 @WAH016 0
17:04:32.484 @WAH017 0
17:04:32.484 @WAH018 0
17:04:32.484 @WAH019 0
17:04:32.484 @WAH022 16
17:04:32.484 @idx 4467
17:04:32.484 @WAH010 0
17:04:32.484 @WAH011 0
17:04:32.484 @WAH015 0
17:04:32.484 @WAH016 0
17:04:32.484 @WAH017 0
17:04:32.484 @WAH018 0
17:04:32.484 @WAH019 0
17:04:32.484 @WAH022 16
17:04:32.484 @idx 4392
17:04:32.484 @WAH010 0
17:04:32.484 @WAH011 0
17:04:32.484 @WAH015 0
17:04:32.484 @WAH016 0
17:04:32.484 @WAH017 0
17:04:32.484 @WAH018 0
17:04:32.484 @WAH019 0
17:04:32.484 @WAH022 16
17:04:32.484 @idx 4424
17:04:32.484 @WAH010 0
17:04:32.484 @WAH011 0
17:04:32.484 @WAH015 0
17:04:32.484 @WAH016 0
17:04:32.484 @WAH017 0
17:04:32.484 @WAH018 0
17:04:32.484 @WAH019 0
17:04:32.494 @WAH022 16
17:04:32.494 @idx 4345
17:04:32.494 @WAH010 0
17:04:32.494 @WAH011 0
17:04:32.494 @WAH015 0
17:04:32.494 @WAH016 0
17:04:32.494 @WAH017 0
17:04:32.494 @WAH018 0
17:04:32.494 @WAH019 0
17:04:32.494 @WAH022 16
17:04:32.494 @idx 4446
17:04:32.494 @WAH010 0
17:04:32.494 @WAH011 0
17:04:32.494 @WAH015 0
17:04:32.494 @WAH016 0
17:04:32.494 @WAH017 0
17:04:32.494 @WAH018 0
17:04:32.494 @WAH019 0
17:04:32.494 @WAH022 16
17:04:32.494 @idx 4323
17:04:32.494 @WAH010 0
17:04:32.494 @WAH011 0
17:04:32.494 @WAH015 0
17:04:32.494 @WAH016 0
17:04:32.494 @WAH017 0
17:04:32.494 @WAH018 0
17:04:32.494 @WAH019 0
17:04:32.494 @WAH022 16
17:04:32.494 @idx 4305
17:04:32.494 @WAH010 0
17:04:32.494 @WAH011 0
17:04:32.504 @WAH015 0
17:04:32.504 @WAH016 0
17:04:32.504 @WAH017 0
17:04:32.504 @WAH018 0
17:04:32.504 @WAH019 0
17:04:32.504 @WAH022 16
17:04:32.504 @idx 4338
17:04:32.504 @WAH010 0
17:04:32.504 @WAH011 0
17:04:32.504 @WAH015 0
17:04:32.504 @WAH016 0
17:04:32.504 @WAH017 0
17:04:32.504 @WAH018 0
17:04:32.504 @WAH019 0
17:04:32.504 @WAH022 16
17:04:32.504 @idx 4451
17:04:32.504 @WAH010 0
17:04:32.504 @WAH011 0
17:04:32.504 @WAH015 0
17:04:32.504 @WAH016 0
17:04:32.504 @WAH017 0
17:04:32.504 @WAH018 0
17:04:32.504 @WAH019 0
17:04:32.504 @WAH022 16
17:04:32.504 @idx 4341
17:04:32.504 @WAH010 0
17:04:32.504 @WAH011 0
17:04:32.504 @WAH015 0
17:04:32.504 @WAH016 0
17:04:32.504 @WAH017 0
17:04:32.504 @WAH018 0
17:04:32.504 @WAH019 0
17:04:32.504 @WAH022 15
17:04:32.504 @idx 4344
17:04:32.514 @WAH010 0
17:04:32.514 @WAH011 0
17:04:32.514 @WAH015 0
17:04:32.514 @WAH016 0
17:04:32.514 @WAH017 0
17:04:32.514 @WAH018 0
17:04:32.514 @WAH019 0
17:04:32.514 @WAH022 16
17:04:32.514 @idx 4450
17:04:32.514 @WAH010 0
17:04:32.514 @WAH011 0
17:04:32.514 @WAH015 0
17:04:32.514 @WAH016 0
17:04:32.514 @WAH017 0
17:04:32.514 @WAH018 0
17:04:32.514 @WAH019 0
17:04:32.514 @WAH022 16
17:04:32.514 @idx 4449
17:04:32.514 @WAH010 0
17:04:32.514 @WAH011 0
17:04:32.514 @WAH015 0
17:04:32.514 @WAH016 0
17:04:32.514 @WAH017 0
17:04:32.514 @WAH018 0
17:04:32.514 @WAH019 0
17:04:32.514 @WAH022 16
17:04:32.514 @idx 4420
17:04:32.514 @WAH010 0
17:04:32.514 @WAH011 0
17:04:32.514 @WAH015 0
17:04:32.524 @WAH016 0
17:04:32.524 @WAH017 0
17:04:32.524 @WAH018 0
17:04:32.524 @WAH019 0
17:04:32.524 @WAH022 16
17:04:32.524 @idx 4435
17:04:32.524 @WAH010 0
17:04:32.524 @WAH011 0
17:04:32.524 @WAH015 0
17:04:32.524 @WAH016 0
17:04:32.524 @WAH017 0
17:04:32.524 @WAH018 0
17:04:32.524 @WAH019 0
17:04:32.524 @WAH022 16
17:04:32.524 @idx 4308
17:04:32.524 @WAH010 0
17:04:32.524 @WAH011 0
17:04:32.524 @WAH015 0
17:04:32.524 @WAH016 0
17:04:32.524 @WAH017 0
17:04:32.524 @WAH018 0
17:04:32.524 @WAH019 0
17:04:32.524 @WAH022 16
17:04:32.524 @idx 4480
17:04:32.524 @WAH010 0
17:04:32.524 @WAH011 0
17:04:32.524 @WAH015 0
17:04:32.524 @WAH016 0
17:04:32.524 @WAH017 0
17:04:32.524 @WAH018 0
17:04:32.524 @WAH019 0
17:04:32.524 @WAH022 18
17:04:32.524 @idx 4306
17:04:32.534 @WAH010 0
17:04:32.534 @WAH011 0
17:04:32.534 @WAH015 0
17:04:32.534 @WAH016 0
17:04:32.534 @WAH017 0
17:04:32.534 @WAH018 0
17:04:32.534 @WAH019 0
17:04:32.534 @WAH022 18
17:04:32.534 @idx 4487
17:04:32.534 @WAH010 0
17:04:32.534 @WAH011 0
17:04:32.534 @WAH015 0
17:04:32.534 @WAH016 0
17:04:32.534 @WAH017 0
17:04:32.534 @WAH018 0
17:04:32.534 @WAH019 0
17:04:32.534 @WAH022 18
17:04:32.534 @idx 4394
17:04:32.534 @WAH010 0
17:04:32.534 @WAH011 0
17:04:32.534 @WAH015 0
17:04:32.534 @WAH016 0
17:04:32.534 @WAH017 0
17:04:32.534 @WAH018 0
17:04:32.534 @WAH019 0
17:04:32.534 @WAH022 18
17:04:32.534 @idx 4386
17:04:32.534 @WAH010 0
17:04:32.534 @WAH011 0
17:04:32.544 @WAH015 0
17:04:32.544 @WAH016 0
17:04:32.544 @WAH017 0
17:04:32.544 @WAH018 0
17:04:32.544 @WAH019 0
17:04:32.544 @WAH022 18
17:04:32.544 @idx 4396
17:04:32.544 @WAH010 0
17:04:32.544 @WAH011 0
17:04:32.544 @WAH015 0
17:04:32.544 @WAH016 0
17:04:32.544 @WAH017 0
17:04:32.544 @WAH018 0
17:04:32.544 @WAH019 0
17:04:32.544 @WAH022 18
17:04:32.544 @idx 4423
17:04:32.544 @WAH010 0
17:04:32.544 @WAH011 0
17:04:32.544 @WAH015 0
17:04:32.544 @WAH016 0
17:04:32.544 @WAH017 0
17:04:32.544 @WAH018 0
17:04:32.544 @WAH019 0
17:04:32.544 @WAH022 18
17:04:32.544 @idx 4348
17:04:32.544 @WAH010 0
17:04:32.544 @WAH011 0
17:04:32.544 @WAH015 0
17:04:32.544 @WAH016 0
17:04:32.544 @WAH017 0
17:04:32.544 @WAH018 0
17:04:32.544 @WAH019 0
17:04:32.544 @WAH022 18
17:04:32.544 @idx 4388
17:04:32.554 @WAH010 0
17:04:32.554 @WAH011 0
17:04:32.554 @WAH015 0
17:04:32.554 @WAH016 0
17:04:32.554 @WAH017 0
17:04:32.554 @WAH018 0
17:04:32.554 @WAH019 0
17:04:32.554 @WAH022 18
17:04:32.554 @idx 4329
17:04:32.554 @WAH010 0
17:04:32.554 @WAH011 0
17:04:32.554 @WAH015 0
17:04:32.554 @WAH016 0
17:04:32.554 @WAH017 0
17:04:32.554 @WAH018 0
17:04:32.554 @WAH019 0
17:04:32.554 @WAH022 18
17:04:32.554 @idx 4298
17:04:32.554 @WAH010 0
17:04:32.554 @WAH011 0
17:04:32.554 @WAH015 0
17:04:32.554 @WAH016 0
17:04:32.554 @WAH017 0
17:04:32.554 @WAH018 0
17:04:32.554 @WAH019 0
17:04:32.554 @WAH022 18
17:04:32.554 @idx 4327
17:04:32.564 @WAH010 0
17:04:32.564 @WAH011 0
17:04:32.564 @WAH015 0
17:04:32.564 @WAH016 0
17:04:32.564 @WAH017 0
17:04:32.564 @WAH018 0
17:04:32.564 @WAH019 0
17:04:32.564 @WAH022 18
17:04:32.564 @idx 4473
17:04:32.564 @WAH010 0
17:04:32.564 @WAH011 0
17:04:32.564 @WAH015 0
17:04:32.564 @WAH016 0
17:04:32.564 @WAH017 0
17:04:32.564 @WAH018 0
17:04:32.564 @WAH019 0
17:04:32.564 @WAH022 18
17:04:32.564 @idx 4358
17:04:32.564 @WAH010 0
17:04:32.564 @WAH011 0
17:04:32.564 @WAH015 0
17:04:32.564 @WAH016 0
17:04:32.564 @WAH017 0
17:04:32.564 @WAH018 0
17:04:32.564 @WAH019 0
17:04:32.564 @WAH022 18
17:04:32.564 @idx 4357
17:04:32.564 @WAH010 0
17:04:32.564 @WAH011 0
17:04:32.564 @WAH015 0
17:04:32.564 @WAH016 0
17:04:32.564 @WAH017 0
17:04:32.564 @WAH018 0
17:04:32.564 @WAH019 0
17:04:32.564 @WAH022 18
17:04:32.574 @idx 4393
17:04:32.574 @WAH010 0
17:04:32.574 @WAH011 0
17:04:32.574 @WAH015 0
17:04:32.574 @WAH016 0
17:04:32.574 @WAH017 0
17:04:32.574 @WAH018 0
17:04:32.574 @WAH019 0
17:04:32.574 @WAH022 18
17:04:32.574 @idx 4414
17:04:32.574 @WAH010 0
17:04:32.574 @WAH011 0
17:04:32.574 @WAH015 0
17:04:32.574 @WAH016 0
17:04:32.574 @WAH017 0
17:04:32.574 @WAH018 0
17:04:32.574 @WAH019 0
17:04:32.574 @WAH022 18
17:04:32.574 @idx 4336
17:04:32.574 @WAH010 0
17:04:32.574 @WAH011 0
17:04:32.574 @WAH015 0
17:04:32.574 @WAH016 0
17:04:32.574 @WAH017 0
17:04:32.574 @WAH018 0
17:04:32.574 @WAH019 0
17:04:32.574 @WAH022 18
17:04:32.574 @idx 4464
17:04:32.574 @WAH010 0
17:04:32.584 @WAH011 0
17:04:32.584 @WAH015 0
17:04:32.584 @WAH016 0
17:04:32.584 @WAH017 0
17:04:32.584 @WAH018 0
17:04:32.584 @WAH019 0
17:04:32.584 @WAH022 18
17:04:32.584 @idx 4389
17:04:32.584 @WAH010 0
17:04:32.584 @WAH011 0
17:04:32.584 @WAH015 0
17:04:32.584 @WAH016 0
17:04:32.584 @WAH017 0
17:04:32.584 @WAH018 0
17:04:32.584 @WAH019 0
17:04:32.584 @WAH022 18
17:04:32.584 @idx 4297
17:04:32.584 @WAH010 0
17:04:32.584 @WAH011 0
17:04:32.584 @WAH015 0
17:04:32.584 @WAH016 0
17:04:32.584 @WAH017 0
17:04:32.584 @WAH018 0
17:04:32.584 @WAH019 0
17:04:32.584 @WAH022 18
17:04:32.584 @idx 4352
17:04:32.584 @WAH010 0
17:04:32.584 @WAH011 0
17:04:32.584 @WAH015 0
17:04:32.584 @WAH016 0
17:04:32.584 @WAH017 0
17:04:32.584 @WAH018 0
17:04:32.584 @WAH019 0
17:04:32.584 @WAH022 18
17:04:32.584 @idx 4339
17:04:32.595 @WAH010 0
17:04:32.595 @WAH011 0
17:04:32.595 @WAH015 0
17:04:32.595 @WAH016 0
17:04:32.596 @WAH017 0
17:04:32.596 @WAH018 0
17:04:32.596 @WAH019 0
17:04:32.596 @WAH022 18
17:04:32.596 @idx 4398
17:04:32.597 @WAH010 0
17:04:32.598 @WAH011 0
17:04:32.598 @WAH015 0
17:04:32.598 @WAH016 0
17:04:32.598 @WAH017 0
17:04:32.598 @WAH018 0
17:04:32.599 @WAH019 0
17:04:32.599 @WAH022 16
17:04:32.599 @idx 4332
17:04:32.600 @WAH010 0
17:04:32.600 @WAH011 0
17:04:32.600 @WAH015 0
17:04:32.600 @WAH016 0
17:04:32.600 @WAH017 0
17:04:32.600 @WAH018 0
17:04:32.600 @WAH019 0
17:04:32.600 @WAH022 16
17:04:32.600 @idx 4320
17:04:32.600 @WAH010 0
17:04:32.600 @WAH011 0
17:04:32.600 @WAH015 0
17:04:32.600 @WAH016 0
17:04:32.600 @WAH017 0
17:04:32.600 @WAH018 0
17:04:32.600 @WAH019 0
17:04:32.600 @WAH022 16
17:04:32.600 @idx 4469
17:04:32.600 @WAH010 0
17:04:32.600 @WAH011 0
17:04:32.600 @WAH015 0
17:04:32.600 @WAH016 0
17:04:32.600 @WAH017 0
17:04:32.600 @WAH018 0
17:04:32.600 @WAH019 0
17:04:32.600 @WAH022 16
17:04:32.600 @idx 4413
17:04:32.600 @WAH010 0
17:04:32.600 @WAH011 0
17:04:32.610 @WAH015 0
17:04:32.610 @WAH016 0
17:04:32.610 @WAH017 0
17:04:32.610 @WAH018 0
17:04:32.610 @WAH019 0
17:04:32.610 @WAH022 16
17:04:32.610 @idx 4427
17:04:32.610 @WAH010 0
17:04:32.610 @WAH011 0
17:04:32.610 @WAH015 0
17:04:32.610 @WAH016 0
17:04:32.610 @WAH017 0
17:04:32.610 @WAH018 0
17:04:32.610 @WAH019 0
17:04:32.610 @WAH022 16
17:04:32.610 @idx 4311
17:04:32.610 @WAH010 0
17:04:32.610 @WAH011 0
17:04:32.610 @WAH015 0
17:04:32.610 @WAH016 0
17:04:32.610 @WAH017 0
17:04:32.610 @WAH018 0
17:04:32.610 @WAH019 0
17:04:32.610 @WAH022 16
17:04:32.610 @idx 4317
17:04:32.610 @WAH010 0
17:04:32.610 @WAH011 0
17:04:32.610 @WAH015 0
17:04:32.610 @WAH016 0
17:04:32.610 @WAH017 0
17:04:32.610 @WAH018 0
17:04:32.610 @WAH019 0
17:04:32.610 @WAH022 16
17:04:32.610 @idx 4312
17:04:32.620 @WAH010 0
17:04:32.620 @WAH011 0
17:04:32.620 @WAH015 0
17:04:32.620 @WAH016 0
17:04:32.620 @WAH017 0
17:04:32.620 @WAH018 0
17:04:32.620 @WAH019 0
17:04:32.620 @WAH022 16
17:04:32.620 @idx 4302
17:04:32.620 @WAH010 0
17:04:32.620 @WAH011 0
17:04:32.620 @WAH015 0
17:04:32.620 @WAH016 0
17:04:32.620 @WAH017 0
17:04:32.620 @WAH018 0
17:04:32.620 @WAH019 0
17:04:32.620 @WAH022 16
17:04:32.620 @idx 4475
17:04:32.620 @WAH010 0
17:04:32.620 @WAH011 0
17:04:32.620 @WAH015 0
17:04:32.620 @WAH016 0
17:04:32.620 @WAH017 0
17:04:32.620 @WAH018 0
17:04:32.620 @WAH019 0
17:04:32.620 @WAH022 16
17:04:32.620 @idx 4387
17:04:32.620 @WAH010 0
17:04:32.620 @WAH011 0
17:04:32.620 @WAH015 0
17:04:32.620 @WAH016 0
17:04:32.620 @WAH017 0
17:04:32.620 @WAH018 0
17:04:32.620 @WAH019 0
17:04:32.620 @WAH022 16
17:04:32.620 @idx 4429
17:04:32.630 @WAH010 0
17:04:32.630 @WAH011 0
17:04:32.630 @WAH015 0
17:04:32.630 @WAH016 0
17:04:32.630 @WAH017 0
17:04:32.630 @WAH018 0
17:04:32.630 @WAH019 0
17:04:32.630 @WAH022 16
17:04:32.630 @idx 4385
17:04:32.630 @WAH010 0
17:04:32.630 @WAH011 0
17:04:32.630 @WAH015 0
17:04:32.630 @WAH016 0
17:04:32.630 @WAH017 0
17:04:32.630 @WAH018 0
17:04:32.630 @WAH019 0
17:04:32.630 @WAH022 16
17:04:32.630 @idx 4401
17:04:32.630 @WAH010 0
17:04:32.630 @WAH011 0
17:04:32.630 @WAH015 0
17:04:32.630 @WAH016 0
17:04:32.630 @WAH017 0
17:04:32.630 @WAH018 0
17:04:32.630 @WAH019 0
17:04:32.630 @WAH022 16
17:04:32.630 @idx 4402
17:04:32.640 @WAH010 0
17:04:32.640 @WAH011 0
17:04:32.640 @WAH015 0
17:04:32.640 @WAH016 0
17:04:32.640 @WAH017 0
17:04:32.640 @WAH018 0
17:04:32.640 @WAH019 0
17:04:32.640 @WAH022 16
17:04:32.640 @idx 4380
17:04:32.640 @WAH010 0
17:04:32.640 @WAH011 0
17:04:32.640 @WAH015 0
17:04:32.640 @WAH016 0
17:04:32.640 @WAH017 0
17:04:32.640 @WAH018 0
17:04:32.640 @WAH019 0
17:04:32.640 @WAH022 16
17:04:32.640 @idx 4314
17:04:32.640 @WAH010 0
17:04:32.640 @WAH011 0
17:04:32.640 @WAH015 0
17:04:32.640 @WAH016 0
17:04:32.640 @WAH017 0
17:04:32.640 @WAH018 0
17:04:32.640 @WAH019 0
17:04:32.640 @WAH022 16
17:04:32.640 @idx 4437
17:04:32.640 @WAH010 0
17:04:32.640 @WAH011 0
17:04:32.640 @WAH015 0
17:04:32.640 @WAH016 0
17:04:32.640 @WAH017 0
17:04:32.640 @WAH018 0
17:04:32.640 @WAH019 0
17:04:32.650 @WAH022 16
17:04:32.650 @idx 4309
17:04:32.650 @WAH010 0
17:04:32.650 @WAH011 0
17:04:32.650 @WAH015 0
17:04:32.650 @WAH016 0
17:04:32.650 @WAH017 0
17:04:32.650 @WAH018 0
17:04:32.650 @WAH019 0
17:04:32.650 @WAH022 16
17:04:32.650 @idx 4368
17:04:32.650 @WAH010 0
17:04:32.650 @WAH011 0
17:04:32.650 @WAH015 0
17:04:32.650 @WAH016 0
17:04:32.650 @WAH017 0
17:04:32.650 @WAH018 0
17:04:32.650 @WAH019 0
17:04:32.650 @WAH022 16
17:04:32.650 @idx 4399
17:04:32.650 @WAH010 0
17:04:32.650 @WAH011 0
17:04:32.650 @WAH015 0
17:04:32.650 @WAH016 0
17:04:32.650 @WAH017 0
17:04:32.650 @WAH018 0
17:04:32.650 @WAH019 0
17:04:32.650 @WAH022 16
17:04:32.650 @idx 4415
17:04:32.650 @WAH010 0
17:04:32.650 @WAH011 0
17:04:32.660 @WAH015 0
17:04:32.660 @WAH016 0
17:04:32.660 @WAH017 0
17:04:32.660 @WAH018 0
17:04:32.660 @WAH019 0
17:04:32.660 @WAH022 14
17:04:32.660 @idx 4477
17:04:32.660 @WAH010 0
17:04:32.660 @WAH011 0
17:04:32.660 @WAH015 0
17:04:32.660 @WAH016 0
17:04:32.660 @WAH017 0
17:04:32.660 @WAH018 0
17:04:32.660 @WAH019 0
17:04:32.660 @WAH022 14
17:04:32.660 @idx 4481
17:04:32.660 @WAH010 0
17:04:32.660 @WAH011 0
17:04:32.660 @WAH015 0
17:04:32.660 @WAH016 0
17:04:32.660 @WAH017 0
17:04:32.660 @WAH018 0
17:04:32.660 @WAH019 0
17:04:32.660 @WAH022 14
17:04:32.660 @idx 4440
17:04:32.660 @WAH010 0
17:04:32.660 @WAH011 0
17:04:32.660 @WAH015 0
17:04:32.660 @WAH016 0
17:04:32.660 @WAH017 0
17:04:32.660 @WAH018 0
17:04:32.660 @WAH019 0
17:04:32.660 @WAH022 14
17:04:32.660 @idx 4307
17:04:32.670 @WAH010 0
17:04:32.670 @WAH011 0
17:04:32.670 @WAH015 0
17:04:32.670 @WAH016 0
17:04:32.670 @WAH017 0
17:04:32.670 @WAH018 0
17:04:32.670 @WAH019 0
17:04:32.670 @WAH022 14
17:04:32.670 @idx 4383
17:04:32.670 @WAH010 0
17:04:32.670 @WAH011 0
17:04:32.670 @WAH015 0
17:04:32.670 @WAH016 0
17:04:32.670 @WAH017 0
17:04:32.670 @WAH018 0
17:04:32.670 @WAH019 0
17:04:32.670 @WAH022 15
17:04:32.670 @idx 4457
17:04:32.670 @WAH010 0
17:04:32.670 @WAH011 0
17:04:32.670 @WAH015 0
17:04:32.670 @WAH016 0
17:04:32.670 @WAH017 0
17:04:32.670 @WAH018 0
17:04:32.670 @WAH019 0
17:04:32.670 @WAH022 15
17:04:32.670 @idx 4471
17:04:32.670 @WAH010 0
17:04:32.670 @WAH011 0
17:04:32.680 @WAH015 0
17:04:32.680 @WAH016 0
17:04:32.680 @WAH017 0
17:04:32.680 @WAH018 0
17:04:32.680 @WAH019 0
17:04:32.680 @WAH022 15
17:04:32.680 @idx 4325
17:04:32.680 @WAH010 0
17:04:32.680 @WAH011 0
17:04:32.680 @WAH015 0
17:04:32.680 @WAH016 0
17:04:32.680 @WAH017 0
17:04:32.680 @WAH018 0
17:04:32.680 @WAH019 0
17:04:32.680 @WAH022 16
17:04:32.680 @idx 4361
17:04:32.680 @WAH010 0
17:04:32.680 @WAH011 0
17:04:32.680 @WAH015 0
17:04:32.680 @WAH016 0
17:04:32.680 @WAH017 0
17:04:32.680 @WAH018 0
17:04:32.680 @WAH019 0
17:04:32.680 @WAH022 15
17:04:32.680 @idx 4458
17:04:32.680 @WAH010 0
17:04:32.680 @WAH011 0
17:04:32.680 @WAH015 0
17:04:32.680 @WAH016 0
17:04:32.680 @WAH017 0
17:04:32.680 @WAH018 0
17:04:32.680 @WAH019 0
17:04:32.680 @WAH022 16
17:04:32.680 @idx 4482
17:12:59.031 @EMP002 系统管理员
17:12:59.031 @EMP033 9af7f2b45fff5ca168dd7081681fadd
17:16:20.445 @WAG001 20190216001
17:16:20.445 @WAG002 2019/2/8 0:00:00
17:16:20.575 @WAH001 20190216001
17:16:20.575 @WAH002 10125
17:16:20.575 @WAH003 代开容
17:16:20.575 @WAH004 
17:16:20.575 @WAH006 4
17:16:20.575 @WAH008 48
17:16:20.585 @WAH001 20190216001
17:16:20.585 @WAH002 10118
17:16:20.585 @WAH003 何万华
17:16:20.585 @WAH004 
17:16:20.585 @WAH006 4
17:16:20.585 @WAH008 48
17:16:20.585 @WAH001 20190216001
17:16:20.585 @WAH002 10174
17:16:20.585 @WAH003 何卫芳
17:16:20.585 @WAH004 
17:16:20.585 @WAH006 4
17:16:20.585 @WAH008 48
17:16:20.585 @WAH001 20190216001
17:16:20.585 @WAH002 10233
17:16:20.585 @WAH003 何卫英
17:16:20.585 @WAH004 
17:16:20.585 @WAH006 4
17:16:20.585 @WAH008 48
17:16:20.595 @WAH001 20190216001
17:16:20.595 @WAH002 10036
17:16:20.595 @WAH003 何培凤
17:16:20.595 @WAH004 
17:16:20.595 @WAH006 4
17:16:20.595 @WAH008 52
17:16:20.595 @WAH001 20190216001
17:16:20.595 @WAH002 10211
17:16:20.595 @WAH003 冉月梅
17:16:20.595 @WAH004 
17:16:20.595 @WAH006 4
17:16:20.595 @WAH008 48
17:16:20.595 @WAH001 20190216001
17:16:20.595 @WAH002 10062
17:16:20.595 @WAH003 刘国正
17:16:20.595 @WAH004 
17:16:20.595 @WAH006 4
17:16:20.595 @WAH008 48
17:16:20.595 @WAH001 20190216001
17:16:20.595 @WAH002 10127
17:16:20.595 @WAH003 卿廷群
17:16:20.595 @WAH004 
17:16:20.595 @WAH006 4
17:16:20.595 @WAH008 48
17:16:20.605 @WAH001 20190216001
17:16:20.605 @WAH002 10064
17:16:20.605 @WAH003 吕士长
17:16:20.605 @WAH004 
17:16:20.605 @WAH006 4
17:16:20.605 @WAH008 48
17:16:20.605 @WAH001 20190216001
17:16:20.605 @WAH002 10183
17:16:20.605 @WAH003 吴正秀
17:16:20.605 @WAH004 
17:16:20.605 @WAH006 4
17:16:20.605 @WAH008 48
17:16:20.605 @WAH001 20190216001
17:16:20.605 @WAH002 10052
17:16:20.605 @WAH003 周思超
17:16:20.605 @WAH004 
17:16:20.605 @WAH006 4
17:16:20.605 @WAH008 52
17:16:20.605 @WAH001 20190216001
17:16:20.605 @WAH002 10121
17:16:20.605 @WAH003 周顺
17:16:20.605 @WAH004 
17:16:20.605 @WAH006 4
17:16:20.605 @WAH008 48
17:16:20.615 @WAH001 20190216001
17:16:20.615 @WAH002 10139
17:16:20.615 @WAH003 唐录云
17:16:20.615 @WAH004 
17:16:20.615 @WAH006 4
17:16:20.615 @WAH008 48
17:16:20.615 @WAH001 20190216001
17:16:20.615 @WAH002 10056
17:16:20.615 @WAH003 宋万林
17:16:20.615 @WAH004 
17:16:20.615 @WAH006 4
17:16:20.615 @WAH008 52
17:16:20.615 @WAH001 20190216001
17:16:20.615 @WAH002 10085
17:16:20.615 @WAH003 廖仁琼
17:16:20.615 @WAH004 
17:16:20.615 @WAH006 12
17:16:20.615 @WAH008 114.48
17:16:20.625 @WAH001 20190216001
17:16:20.625 @WAH002 10019
17:16:20.625 @WAH003 彭顺艳
17:16:20.625 @WAH004 
17:16:20.625 @WAH006 4
17:16:20.625 @WAH008 52
17:16:20.625 @WAH001 20190216001
17:16:20.625 @WAH002 10040
17:16:20.625 @WAH003 李林菊
17:16:20.625 @WAH004 
17:16:20.625 @WAH006 4
17:16:20.625 @WAH008 52
17:16:20.625 @WAH001 20190216001
17:16:20.625 @WAH002 10034
17:16:20.625 @WAH003 杜顺艳
17:16:20.625 @WAH004 
17:16:20.625 @WAH006 4
17:16:20.625 @WAH008 52
17:16:20.635 @WAH001 20190216001
17:16:20.635 @WAH002 10084
17:16:20.635 @WAH003 杜福英
17:16:20.635 @WAH004 
17:16:20.635 @WAH006 12
17:16:20.635 @WAH008 114.48
17:16:20.635 @WAH001 20190216001
17:16:20.635 @WAH002 10152
17:16:20.635 @WAH003 杨小祥
17:16:20.635 @WAH004 
17:16:20.635 @WAH006 4
17:16:20.635 @WAH008 48
17:16:20.635 @WAH001 20190216001
17:16:20.635 @WAH002 10191
17:16:20.635 @WAH003 杨成芳
17:16:20.635 @WAH004 
17:16:20.635 @WAH006 4
17:16:20.635 @WAH008 48
17:16:20.635 @WAH001 20190216001
17:16:20.635 @WAH002 10039
17:16:20.635 @WAH003 杨海霞
17:16:20.635 @WAH004 
17:16:20.635 @WAH006 4
17:16:20.645 @WAH008 52
17:16:20.645 @WAH001 20190216001
17:16:20.645 @WAH002 10228
17:16:20.645 @WAH003 杨定红
17:16:20.645 @WAH004 
17:16:20.645 @WAH006 4
17:16:20.645 @WAH008 48
17:16:20.645 @WAH001 20190216001
17:16:20.645 @WAH002 10147
17:16:20.645 @WAH003 毛友英
17:16:20.645 @WAH004 
17:16:20.645 @WAH006 4
17:16:20.645 @WAH008 48
17:16:20.645 @WAH001 20190216001
17:16:20.645 @WAH002 10065
17:16:20.645 @WAH003 王高全
17:16:20.645 @WAH004 
17:16:20.645 @WAH006 4
17:16:20.645 @WAH008 48
17:16:20.645 @WAH001 20190216001
17:16:20.645 @WAH002 10143
17:16:20.645 @WAH003 章艳艳
17:16:20.645 @WAH004 
17:16:20.645 @WAH006 4
17:16:20.645 @WAH008 48
17:16:20.655 @WAH001 20190216001
17:16:20.655 @WAH002 10032
17:16:20.655 @WAH003 罗昌梅
17:16:20.655 @WAH004 
17:16:20.655 @WAH006 4
17:16:20.655 @WAH008 52
17:16:20.655 @WAH001 20190216001
17:16:20.655 @WAH002 10017
17:16:20.655 @WAH003 聂付秋
17:16:20.655 @WAH004 
17:16:20.655 @WAH006 4
17:16:20.655 @WAH008 52
17:16:20.655 @WAH001 20190216001
17:16:20.655 @WAH002 10078
17:16:20.655 @WAH003 谢武林
17:16:20.655 @WAH004 
17:16:20.655 @WAH006 12
17:16:20.655 @WAH008 258.4
17:16:20.655 @WAH001 20190216001
17:16:20.655 @WAH002 10117
17:16:20.665 @WAH003 赵成鹏
17:16:20.665 @WAH004 
17:16:20.665 @WAH006 4
17:16:20.665 @WAH008 48
17:16:20.665 @WAH001 20190216001
17:16:20.665 @WAH002 10156
17:16:20.665 @WAH003 赵成国
17:16:20.665 @WAH004 
17:16:20.665 @WAH006 4
17:16:20.665 @WAH008 48
17:16:20.665 @WAH001 20190216001
17:16:20.665 @WAH002 10134
17:16:20.665 @WAH003 邹永操
17:16:20.665 @WAH004 
17:16:20.665 @WAH006 4
17:16:20.665 @WAH008 48
17:16:20.665 @WAH001 20190216001
17:16:20.665 @WAH002 10015
17:16:20.665 @WAH003 郭婧
17:16:20.665 @WAH004 
17:16:20.665 @WAH006 4
17:16:20.665 @WAH008 52
17:16:20.665 @WAH001 20190216001
17:16:20.665 @WAH002 10236
17:16:20.665 @WAH003 钟以芝
17:16:20.665 @WAH004 
17:16:20.675 @WAH006 4
17:16:20.675 @WAH008 48
17:16:20.675 @WAH001 20190216001
17:16:20.675 @WAH002 10082
17:16:20.675 @WAH003 陆秋云
17:16:20.675 @WAH004 
17:16:20.675 @WAH006 4
17:16:20.675 @WAH008 45.6
17:16:20.675 @WAH001 20190216001
17:16:20.675 @WAH002 10044
17:16:20.675 @WAH003 陈朝香
17:16:20.675 @WAH004 
17:16:20.675 @WAH006 4
17:16:20.675 @WAH008 52
17:16:20.675 @WAH001 20190216001
17:16:20.675 @WAH002 10053
17:16:20.675 @WAH003 陈广会
17:16:20.675 @WAH004 
17:16:20.675 @WAH006 4
17:16:20.675 @WAH008 52
17:16:20.675 @WAH001 20190216001
17:16:20.685 @WAH002 10075
17:16:20.685 @WAH003 陈林甫
17:16:20.685 @WAH004 
17:16:20.685 @WAH006 12
17:16:20.685 @WAH008 258.4
17:16:20.685 @WAH001 20190216001
17:16:20.685 @WAH002 10230
17:16:20.685 @WAH003 韩秀金
17:16:20.685 @WAH004 
17:16:20.685 @WAH006 4
17:16:20.685 @WAH008 48
17:16:20.685 @WAH001 20190216001
17:16:20.685 @WAH002 10016
17:16:20.685 @WAH003 龙兴连
17:16:20.685 @WAH004 
17:16:20.685 @WAH006 4
17:16:20.685 @WAH008 52
17:16:26.986 @WAH010 0
17:16:26.986 @WAH011 0
17:16:26.986 @WAH015 0
17:16:26.986 @WAH016 0
17:16:26.986 @WAH017 0
17:16:26.986 @WAH018 0
17:16:26.986 @WAH019 0
17:16:26.986 @WAH022 1
17:16:26.986 @idx 4547
17:16:27.006 @WAH010 0
17:16:27.006 @WAH011 0
17:16:27.006 @WAH015 0
17:16:27.006 @WAH016 0
17:16:27.006 @WAH017 0
17:16:27.006 @WAH018 0
17:16:27.006 @WAH019 0
17:16:27.006 @WAH022 1
17:16:27.006 @idx 4554
17:16:27.006 @WAH010 0
17:16:27.006 @WAH011 0
17:16:27.006 @WAH015 0
17:16:27.006 @WAH016 0
17:16:27.006 @WAH017 0
17:16:27.006 @WAH018 0
17:16:27.016 @WAH019 0
17:16:27.016 @WAH022 1
17:16:27.016 @idx 4542
17:16:27.016 @WAH010 0
17:16:27.016 @WAH011 0
17:16:27.016 @WAH015 0
17:16:27.016 @WAH016 0
17:16:27.016 @WAH017 0
17:16:27.016 @WAH018 0
17:16:27.016 @WAH019 0
17:16:27.016 @WAH022 1
17:16:27.016 @idx 4530
17:16:27.016 @WAH010 0
17:16:27.016 @WAH011 0
17:16:27.016 @WAH015 0
17:16:27.016 @WAH016 0
17:16:27.016 @WAH017 0
17:16:27.026 @WAH018 0
17:16:27.026 @WAH019 0
17:16:27.026 @WAH022 1
17:16:27.026 @idx 4541
17:16:27.026 @WAH010 0
17:16:27.026 @WAH011 0
17:16:27.026 @WAH015 0
17:16:27.026 @WAH016 0
17:16:27.026 @WAH017 0
17:16:27.026 @WAH018 0
17:16:27.026 @WAH019 0
17:16:27.036 @WAH022 1
17:16:27.036 @idx 4532
17:16:27.036 @WAH010 0
17:16:27.036 @WAH011 0
17:16:27.036 @WAH015 0
17:16:27.036 @WAH016 0
17:16:27.036 @WAH017 0
17:16:27.036 @WAH018 0
17:16:27.036 @WAH019 0
17:16:27.036 @WAH022 1
17:16:27.036 @idx 4519
17:16:27.036 @WAH010 0
17:16:27.036 @WAH011 0
17:16:27.036 @WAH015 0
17:16:27.036 @WAH016 0
17:16:27.036 @WAH017 0
17:16:27.036 @WAH018 0
17:16:27.036 @WAH019 0
17:16:27.036 @WAH022 1
17:16:27.036 @idx 4536
17:16:27.036 @WAH010 0
17:16:27.036 @WAH011 0
17:16:27.036 @WAH015 0
17:16:27.036 @WAH016 0
17:16:27.036 @WAH017 0
17:16:27.036 @WAH018 0
17:16:27.036 @WAH019 0
17:16:27.036 @WAH022 1
17:16:27.036 @idx 4531
17:16:27.046 @WAH010 0
17:16:27.046 @WAH011 0
17:16:27.046 @WAH015 0
17:16:27.046 @WAH016 0
17:16:27.046 @WAH017 0
17:16:27.046 @WAH018 0
17:16:27.046 @WAH019 0
17:16:27.046 @WAH022 1
17:16:27.046 @idx 4550
17:16:27.046 @WAH010 0
17:16:27.046 @WAH011 0
17:16:27.046 @WAH015 0
17:16:27.046 @WAH016 0
17:16:27.046 @WAH017 0
17:16:27.046 @WAH018 0
17:16:27.046 @WAH019 0
17:16:27.046 @WAH022 1
17:16:27.046 @idx 4525
17:16:27.046 @WAH010 0
17:16:27.046 @WAH011 0
17:16:27.046 @WAH015 0
17:16:27.046 @WAH016 0
17:16:27.046 @WAH017 0
17:16:27.046 @WAH018 0
17:16:27.046 @WAH019 0
17:16:27.046 @WAH022 1
17:16:27.046 @idx 4551
17:16:27.046 @WAH010 0
17:16:27.046 @WAH011 0
17:16:27.046 @WAH015 0
17:16:27.046 @WAH016 0
17:16:27.046 @WAH017 0
17:16:27.046 @WAH018 0
17:16:27.056 @WAH019 0
17:16:27.056 @WAH022 1
17:16:27.056 @idx 4528
17:16:27.056 @WAH010 0
17:16:27.056 @WAH011 0
17:16:27.056 @WAH015 0
17:16:27.056 @WAH016 0
17:16:27.056 @WAH017 0
17:16:27.056 @WAH018 0
17:16:27.056 @WAH019 0
17:16:27.056 @WAH022 1
17:16:27.056 @idx 4521
17:16:27.056 @WAH010 0
17:16:27.056 @WAH011 0
17:16:27.056 @WAH015 0
17:16:27.056 @WAH016 0
17:16:27.056 @WAH017 0
17:16:27.056 @WAH018 0
17:16:27.056 @WAH019 0
17:16:27.056 @WAH022 1
17:16:27.056 @idx 4523
17:16:27.056 @WAH010 0
17:16:27.056 @WAH011 0
17:16:27.056 @WAH015 0
17:16:27.056 @WAH016 0
17:16:27.056 @WAH017 0
17:16:27.056 @WAH018 0
17:16:27.056 @WAH019 0
17:16:27.056 @WAH022 1
17:16:27.066 @idx 4539
17:16:27.066 @WAH010 0
17:16:27.066 @WAH011 0
17:16:27.066 @WAH015 0
17:16:27.066 @WAH016 0
17:16:27.066 @WAH017 0
17:16:27.066 @WAH018 0
17:16:27.066 @WAH019 0
17:16:27.066 @WAH022 2
17:16:27.066 @idx 4552
17:16:27.066 @WAH010 0
17:16:27.066 @WAH011 0
17:16:27.066 @WAH015 0
17:16:27.066 @WAH016 0
17:16:27.066 @WAH017 0
17:16:27.066 @WAH018 0
17:16:27.066 @WAH019 0
17:16:27.066 @WAH022 2
17:16:27.066 @idx 4543
17:16:27.066 @WAH010 0
17:16:27.066 @WAH011 0
17:16:27.066 @WAH015 0
17:16:27.066 @WAH016 0
17:16:27.066 @WAH017 0
17:16:27.066 @WAH018 0
17:16:27.066 @WAH019 0
17:16:27.066 @WAH022 2
17:16:27.066 @idx 4549
17:16:27.076 @WAH010 0
17:16:27.076 @WAH011 0
17:16:27.076 @WAH015 0
17:16:27.076 @WAH016 0
17:16:27.076 @WAH017 0
17:16:27.076 @WAH018 0
17:16:27.076 @WAH019 0
17:16:27.076 @WAH022 2
17:16:27.076 @idx 4533
17:16:27.076 @WAH010 0
17:16:27.076 @WAH011 0
17:16:27.076 @WAH015 0
17:16:27.076 @WAH016 0
17:16:27.076 @WAH017 0
17:16:27.076 @WAH018 0
17:16:27.076 @WAH019 0
17:16:27.076 @WAH022 2
17:16:27.076 @idx 4529
17:16:27.076 @WAH010 0
17:16:27.076 @WAH011 0
17:16:27.076 @WAH015 0
17:16:27.076 @WAH016 0
17:16:27.076 @WAH017 0
17:16:27.076 @WAH018 0
17:16:27.076 @WAH019 0
17:16:27.076 @WAH022 1
17:16:27.076 @idx 4544
17:16:27.076 @WAH010 0
17:16:27.076 @WAH011 0
17:16:27.076 @WAH015 0
17:16:27.076 @WAH016 0
17:16:27.076 @WAH017 0
17:16:27.076 @WAH018 0
17:16:27.076 @WAH019 0
17:16:27.076 @WAH022 1
17:16:27.076 @idx 4516
17:16:27.086 @WAH010 0
17:16:27.086 @WAH011 0
17:16:27.086 @WAH015 0
17:16:27.086 @WAH016 0
17:16:27.086 @WAH017 0
17:16:27.086 @WAH018 0
17:16:27.086 @WAH019 0
17:16:27.086 @WAH022 1
17:16:27.086 @idx 4526
17:16:27.086 @WAH010 0
17:16:27.086 @WAH011 0
17:16:27.086 @WAH015 0
17:16:27.086 @WAH016 0
17:16:27.086 @WAH017 0
17:16:27.086 @WAH018 0
17:16:27.086 @WAH019 0
17:16:27.086 @WAH022 1
17:16:27.086 @idx 4515
17:16:27.086 @WAH010 0
17:16:27.086 @WAH011 0
17:16:27.086 @WAH015 0
17:16:27.086 @WAH016 0
17:16:27.086 @WAH017 0
17:16:27.086 @WAH018 0
17:16:27.086 @WAH019 0
17:16:27.086 @WAH022 1
17:16:27.086 @idx 4522
17:16:27.096 @WAH010 0
17:16:27.096 @WAH011 0
17:16:27.096 @WAH015 0
17:16:27.096 @WAH016 0
17:16:27.096 @WAH017 0
17:16:27.096 @WAH018 0
17:16:27.096 @WAH019 0
17:16:27.096 @WAH022 1
17:16:27.096 @idx 4546
17:16:27.096 @WAH010 0
17:16:27.096 @WAH011 0
17:16:27.096 @WAH015 0
17:16:27.096 @WAH016 0
17:16:27.096 @WAH017 0
17:16:27.096 @WAH018 0
17:16:27.096 @WAH019 0
17:16:27.096 @WAH022 1
17:16:27.096 @idx 4527
17:16:27.096 @WAH010 0
17:16:27.096 @WAH011 0
17:16:27.096 @WAH015 0
17:16:27.096 @WAH016 0
17:16:27.096 @WAH017 0
17:16:27.096 @WAH018 0
17:16:27.096 @WAH019 0
17:16:27.096 @WAH022 1
17:16:27.096 @idx 4540
17:16:27.106 @WAH010 0
17:16:27.106 @WAH011 0
17:16:27.106 @WAH015 0
17:16:27.106 @WAH016 0
17:16:27.106 @WAH017 0
17:16:27.106 @WAH018 0
17:16:27.106 @WAH019 0
17:16:27.106 @WAH022 1
17:16:27.106 @idx 4538
17:16:27.106 @WAH010 0
17:16:27.106 @WAH011 0
17:16:27.106 @WAH015 0
17:16:27.106 @WAH016 0
17:16:27.106 @WAH017 0
17:16:27.106 @WAH018 0
17:16:27.106 @WAH019 0
17:16:27.106 @WAH022 1
17:16:27.106 @idx 4534
17:16:27.106 @WAH010 0
17:16:27.106 @WAH011 0
17:16:27.106 @WAH015 0
17:16:27.106 @WAH016 0
17:16:27.106 @WAH017 0
17:16:27.106 @WAH018 0
17:16:27.106 @WAH019 0
17:16:27.106 @WAH022 1
17:16:27.106 @idx 4545
17:16:27.106 @WAH010 0
17:16:27.106 @WAH011 0
17:16:27.106 @WAH015 0
17:16:27.106 @WAH016 0
17:16:27.106 @WAH017 0
17:16:27.106 @WAH018 0
17:16:27.116 @WAH019 0
17:16:27.116 @WAH022 1
17:16:27.116 @idx 4517
17:16:27.116 @WAH010 0
17:16:27.116 @WAH011 0
17:16:27.116 @WAH015 0
17:16:27.116 @WAH016 0
17:16:27.116 @WAH017 0
17:16:27.116 @WAH018 0
17:16:27.116 @WAH019 0
17:16:27.116 @WAH022 1
17:16:27.116 @idx 4524
17:16:27.116 @WAH010 0
17:16:27.116 @WAH011 0
17:16:27.116 @WAH015 0
17:16:27.116 @WAH016 0
17:16:27.116 @WAH017 0
17:16:27.116 @WAH018 0
17:16:27.116 @WAH019 0
17:16:27.116 @WAH022 1
17:16:27.116 @idx 4535
17:16:27.116 @WAH010 0
17:16:27.116 @WAH011 0
17:16:27.116 @WAH015 0
17:16:27.116 @WAH016 0
17:16:27.116 @WAH017 0
17:16:27.116 @WAH018 0
17:16:27.116 @WAH019 0
17:16:27.116 @WAH022 1
17:16:27.116 @idx 4520
17:16:27.126 @WAH010 0
17:16:27.126 @WAH011 0
17:16:27.126 @WAH015 0
17:16:27.126 @WAH016 0
17:16:27.126 @WAH017 0
17:16:27.126 @WAH018 0
17:16:27.126 @WAH019 0
17:16:27.126 @WAH022 1
17:16:27.126 @idx 4537
17:16:27.126 @WAH010 0
17:16:27.126 @WAH011 0
17:16:27.126 @WAH015 0
17:16:27.126 @WAH016 0
17:16:27.126 @WAH017 0
17:16:27.126 @WAH018 0
17:16:27.126 @WAH019 0
17:16:27.126 @WAH022 1
17:16:27.126 @idx 4553
17:16:27.126 @WAH010 0
17:16:27.126 @WAH011 0
17:16:27.126 @WAH015 0
17:16:27.126 @WAH016 0
17:16:27.126 @WAH017 0
17:16:27.126 @WAH018 0
17:16:27.126 @WAH019 0
17:16:27.126 @WAH022 1
17:16:27.126 @idx 4518
17:16:27.126 @WAH010 0
17:16:27.136 @WAH011 0
17:16:27.136 @WAH015 0
17:16:27.136 @WAH016 0
17:16:27.136 @WAH017 0
17:16:27.136 @WAH018 0
17:16:27.136 @WAH019 0
17:16:27.136 @WAH022 1
17:16:27.136 @idx 4548
17:23:24.772 @EMP002 系统管理员
17:23:24.772 @EMP033 9af7f2b45fff5ca168dd7081681fadd
