10:03:40.698 @EMP002 系统管理员
10:03:40.700 @EMP033 9af7f2b45fff5ca168dd7081681fadd
10:03:53.321 @HAW001 W20190114003
10:03:53.321 @HAW018 False
10:03:55.891 @HAW001 W20190114003
10:03:55.891 @HAW018 True
10:03:55.892 @RCA001 84
10:03:55.892 @RCA002 W20190114003
10:03:55.892 @RCA004 20190128
10:03:55.892 @RCA005 DS
10:03:55.893 @RCA006 0501
10:03:55.893 @RCA016 F
10:03:55.893 @RCA019 F
10:03:55.911 @RCC001 84
10:03:55.911 @RCC002 W20190114003
10:03:55.911 @RCC003 81
10:03:55.911 @RCC004 GD201901030001
10:03:55.911 @RCC005 011
10:03:55.911 @RCC006 75
10:03:55.912 @RCC007 0
10:03:55.912 @RCC008 ********************
10:03:55.912 @RCC010 202140001
10:03:55.912 @RCC011 000
10:03:55.912 @RCC022 001
10:03:55.912 @RCC028 
10:05:10.913 @HAW001 W20190114004
10:05:10.914 @HAW018 False
10:05:12.386 @HAW001 W20190114004
10:05:12.386 @HAW018 True
10:05:12.387 @RBA001 82
10:05:12.388 @RBA002 LL201901280001
10:05:12.388 @RBA003 
10:05:12.388 @RBA004 20190128
10:05:12.388 @RBA005 DS
10:05:12.388 @RBA006 GD201901040035
10:05:12.388 @RBA012 F
10:05:12.389 @RBA022 F
10:05:12.402 @RBB001 82
10:05:12.402 @RBB002 LL201901280001
10:05:12.402 @RBB003 001
10:05:12.402 @RBB004 101050019
10:05:12.403 @RBB005 冷轧板
10:05:12.403 @RBB006 片
10:05:12.403 @RBB007 007
10:05:12.403 @RBB008 XC15
10:05:12.403 @RBB009 75
10:05:12.403 @RBB010 GD201901040035
10:05:12.404 @RBB011 001
10:05:12.404 @RBB013 F
10:05:12.404 @RBB021 ********************
10:05:12.404 @RBB022 630*635*0.45mm
10:05:12.404 @RBB023 81
10:05:12.405 @RBB012 倒扣料:W20190114004
10:05:54.490 @ANW001 Z20190116002
10:05:54.491 @ANW020 False
10:05:56.040 @ANW001 Z20190116002
10:05:56.040 @ANW020 True
10:05:56.067 @RCA001 84
10:05:56.067 @RCA002 Z20190116002
10:05:56.067 @RCA004 20190128
10:05:56.068 @RCA005 DS
10:05:56.068 @RCA006 050704
10:05:56.068 @RCA016 F
10:05:56.068 @RCA019 F
10:05:56.079 @RCC001 84
10:05:56.080 @RCC002 Z20190116002
10:05:56.080 @RCC003 81
10:05:56.080 @RCC004 GD201901020013
10:05:56.080 @RCC005 013
10:05:56.080 @RCC006 200
10:05:56.081 @RCC007 0
10:05:56.081 @RCC008 ********************
10:05:56.081 @RCC010 JDSF130
10:05:56.081 @RCC011 000
10:05:56.081 @RCC022 001
10:05:56.082 @RCC028 
10:05:56.089 @RCB001 84
10:05:56.089 @RCB002 Z20190116002
10:05:56.089 @RCB003 003
10:05:56.089 @RCB004 102080086
10:05:56.089 @RCB005 防松螺母
10:05:56.090 @RCB006 PCS
10:05:56.090 @RCB007 001
10:05:56.090 @RCB008 200
10:05:56.090 @RCB019 ********************
10:05:56.090 @RCB020 M8
10:05:56.091 @RCB021 81
10:05:56.091 @RCB022 GD201901020013
10:05:56.091 @RCB023 000
10:05:56.091 @RCB024 JDSF130
10:05:56.091 @RCB029 001
10:05:56.115 @RCB001 84
10:05:56.115 @RCB002 Z20190116002
10:05:56.115 @RCB003 004
10:05:56.116 @RCB004 102060069
10:05:56.116 @RCB005 龙骨卡扣螺丝包
10:05:56.116 @RCB006 PCS
10:05:56.116 @RCB007 001
10:05:56.116 @RCB008 200
10:05:56.116 @RCB019 ********************
10:05:56.117 @RCB020 带4*20螺丝
10:05:56.117 @RCB021 81
10:05:56.117 @RCB022 GD201901020013
10:05:56.117 @RCB023 000
10:05:56.117 @RCB024 JDSF130
10:05:56.118 @RCB029 001
10:05:56.126 @RCB001 84
10:05:56.127 @RCB002 Z20190116002
10:05:56.127 @RCB003 005
10:05:56.127 @RCB004 102080083
10:05:56.127 @RCB005 Φ4铜螺帽
10:05:56.127 @RCB006 PCS
10:05:56.128 @RCB007 001
10:05:56.128 @RCB008 200
10:05:56.128 @RCB019 ********************
10:05:56.128 @RCB020 
10:05:56.129 @RCB021 81
10:05:56.129 @RCB022 GD201901020013
10:05:56.129 @RCB023 000
10:05:56.129 @RCB024 JDSF130
10:05:56.129 @RCB029 001
10:05:56.138 @RCB001 84
10:05:56.139 @RCB002 Z20190116002
10:05:56.139 @RCB003 006
10:05:56.139 @RCB004 102060067
10:05:56.139 @RCB005 M4*6圆头铜螺丝
10:05:56.139 @RCB006 PCS
10:05:56.140 @RCB007 001
10:05:56.140 @RCB008 200
10:05:56.140 @RCB019 ********************
10:05:56.140 @RCB020 
10:05:56.140 @RCB021 81
10:05:56.141 @RCB022 GD201901020013
10:05:56.141 @RCB023 000
10:05:56.141 @RCB024 JDSF130
10:05:56.141 @RCB029 001
10:05:56.150 @RCB001 84
10:05:56.150 @RCB002 Z20190116002
10:05:56.150 @RCB003 007
10:05:56.150 @RCB004 102010049
10:05:56.150 @RCB005 10公分抱箍
10:05:56.150 @RCB006 PCS
10:05:56.150 @RCB007 001
10:05:56.151 @RCB008 400
10:05:56.151 @RCB019 ********************
10:05:56.151 @RCB020 
10:05:56.151 @RCB021 81
10:05:56.151 @RCB022 GD201901020013
10:05:56.151 @RCB023 000
10:05:56.151 @RCB024 JDSF130
10:05:56.151 @RCB029 001
10:05:56.160 @RCB001 84
10:05:56.160 @RCB002 Z20190116002
10:05:56.160 @RCB003 008
10:05:56.161 @RCB004 103021686
10:05:56.161 @RCB005 白色50公分四芯线
10:05:56.161 @RCB006 PCS
10:05:56.161 @RCB007 001
10:05:56.161 @RCB008 200
10:05:56.161 @RCB019 ********************
10:05:56.162 @RCB020 (红/白/绿/棕)4*1.0mm
10:05:56.162 @RCB021 81
10:05:56.162 @RCB022 GD201901020013
10:05:56.162 @RCB023 000
10:05:56.162 @RCB024 JDSF130
10:05:56.162 @RCB029 001
10:05:56.170 @RCB001 84
10:05:56.170 @RCB002 Z20190116002
10:05:56.170 @RCB003 009
10:05:56.171 @RCB004 103021667
10:05:56.171 @RCB005 50mm转接线
10:05:56.171 @RCB006 PCS
10:05:56.171 @RCB007 001
10:05:56.171 @RCB008 200
10:05:56.172 @RCB019 ********************
10:05:56.172 @RCB020 1.5mm,L=50mm
10:05:56.172 @RCB021 81
10:05:56.172 @RCB022 GD201901020013
10:05:56.172 @RCB023 000
10:05:56.173 @RCB024 JDSF130
10:05:56.173 @RCB029 001
10:05:56.180 @RCB001 84
10:05:56.180 @RCB002 Z20190116002
10:05:56.180 @RCB003 010
10:05:56.180 @RCB004 103011591
10:05:56.181 @RCB005 F130内部线
10:05:56.181 @RCB006 套
10:05:56.181 @RCB007 001
10:05:56.181 @RCB008 200
10:05:56.181 @RCB019 ********************
10:05:56.181 @RCB020 见图纸
10:05:56.182 @RCB021 81
10:05:56.182 @RCB022 GD201901020013
10:05:56.182 @RCB023 000
10:05:56.182 @RCB024 JDSF130
10:05:56.183 @RCB029 001
10:05:56.190 @RCB001 84
10:05:56.190 @RCB002 Z20190116002
10:05:56.190 @RCB003 011
10:05:56.190 @RCB004 104020226
10:05:56.191 @RCB005 欧普530*820包装袋
10:05:56.191 @RCB006 PCS
10:05:56.191 @RCB007 006
10:05:56.191 @RCB008 200
10:05:56.192 @RCB019 ********************
10:05:56.192 @RCB020 单面印OPPLE
10:05:56.192 @RCB021 81
10:05:56.192 @RCB022 GD201901020013
10:05:56.192 @RCB023 000
10:05:56.193 @RCB024 JDSF130
10:05:56.193 @RCB029 001
10:05:56.200 @RCB001 84
10:05:56.200 @RCB002 Z20190116002
10:05:56.200 @RCB003 012
10:05:56.201 @RCB004 104061859
10:05:56.201 @RCB005 F130箱贴
10:05:56.201 @RCB006 PCS
10:05:56.201 @RCB007 008
10:05:56.201 @RCB008 200
10:05:56.201 @RCB019 ********************
10:05:56.202 @RCB020 
10:05:56.202 @RCB021 81
10:05:56.202 @RCB022 GD201901020013
10:05:56.202 @RCB023 000
10:05:56.202 @RCB024 JDSF130
10:05:56.202 @RCB029 001
10:05:56.209 @RCB001 84
10:05:56.210 @RCB002 Z20190116002
10:05:56.210 @RCB003 013
10:05:56.210 @RCB004 104091744
10:05:56.210 @RCB005 F130铭牌
10:05:56.210 @RCB006 PCS
10:05:56.211 @RCB007 008
10:05:56.211 @RCB008 200
10:05:56.211 @RCB019 ********************
10:05:56.211 @RCB020 
10:05:56.211 @RCB021 81
10:05:56.212 @RCB022 GD201901020013
10:05:56.212 @RCB023 000
10:05:56.212 @RCB024 JDSF130
10:05:56.212 @RCB029 001
10:05:56.215 @RCB001 84
10:05:56.215 @RCB002 Z20190116002
10:05:56.215 @RCB003 014
10:05:56.216 @RCB004 104070449
10:05:56.216 @RCB005 欧普合格证
10:05:56.216 @RCB006 PCS
10:05:56.216 @RCB007 008
10:05:56.216 @RCB008 200
10:05:56.216 @RCB019 ********************
10:05:56.217 @RCB020 白色不干胶
10:05:56.217 @RCB021 81
10:05:56.217 @RCB022 GD201901020013
10:05:56.217 @RCB023 000
10:05:56.217 @RCB024 JDSF130
10:05:56.217 @RCB029 001
10:05:56.226 @RCB001 84
10:05:56.227 @RCB002 Z20190116002
10:05:56.227 @RCB003 015
10:05:56.227 @RCB004 104114031
10:05:56.227 @RCB005 F130泡沫柱
10:05:56.227 @RCB006 PCS
10:05:56.228 @RCB007 004
10:05:56.228 @RCB008 200
10:05:56.228 @RCB019 ********************
10:05:56.228 @RCB020 
10:05:56.228 @RCB021 81
10:05:56.228 @RCB022 GD201901020013
10:05:56.229 @RCB023 000
10:05:56.229 @RCB024 JDSF130
10:05:56.229 @RCB029 001
10:05:56.232 @RCB001 84
10:05:56.232 @RCB002 Z20190116002
10:05:56.232 @RCB003 016
10:05:56.232 @RCB004 104114029
10:05:56.232 @RCB005 17-2泡沫
10:05:56.233 @RCB006 套
10:05:56.233 @RCB007 004
10:05:56.233 @RCB008 200
10:05:56.233 @RCB019 ********************
10:05:56.233 @RCB020 
10:05:56.233 @RCB021 81
10:05:56.234 @RCB022 GD201901020013
10:05:56.234 @RCB023 000
10:05:56.234 @RCB024 JDSF130
10:05:56.240 @RCB029 001
10:05:56.248 @RCB001 84
10:05:56.248 @RCB002 Z20190116002
10:05:56.249 @RCB003 017
10:05:56.249 @RCB004 104131681
10:05:56.249 @RCB005 欧普电商说明书
10:05:56.249 @RCB006 PCS
10:05:56.249 @RCB007 008
10:05:56.249 @RCB008 200
10:05:56.250 @RCB019 ********************
10:05:56.250 @RCB020 
10:05:56.250 @RCB021 81
10:05:56.250 @RCB022 GD201901020013
10:05:56.250 @RCB023 000
10:05:56.250 @RCB024 JDSF130
10:05:56.251 @RCB029 001
10:05:56.253 @RCB001 84
10:05:56.253 @RCB002 Z20190116002
10:05:56.253 @RCB003 018
10:05:56.254 @RCB004 104174075
10:05:56.254 @RCB005 欧普F130外箱
10:05:56.254 @RCB006 PCS
10:05:56.254 @RCB007 009
10:05:56.254 @RCB008 200
10:05:56.255 @RCB019 ********************
10:05:56.255 @RCB020 660*235*430mm/双瓦牛皮纸
10:05:56.255 @RCB021 81
10:05:56.255 @RCB022 GD201901020013
10:05:56.255 @RCB023 000
10:05:56.255 @RCB024 JDSF130
10:05:56.256 @RCB029 001
10:05:56.262 @RCB001 84
10:05:56.262 @RCB002 Z20190116002
10:05:56.263 @RCB003 019
10:05:56.263 @RCB004 105050821
10:05:56.263 @RCB005 1μF电容
10:05:56.263 @RCB006 PCS
10:05:56.263 @RCB007 006
10:05:56.263 @RCB008 200
10:05:56.264 @RCB019 ********************
10:05:56.264 @RCB020 1μF/引出线12cm
10:05:56.264 @RCB021 81
10:05:56.264 @RCB022 GD201901020013
10:05:56.264 @RCB023 000
10:05:56.265 @RCB024 JDSF130
10:05:56.265 @RCB029 001
10:05:56.273 @RCB001 84
10:05:56.273 @RCB002 Z20190116002
10:05:56.273 @RCB003 020
10:05:56.273 @RCB004 105041660
10:05:56.273 @RCB005 F62-40双向滚珠电机
10:05:56.273 @RCB006 PCS
10:05:56.274 @RCB007 006
10:05:56.274 @RCB008 200
10:05:56.274 @RCB019 ********************
10:05:56.274 @RCB020 红/黑/蓝200mm
10:05:56.274 @RCB021 81
10:05:56.275 @RCB022 GD201901020013
10:05:56.275 @RCB023 000
10:05:56.275 @RCB024 JDSF130
10:05:56.275 @RCB029 001
10:05:56.282 @RCB001 84
10:05:56.282 @RCB002 Z20190116002
10:05:56.282 @RCB003 021
10:05:56.283 @RCB004 104200787
10:05:56.283 @RCB005 纸板
10:05:56.283 @RCB006 PCS
10:05:56.283 @RCB007 009
10:05:56.283 @RCB008 200
10:05:56.283 @RCB019 ********************
10:05:56.284 @RCB020 630*400mm/双瓦牛皮纸
10:05:56.284 @RCB021 81
10:05:56.284 @RCB022 GD201901020013
10:05:56.284 @RCB023 000
10:05:56.284 @RCB024 JDSF130
10:05:56.284 @RCB029 001
10:05:56.291 @RCB001 84
10:05:56.292 @RCB002 Z20190116002
10:05:56.292 @RCB003 022
10:05:56.292 @RCB004 105060833
10:05:56.292 @RCB005 2000W发热块
10:05:56.292 @RCB006 PCS
10:05:56.293 @RCB007 006
10:05:56.293 @RCB008 200
10:05:56.293 @RCB019 ********************
10:05:56.293 @RCB020 60*156*24mm,+0,-0.5mm
10:05:56.293 @RCB021 81
10:05:56.294 @RCB022 GD201901020013
10:05:56.294 @RCB023 000
10:05:56.294 @RCB024 JDSF130
10:05:56.294 @RCB029 001
10:05:56.301 @RCB001 84
10:05:56.301 @RCB002 Z20190116002
10:05:56.301 @RCB003 023
10:05:56.302 @RCB004 105110852
10:05:56.302 @RCB005 2.5平方7档精品接线柱
10:05:56.302 @RCB006 PCS
10:05:56.302 @RCB007 006
10:05:56.302 @RCB008 200
10:05:56.303 @RCB019 ********************
10:05:56.303 @RCB020 TPJ-B，2.5mm2 250V ~
10:05:56.303 @RCB021 81
10:05:56.303 @RCB022 GD201901020013
10:05:56.303 @RCB023 000
10:05:56.303 @RCB024 JDSF130
10:05:56.304 @RCB029 001
10:05:56.312 @RCB001 84
10:05:56.312 @RCB002 Z20190116002
10:05:56.312 @RCB003 024
10:05:56.312 @RCB004 105130849
10:05:56.312 @RCB005 欧普8-12-240驱动
10:05:56.313 @RCB006 PCS
10:05:56.313 @RCB007 006
10:05:56.313 @RCB008 200
10:05:56.313 @RCB019 ********************
10:05:56.313 @RCB020 黑色丝印
10:05:56.314 @RCB021 81
10:05:56.314 @RCB022 GD201901020013
10:05:56.314 @RCB023 000
10:05:56.314 @RCB024 JDSF130
10:05:56.314 @RCB029 001
10:05:56.332 @RCB001 84
10:05:56.332 @RCB002 Z20190116002
10:05:56.332 @RCB003 025
10:05:56.332 @RCB004 105131702
10:05:56.333 @RCB005 浴霸电机控制器
10:05:56.333 @RCB006 PCS
10:05:56.333 @RCB007 006
10:05:56.333 @RCB008 200
10:05:56.333 @RCB019 ********************
10:05:56.334 @RCB020 
10:05:56.334 @RCB021 81
10:05:56.334 @RCB022 GD201901020013
10:05:56.334 @RCB023 000
10:05:56.334 @RCB024 JDSF130
10:05:56.334 @RCB029 001
10:05:56.338 @RCB001 84
10:05:56.338 @RCB002 Z20190116002
10:05:56.338 @RCB003 026
10:05:56.338 @RCB004 105160895
10:05:56.338 @RCB005 常闭105度温控器/平脚
10:05:56.339 @RCB006 PCS
10:05:56.339 @RCB007 006
10:05:56.339 @RCB008 200
10:05:56.339 @RCB019 ********************
10:05:56.339 @RCB020 16A
10:05:56.339 @RCB021 81
10:05:56.340 @RCB022 GD201901020013
10:05:56.340 @RCB023 000
10:05:56.340 @RCB024 JDSF130
10:05:56.340 @RCB029 001
10:05:56.349 @RCB001 84
10:05:56.349 @RCB002 Z20190116002
10:05:56.349 @RCB003 027
10:05:56.350 @RCB004 106091699
10:05:56.350 @RCB005 欧普FG12-3-B01防水盖
10:05:56.350 @RCB006 PCS
10:05:56.350 @RCB007 006
10:05:56.350 @RCB008 200
10:05:56.351 @RCB019 ********************
10:05:56.351 @RCB020 照明+取暖+换气
10:05:56.351 @RCB021 81
10:05:56.351 @RCB022 GD201901020013
10:05:56.351 @RCB023 000
10:05:56.351 @RCB024 JDSF130
10:05:56.352 @RCB029 001
10:05:56.359 @RCB001 84
10:05:56.360 @RCB002 Z20190116002
10:05:56.360 @RCB003 028
10:05:56.360 @RCB004 106110959
10:05:56.360 @RCB005 3.5公分白色开关盒
10:05:56.360 @RCB006 PCS
10:05:56.361 @RCB007 006
10:05:56.361 @RCB008 200
10:05:56.361 @RCB019 ********************
10:05:56.361 @RCB020 
10:05:56.361 @RCB021 81
10:05:56.361 @RCB022 GD201901020013
10:05:56.362 @RCB023 000
10:05:56.362 @RCB024 JDSF130
10:05:56.362 @RCB029 001
10:05:56.369 @RCB001 84
10:05:56.370 @RCB002 Z20190116002
10:05:56.370 @RCB003 029
10:05:56.370 @RCB004 106140011
10:05:56.370 @RCB005 K11-3-B开关
10:05:56.370 @RCB006 PCS
10:05:56.371 @RCB007 006
10:05:56.371 @RCB008 200
10:05:56.371 @RCB019 ********************
10:05:56.371 @RCB020 
10:05:56.371 @RCB021 81
10:05:56.371 @RCB022 GD201901020013
10:05:56.372 @RCB023 000
10:05:56.372 @RCB024 JDSF130
10:05:56.372 @RCB029 001
10:05:56.380 @RCB001 84
10:05:56.380 @RCB002 Z20190116002
10:05:56.380 @RCB003 030
10:05:56.381 @RCB004 503020001
10:05:56.381 @RCB005 蓝1.0保险管编织线
10:05:56.381 @RCB006 PCS
10:05:56.381 @RCB007 001
10:05:56.381 @RCB008 200
10:05:56.381 @RCB019 ********************
10:05:56.382 @RCB020 2200-2400W
10:05:56.382 @RCB021 81
10:05:56.382 @RCB022 GD201901020013
10:05:56.382 @RCB023 000
10:05:56.382 @RCB024 JDSF130
10:05:56.382 @RCB029 001
10:05:56.393 @RCB001 84
10:05:56.393 @RCB002 Z20190116002
10:05:56.394 @RCB003 031
10:05:56.394 @RCB004 201231255
10:05:56.394 @RCB005 F62-S二代PTC支架
10:05:56.394 @RCB006 PCS
10:05:56.394 @RCB007 005
10:05:56.395 @RCB008 200
10:05:56.395 @RCB019 ********************
10:05:56.395 @RCB020 
10:05:56.395 @RCB021 81
10:05:56.395 @RCB022 GD201901020013
10:05:56.395 @RCB023 000
10:05:56.396 @RCB024 JDSF130
10:05:56.396 @RCB029 001
10:05:56.406 @RCB001 84
10:05:56.406 @RCB002 Z20190116002
10:05:56.406 @RCB003 032
10:05:56.407 @RCB004 201231256
10:05:56.407 @RCB005 F62-S二代PTC保护罩
10:05:56.407 @RCB006 PCS
10:05:56.407 @RCB007 005
10:05:56.407 @RCB008 200
10:05:56.407 @RCB019 ********************
10:05:56.408 @RCB020 
10:05:56.408 @RCB021 81
10:05:56.408 @RCB022 GD201901020013
10:05:56.408 @RCB023 000
10:05:56.408 @RCB024 JDSF130
10:05:56.408 @RCB029 001
10:05:56.416 @RCB001 84
10:05:56.417 @RCB002 Z20190116002
10:05:56.417 @RCB003 033
10:05:56.417 @RCB004 201231253
10:05:56.417 @RCB005 F62导风件
10:05:56.417 @RCB006 PCS
10:05:56.417 @RCB007 005
10:05:56.418 @RCB008 200
10:05:56.418 @RCB019 ********************
10:05:56.418 @RCB020 
10:05:56.418 @RCB021 81
10:05:56.418 @RCB022 GD201901020013
10:05:56.419 @RCB023 000
10:05:56.419 @RCB024 JDSF130
10:05:56.419 @RCB029 001
10:05:56.422 @RCB001 84
10:05:56.423 @RCB002 Z20190116002
10:05:56.423 @RCB003 034
10:05:56.423 @RCB004 107010960
10:05:56.423 @RCB005 10公分豪华出风窗
10:05:56.423 @RCB006 PCS
10:05:56.424 @RCB007 005
10:05:56.424 @RCB008 200
10:05:56.424 @RCB019 ********************
10:05:56.424 @RCB020 
10:05:56.424 @RCB021 81
10:05:56.424 @RCB022 GD201901020013
10:05:56.425 @RCB023 000
10:05:56.425 @RCB024 JDSF130
10:05:56.425 @RCB029 001
10:05:56.428 @RCB001 84
10:05:56.428 @RCB002 Z20190116002
10:05:56.429 @RCB003 035
10:05:56.429 @RCB004 107110995
10:05:56.429 @RCB005 锡箔管10*10*150
10:05:56.429 @RCB006 PCS
10:05:56.429 @RCB007 004
10:05:56.430 @RCB008 200
10:05:56.430 @RCB019 ********************
10:05:56.430 @RCB020 
10:05:56.430 @RCB021 81
10:05:56.430 @RCB022 GD201901020013
10:05:56.430 @RCB023 000
10:05:56.431 @RCB024 JDSF130
10:05:56.431 @RCB029 001
10:05:56.438 @RCB001 84
10:05:56.439 @RCB002 Z20190116002
10:05:56.439 @RCB003 036
10:05:56.439 @RCB004 109041087
10:05:56.439 @RCB005 200*270自封袋
10:05:56.439 @RCB006 PCS
10:05:56.440 @RCB007 002
10:05:56.440 @RCB008 200
10:05:56.440 @RCB019 ********************
10:05:56.440 @RCB020 
10:05:56.440 @RCB021 81
10:05:56.441 @RCB022 GD201901020013
10:05:56.441 @RCB023 000
10:05:56.441 @RCB024 JDSF130
10:05:56.441 @RCB029 001
10:05:56.449 @RCB001 84
10:05:56.449 @RCB002 Z20190116002
10:05:56.450 @RCB003 037
10:05:56.450 @RCB004 201091128
10:05:56.450 @RCB005 F62双向风轮
10:05:56.450 @RCB006 PCS
10:05:56.450 @RCB007 005
10:05:56.451 @RCB008 200
10:05:56.451 @RCB019 ********************
10:05:56.451 @RCB020 
10:05:56.451 @RCB021 81
10:05:56.451 @RCB022 GD201901020013
10:05:56.451 @RCB023 000
10:05:56.451 @RCB024 JDSF130
10:05:56.452 @RCB029 001
10:05:56.455 @RCB001 84
10:05:56.455 @RCB002 Z20190116002
10:05:56.455 @RCB003 038
10:05:56.456 @RCB004 201101181
10:05:56.456 @RCB005 F63-S驱动盖板
10:05:56.456 @RCB006 PCS
10:05:56.456 @RCB007 005
10:05:56.456 @RCB008 200
10:05:56.456 @RCB019 ********************
10:05:56.457 @RCB020 白色
10:05:56.457 @RCB021 81
10:05:56.457 @RCB022 GD201901020013
10:05:56.457 @RCB023 000
10:05:56.457 @RCB024 JDSF130
10:05:56.457 @RCB029 001
10:05:56.465 @RCB001 84
10:05:56.465 @RCB002 Z20190116002
10:05:56.465 @RCB003 039
10:05:56.465 @RCB004 201101182
10:05:56.466 @RCB005 F130接线盖
10:05:56.466 @RCB006 PCS
10:05:56.466 @RCB007 005
10:05:56.466 @RCB008 200
10:05:56.466 @RCB019 ********************
10:05:56.466 @RCB020 白色
10:05:56.467 @RCB021 81
10:05:56.467 @RCB022 GD201901020013
10:05:56.467 @RCB023 000
10:05:56.467 @RCB024 JDSF130
10:05:56.467 @RCB029 001
10:05:56.476 @RCB001 84
10:05:56.476 @RCB002 Z20190116002
10:05:56.476 @RCB003 040
10:05:56.476 @RCB004 201121148
10:05:56.476 @RCB005 F130箱体中板
10:05:56.477 @RCB006 PCS
10:05:56.477 @RCB007 005
10:05:56.477 @RCB008 200
10:05:56.477 @RCB019 ********************
10:05:56.477 @RCB020 白色
10:05:56.477 @RCB021 81
10:05:56.478 @RCB022 GD201901020013
10:05:56.478 @RCB023 000
10:05:56.478 @RCB024 JDSF130
10:05:56.478 @RCB029 001
10:05:56.486 @RCB001 84
10:05:56.486 @RCB002 Z20190116002
10:05:56.486 @RCB003 041
10:05:56.486 @RCB004 201201274
10:05:56.487 @RCB005 F130后出风
10:05:56.487 @RCB006 PCS
10:05:56.487 @RCB007 005
10:05:56.487 @RCB008 200
10:05:56.487 @RCB019 ********************
10:05:56.487 @RCB020 白色/OPPLE
10:05:56.488 @RCB021 81
10:05:56.488 @RCB022 GD201901020013
10:05:56.488 @RCB023 000
10:05:56.488 @RCB024 JDSF130
10:05:56.488 @RCB029 001
10:05:56.492 @RCC001 84
10:05:56.492 @RCC002 Z20190116002
10:05:56.492 @RCC003 81
10:05:56.492 @RCC004 GD201901020014
10:05:56.493 @RCC005 013
10:05:56.493 @RCC006 700
10:05:56.493 @RCC007 0
10:05:56.493 @RCC008 ********************
10:05:56.493 @RCC010 JDSF133-S
10:05:56.493 @RCC011 000
10:05:56.493 @RCC022 002
10:05:56.493 @RCC028 
10:05:56.499 @RCB001 84
10:05:56.499 @RCB002 Z20190116002
10:05:56.499 @RCB003 002
10:05:56.499 @RCB004 201191229
10:05:56.499 @RCB005 F116PTC支架
10:05:56.500 @RCB006 PCS
10:05:56.500 @RCB007 005
10:05:56.500 @RCB008 700
10:05:56.500 @RCB019 ********************
10:05:56.500 @RCB020 
10:05:56.500 @RCB021 81
10:05:56.501 @RCB022 GD201901020014
10:05:56.501 @RCB023 000
10:05:56.501 @RCB024 JDSF133-S
10:05:56.501 @RCB029 002
10:05:56.509 @RCB001 84
10:05:56.509 @RCB002 Z20190116002
10:05:56.510 @RCB003 003
10:05:56.510 @RCB004 201171535
10:05:56.510 @RCB005 F133-S面板-LED
10:05:56.510 @RCB006 PCS
10:05:56.513 @RCB007 003
10:05:56.513 @RCB008 700
10:05:56.513 @RCB019 ********************
10:05:56.513 @RCB020 白色
10:05:56.514 @RCB021 81
10:05:56.514 @RCB022 GD201901020014
10:05:56.514 @RCB023 000
10:05:56.514 @RCB024 JDSF133-S
10:05:56.514 @RCB029 002
10:05:56.523 @RCB001 84
10:05:56.523 @RCB002 Z20190116002
10:05:56.523 @RCB003 004
10:05:56.523 @RCB004 201141165
10:05:56.523 @RCB005 F66-S后出风
10:05:56.523 @RCB006 PCS
10:05:56.523 @RCB007 005
10:05:56.524 @RCB008 700
10:05:56.524 @RCB019 ********************
10:05:56.524 @RCB020 白色
10:05:56.524 @RCB021 81
10:05:56.524 @RCB022 GD201901020014
10:05:56.524 @RCB023 000
10:05:56.524 @RCB024 JDSF133-S
10:05:56.524 @RCB029 002
10:05:56.533 @RCB001 84
10:05:56.533 @RCB002 Z20190116002
10:05:56.533 @RCB003 005
10:05:56.533 @RCB004 201101169
10:05:56.533 @RCB005 F66接线盖
10:05:56.534 @RCB006 PCS
10:05:56.534 @RCB007 005
10:05:56.534 @RCB008 700
10:05:56.534 @RCB019 ********************
10:05:56.534 @RCB020 白色/OPPLE
10:05:56.534 @RCB021 81
10:05:56.534 @RCB022 GD201901020014
10:05:56.534 @RCB023 000
10:05:56.535 @RCB024 JDSF133-S
10:05:56.535 @RCB029 002
10:05:56.546 @RCB001 84
10:05:56.546 @RCB002 Z20190116002
10:05:56.546 @RCB003 006
10:05:56.546 @RCB004 201091132
10:05:56.546 @RCB005 15款纯平风轮PA料
10:05:56.547 @RCB006 PCS
10:05:56.547 @RCB007 005
10:05:56.547 @RCB008 700
10:05:56.547 @RCB019 ********************
10:05:56.547 @RCB020 尼龙PA料
10:05:56.547 @RCB021 81
10:05:56.547 @RCB022 GD201901020014
10:05:56.547 @RCB023 000
10:05:56.548 @RCB024 JDSF133-S
10:05:56.548 @RCB029 002
10:05:56.556 @RCB001 84
10:05:56.556 @RCB002 Z20190116002
10:05:56.556 @RCB003 007
10:05:56.556 @RCB004 201091124
10:05:56.556 @RCB005 15款纯平风轮PP料
10:05:56.556 @RCB006 PCS
10:05:56.557 @RCB007 005
10:05:56.557 @RCB008 700
10:05:56.557 @RCB019 ********************
10:05:56.557 @RCB020 PP料
10:05:56.557 @RCB021 81
10:05:56.557 @RCB022 GD201901020014
10:05:56.557 @RCB023 000
10:05:56.557 @RCB024 JDSF133-S
10:05:56.558 @RCB029 002
10:05:56.566 @RCB001 84
10:05:56.566 @RCB002 Z20190116002
10:05:56.566 @RCB003 008
10:05:56.566 @RCB004 109041087
10:05:56.566 @RCB005 200*270自封袋
10:05:56.567 @RCB006 PCS
10:05:56.567 @RCB007 002
10:05:56.567 @RCB008 700
10:05:56.567 @RCB019 ********************
10:05:56.567 @RCB020 
10:05:56.567 @RCB021 81
10:05:56.567 @RCB022 GD201901020014
10:05:56.568 @RCB023 000
10:05:56.568 @RCB024 JDSF133-S
10:05:56.568 @RCB029 002
10:05:56.576 @RCB001 84
10:05:56.576 @RCB002 Z20190116002
10:05:56.576 @RCB003 010
10:05:56.576 @RCB004 107120997
10:05:56.577 @RCB005 复合机PTC网罩
10:05:56.577 @RCB006 PCS
10:05:56.577 @RCB007 005
10:05:56.577 @RCB008 700
10:05:56.577 @RCB019 ********************
10:05:56.577 @RCB020 
10:05:56.577 @RCB021 81
10:05:56.577 @RCB022 GD201901020014
10:05:56.578 @RCB023 000
10:05:56.578 @RCB024 JDSF133-S
10:05:56.578 @RCB029 002
10:05:56.582 @RCB001 84
10:05:56.582 @RCB002 Z20190116002
10:05:56.582 @RCB003 011
10:05:56.582 @RCB004 107110995
10:05:56.582 @RCB005 锡箔管10*10*150
10:05:56.583 @RCB006 PCS
10:05:56.583 @RCB007 004
10:05:56.583 @RCB008 700
10:05:56.583 @RCB019 ********************
10:05:56.583 @RCB020 
10:05:56.583 @RCB021 81
10:05:56.583 @RCB022 GD201901020014
10:05:56.584 @RCB023 000
10:05:56.584 @RCB024 JDSF133-S
10:05:56.584 @RCB029 002
10:05:56.592 @RCB001 84
10:05:56.593 @RCB002 Z20190116002
10:05:56.593 @RCB003 012
10:05:56.593 @RCB004 107010960
10:05:56.593 @RCB005 10公分豪华出风窗
10:05:56.593 @RCB006 PCS
10:05:56.593 @RCB007 005
10:05:56.593 @RCB008 700
10:05:56.594 @RCB019 ********************
10:05:56.594 @RCB020 
10:05:56.594 @RCB021 81
10:05:56.594 @RCB022 GD201901020014
10:05:56.594 @RCB023 000
10:05:56.594 @RCB024 JDSF133-S
10:05:56.594 @RCB029 002
10:05:56.603 @RCB001 84
10:05:56.603 @RCB002 Z20190116002
10:05:56.603 @RCB003 013
10:05:56.603 @RCB004 503020001
10:05:56.603 @RCB005 蓝1.0保险管编织线
10:05:56.603 @RCB006 PCS
10:05:56.603 @RCB007 001
10:05:56.604 @RCB008 700
10:05:56.604 @RCB019 ********************
10:05:56.604 @RCB020 2200-2400W
10:05:56.604 @RCB021 81
10:05:56.604 @RCB022 GD201901020014
10:05:56.604 @RCB023 000
10:05:56.604 @RCB024 JDSF133-S
10:05:56.605 @RCB029 002
10:05:56.613 @RCB001 84
10:05:56.613 @RCB002 Z20190116002
10:05:56.614 @RCB003 014
10:05:56.614 @RCB004 502010045
10:05:56.614 @RCB005 F113-E白色铁箱-喷塑
10:05:56.614 @RCB006 PCS
10:05:56.614 @RCB007 014
10:05:56.614 @RCB008 700
10:05:56.614 @RCB019 ********************
10:05:56.614 @RCB020 白色
10:05:56.615 @RCB021 81
10:05:56.615 @RCB022 GD201901020014
10:05:56.615 @RCB023 000
10:05:56.615 @RCB024 JDSF133-S
10:05:56.615 @RCB029 002
10:05:56.624 @RCB001 84
10:05:56.624 @RCB002 Z20190116002
10:05:56.624 @RCB003 015
10:05:56.624 @RCB004 106150004
10:05:56.624 @RCB005 F139-S单暖浴霸触摸开关
10:05:56.624 @RCB006 PCS
10:05:56.624 @RCB007 006
10:05:56.625 @RCB008 700
10:05:56.625 @RCB019 ********************
10:05:56.625 @RCB020 客供/卓翼（附件包：3*12切尾黑2颗/4*25机罗2颗/压线条1个）
10:05:56.625 @RCB021 81
10:05:56.625 @RCB022 GD201901020014
10:05:56.625 @RCB023 000
10:05:56.625 @RCB024 JDSF133-S
10:05:56.625 @RCB029 002
10:05:56.634 @RCB001 84
10:05:56.634 @RCB002 Z20190116002
10:05:56.634 @RCB003 016
10:05:56.634 @RCB004 106150005
10:05:56.635 @RCB005 F139-S高压触屏开关盒
10:05:56.635 @RCB006 PCS
10:05:56.635 @RCB007 006
10:05:56.635 @RCB008 700
10:05:56.635 @RCB019 ********************
10:05:56.635 @RCB020 客供/卓翼
10:05:56.635 @RCB021 81
10:05:56.636 @RCB022 GD201901020014
10:05:56.636 @RCB023 000
10:05:56.636 @RCB024 JDSF133-S
10:05:56.636 @RCB029 002
10:05:56.645 @RCB001 84
10:05:56.645 @RCB002 Z20190116002
10:05:56.645 @RCB003 017
10:05:56.645 @RCB004 105160892
10:05:56.645 @RCB005 常闭110度温控器
10:05:56.645 @RCB006 PCS
10:05:56.646 @RCB007 006
10:05:56.646 @RCB008 700
10:05:56.646 @RCB019 ********************
10:05:56.646 @RCB020 斜脚45度/16A
10:05:56.646 @RCB021 81
10:05:56.647 @RCB022 GD201901020014
10:05:56.647 @RCB023 000
10:05:56.647 @RCB024 JDSF133-S
10:05:56.647 @RCB029 002
10:05:56.655 @RCB001 84
10:05:56.656 @RCB002 Z20190116002
10:05:56.656 @RCB003 018
10:05:56.656 @RCB004 105131718
10:05:56.656 @RCB005 欧普二合一驱动(客供)
10:05:56.656 @RCB006 PCS
10:05:56.656 @RCB007 006
10:05:56.657 @RCB008 700
10:05:56.657 @RCB019 ********************
10:05:56.657 @RCB020 照明180mm，数显100mm
10:05:56.657 @RCB021 81
10:05:56.657 @RCB022 GD201901020014
10:05:56.657 @RCB023 000
10:05:56.658 @RCB024 JDSF133-S
10:05:56.658 @RCB029 002
10:05:56.668 @RCB001 84
10:05:56.668 @RCB002 Z20190116002
10:05:56.668 @RCB003 019
10:05:56.669 @RCB004 105110853
10:05:56.669 @RCB005 2.5平方8档精品接线柱
10:05:56.669 @RCB006 PCS
10:05:56.669 @RCB007 006
10:05:56.669 @RCB008 700
10:05:56.669 @RCB019 ********************
10:05:56.670 @RCB020 TPJ-B，2.5mm2 250V ~
10:05:56.670 @RCB021 81
10:05:56.670 @RCB022 GD201901020014
10:05:56.670 @RCB023 000
10:05:56.670 @RCB024 JDSF133-S
10:05:56.670 @RCB029 002
10:05:56.676 @RCB001 84
10:05:56.676 @RCB002 Z20190116002
10:05:56.676 @RCB003 020
10:05:56.676 @RCB004 105050824
10:05:56.676 @RCB005 负离子发生器
10:05:56.677 @RCB006 PCS
10:05:56.677 @RCB007 006
10:05:56.677 @RCB008 700
10:05:56.677 @RCB019 ********************
10:05:56.677 @RCB020 
10:05:56.677 @RCB021 81
10:05:56.678 @RCB022 GD201901020014
10:05:56.678 @RCB023 000
10:05:56.678 @RCB024 JDSF133-S
10:05:56.678 @RCB029 002
10:05:56.687 @RCB001 84
10:05:56.688 @RCB002 Z20190116002
10:05:56.688 @RCB003 021
10:05:56.688 @RCB004 105060823
10:05:56.688 @RCB005 148*84*24发热块
10:05:56.688 @RCB006 PCS
10:05:56.689 @RCB007 006
10:05:56.689 @RCB008 700
10:05:56.689 @RCB019 ********************
10:05:56.689 @RCB020 2000W/直脚/大网孔/148*84*24mm
10:05:56.689 @RCB021 81
10:05:56.689 @RCB022 GD201901020014
10:05:56.690 @RCB023 000
10:05:56.690 @RCB024 JDSF133-S
10:05:56.690 @RCB029 002
10:05:56.699 @RCB001 84
10:05:56.699 @RCB002 Z20190116002
10:05:56.700 @RCB003 022
10:05:56.700 @RCB004 105041661
10:05:56.700 @RCB005 F66吹风滚珠电机
10:05:56.700 @RCB006 PCS
10:05:56.700 @RCB007 006
10:05:56.700 @RCB008 700
10:05:56.701 @RCB019 ********************
10:05:56.701 @RCB020 白/绿/蓝L=200mm
10:05:56.701 @RCB021 81
10:05:56.701 @RCB022 GD201901020014
10:05:56.701 @RCB023 000
10:05:56.702 @RCB024 JDSF133-S
10:05:56.702 @RCB029 002
10:05:56.710 @RCB001 84
10:05:56.711 @RCB002 Z20190116002
10:05:56.711 @RCB003 023
10:05:56.711 @RCB004 105050821
10:05:56.711 @RCB005 1μF电容
10:05:56.711 @RCB006 PCS
10:05:56.711 @RCB007 006
10:05:56.712 @RCB008 1400
10:05:56.712 @RCB019 ********************
10:05:56.712 @RCB020 1μF/引出线12cm
10:05:56.712 @RCB021 81
10:05:56.712 @RCB022 GD201901020014
10:05:56.712 @RCB023 000
10:05:56.712 @RCB024 JDSF133-S
10:05:56.713 @RCB029 002
10:05:56.722 @RCB001 84
10:05:56.723 @RCB002 Z20190116002
10:05:56.723 @RCB003 024
10:05:56.723 @RCB004 105041662
10:05:56.723 @RCB005 F66换气滚珠电机
10:05:56.723 @RCB006 PCS
10:05:56.723 @RCB007 006
10:05:56.724 @RCB008 700
10:05:56.724 @RCB019 ********************
10:05:56.724 @RCB020 红/黄/蓝L=200mm
10:05:56.724 @RCB021 81
10:05:56.724 @RCB022 GD201901020014
10:05:56.724 @RCB023 000
10:05:56.725 @RCB024 JDSF133-S
10:05:56.725 @RCB029 002
10:05:56.730 @RCB001 84
10:05:56.730 @RCB002 Z20190116002
10:05:56.730 @RCB003 025
10:05:56.730 @RCB004 104174105
10:05:56.731 @RCB005 F113-E外箱
10:05:56.731 @RCB006 PCS
10:05:56.731 @RCB007 009
10:05:56.731 @RCB008 700
10:05:56.731 @RCB019 ********************
10:05:56.731 @RCB020 665*225*395mm/双瓦牛皮纸
10:05:56.732 @RCB021 81
10:05:56.732 @RCB022 GD201901020014
10:05:56.732 @RCB023 000
10:05:56.732 @RCB024 JDSF133-S
10:05:56.732 @RCB029 002
10:05:56.742 @RCB001 84
10:05:56.742 @RCB002 Z20190116002
10:05:56.742 @RCB003 026
10:05:56.742 @RCB004 104114045
10:05:56.742 @RCB005 18-6泡沫
10:05:56.742 @RCB006 套
10:05:56.743 @RCB007 004
10:05:56.743 @RCB008 700
10:05:56.743 @RCB019 ********************
10:05:56.743 @RCB020 
10:05:56.743 @RCB021 81
10:05:56.743 @RCB022 GD201901020014
10:05:56.743 @RCB023 000
10:05:56.744 @RCB024 JDSF133-S
10:05:56.744 @RCB029 002
10:05:56.753 @RCB001 84
10:05:56.754 @RCB002 Z20190116002
10:05:56.754 @RCB003 027
10:05:56.754 @RCB004 104131696
10:05:56.754 @RCB005 F113-S说明书
10:05:56.754 @RCB006 PCS
10:05:56.755 @RCB007 008
10:05:56.755 @RCB008 700
10:05:56.755 @RCB019 ********************
10:05:56.755 @RCB020 
10:05:56.755 @RCB021 81
10:05:56.755 @RCB022 GD201901020014
10:05:56.756 @RCB023 000
10:05:56.756 @RCB024 JDSF133-S
10:05:56.756 @RCB029 002
10:05:56.761 @RCB001 84
10:05:56.761 @RCB002 Z20190116002
10:05:56.761 @RCB003 028
10:05:56.762 @RCB004 104070449
10:05:56.762 @RCB005 欧普合格证
10:05:56.762 @RCB006 PCS
10:05:56.762 @RCB007 008
10:05:56.762 @RCB008 700
10:05:56.762 @RCB019 ********************
10:05:56.762 @RCB020 白色不干胶
10:05:56.762 @RCB021 81
10:05:56.763 @RCB022 GD201901020014
10:05:56.763 @RCB023 000
10:05:56.763 @RCB024 JDSF133-S
10:05:56.763 @RCB029 002
10:05:56.772 @RCB001 84
10:05:56.773 @RCB002 Z20190116002
10:05:56.773 @RCB003 029
10:05:56.773 @RCB004 104091775
10:05:56.773 @RCB005 欧普F133-S铭牌
10:05:56.773 @RCB006 PCS
10:05:56.773 @RCB007 008
10:05:56.774 @RCB008 700
10:05:56.774 @RCB019 ********************
10:05:56.774 @RCB020 
10:05:56.774 @RCB021 81
10:05:56.774 @RCB022 GD201901020014
10:05:56.774 @RCB023 000
10:05:56.775 @RCB024 JDSF133-S
10:05:56.775 @RCB029 002
10:05:56.784 @RCB001 84
10:05:56.784 @RCB002 Z20190116002
10:05:56.785 @RCB003 030
10:05:56.785 @RCB004 104061899
10:05:56.785 @RCB005 F139-S接线提示卡
10:05:56.785 @RCB006 PCS
10:05:56.785 @RCB007 006
10:05:56.785 @RCB008 700
10:05:56.786 @RCB019 ********************
10:05:56.786 @RCB020 
10:05:56.786 @RCB021 81
10:05:56.786 @RCB022 GD201901020014
10:05:56.786 @RCB023 000
10:05:56.786 @RCB024 JDSF133-S
10:05:56.787 @RCB029 002
10:05:56.792 @RCB001 84
10:05:56.792 @RCB002 Z20190116002
10:05:56.792 @RCB003 031
10:05:56.793 @RCB004 104061944
10:05:56.793 @RCB005 F133-S箱贴
10:05:56.793 @RCB006 PCS
10:05:56.793 @RCB007 008
10:05:56.793 @RCB008 700
10:05:56.793 @RCB019 ********************
10:05:56.794 @RCB020 
10:05:56.794 @RCB021 81
10:05:56.794 @RCB022 GD201901020014
10:05:56.794 @RCB023 000
10:05:56.794 @RCB024 JDSF133-S
10:05:56.794 @RCB029 002
10:05:56.804 @RCB001 84
10:05:56.805 @RCB002 Z20190116002
10:05:56.805 @RCB003 032
10:05:56.805 @RCB004 104020226
10:05:56.805 @RCB005 欧普530*820包装袋
10:05:56.805 @RCB006 PCS
10:05:56.805 @RCB007 006
10:05:56.805 @RCB008 700
10:05:56.806 @RCB019 ********************
10:05:56.806 @RCB020 单面印OPPLE
10:05:56.806 @RCB021 81
10:05:56.806 @RCB022 GD201901020014
10:05:56.806 @RCB023 000
10:05:56.806 @RCB024 JDSF133-S
10:05:56.806 @RCB029 002
10:05:56.816 @RCB001 84
10:05:56.816 @RCB002 Z20190116002
10:05:56.817 @RCB003 033
10:05:56.817 @RCB004 103041679
10:05:56.817 @RCB005 二合一驱动照明转接线
10:05:56.817 @RCB006 PCS
10:05:56.817 @RCB007 006
10:05:56.818 @RCB008 700
10:05:56.818 @RCB019 ********************
10:05:56.818 @RCB020 
10:05:56.818 @RCB021 81
10:05:56.818 @RCB022 GD201901020014
10:05:56.819 @RCB023 000
10:05:56.819 @RCB024 JDSF133-S
10:05:56.819 @RCB029 002
10:05:56.829 @RCB001 84
10:05:56.829 @RCB002 Z20190116002
10:05:56.829 @RCB003 034
10:05:56.829 @RCB004 103041678
10:05:56.830 @RCB005 二合一驱动数显转接线
10:05:56.830 @RCB006 PCS
10:05:56.830 @RCB007 006
10:05:56.830 @RCB008 700
10:05:56.830 @RCB019 ********************
10:05:56.830 @RCB020 
10:05:56.830 @RCB021 81
10:05:56.830 @RCB022 GD201901020014
10:05:56.831 @RCB023 000
10:05:56.831 @RCB024 JDSF133-S
10:05:56.831 @RCB029 002
10:05:56.837 @RCB001 84
10:05:56.837 @RCB002 Z20190116002
10:05:56.837 @RCB003 035
10:05:56.837 @RCB004 104060382
10:05:56.837 @RCB005 欧普接线警告
10:05:56.837 @RCB006 PCS
10:05:56.837 @RCB007 008
10:05:56.838 @RCB008 700
10:05:56.838 @RCB019 ********************
10:05:56.838 @RCB020 75*25mm,不干胶贴纸
10:05:56.838 @RCB021 81
10:05:56.838 @RCB022 GD201901020014
10:05:56.839 @RCB023 000
10:05:56.839 @RCB024 JDSF133-S
10:05:56.839 @RCB029 002
10:05:56.849 @RCB001 84
10:05:56.849 @RCB002 Z20190116002
10:05:56.850 @RCB003 036
10:05:56.850 @RCB004 103021690
10:05:56.850 @RCB005 F113-S接线柱跳线
10:05:56.850 @RCB006 PCS
10:05:56.850 @RCB007 001
10:05:56.850 @RCB008 700
10:05:56.850 @RCB019 ********************
10:05:56.851 @RCB020 1.5mm,L=70mm（详见图纸）
10:05:56.851 @RCB021 81
10:05:56.851 @RCB022 GD201901020014
10:05:56.851 @RCB023 000
10:05:56.851 @RCB024 JDSF133-S
10:05:56.851 @RCB029 002
10:05:56.861 @RCB001 84
10:05:56.861 @RCB002 Z20190116002
10:05:56.861 @RCB003 037
10:05:56.862 @RCB004 103021699
10:05:56.862 @RCB005 白色30公分六芯线
10:05:56.862 @RCB006 PCS
10:05:56.862 @RCB007 001
10:05:56.862 @RCB008 700
10:05:56.862 @RCB019 ********************
10:05:56.862 @RCB020 (红/黄/白/绿/棕/蓝)6*1.0mm
10:05:56.862 @RCB021 81
10:05:56.863 @RCB022 GD201901020014
10:05:56.863 @RCB023 000
10:05:56.863 @RCB024 JDSF133-S
10:05:56.863 @RCB029 002
10:05:56.874 @RCB001 84
10:05:56.874 @RCB002 Z20190116002
10:05:56.874 @RCB003 038
10:05:56.874 @RCB004 103011578
10:05:56.875 @RCB005 F66内部线
10:05:56.875 @RCB006 套
10:05:56.875 @RCB007 001
10:05:56.875 @RCB008 700
10:05:56.875 @RCB019 ********************
10:05:56.875 @RCB020 见图纸
10:05:56.875 @RCB021 81
10:05:56.876 @RCB022 GD201901020014
10:05:56.876 @RCB023 000
10:05:56.876 @RCB024 JDSF133-S
10:05:56.876 @RCB029 002
10:05:56.886 @RCB001 84
10:05:56.886 @RCB002 Z20190116002
10:05:56.886 @RCB003 039
10:05:56.886 @RCB004 102140096
10:05:56.886 @RCB005 STP4*6三角机丝圆头
10:05:56.887 @RCB006 PCS
10:05:56.887 @RCB007 001
10:05:56.887 @RCB008 700
10:05:56.887 @RCB019 ********************
10:05:56.887 @RCB020 
10:05:56.887 @RCB021 81
10:05:56.887 @RCB022 GD201901020014
10:05:56.887 @RCB023 000
10:05:56.888 @RCB024 JDSF133-S
10:05:56.888 @RCB029 002
10:05:56.899 @RCB001 84
10:05:56.899 @RCB002 Z20190116002
10:05:56.900 @RCB003 040
10:05:56.900 @RCB004 102010049
10:05:56.900 @RCB005 10公分抱箍
10:05:56.900 @RCB006 PCS
10:05:56.900 @RCB007 001
10:05:56.900 @RCB008 1400
10:05:56.901 @RCB019 ********************
10:05:56.901 @RCB020 
10:05:56.901 @RCB021 81
10:05:56.901 @RCB022 GD201901020014
10:05:56.901 @RCB023 000
10:05:56.901 @RCB024 JDSF133-S
10:05:56.902 @RCB029 002
10:05:56.912 @RCB001 84
10:05:56.912 @RCB002 Z20190116002
10:05:56.913 @RCB003 042
10:05:56.913 @RCB004 102060067
10:05:56.913 @RCB005 M4*6圆头铜螺丝
10:05:56.913 @RCB006 PCS
10:05:56.913 @RCB007 001
10:05:56.913 @RCB008 1400
10:05:56.914 @RCB019 ********************
10:05:56.914 @RCB020 
10:05:56.914 @RCB021 81
10:05:56.914 @RCB022 GD201901020014
10:05:56.915 @RCB023 000
10:05:56.915 @RCB024 JDSF133-S
10:05:56.915 @RCB029 002
10:05:56.925 @RCB001 84
10:05:56.926 @RCB002 Z20190116002
10:05:56.926 @RCB003 043
10:05:56.926 @RCB004 102080083
10:05:56.926 @RCB005 Φ4铜螺帽
10:05:56.927 @RCB006 PCS
10:05:56.927 @RCB007 001
10:05:56.927 @RCB008 1400
10:05:56.927 @RCB019 ********************
10:05:56.927 @RCB020 
10:05:56.928 @RCB021 81
10:05:56.928 @RCB022 GD201901020014
10:05:56.928 @RCB023 000
10:05:56.928 @RCB024 JDSF133-S
10:05:56.928 @RCB029 002
10:05:56.939 @RCB001 84
10:05:56.940 @RCB002 Z20190116002
10:05:56.940 @RCB003 044
10:05:56.940 @RCB004 102060069
10:05:56.940 @RCB005 龙骨卡扣螺丝包
10:05:56.940 @RCB006 PCS
10:05:56.940 @RCB007 001
10:05:56.941 @RCB008 700
10:05:56.941 @RCB019 ********************
10:05:56.941 @RCB020 带4*20螺丝
10:05:56.941 @RCB021 81
10:05:56.941 @RCB022 GD201901020014
10:05:56.941 @RCB023 000
10:05:56.941 @RCB024 JDSF133-S
10:05:56.941 @RCB029 002
10:05:56.952 @RCB001 84
10:05:56.953 @RCB002 Z20190116002
10:05:56.953 @RCB003 047
10:05:56.953 @RCB004 102110088
10:05:56.953 @RCB005 智能开关压线卡
10:05:56.953 @RCB006 PCS
10:05:56.953 @RCB007 006
10:05:56.954 @RCB008 700
10:05:56.954 @RCB019 ********************
10:05:56.954 @RCB020 白色（格兰）
10:05:56.954 @RCB021 81
10:05:56.954 @RCB022 GD201901020014
10:05:56.954 @RCB023 000
10:05:56.954 @RCB024 JDSF133-S
10:05:56.954 @RCB029 002
10:07:13.884 @EMP002 系统管理员
10:07:13.885 @EMP033 9af7f2b45fff5ca168dd7081681fadd
10:08:30.832 @ANW001 Z20190116002
10:08:30.832 @ANW020 False
10:08:32.778 @ANW001 Z20190116002
10:08:32.778 @ANW020 True
10:08:32.781 @RCA001 84
10:08:32.781 @RCA002 Z20190116002
10:08:32.781 @RCA004 20190128
10:08:32.781 @RCA005 DS
10:08:32.782 @RCA006 050704
10:08:32.782 @RCA016 F
10:08:32.782 @RCA019 F
10:08:32.785 @RCC001 84
10:08:32.789 @RCC002 Z20190116002
10:08:32.789 @RCC003 81
10:08:32.789 @RCC004 GD201901020013
10:08:32.789 @RCC005 013
10:08:32.790 @RCC006 200
10:08:32.790 @RCC007 0
10:08:32.790 @RCC008 ********************
10:08:32.790 @RCC010 JDSF130
10:08:32.790 @RCC011 000
10:08:32.790 @RCC022 001
10:08:32.791 @RCC028 
10:08:32.793 @RCB001 84
10:08:32.793 @RCB002 Z20190116002
10:08:32.793 @RCB003 003
10:08:32.793 @RCB004 102080086
10:08:32.793 @RCB005 防松螺母
10:08:32.793 @RCB006 PCS
10:08:32.793 @RCB007 001
10:08:32.794 @RCB008 200
10:08:32.794 @RCB019 ********************
10:08:32.794 @RCB020 M8
10:08:32.794 @RCB021 81
10:08:32.794 @RCB022 GD201901020013
10:08:32.794 @RCB023 000
10:08:32.794 @RCB024 JDSF130
10:08:32.794 @RCB029 001
10:08:32.796 @RCB001 84
10:08:32.797 @RCB002 Z20190116002
10:08:32.797 @RCB003 004
10:08:32.797 @RCB004 102060069
10:08:32.797 @RCB005 龙骨卡扣螺丝包
10:08:32.797 @RCB006 PCS
10:08:32.797 @RCB007 001
10:08:32.798 @RCB008 200
10:08:32.798 @RCB019 ********************
10:08:32.798 @RCB020 带4*20螺丝
10:08:32.798 @RCB021 81
10:08:32.798 @RCB022 GD201901020013
10:08:32.798 @RCB023 000
10:08:32.799 @RCB024 JDSF130
10:08:32.799 @RCB029 001
10:08:32.800 @RCB001 84
10:08:32.801 @RCB002 Z20190116002
10:08:32.801 @RCB003 005
10:08:32.801 @RCB004 102080083
10:08:32.801 @RCB005 Φ4铜螺帽
10:08:32.801 @RCB006 PCS
10:08:32.801 @RCB007 001
10:08:32.802 @RCB008 200
10:08:32.802 @RCB019 ********************
10:08:32.802 @RCB020 
10:08:32.802 @RCB021 81
10:08:32.802 @RCB022 GD201901020013
10:08:32.802 @RCB023 000
10:08:32.802 @RCB024 JDSF130
10:08:32.803 @RCB029 001
10:08:32.804 @RCB001 84
10:08:32.804 @RCB002 Z20190116002
10:08:32.805 @RCB003 006
10:08:32.805 @RCB004 102060067
10:08:32.805 @RCB005 M4*6圆头铜螺丝
10:08:32.805 @RCB006 PCS
10:08:32.805 @RCB007 001
10:08:32.805 @RCB008 200
10:08:32.805 @RCB019 ********************
10:08:32.805 @RCB020 
10:08:32.806 @RCB021 81
10:08:32.806 @RCB022 GD201901020013
10:08:32.806 @RCB023 000
10:08:32.806 @RCB024 JDSF130
10:08:32.806 @RCB029 001
10:08:32.808 @RCB001 84
10:08:32.808 @RCB002 Z20190116002
10:08:32.808 @RCB003 007
10:08:32.808 @RCB004 102010049
10:08:32.808 @RCB005 10公分抱箍
10:08:32.809 @RCB006 PCS
10:08:32.809 @RCB007 001
10:08:32.809 @RCB008 400
10:08:32.809 @RCB019 ********************
10:08:32.809 @RCB020 
10:08:32.809 @RCB021 81
10:08:32.809 @RCB022 GD201901020013
10:08:32.809 @RCB023 000
10:08:32.810 @RCB024 JDSF130
10:08:32.810 @RCB029 001
10:08:32.812 @RCB001 84
10:08:32.812 @RCB002 Z20190116002
10:08:32.812 @RCB003 008
10:08:32.812 @RCB004 103021686
10:08:32.813 @RCB005 白色50公分四芯线
10:08:32.813 @RCB006 PCS
10:08:32.813 @RCB007 001
10:08:32.813 @RCB008 200
10:08:32.813 @RCB019 ********************
10:08:32.813 @RCB020 (红/白/绿/棕)4*1.0mm
10:08:32.813 @RCB021 81
10:08:32.813 @RCB022 GD201901020013
10:08:32.814 @RCB023 000
10:08:32.814 @RCB024 JDSF130
10:08:32.814 @RCB029 001
10:08:32.816 @RCB001 84
10:08:32.816 @RCB002 Z20190116002
10:08:32.816 @RCB003 009
10:08:32.816 @RCB004 103021667
10:08:32.816 @RCB005 50mm转接线
10:08:32.817 @RCB006 PCS
10:08:32.817 @RCB007 001
10:08:32.817 @RCB008 200
10:08:32.817 @RCB019 ********************
10:08:32.817 @RCB020 1.5mm,L=50mm
10:08:32.817 @RCB021 81
10:08:32.817 @RCB022 GD201901020013
10:08:32.817 @RCB023 000
10:08:32.817 @RCB024 JDSF130
10:08:32.818 @RCB029 001
10:08:32.820 @RCB001 84
10:08:32.820 @RCB002 Z20190116002
10:08:32.820 @RCB003 010
10:08:32.821 @RCB004 103011591
10:08:32.821 @RCB005 F130内部线
10:08:32.821 @RCB006 套
10:08:32.821 @RCB007 001
10:08:32.821 @RCB008 200
10:08:32.822 @RCB019 ********************
10:08:32.822 @RCB020 见图纸
10:08:32.822 @RCB021 81
10:08:32.822 @RCB022 GD201901020013
10:08:32.823 @RCB023 000
10:08:32.823 @RCB024 JDSF130
10:08:32.823 @RCB029 001
10:08:32.825 @RCB001 84
10:08:32.825 @RCB002 Z20190116002
10:08:32.825 @RCB003 011
10:08:32.825 @RCB004 104020226
10:08:32.826 @RCB005 欧普530*820包装袋
10:08:32.826 @RCB006 PCS
10:08:32.826 @RCB007 006
10:08:32.826 @RCB008 200
10:08:32.826 @RCB019 ********************
10:08:32.827 @RCB020 单面印OPPLE
10:08:32.827 @RCB021 81
10:08:32.827 @RCB022 GD201901020013
10:08:32.827 @RCB023 000
10:08:32.827 @RCB024 JDSF130
10:08:32.827 @RCB029 001
10:08:32.829 @RCB001 84
10:08:32.830 @RCB002 Z20190116002
10:08:32.830 @RCB003 012
10:08:32.830 @RCB004 104061859
10:08:32.830 @RCB005 F130箱贴
10:08:32.830 @RCB006 PCS
10:08:32.831 @RCB007 008
10:08:32.831 @RCB008 200
10:08:32.831 @RCB019 ********************
10:08:32.831 @RCB020 
10:08:32.831 @RCB021 81
10:08:32.831 @RCB022 GD201901020013
10:08:32.832 @RCB023 000
10:08:32.832 @RCB024 JDSF130
10:08:32.832 @RCB029 001
10:08:32.834 @RCB001 84
10:08:32.834 @RCB002 Z20190116002
10:08:32.834 @RCB003 013
10:08:32.835 @RCB004 104091744
10:08:32.835 @RCB005 F130铭牌
10:08:32.835 @RCB006 PCS
10:08:32.835 @RCB007 008
10:08:32.835 @RCB008 200
10:08:32.836 @RCB019 ********************
10:08:32.836 @RCB020 
10:08:32.836 @RCB021 81
10:08:32.836 @RCB022 GD201901020013
10:08:32.836 @RCB023 000
10:08:32.836 @RCB024 JDSF130
10:08:32.837 @RCB029 001
10:08:32.839 @RCB001 84
10:08:32.839 @RCB002 Z20190116002
10:08:32.840 @RCB003 014
10:08:32.840 @RCB004 104070449
10:08:32.840 @RCB005 欧普合格证
10:08:32.840 @RCB006 PCS
10:08:32.840 @RCB007 008
10:08:32.840 @RCB008 200
10:08:32.841 @RCB019 ********************
10:08:32.841 @RCB020 白色不干胶
10:08:32.841 @RCB021 81
10:08:32.841 @RCB022 GD201901020013
10:08:32.841 @RCB023 000
10:08:32.841 @RCB024 JDSF130
10:08:32.842 @RCB029 001
10:08:32.845 @RCB001 84
10:08:32.845 @RCB002 Z20190116002
10:08:32.845 @RCB003 015
10:08:32.845 @RCB004 104114031
10:08:32.845 @RCB005 F130泡沫柱
10:08:32.845 @RCB006 PCS
10:08:32.845 @RCB007 004
10:08:32.846 @RCB008 200
10:08:32.846 @RCB019 ********************
10:08:32.846 @RCB020 
10:08:32.846 @RCB021 81
10:08:32.846 @RCB022 GD201901020013
10:08:32.846 @RCB023 000
10:08:32.846 @RCB024 JDSF130
10:08:32.847 @RCB029 001
10:08:32.849 @RCB001 84
10:08:32.849 @RCB002 Z20190116002
10:08:32.849 @RCB003 016
10:08:32.849 @RCB004 104114029
10:08:32.849 @RCB005 17-2泡沫
10:08:32.849 @RCB006 套
10:08:32.849 @RCB007 004
10:08:32.850 @RCB008 200
10:08:32.850 @RCB019 ********************
10:08:32.850 @RCB020 
10:08:32.850 @RCB021 81
10:08:32.850 @RCB022 GD201901020013
10:08:32.850 @RCB023 000
10:08:32.851 @RCB024 JDSF130
10:08:32.851 @RCB029 001
10:08:32.853 @RCB001 84
10:08:32.853 @RCB002 Z20190116002
10:08:32.853 @RCB003 017
10:08:32.854 @RCB004 104131681
10:08:32.854 @RCB005 欧普电商说明书
10:08:32.854 @RCB006 PCS
10:08:32.854 @RCB007 008
10:08:32.854 @RCB008 200
10:08:32.854 @RCB019 ********************
10:08:32.855 @RCB020 
10:08:32.855 @RCB021 81
10:08:32.855 @RCB022 GD201901020013
10:08:32.855 @RCB023 000
10:08:32.855 @RCB024 JDSF130
10:08:32.855 @RCB029 001
10:08:32.858 @RCB001 84
10:08:32.858 @RCB002 Z20190116002
10:08:32.858 @RCB003 018
10:08:32.858 @RCB004 104174075
10:08:32.858 @RCB005 欧普F130外箱
10:08:32.859 @RCB006 PCS
10:08:32.859 @RCB007 009
10:08:32.859 @RCB008 200
10:08:32.859 @RCB019 ********************
10:08:32.859 @RCB020 660*235*430mm/双瓦牛皮纸
10:08:32.859 @RCB021 81
10:08:32.859 @RCB022 GD201901020013
10:08:32.860 @RCB023 000
10:08:32.860 @RCB024 JDSF130
10:08:32.860 @RCB029 001
10:08:32.862 @RCB001 84
10:08:32.862 @RCB002 Z20190116002
10:08:32.863 @RCB003 019
10:08:32.863 @RCB004 105050821
10:08:32.863 @RCB005 1μF电容
10:08:32.863 @RCB006 PCS
10:08:32.863 @RCB007 006
10:08:32.863 @RCB008 200
10:08:32.863 @RCB019 ********************
10:08:32.864 @RCB020 1μF/引出线12cm
10:08:32.864 @RCB021 81
10:08:32.864 @RCB022 GD201901020013
10:08:32.864 @RCB023 000
10:08:32.864 @RCB024 JDSF130
10:08:32.865 @RCB029 001
10:08:32.867 @RCB001 84
10:08:32.867 @RCB002 Z20190116002
10:08:32.867 @RCB003 020
10:08:32.868 @RCB004 105041660
10:08:32.868 @RCB005 F62-40双向滚珠电机
10:08:32.868 @RCB006 PCS
10:08:32.868 @RCB007 006
10:08:32.868 @RCB008 200
10:08:32.868 @RCB019 ********************
10:08:32.868 @RCB020 红/黑/蓝200mm
10:08:32.869 @RCB021 81
10:08:32.869 @RCB022 GD201901020013
10:08:32.869 @RCB023 000
10:08:32.869 @RCB024 JDSF130
10:08:32.869 @RCB029 001
10:08:32.871 @RCB001 84
10:08:32.872 @RCB002 Z20190116002
10:08:32.872 @RCB003 021
10:08:32.872 @RCB004 104200787
10:08:32.872 @RCB005 纸板
10:08:32.872 @RCB006 PCS
10:08:32.872 @RCB007 009
10:08:32.872 @RCB008 200
10:08:32.873 @RCB019 ********************
10:08:32.873 @RCB020 630*400mm/双瓦牛皮纸
10:08:32.873 @RCB021 81
10:08:32.873 @RCB022 GD201901020013
10:08:32.873 @RCB023 000
10:08:32.873 @RCB024 JDSF130
10:08:32.873 @RCB029 001
10:08:32.876 @RCB001 84
10:08:32.876 @RCB002 Z20190116002
10:08:32.876 @RCB003 022
10:08:32.877 @RCB004 105060833
10:08:32.877 @RCB005 2000W发热块
10:08:32.877 @RCB006 PCS
10:08:32.877 @RCB007 006
10:08:32.877 @RCB008 200
10:08:32.877 @RCB019 ********************
10:08:32.877 @RCB020 60*156*24mm,+0,-0.5mm
10:08:32.878 @RCB021 81
10:08:32.878 @RCB022 GD201901020013
10:08:32.878 @RCB023 000
10:08:32.878 @RCB024 JDSF130
10:08:32.878 @RCB029 001
10:08:32.881 @RCB001 84
10:08:32.881 @RCB002 Z20190116002
10:08:32.881 @RCB003 023
10:08:32.881 @RCB004 105110852
10:08:32.881 @RCB005 2.5平方7档精品接线柱
10:08:32.881 @RCB006 PCS
10:08:32.882 @RCB007 006
10:08:32.882 @RCB008 200
10:08:32.882 @RCB019 ********************
10:08:32.882 @RCB020 TPJ-B，2.5mm2 250V ~
10:08:32.882 @RCB021 81
10:08:32.882 @RCB022 GD201901020013
10:08:32.883 @RCB023 000
10:08:32.883 @RCB024 JDSF130
10:08:32.883 @RCB029 001
10:08:32.886 @RCB001 84
10:08:32.886 @RCB002 Z20190116002
10:08:32.886 @RCB003 024
10:08:32.886 @RCB004 105130849
10:08:32.886 @RCB005 欧普8-12-240驱动
10:08:32.886 @RCB006 PCS
10:08:32.886 @RCB007 006
10:08:32.887 @RCB008 200
10:08:32.887 @RCB019 ********************
10:08:32.887 @RCB020 黑色丝印
10:08:32.887 @RCB021 81
10:08:32.887 @RCB022 GD201901020013
10:08:32.887 @RCB023 000
10:08:32.887 @RCB024 JDSF130
10:08:32.888 @RCB029 001
10:08:32.890 @RCB001 84
10:08:32.890 @RCB002 Z20190116002
10:08:32.891 @RCB003 025
10:08:32.891 @RCB004 105131702
10:08:32.891 @RCB005 浴霸电机控制器
10:08:32.891 @RCB006 PCS
10:08:32.891 @RCB007 006
10:08:32.891 @RCB008 200
10:08:32.891 @RCB019 ********************
10:08:32.891 @RCB020 
10:08:32.892 @RCB021 81
10:08:32.892 @RCB022 GD201901020013
10:08:32.892 @RCB023 000
10:08:32.892 @RCB024 JDSF130
10:08:32.892 @RCB029 001
10:08:32.895 @RCB001 84
10:08:32.895 @RCB002 Z20190116002
10:08:32.896 @RCB003 026
10:08:32.896 @RCB004 105160895
10:08:32.896 @RCB005 常闭105度温控器/平脚
10:08:32.896 @RCB006 PCS
10:08:32.896 @RCB007 006
10:08:32.896 @RCB008 200
10:08:32.896 @RCB019 ********************
10:08:32.897 @RCB020 16A
10:08:32.897 @RCB021 81
10:08:32.897 @RCB022 GD201901020013
10:08:32.897 @RCB023 000
10:08:32.897 @RCB024 JDSF130
10:08:32.897 @RCB029 001
10:08:32.900 @RCB001 84
10:08:32.900 @RCB002 Z20190116002
10:08:32.900 @RCB003 027
10:08:32.900 @RCB004 106091699
10:08:32.901 @RCB005 欧普FG12-3-B01防水盖
10:08:32.901 @RCB006 PCS
10:08:32.901 @RCB007 006
10:08:32.901 @RCB008 200
10:08:32.901 @RCB019 ********************
10:08:32.901 @RCB020 照明+取暖+换气
10:08:32.901 @RCB021 81
10:08:32.902 @RCB022 GD201901020013
10:08:32.902 @RCB023 000
10:08:32.902 @RCB024 JDSF130
10:08:32.902 @RCB029 001
10:08:32.905 @RCB001 84
10:08:32.906 @RCB002 Z20190116002
10:08:32.906 @RCB003 028
10:08:32.906 @RCB004 106110959
10:08:32.906 @RCB005 3.5公分白色开关盒
10:08:32.906 @RCB006 PCS
10:08:32.906 @RCB007 006
10:08:32.906 @RCB008 200
10:08:32.907 @RCB019 ********************
10:08:32.907 @RCB020 
10:08:32.907 @RCB021 81
10:08:32.907 @RCB022 GD201901020013
10:08:32.907 @RCB023 000
10:08:32.907 @RCB024 JDSF130
10:08:32.907 @RCB029 001
10:08:32.911 @RCB001 84
10:08:32.911 @RCB002 Z20190116002
10:08:32.911 @RCB003 029
10:08:32.911 @RCB004 106140011
10:08:32.911 @RCB005 K11-3-B开关
10:08:32.911 @RCB006 PCS
10:08:32.912 @RCB007 006
10:08:32.912 @RCB008 200
10:08:32.912 @RCB019 ********************
10:08:32.912 @RCB020 
10:08:32.912 @RCB021 81
10:08:32.912 @RCB022 GD201901020013
10:08:32.912 @RCB023 000
10:08:32.912 @RCB024 JDSF130
10:08:32.913 @RCB029 001
10:08:32.916 @RCB001 84
10:08:32.916 @RCB002 Z20190116002
10:08:32.916 @RCB003 030
10:08:32.916 @RCB004 503020001
10:08:32.916 @RCB005 蓝1.0保险管编织线
10:08:32.916 @RCB006 PCS
10:08:32.917 @RCB007 001
10:08:32.917 @RCB008 200
10:08:32.917 @RCB019 ********************
10:08:32.917 @RCB020 2200-2400W
10:08:32.917 @RCB021 81
10:08:32.918 @RCB022 GD201901020013
10:08:32.918 @RCB023 000
10:08:32.918 @RCB024 JDSF130
10:08:32.918 @RCB029 001
10:08:32.921 @RCB001 84
10:08:32.921 @RCB002 Z20190116002
10:08:32.922 @RCB003 031
10:08:32.922 @RCB004 201231255
10:08:32.922 @RCB005 F62-S二代PTC支架
10:08:32.922 @RCB006 PCS
10:08:32.922 @RCB007 005
10:08:32.923 @RCB008 200
10:08:32.923 @RCB019 ********************
10:08:32.923 @RCB020 
10:08:32.923 @RCB021 81
10:08:32.923 @RCB022 GD201901020013
10:08:32.923 @RCB023 000
10:08:32.924 @RCB024 JDSF130
10:08:32.924 @RCB029 001
10:08:32.927 @RCB001 84
10:08:32.927 @RCB002 Z20190116002
10:08:32.927 @RCB003 032
10:08:32.928 @RCB004 201231256
10:08:32.928 @RCB005 F62-S二代PTC保护罩
10:08:32.928 @RCB006 PCS
10:08:32.928 @RCB007 005
10:08:32.928 @RCB008 200
10:08:32.928 @RCB019 ********************
10:08:32.928 @RCB020 
10:08:32.929 @RCB021 81
10:08:32.929 @RCB022 GD201901020013
10:08:32.929 @RCB023 000
10:08:32.929 @RCB024 JDSF130
10:08:32.929 @RCB029 001
10:08:32.932 @RCB001 84
10:08:32.932 @RCB002 Z20190116002
10:08:32.933 @RCB003 033
10:08:32.933 @RCB004 201231253
10:08:32.933 @RCB005 F62导风件
10:08:32.933 @RCB006 PCS
10:08:32.933 @RCB007 005
10:08:32.933 @RCB008 200
10:08:32.934 @RCB019 ********************
10:08:32.934 @RCB020 
10:08:32.934 @RCB021 81
10:08:32.934 @RCB022 GD201901020013
10:08:32.938 @RCB023 000
10:08:32.939 @RCB024 JDSF130
10:08:32.939 @RCB029 001
10:08:32.942 @RCB001 84
10:08:32.942 @RCB002 Z20190116002
10:08:32.943 @RCB003 034
10:08:32.943 @RCB004 107010960
10:08:32.943 @RCB005 10公分豪华出风窗
10:08:32.943 @RCB006 PCS
10:08:32.943 @RCB007 005
10:08:32.943 @RCB008 200
10:08:32.944 @RCB019 ********************
10:08:32.944 @RCB020 
10:08:32.944 @RCB021 81
10:08:32.944 @RCB022 GD201901020013
10:08:32.944 @RCB023 000
10:08:32.944 @RCB024 JDSF130
10:08:32.945 @RCB029 001
10:08:32.948 @RCB001 84
10:08:32.948 @RCB002 Z20190116002
10:08:32.948 @RCB003 035
10:08:32.949 @RCB004 107110995
10:08:32.949 @RCB005 锡箔管10*10*150
10:08:32.949 @RCB006 PCS
10:08:32.949 @RCB007 004
10:08:32.949 @RCB008 200
10:08:32.949 @RCB019 ********************
10:08:32.949 @RCB020 
10:08:32.950 @RCB021 81
10:08:32.950 @RCB022 GD201901020013
10:08:32.950 @RCB023 000
10:08:32.950 @RCB024 JDSF130
10:08:32.950 @RCB029 001
10:08:32.954 @RCB001 84
10:08:32.954 @RCB002 Z20190116002
10:08:32.954 @RCB003 036
10:08:32.954 @RCB004 109041087
10:08:32.954 @RCB005 200*270自封袋
10:08:32.955 @RCB006 PCS
10:08:32.955 @RCB007 002
10:08:32.955 @RCB008 200
10:08:32.955 @RCB019 ********************
10:08:32.955 @RCB020 
10:08:32.955 @RCB021 81
10:08:32.956 @RCB022 GD201901020013
10:08:32.956 @RCB023 000
10:08:32.956 @RCB024 JDSF130
10:08:32.956 @RCB029 001
10:08:32.960 @RCB001 84
10:08:32.960 @RCB002 Z20190116002
10:08:32.960 @RCB003 037
10:08:32.960 @RCB004 201091128
10:08:32.960 @RCB005 F62双向风轮
10:08:32.961 @RCB006 PCS
10:08:32.961 @RCB007 005
10:08:32.961 @RCB008 200
10:08:32.961 @RCB019 ********************
10:08:32.961 @RCB020 
10:08:32.961 @RCB021 81
10:08:32.961 @RCB022 GD201901020013
10:08:32.962 @RCB023 000
10:08:32.962 @RCB024 JDSF130
10:08:32.962 @RCB029 001
10:08:32.965 @RCB001 84
10:08:32.966 @RCB002 Z20190116002
10:08:32.966 @RCB003 038
10:08:32.966 @RCB004 201101181
10:08:32.966 @RCB005 F63-S驱动盖板
10:08:32.966 @RCB006 PCS
10:08:32.966 @RCB007 005
10:08:32.967 @RCB008 200
10:08:32.967 @RCB019 ********************
10:08:32.967 @RCB020 白色
10:08:32.967 @RCB021 81
10:08:32.967 @RCB022 GD201901020013
10:08:32.967 @RCB023 000
10:08:32.967 @RCB024 JDSF130
10:08:32.967 @RCB029 001
10:08:32.971 @RCB001 84
10:08:32.971 @RCB002 Z20190116002
10:08:32.971 @RCB003 039
10:08:32.971 @RCB004 201101182
10:08:32.972 @RCB005 F130接线盖
10:08:32.972 @RCB006 PCS
10:08:32.972 @RCB007 005
10:08:32.972 @RCB008 200
10:08:32.972 @RCB019 ********************
10:08:32.972 @RCB020 白色
10:08:32.973 @RCB021 81
10:08:32.973 @RCB022 GD201901020013
10:08:32.973 @RCB023 000
10:08:32.973 @RCB024 JDSF130
10:08:32.973 @RCB029 001
10:08:32.977 @RCB001 84
10:08:32.977 @RCB002 Z20190116002
10:08:32.977 @RCB003 040
10:08:32.978 @RCB004 201121148
10:08:32.978 @RCB005 F130箱体中板
10:08:32.978 @RCB006 PCS
10:08:32.978 @RCB007 005
10:08:32.978 @RCB008 200
10:08:32.978 @RCB019 ********************
10:08:32.978 @RCB020 白色
10:08:32.978 @RCB021 81
10:08:32.979 @RCB022 GD201901020013
10:08:32.979 @RCB023 000
10:08:32.979 @RCB024 JDSF130
10:08:32.979 @RCB029 001
10:08:32.983 @RCB001 84
10:08:32.983 @RCB002 Z20190116002
10:08:32.983 @RCB003 041
10:08:32.983 @RCB004 201201274
10:08:32.983 @RCB005 F130后出风
10:08:32.983 @RCB006 PCS
10:08:32.984 @RCB007 005
10:08:32.984 @RCB008 200
10:08:32.984 @RCB019 ********************
10:08:32.984 @RCB020 白色/OPPLE
10:08:32.984 @RCB021 81
10:08:32.984 @RCB022 GD201901020013
10:08:32.985 @RCB023 000
10:08:32.985 @RCB024 JDSF130
10:08:32.985 @RCB029 001
10:08:32.989 @RCC001 84
10:08:32.989 @RCC002 Z20190116002
10:08:32.989 @RCC003 81
10:08:32.990 @RCC004 GD201901020014
10:08:32.990 @RCC005 013
10:08:32.990 @RCC006 700
10:08:32.990 @RCC007 0
10:08:32.990 @RCC008 ********************
10:08:32.990 @RCC010 JDSF133-S
10:08:32.990 @RCC011 000
10:08:32.991 @RCC022 002
10:08:32.991 @RCC028 
10:08:32.992 @RCB001 84
10:08:32.992 @RCB002 Z20190116002
10:08:32.992 @RCB003 002
10:08:32.993 @RCB004 201191229
10:08:32.993 @RCB005 F116PTC支架
10:08:32.993 @RCB006 PCS
10:08:32.993 @RCB007 005
10:08:32.993 @RCB008 700
10:08:32.993 @RCB019 ********************
10:08:32.994 @RCB020 
10:08:32.994 @RCB021 81
10:08:32.994 @RCB022 GD201901020014
10:08:32.994 @RCB023 000
10:08:32.994 @RCB024 JDSF133-S
10:08:32.994 @RCB029 002
10:08:32.998 @RCB001 84
10:08:32.999 @RCB002 Z20190116002
10:08:32.999 @RCB003 003
10:08:32.999 @RCB004 201171535
10:08:32.999 @RCB005 F133-S面板-LED
10:08:32.999 @RCB006 PCS
10:08:32.999 @RCB007 003
10:08:32.999 @RCB008 700
10:08:33.000 @RCB019 ********************
10:08:33.000 @RCB020 白色
10:08:33.000 @RCB021 81
10:08:33.000 @RCB022 GD201901020014
10:08:33.000 @RCB023 000
10:08:33.000 @RCB024 JDSF133-S
10:08:33.000 @RCB029 002
10:08:33.004 @RCB001 84
10:08:33.004 @RCB002 Z20190116002
10:08:33.005 @RCB003 004
10:08:33.005 @RCB004 201141165
10:08:33.005 @RCB005 F66-S后出风
10:08:33.005 @RCB006 PCS
10:08:33.005 @RCB007 005
10:08:33.005 @RCB008 700
10:08:33.006 @RCB019 ********************
10:08:33.006 @RCB020 白色
10:08:33.006 @RCB021 81
10:08:33.006 @RCB022 GD201901020014
10:08:33.006 @RCB023 000
10:08:33.006 @RCB024 JDSF133-S
10:08:33.007 @RCB029 002
10:08:33.011 @RCB001 84
10:08:33.011 @RCB002 Z20190116002
10:08:33.011 @RCB003 005
10:08:33.011 @RCB004 201101169
10:08:33.011 @RCB005 F66接线盖
10:08:33.011 @RCB006 PCS
10:08:33.011 @RCB007 005
10:08:33.012 @RCB008 700
10:08:33.012 @RCB019 ********************
10:08:33.012 @RCB020 白色/OPPLE
10:08:33.012 @RCB021 81
10:08:33.012 @RCB022 GD201901020014
10:08:33.012 @RCB023 000
10:08:33.012 @RCB024 JDSF133-S
10:08:33.013 @RCB029 002
10:08:33.017 @RCB001 84
10:08:33.017 @RCB002 Z20190116002
10:08:33.017 @RCB003 006
10:08:33.017 @RCB004 201091132
10:08:33.017 @RCB005 15款纯平风轮PA料
10:08:33.018 @RCB006 PCS
10:08:33.018 @RCB007 005
10:08:33.018 @RCB008 700
10:08:33.018 @RCB019 ********************
10:08:33.018 @RCB020 尼龙PA料
10:08:33.018 @RCB021 81
10:08:33.019 @RCB022 GD201901020014
10:08:33.019 @RCB023 000
10:08:33.019 @RCB024 JDSF133-S
10:08:33.019 @RCB029 002
10:08:33.023 @RCB001 84
10:08:33.023 @RCB002 Z20190116002
10:08:33.023 @RCB003 007
10:08:33.024 @RCB004 201091124
10:08:33.024 @RCB005 15款纯平风轮PP料
10:08:33.024 @RCB006 PCS
10:08:33.024 @RCB007 005
10:08:33.024 @RCB008 700
10:08:33.024 @RCB019 ********************
10:08:33.025 @RCB020 PP料
10:08:33.025 @RCB021 81
10:08:33.025 @RCB022 GD201901020014
10:08:33.025 @RCB023 000
10:08:33.025 @RCB024 JDSF133-S
10:08:33.026 @RCB029 002
10:08:33.030 @RCB001 84
10:08:33.030 @RCB002 Z20190116002
10:08:33.030 @RCB003 008
10:08:33.030 @RCB004 109041087
10:08:33.030 @RCB005 200*270自封袋
10:08:33.031 @RCB006 PCS
10:08:33.031 @RCB007 002
10:08:33.031 @RCB008 700
10:08:33.031 @RCB019 ********************
10:08:33.031 @RCB020 
10:08:33.032 @RCB021 81
10:08:33.032 @RCB022 GD201901020014
10:08:33.032 @RCB023 000
10:08:33.032 @RCB024 JDSF133-S
10:08:33.032 @RCB029 002
10:08:33.036 @RCB001 84
10:08:33.037 @RCB002 Z20190116002
10:08:33.037 @RCB003 010
10:08:33.037 @RCB004 107120997
10:08:33.037 @RCB005 复合机PTC网罩
10:08:33.037 @RCB006 PCS
10:08:33.038 @RCB007 005
10:08:33.038 @RCB008 700
10:08:33.038 @RCB019 ********************
10:08:33.038 @RCB020 
10:08:33.038 @RCB021 81
10:08:33.039 @RCB022 GD201901020014
10:08:33.039 @RCB023 000
10:08:33.039 @RCB024 JDSF133-S
10:08:33.039 @RCB029 002
10:08:33.044 @RCB001 84
10:08:33.044 @RCB002 Z20190116002
10:08:33.044 @RCB003 011
10:08:33.044 @RCB004 107110995
10:08:33.044 @RCB005 锡箔管10*10*150
10:08:33.044 @RCB006 PCS
10:08:33.045 @RCB007 004
10:08:33.045 @RCB008 700
10:08:33.045 @RCB019 ********************
10:08:33.045 @RCB020 
10:08:33.045 @RCB021 81
10:08:33.045 @RCB022 GD201901020014
10:08:33.046 @RCB023 000
10:08:33.046 @RCB024 JDSF133-S
10:08:33.046 @RCB029 002
10:08:33.050 @RCB001 84
10:08:33.050 @RCB002 Z20190116002
10:08:33.051 @RCB003 012
10:08:33.051 @RCB004 107010960
10:08:33.051 @RCB005 10公分豪华出风窗
10:08:33.051 @RCB006 PCS
10:08:33.051 @RCB007 005
10:08:33.052 @RCB008 700
10:08:33.052 @RCB019 ********************
10:08:33.052 @RCB020 
10:08:33.052 @RCB021 81
10:08:33.052 @RCB022 GD201901020014
10:08:33.052 @RCB023 000
10:08:33.053 @RCB024 JDSF133-S
10:08:33.053 @RCB029 002
10:08:33.057 @RCB001 84
10:08:33.057 @RCB002 Z20190116002
10:08:33.057 @RCB003 013
10:08:33.058 @RCB004 503020001
10:08:33.058 @RCB005 蓝1.0保险管编织线
10:08:33.058 @RCB006 PCS
10:08:33.058 @RCB007 001
10:08:33.058 @RCB008 700
10:08:33.058 @RCB019 ********************
10:08:33.059 @RCB020 2200-2400W
10:08:33.059 @RCB021 81
10:08:33.059 @RCB022 GD201901020014
10:08:33.059 @RCB023 000
10:08:33.059 @RCB024 JDSF133-S
10:08:33.060 @RCB029 002
10:08:33.064 @RCB001 84
10:08:33.064 @RCB002 Z20190116002
10:08:33.064 @RCB003 014
10:08:33.065 @RCB004 502010045
10:08:33.065 @RCB005 F113-E白色铁箱-喷塑
10:08:33.065 @RCB006 PCS
10:08:33.065 @RCB007 014
10:08:33.065 @RCB008 700
10:08:33.065 @RCB019 ********************
10:08:33.066 @RCB020 白色
10:08:33.066 @RCB021 81
10:08:33.066 @RCB022 GD201901020014
10:08:33.066 @RCB023 000
10:08:33.066 @RCB024 JDSF133-S
10:08:33.066 @RCB029 002
10:08:33.071 @RCB001 84
10:08:33.072 @RCB002 Z20190116002
10:08:33.072 @RCB003 015
10:08:33.072 @RCB004 106150004
10:08:33.072 @RCB005 F139-S单暖浴霸触摸开关
10:08:33.072 @RCB006 PCS
10:08:33.072 @RCB007 006
10:08:33.073 @RCB008 700
10:08:33.073 @RCB019 ********************
10:08:33.073 @RCB020 客供/卓翼（附件包：3*12切尾黑2颗/4*25机罗2颗/压线条1个）
10:08:33.073 @RCB021 81
10:08:33.073 @RCB022 GD201901020014
10:08:33.073 @RCB023 000
10:08:33.073 @RCB024 JDSF133-S
10:08:33.073 @RCB029 002
10:08:33.078 @RCB001 84
10:08:33.078 @RCB002 Z20190116002
10:08:33.078 @RCB003 016
10:08:33.078 @RCB004 106150005
10:08:33.078 @RCB005 F139-S高压触屏开关盒
10:08:33.079 @RCB006 PCS
10:08:33.079 @RCB007 006
10:08:33.079 @RCB008 700
10:08:33.079 @RCB019 ********************
10:08:33.079 @RCB020 客供/卓翼
10:08:33.079 @RCB021 81
10:08:33.080 @RCB022 GD201901020014
10:08:33.080 @RCB023 000
10:08:33.080 @RCB024 JDSF133-S
10:08:33.080 @RCB029 002
10:08:33.085 @RCB001 84
10:08:33.085 @RCB002 Z20190116002
10:08:33.085 @RCB003 017
10:08:33.085 @RCB004 105160892
10:08:33.085 @RCB005 常闭110度温控器
10:08:33.085 @RCB006 PCS
10:08:33.085 @RCB007 006
10:08:33.086 @RCB008 700
10:08:33.086 @RCB019 ********************
10:08:33.086 @RCB020 斜脚45度/16A
10:08:33.086 @RCB021 81
10:08:33.086 @RCB022 GD201901020014
10:08:33.086 @RCB023 000
10:08:33.086 @RCB024 JDSF133-S
10:08:33.087 @RCB029 002
10:08:33.091 @RCB001 84
10:08:33.091 @RCB002 Z20190116002
10:08:33.091 @RCB003 018
10:08:33.091 @RCB004 105131718
10:08:33.092 @RCB005 欧普二合一驱动(客供)
10:08:33.092 @RCB006 PCS
10:08:33.092 @RCB007 006
10:08:33.092 @RCB008 700
10:08:33.092 @RCB019 ********************
10:08:33.092 @RCB020 照明180mm，数显100mm
10:08:33.092 @RCB021 81
10:08:33.093 @RCB022 GD201901020014
10:08:33.093 @RCB023 000
10:08:33.093 @RCB024 JDSF133-S
10:08:33.093 @RCB029 002
10:08:33.097 @RCB001 84
10:08:33.098 @RCB002 Z20190116002
10:08:33.098 @RCB003 019
10:08:33.098 @RCB004 105110853
10:08:33.098 @RCB005 2.5平方8档精品接线柱
10:08:33.099 @RCB006 PCS
10:08:33.099 @RCB007 006
10:08:33.099 @RCB008 700
10:08:33.099 @RCB019 ********************
10:08:33.099 @RCB020 TPJ-B，2.5mm2 250V ~
10:08:33.099 @RCB021 81
10:08:33.099 @RCB022 GD201901020014
10:08:33.099 @RCB023 000
10:08:33.100 @RCB024 JDSF133-S
10:08:33.100 @RCB029 002
10:08:33.105 @RCB001 84
10:08:33.105 @RCB002 Z20190116002
10:08:33.105 @RCB003 020
10:08:33.105 @RCB004 105050824
10:08:33.105 @RCB005 负离子发生器
10:08:33.105 @RCB006 PCS
10:08:33.105 @RCB007 006
10:08:33.106 @RCB008 700
10:08:33.106 @RCB019 ********************
10:08:33.106 @RCB020 
10:08:33.106 @RCB021 81
10:08:33.106 @RCB022 GD201901020014
10:08:33.106 @RCB023 000
10:08:33.106 @RCB024 JDSF133-S
10:08:33.107 @RCB029 002
10:08:33.111 @RCB001 84
10:08:33.111 @RCB002 Z20190116002
10:08:33.112 @RCB003 021
10:08:33.112 @RCB004 105060823
10:08:33.112 @RCB005 148*84*24发热块
10:08:33.112 @RCB006 PCS
10:08:33.112 @RCB007 006
10:08:33.112 @RCB008 700
10:08:33.113 @RCB019 ********************
10:08:33.113 @RCB020 2000W/直脚/大网孔/148*84*24mm
10:08:33.113 @RCB021 81
10:08:33.113 @RCB022 GD201901020014
10:08:33.113 @RCB023 000
10:08:33.114 @RCB024 JDSF133-S
10:08:33.114 @RCB029 002
10:08:33.119 @RCB001 84
10:08:33.119 @RCB002 Z20190116002
10:08:33.119 @RCB003 022
10:08:33.119 @RCB004 105041661
10:08:33.119 @RCB005 F66吹风滚珠电机
10:08:33.119 @RCB006 PCS
10:08:33.119 @RCB007 006
10:08:33.120 @RCB008 700
10:08:33.120 @RCB019 ********************
10:08:33.120 @RCB020 白/绿/蓝L=200mm
10:08:33.120 @RCB021 81
10:08:33.120 @RCB022 GD201901020014
10:08:33.120 @RCB023 000
10:08:33.120 @RCB024 JDSF133-S
10:08:33.120 @RCB029 002
10:08:33.126 @RCB001 84
10:08:33.126 @RCB002 Z20190116002
10:08:33.126 @RCB003 023
10:08:33.126 @RCB004 105050821
10:08:33.126 @RCB005 1μF电容
10:08:33.127 @RCB006 PCS
10:08:33.127 @RCB007 006
10:08:33.127 @RCB008 1400
10:08:33.127 @RCB019 ********************
10:08:33.127 @RCB020 1μF/引出线12cm
10:08:33.127 @RCB021 81
10:08:33.128 @RCB022 GD201901020014
10:08:33.128 @RCB023 000
10:08:33.128 @RCB024 JDSF133-S
10:08:33.128 @RCB029 002
10:08:33.133 @RCB001 84
10:08:33.134 @RCB002 Z20190116002
10:08:33.134 @RCB003 024
10:08:33.134 @RCB004 105041662
10:08:33.134 @RCB005 F66换气滚珠电机
10:08:33.134 @RCB006 PCS
10:08:33.134 @RCB007 006
10:08:33.134 @RCB008 700
10:08:33.134 @RCB019 ********************
10:08:33.135 @RCB020 红/黄/蓝L=200mm
10:08:33.135 @RCB021 81
10:08:33.135 @RCB022 GD201901020014
10:08:33.135 @RCB023 000
10:08:33.135 @RCB024 JDSF133-S
10:08:33.135 @RCB029 002
10:08:33.141 @RCB001 84
10:08:33.141 @RCB002 Z20190116002
10:08:33.142 @RCB003 025
10:08:33.142 @RCB004 104174105
10:08:33.142 @RCB005 F113-E外箱
10:08:33.142 @RCB006 PCS
10:08:33.142 @RCB007 009
10:08:33.142 @RCB008 700
10:08:33.142 @RCB019 ********************
10:08:33.143 @RCB020 665*225*395mm/双瓦牛皮纸
10:08:33.143 @RCB021 81
10:08:33.143 @RCB022 GD201901020014
10:08:33.143 @RCB023 000
10:08:33.143 @RCB024 JDSF133-S
10:08:33.143 @RCB029 002
10:08:33.148 @RCB001 84
10:08:33.148 @RCB002 Z20190116002
10:08:33.149 @RCB003 026
10:08:33.149 @RCB004 104114045
10:08:33.149 @RCB005 18-6泡沫
10:08:33.149 @RCB006 套
10:08:33.149 @RCB007 004
10:08:33.149 @RCB008 700
10:08:33.149 @RCB019 ********************
10:08:33.150 @RCB020 
10:08:33.150 @RCB021 81
10:08:33.150 @RCB022 GD201901020014
10:08:33.150 @RCB023 000
10:08:33.150 @RCB024 JDSF133-S
10:08:33.150 @RCB029 002
10:08:33.156 @RCB001 84
10:08:33.156 @RCB002 Z20190116002
10:08:33.156 @RCB003 027
10:08:33.156 @RCB004 104131696
10:08:33.156 @RCB005 F113-S说明书
10:08:33.157 @RCB006 PCS
10:08:33.157 @RCB007 008
10:08:33.157 @RCB008 700
10:08:33.157 @RCB019 ********************
10:08:33.158 @RCB020 
10:08:33.158 @RCB021 81
10:08:33.158 @RCB022 GD201901020014
10:08:33.158 @RCB023 000
10:08:33.158 @RCB024 JDSF133-S
10:08:33.158 @RCB029 002
10:08:33.164 @RCB001 84
10:08:33.164 @RCB002 Z20190116002
10:08:33.164 @RCB003 028
10:08:33.164 @RCB004 104070449
10:08:33.165 @RCB005 欧普合格证
10:08:33.165 @RCB006 PCS
10:08:33.165 @RCB007 008
10:08:33.165 @RCB008 700
10:08:33.165 @RCB019 ********************
10:08:33.165 @RCB020 白色不干胶
10:08:33.165 @RCB021 81
10:08:33.165 @RCB022 GD201901020014
10:08:33.166 @RCB023 000
10:08:33.166 @RCB024 JDSF133-S
10:08:33.166 @RCB029 002
10:08:33.171 @RCB001 84
10:08:33.171 @RCB002 Z20190116002
10:08:33.171 @RCB003 029
10:08:33.172 @RCB004 104091775
10:08:33.172 @RCB005 欧普F133-S铭牌
10:08:33.172 @RCB006 PCS
10:08:33.172 @RCB007 008
10:08:33.172 @RCB008 700
10:08:33.172 @RCB019 ********************
10:08:33.172 @RCB020 
10:08:33.173 @RCB021 81
10:08:33.173 @RCB022 GD201901020014
10:08:33.173 @RCB023 000
10:08:33.173 @RCB024 JDSF133-S
10:08:33.173 @RCB029 002
10:08:33.179 @RCB001 84
10:08:33.179 @RCB002 Z20190116002
10:08:33.179 @RCB003 030
10:08:33.179 @RCB004 104061899
10:08:33.179 @RCB005 F139-S接线提示卡
10:08:33.179 @RCB006 PCS
10:08:33.179 @RCB007 006
10:08:33.180 @RCB008 700
10:08:33.180 @RCB019 ********************
10:08:33.180 @RCB020 
10:08:33.180 @RCB021 81
10:08:33.180 @RCB022 GD201901020014
10:08:33.180 @RCB023 000
10:08:33.180 @RCB024 JDSF133-S
10:08:33.181 @RCB029 002
10:08:33.186 @RCB001 84
10:08:33.186 @RCB002 Z20190116002
10:08:33.186 @RCB003 031
10:08:33.186 @RCB004 104061944
10:08:33.186 @RCB005 F133-S箱贴
10:08:33.187 @RCB006 PCS
10:08:33.187 @RCB007 008
10:08:33.187 @RCB008 700
10:08:33.187 @RCB019 ********************
10:08:33.187 @RCB020 
10:08:33.187 @RCB021 81
10:08:33.187 @RCB022 GD201901020014
10:08:33.188 @RCB023 000
10:08:33.188 @RCB024 JDSF133-S
10:08:33.188 @RCB029 002
10:08:33.193 @RCB001 84
10:08:33.193 @RCB002 Z20190116002
10:08:33.194 @RCB003 032
10:08:33.194 @RCB004 104020226
10:08:33.194 @RCB005 欧普530*820包装袋
10:08:33.194 @RCB006 PCS
10:08:33.194 @RCB007 006
10:08:33.194 @RCB008 700
10:08:33.194 @RCB019 ********************
10:08:33.195 @RCB020 单面印OPPLE
10:08:33.195 @RCB021 81
10:08:33.195 @RCB022 GD201901020014
10:08:33.195 @RCB023 000
10:08:33.195 @RCB024 JDSF133-S
10:08:33.195 @RCB029 002
10:08:33.201 @RCB001 84
10:08:33.201 @RCB002 Z20190116002
10:08:33.202 @RCB003 033
10:08:33.202 @RCB004 103041679
10:08:33.202 @RCB005 二合一驱动照明转接线
10:08:33.202 @RCB006 PCS
10:08:33.202 @RCB007 006
10:08:33.202 @RCB008 700
10:08:33.202 @RCB019 ********************
10:08:33.202 @RCB020 
10:08:33.203 @RCB021 81
10:08:33.203 @RCB022 GD201901020014
10:08:33.203 @RCB023 000
10:08:33.203 @RCB024 JDSF133-S
10:08:33.203 @RCB029 002
10:08:33.209 @RCB001 84
10:08:33.209 @RCB002 Z20190116002
10:08:33.209 @RCB003 034
10:08:33.209 @RCB004 103041678
10:08:33.209 @RCB005 二合一驱动数显转接线
10:08:33.209 @RCB006 PCS
10:08:33.209 @RCB007 006
10:08:33.210 @RCB008 700
10:08:33.210 @RCB019 ********************
10:08:33.210 @RCB020 
10:08:33.210 @RCB021 81
10:08:33.210 @RCB022 GD201901020014
10:08:33.210 @RCB023 000
10:08:33.210 @RCB024 JDSF133-S
10:08:33.210 @RCB029 002
10:08:33.216 @RCB001 84
10:08:33.216 @RCB002 Z20190116002
10:08:33.216 @RCB003 035
10:08:33.217 @RCB004 104060382
10:08:33.217 @RCB005 欧普接线警告
10:08:33.217 @RCB006 PCS
10:08:33.217 @RCB007 008
10:08:33.217 @RCB008 700
10:08:33.218 @RCB019 ********************
10:08:33.218 @RCB020 75*25mm,不干胶贴纸
10:08:33.218 @RCB021 81
10:08:33.218 @RCB022 GD201901020014
10:08:33.218 @RCB023 000
10:08:33.218 @RCB024 JDSF133-S
10:08:33.219 @RCB029 002
10:08:33.225 @RCB001 84
10:08:33.225 @RCB002 Z20190116002
10:08:33.225 @RCB003 036
10:08:33.225 @RCB004 103021690
10:08:33.226 @RCB005 F113-S接线柱跳线
10:08:33.226 @RCB006 PCS
10:08:33.226 @RCB007 001
10:08:33.226 @RCB008 700
10:08:33.226 @RCB019 ********************
10:08:33.226 @RCB020 1.5mm,L=70mm（详见图纸）
10:08:33.227 @RCB021 81
10:08:33.227 @RCB022 GD201901020014
10:08:33.227 @RCB023 000
10:08:33.227 @RCB024 JDSF133-S
10:08:33.227 @RCB029 002
10:08:33.233 @RCB001 84
10:08:33.233 @RCB002 Z20190116002
10:08:33.233 @RCB003 037
10:08:33.234 @RCB004 103021699
10:08:33.234 @RCB005 白色30公分六芯线
10:08:33.234 @RCB006 PCS
10:08:33.234 @RCB007 001
10:08:33.234 @RCB008 700
10:08:33.234 @RCB019 ********************
10:08:33.235 @RCB020 (红/黄/白/绿/棕/蓝)6*1.0mm
10:08:33.235 @RCB021 81
10:08:33.235 @RCB022 GD201901020014
10:08:33.235 @RCB023 000
10:08:33.235 @RCB024 JDSF133-S
10:08:33.236 @RCB029 002
10:08:33.242 @RCB001 84
10:08:33.242 @RCB002 Z20190116002
10:08:33.243 @RCB003 038
10:08:33.243 @RCB004 103011578
10:08:33.243 @RCB005 F66内部线
10:08:33.243 @RCB006 套
10:08:33.243 @RCB007 001
10:08:33.244 @RCB008 700
10:08:33.244 @RCB019 ********************
10:08:33.244 @RCB020 见图纸
10:08:33.244 @RCB021 81
10:08:33.244 @RCB022 GD201901020014
10:08:33.244 @RCB023 000
10:08:33.245 @RCB024 JDSF133-S
10:08:33.245 @RCB029 002
10:08:33.251 @RCB001 84
10:08:33.251 @RCB002 Z20190116002
10:08:33.251 @RCB003 039
10:08:33.251 @RCB004 102140096
10:08:33.252 @RCB005 STP4*6三角机丝圆头
10:08:33.252 @RCB006 PCS
10:08:33.252 @RCB007 001
10:08:33.252 @RCB008 700
10:08:33.252 @RCB019 ********************
10:08:33.252 @RCB020 
10:08:33.253 @RCB021 81
10:08:33.253 @RCB022 GD201901020014
10:08:33.253 @RCB023 000
10:08:33.253 @RCB024 JDSF133-S
10:08:33.253 @RCB029 002
10:08:33.259 @RCB001 84
10:08:33.259 @RCB002 Z20190116002
10:08:33.260 @RCB003 040
10:08:33.260 @RCB004 102010049
10:08:33.260 @RCB005 10公分抱箍
10:08:33.260 @RCB006 PCS
10:08:33.260 @RCB007 001
10:08:33.260 @RCB008 1400
10:08:33.261 @RCB019 ********************
10:08:33.261 @RCB020 
10:08:33.261 @RCB021 81
10:08:33.261 @RCB022 GD201901020014
10:08:33.261 @RCB023 000
10:08:33.261 @RCB024 JDSF133-S
10:08:33.262 @RCB029 002
10:08:33.268 @RCB001 84
10:08:33.268 @RCB002 Z20190116002
10:08:33.268 @RCB003 042
10:08:33.268 @RCB004 102060067
10:08:33.269 @RCB005 M4*6圆头铜螺丝
10:08:33.269 @RCB006 PCS
10:08:33.269 @RCB007 001
10:08:33.269 @RCB008 1400
10:08:33.269 @RCB019 ********************
10:08:33.270 @RCB020 
10:08:33.270 @RCB021 81
10:08:33.270 @RCB022 GD201901020014
10:08:33.270 @RCB023 000
10:08:33.270 @RCB024 JDSF133-S
10:08:33.271 @RCB029 002
10:08:33.277 @RCB001 84
10:08:33.277 @RCB002 Z20190116002
10:08:33.277 @RCB003 043
10:08:33.277 @RCB004 102080083
10:08:33.277 @RCB005 Φ4铜螺帽
10:08:33.278 @RCB006 PCS
10:08:33.278 @RCB007 001
10:08:33.278 @RCB008 1400
10:08:33.278 @RCB019 ********************
10:08:33.278 @RCB020 
10:08:33.279 @RCB021 81
10:08:33.279 @RCB022 GD201901020014
10:08:33.279 @RCB023 000
10:08:33.279 @RCB024 JDSF133-S
10:08:33.279 @RCB029 002
10:08:33.285 @RCB001 84
10:08:33.285 @RCB002 Z20190116002
10:08:33.286 @RCB003 044
10:08:33.286 @RCB004 102060069
10:08:33.286 @RCB005 龙骨卡扣螺丝包
10:08:33.286 @RCB006 PCS
10:08:33.286 @RCB007 001
10:08:33.286 @RCB008 700
10:08:33.287 @RCB019 ********************
10:08:33.287 @RCB020 带4*20螺丝
10:08:33.287 @RCB021 81
10:08:33.287 @RCB022 GD201901020014
10:08:33.287 @RCB023 000
10:08:33.288 @RCB024 JDSF133-S
10:08:33.288 @RCB029 002
10:08:33.294 @RCB001 84
10:08:33.295 @RCB002 Z20190116002
10:08:33.295 @RCB003 047
10:08:33.295 @RCB004 102110088
10:08:33.295 @RCB005 智能开关压线卡
10:08:33.295 @RCB006 PCS
10:08:33.296 @RCB007 006
10:08:33.296 @RCB008 700
10:08:33.296 @RCB019 ********************
10:08:33.296 @RCB020 白色（格兰）
10:08:33.297 @RCB021 81
10:08:33.297 @RCB022 GD201901020014
10:08:33.297 @RCB023 000
10:08:33.297 @RCB024 JDSF133-S
10:08:33.297 @RCB029 002
10:12:24.168 @ANW001 Z20190128001
10:12:24.168 @ANW010 0507
10:12:24.168 @ANW011 总装车间
10:12:24.168 @ANW012 050701
10:12:24.169 @ANW013 1线
10:12:24.169 @ANW014 计件
10:12:24.169 @ANW015 2019/1/28 8:00:00
10:12:24.169 @ANW016 2019/1/28 17:00:00
10:12:24.169 @ANW017 
10:12:24.169 @ANW018 
10:12:24.169 @ANW019 
10:12:24.169 @ANW020 False
10:12:24.170 @ANW021 False
10:12:24.170 @ANW022 2019/1/28 0:00:00
10:12:24.170 @ANW023 0
10:12:24.170 @ANW024 0
10:12:24.170 @ANW025 系统管理员
10:12:24.170 @ANW026 0
10:12:24.170 @ANW027 0
10:12:24.183 @ANX001 Z20190128001
10:12:24.184 @ANX002 10116
10:12:24.184 @ANX003 刘兴贵
10:12:24.184 @ANX004 装配工
10:12:24.184 @ANX005 2019/1/28 8:00:00
10:12:24.185 @ANX006 2019/1/28 17:00:00
10:12:24.185 @ANX007 
10:12:24.185 @ANX008 
10:12:24.185 @ANX009 0
10:12:24.185 @ANX010 0
10:12:24.186 @ANX011 在职
10:12:24.186 @ANX012 
10:12:24.186 @ANX013 
10:12:24.187 @ANX014 1线
10:12:24.187 @ANX015 9
10:12:24.188 @ANX016 0
10:12:24.188 @ANX017 188.54
10:12:24.188 @ANX018 
10:12:24.194 @ANX001 Z20190128001
10:12:24.194 @ANX002 10117
10:12:24.195 @ANX003 赵成鹏
10:12:24.195 @ANX004 装配工
10:12:24.195 @ANX005 2019/1/28 8:00:00
10:12:24.195 @ANX006 2019/1/28 17:00:00
10:12:24.195 @ANX007 
10:12:24.196 @ANX008 
10:12:24.196 @ANX009 0
10:12:24.196 @ANX010 0
10:12:24.196 @ANX011 在职
10:12:24.196 @ANX012 
10:12:24.197 @ANX013 
10:12:24.197 @ANX014 1线
10:12:24.197 @ANX015 9
10:12:24.197 @ANX016 0
10:12:24.197 @ANX017 188.54
10:12:24.197 @ANX018 
10:12:24.200 @ANX001 Z20190128001
10:12:24.200 @ANX002 10118
10:12:24.201 @ANX003 何万华
10:12:24.201 @ANX004 装配工
10:12:24.201 @ANX005 2019/1/28 8:00:00
10:12:24.201 @ANX006 2019/1/28 17:00:00
10:12:24.202 @ANX007 
10:12:24.202 @ANX008 
10:12:24.202 @ANX009 0
10:12:24.203 @ANX010 0
10:12:24.203 @ANX011 在职
10:12:24.203 @ANX012 
10:12:24.203 @ANX013 
10:12:24.203 @ANX014 1线
10:12:24.204 @ANX015 9
10:12:24.204 @ANX016 0
10:12:24.204 @ANX017 188.54
10:12:24.204 @ANX018 
10:12:24.206 @ANX001 Z20190128001
10:12:24.206 @ANX002 10120
10:12:24.206 @ANX003 马小千
10:12:24.206 @ANX004 检测
10:12:24.207 @ANX005 2019/1/28 8:00:00
10:12:24.207 @ANX006 2019/1/28 17:00:00
10:12:24.207 @ANX007 
10:12:24.207 @ANX008 
10:12:24.207 @ANX009 0
10:12:24.208 @ANX010 0
10:12:24.208 @ANX011 在职
10:12:24.208 @ANX012 
10:12:24.208 @ANX013 检测
10:12:24.208 @ANX014 1线
10:12:24.208 @ANX015 9
10:12:24.209 @ANX016 0
10:12:24.209 @ANX017 188.54
10:12:24.209 @ANX018 
10:12:24.211 @ANX001 Z20190128001
10:12:24.211 @ANX002 10121
10:12:24.212 @ANX003 周顺
10:12:24.212 @ANX004 装配工
10:12:24.212 @ANX005 2019/1/28 8:00:00
10:12:24.212 @ANX006 2019/1/28 17:00:00
10:12:24.213 @ANX007 
10:12:24.213 @ANX008 
10:12:24.213 @ANX009 0
10:12:24.213 @ANX010 0
10:12:24.213 @ANX011 在职
10:12:24.213 @ANX012 
10:12:24.214 @ANX013 
10:12:24.214 @ANX014 1线
10:12:24.214 @ANX015 9
10:12:24.214 @ANX016 0
10:12:24.214 @ANX017 188.54
10:12:24.215 @ANX018 
10:12:24.216 @ANX001 Z20190128001
10:12:24.217 @ANX002 10122
10:12:24.217 @ANX003 郭昭芬
10:12:24.217 @ANX004 装配工
10:12:24.217 @ANX005 2019/1/28 8:00:00
10:12:24.217 @ANX006 2019/1/28 17:00:00
10:12:24.217 @ANX007 
10:12:24.218 @ANX008 
10:12:24.218 @ANX009 0
10:12:24.218 @ANX010 0
10:12:24.218 @ANX011 在职
10:12:24.218 @ANX012 
10:12:24.219 @ANX013 
10:12:24.219 @ANX014 1线
10:12:24.219 @ANX015 9
10:12:24.219 @ANX016 0
10:12:24.219 @ANX017 188.54
10:12:24.219 @ANX018 
10:12:24.221 @ANX001 Z20190128001
10:12:24.221 @ANX002 10123
10:12:24.221 @ANX003 吴张英
10:12:24.221 @ANX004 装配工
10:12:24.222 @ANX005 2019/1/28 8:00:00
10:12:24.222 @ANX006 2019/1/28 17:00:00
10:12:24.222 @ANX007 
10:12:24.222 @ANX008 
10:12:24.222 @ANX009 0
10:12:24.222 @ANX010 0
10:12:24.222 @ANX011 在职
10:12:24.222 @ANX012 
10:12:24.223 @ANX013 
10:12:24.223 @ANX014 1线
10:12:24.223 @ANX015 9
10:12:24.223 @ANX016 0
10:12:24.223 @ANX017 188.54
10:12:24.223 @ANX018 
10:12:24.225 @ANX001 Z20190128001
10:12:24.225 @ANX002 10124
10:12:24.225 @ANX003 熊洪才
10:12:24.225 @ANX004 装配工
10:12:24.226 @ANX005 2019/1/28 8:00:00
10:12:24.226 @ANX006 2019/1/28 17:00:00
10:12:24.226 @ANX007 
10:12:24.226 @ANX008 
10:12:24.227 @ANX009 0
10:12:24.227 @ANX010 0
10:12:24.227 @ANX011 在职
10:12:24.227 @ANX012 
10:12:24.228 @ANX013 
10:12:24.228 @ANX014 1线
10:12:24.228 @ANX015 9
10:12:24.228 @ANX016 0
10:12:24.228 @ANX017 188.54
10:12:24.228 @ANX018 
10:12:24.230 @ANX001 Z20190128001
10:12:24.230 @ANX002 10125
10:12:24.230 @ANX003 代开容
10:12:24.231 @ANX004 装配工
10:12:24.231 @ANX005 2019/1/28 8:00:00
10:12:24.231 @ANX006 2019/1/28 17:00:00
10:12:24.231 @ANX007 
10:12:24.231 @ANX008 
10:12:24.231 @ANX009 0
10:12:24.231 @ANX010 0
10:12:24.232 @ANX011 在职
10:12:24.232 @ANX012 
10:12:24.232 @ANX013 
10:12:24.232 @ANX014 1线
10:12:24.232 @ANX015 9
10:12:24.232 @ANX016 0
10:12:24.232 @ANX017 188.54
10:12:24.233 @ANX018 
10:12:24.235 @ANX001 Z20190128001
10:12:24.235 @ANX002 10126
10:12:24.235 @ANX003 朱正高
10:12:24.236 @ANX004 装配工
10:12:24.236 @ANX005 2019/1/28 8:00:00
10:12:24.236 @ANX006 2019/1/28 17:00:00
10:12:24.236 @ANX007 
10:12:24.236 @ANX008 
10:12:24.237 @ANX009 0
10:12:24.237 @ANX010 0
10:12:24.237 @ANX011 在职
10:12:24.237 @ANX012 
10:12:24.237 @ANX013 
10:12:24.238 @ANX014 1线
10:12:24.238 @ANX015 9
10:12:24.238 @ANX016 0
10:12:24.238 @ANX017 188.54
10:12:24.238 @ANX018 
10:12:24.250 @ANX001 Z20190128001
10:12:24.250 @ANX002 10127
10:12:24.250 @ANX003 卿廷群
10:12:24.251 @ANX004 装配工
10:12:24.251 @ANX005 2019/1/28 8:00:00
10:12:24.251 @ANX006 2019/1/28 17:00:00
10:12:24.251 @ANX007 
10:12:24.251 @ANX008 
10:12:24.252 @ANX009 0
10:12:24.252 @ANX010 0
10:12:24.252 @ANX011 在职
10:12:24.252 @ANX012 
10:12:24.252 @ANX013 
10:12:24.253 @ANX014 1线
10:12:24.253 @ANX015 9
10:12:24.253 @ANX016 0
10:12:24.253 @ANX017 188.54
10:12:24.253 @ANX018 
10:12:24.255 @ANX001 Z20190128001
10:12:24.256 @ANX002 10128
10:12:24.256 @ANX003 陈万珍
10:12:24.256 @ANX004 装配工
10:12:24.256 @ANX005 2019/1/28 8:00:00
10:12:24.257 @ANX006 2019/1/28 17:00:00
10:12:24.257 @ANX007 
10:12:24.257 @ANX008 
10:12:24.257 @ANX009 0
10:12:24.257 @ANX010 0
10:12:24.257 @ANX011 在职
10:12:24.258 @ANX012 
10:12:24.258 @ANX013 
10:12:24.258 @ANX014 1线
10:12:24.258 @ANX015 9
10:12:24.258 @ANX016 0
10:12:24.259 @ANX017 188.54
10:12:24.259 @ANX018 
10:12:24.265 @ANX001 Z20190128001
10:12:24.266 @ANX002 10129
10:12:24.266 @ANX003 李义承
10:12:24.266 @ANX004 装配工
10:12:24.266 @ANX005 2019/1/28 8:00:00
10:12:24.267 @ANX006 2019/1/28 17:00:00
10:12:24.267 @ANX007 
10:12:24.267 @ANX008 
10:12:24.267 @ANX009 0
10:12:24.267 @ANX010 0
10:12:24.268 @ANX011 在职
10:12:24.268 @ANX012 
10:12:24.268 @ANX013 
10:12:24.268 @ANX014 1线
10:12:24.268 @ANX015 9
10:12:24.269 @ANX016 0
10:12:24.269 @ANX017 188.54
10:12:24.269 @ANX018 
10:12:24.271 @ANX001 Z20190128001
10:12:24.271 @ANX002 10130
10:12:24.271 @ANX003 张义兵
10:12:24.271 @ANX004 装配工
10:12:24.272 @ANX005 2019/1/28 8:00:00
10:12:24.272 @ANX006 2019/1/28 17:00:00
10:12:24.272 @ANX007 
10:12:24.272 @ANX008 
10:12:24.273 @ANX009 0
10:12:24.273 @ANX010 0
10:12:24.273 @ANX011 在职
10:12:24.273 @ANX012 
10:12:24.273 @ANX013 
10:12:24.274 @ANX014 1线
10:12:24.274 @ANX015 9
10:12:24.274 @ANX016 0
10:12:24.274 @ANX017 188.54
10:12:24.274 @ANX018 
10:12:24.277 @ANX001 Z20190128001
10:12:24.277 @ANX002 10131
10:12:24.277 @ANX003 李琴琴
10:12:24.278 @ANX004 装配工
10:12:24.278 @ANX005 2019/1/28 8:00:00
10:12:24.278 @ANX006 2019/1/28 17:00:00
10:12:24.278 @ANX007 
10:12:24.279 @ANX008 
10:12:24.279 @ANX009 0
10:12:24.279 @ANX010 0
10:12:24.279 @ANX011 在职
10:12:24.280 @ANX012 
10:12:24.280 @ANX013 
10:12:24.280 @ANX014 1线
10:12:24.280 @ANX015 9
10:12:24.281 @ANX016 0
10:12:24.281 @ANX017 188.54
10:12:24.281 @ANX018 
10:12:24.283 @ANX001 Z20190128001
10:12:24.284 @ANX002 10133
10:12:24.284 @ANX003 李二先
10:12:24.284 @ANX004 装配工
10:12:24.285 @ANX005 2019/1/28 8:00:00
10:12:24.285 @ANX006 2019/1/28 17:00:00
10:12:24.285 @ANX007 
10:12:24.285 @ANX008 
10:12:24.286 @ANX009 0
10:12:24.286 @ANX010 0
10:12:24.286 @ANX011 在职
10:12:24.286 @ANX012 
10:12:24.287 @ANX013 
10:12:24.287 @ANX014 1线
10:12:24.287 @ANX015 9
10:12:24.291 @ANX016 0
10:12:24.291 @ANX017 188.54
10:12:24.291 @ANX018 
10:12:24.293 @ANX001 Z20190128001
10:12:24.294 @ANX002 10134
10:12:24.294 @ANX003 邹永操
10:12:24.294 @ANX004 装配工
10:12:24.294 @ANX005 2019/1/28 8:00:00
10:12:24.295 @ANX006 2019/1/28 17:00:00
10:12:24.295 @ANX007 
10:12:24.295 @ANX008 
10:12:24.295 @ANX009 0
10:12:24.296 @ANX010 0
10:12:24.296 @ANX011 在职
10:12:24.296 @ANX012 
10:12:24.297 @ANX013 
10:12:24.297 @ANX014 1线
10:12:24.297 @ANX015 9
10:12:24.298 @ANX016 0
10:12:24.298 @ANX017 188.54
10:12:24.298 @ANX018 
10:12:24.300 @ANX001 Z20190128001
10:12:24.300 @ANX002 10135
10:12:24.301 @ANX003 陈广春
10:12:24.301 @ANX004 装配工
10:12:24.301 @ANX005 2019/1/28 8:00:00
10:12:24.301 @ANX006 2019/1/28 17:00:00
10:12:24.302 @ANX007 
10:12:24.302 @ANX008 
10:12:24.302 @ANX009 0
10:12:24.302 @ANX010 0
10:12:24.303 @ANX011 在职
10:12:24.303 @ANX012 
10:12:24.303 @ANX013 
10:12:24.303 @ANX014 1线
10:12:24.304 @ANX015 9
10:12:24.304 @ANX016 0
10:12:24.304 @ANX017 188.54
10:12:24.304 @ANX018 
10:12:24.307 @ANX001 Z20190128001
10:12:24.307 @ANX002 10136
10:12:24.308 @ANX003 李敏
10:12:24.308 @ANX004 装配工
10:12:24.308 @ANX005 2019/1/28 8:00:00
10:12:24.308 @ANX006 2019/1/28 17:00:00
10:12:24.308 @ANX007 
10:12:24.309 @ANX008 
10:12:24.309 @ANX009 0
10:12:24.309 @ANX010 0
10:12:24.309 @ANX011 在职
10:12:24.309 @ANX012 
10:12:24.309 @ANX013 
10:12:24.310 @ANX014 1线
10:12:24.310 @ANX015 9
10:12:24.310 @ANX016 0
10:12:24.310 @ANX017 188.54
10:12:24.310 @ANX018 
10:12:24.312 @ANX001 Z20190128001
10:12:24.312 @ANX002 10137
10:12:24.313 @ANX003 占利
10:12:24.313 @ANX004 装配工
10:12:24.313 @ANX005 2019/1/28 8:00:00
10:12:24.313 @ANX006 2019/1/28 17:00:00
10:12:24.314 @ANX007 
10:12:24.314 @ANX008 
10:12:24.314 @ANX009 0
10:12:24.314 @ANX010 0
10:12:24.315 @ANX011 在职
10:12:24.315 @ANX012 
10:12:24.315 @ANX013 
10:12:24.315 @ANX014 1线
10:12:24.315 @ANX015 9
10:12:24.316 @ANX016 0
10:12:24.316 @ANX017 188.54
10:12:24.316 @ANX018 
10:12:24.318 @ANX001 Z20190128001
10:12:24.318 @ANX002 10138
10:12:24.318 @ANX003 王绍琴
10:12:24.319 @ANX004 装配工
10:12:24.319 @ANX005 2019/1/28 8:00:00
10:12:24.319 @ANX006 2019/1/28 17:00:00
10:12:24.319 @ANX007 
10:12:24.319 @ANX008 
10:12:24.320 @ANX009 0
10:12:24.320 @ANX010 0
10:12:24.320 @ANX011 在职
10:12:24.320 @ANX012 
10:12:24.320 @ANX013 
10:12:24.321 @ANX014 1线
10:12:24.321 @ANX015 9
10:12:24.321 @ANX016 0
10:12:24.321 @ANX017 188.54
10:12:24.321 @ANX018 
10:12:24.323 @ANX001 Z20190128001
10:12:24.323 @ANX002 10139
10:12:24.324 @ANX003 唐录云
10:12:24.324 @ANX004 装配工
10:12:24.324 @ANX005 2019/1/28 8:00:00
10:12:24.324 @ANX006 2019/1/28 17:00:00
10:12:24.324 @ANX007 
10:12:24.325 @ANX008 
10:12:24.325 @ANX009 0
10:12:24.325 @ANX010 0
10:12:24.325 @ANX011 在职
10:12:24.326 @ANX012 
10:12:24.326 @ANX013 
10:12:24.326 @ANX014 1线
10:12:24.326 @ANX015 9
10:12:24.326 @ANX016 0
10:12:24.327 @ANX017 188.54
10:12:24.327 @ANX018 
10:12:24.328 @ANX001 Z20190128001
10:12:24.328 @ANX002 10140
10:12:24.328 @ANX003 田锋
10:12:24.329 @ANX004 装配工
10:12:24.329 @ANX005 2019/1/28 8:00:00
10:12:24.329 @ANX006 2019/1/28 17:00:00
10:12:24.329 @ANX007 
10:12:24.329 @ANX008 
10:12:24.329 @ANX009 0
10:12:24.330 @ANX010 0
10:12:24.330 @ANX011 在职
10:12:24.330 @ANX012 
10:12:24.330 @ANX013 
10:12:24.330 @ANX014 1线
10:12:24.331 @ANX015 9
10:12:24.331 @ANX016 0
10:12:24.331 @ANX017 188.54
10:12:24.332 @ANX018 
10:12:24.333 @ANX001 Z20190128001
10:12:24.333 @ANX002 10141
10:12:24.334 @ANX003 付志林
10:12:24.334 @ANX004 装配工
10:12:24.334 @ANX005 2019/1/28 8:00:00
10:12:24.334 @ANX006 2019/1/28 17:00:00
10:12:24.334 @ANX007 
10:12:24.335 @ANX008 
10:12:24.335 @ANX009 0
10:12:24.335 @ANX010 0
10:12:24.335 @ANX011 在职
10:12:24.335 @ANX012 
10:12:24.336 @ANX013 
10:12:24.336 @ANX014 1线
10:12:24.336 @ANX015 9
10:12:24.336 @ANX016 0
10:12:24.336 @ANX017 188.54
10:12:24.337 @ANX018 
10:12:24.338 @ANN001 Z20190128001
10:12:24.338 @ANN002 GD201901020009
10:12:24.338 @ANN003 JDSF113-E
10:12:24.339 @ANN004 JDSF113-E-玉树临风-300*600数显风暖四合一
10:12:24.339 @ANN005 
10:12:24.339 @ANN006 台
10:12:24.339 @ANN007 2128
10:12:24.339 @ANN008 4.33
10:12:24.339 @ANN009 1100
10:12:24.340 @ANN010 
10:12:25.965 @ANW001 Z20190128001
10:12:25.965 @ANW020 True
10:12:25.967 @RCA001 84
10:12:25.967 @RCA002 Z20190128001
10:12:25.967 @RCA004 20190128
10:12:25.967 @RCA005 DS
10:12:25.968 @RCA006 050701
10:12:25.968 @RCA016 F
10:12:25.968 @RCA019 F
10:12:25.969 @RCC001 84
10:12:25.970 @RCC002 Z20190128001
10:12:25.970 @RCC003 81
10:12:25.970 @RCC004 GD201901020009
10:12:25.970 @RCC005 013
10:12:25.970 @RCC006 1100
10:12:25.971 @RCC007 0
10:12:25.971 @RCC008 ********************
10:12:25.971 @RCC010 JDSF113-E
10:12:25.971 @RCC011 000
10:12:25.971 @RCC022 001
10:12:25.972 @RCC028 
