11:08:47.273 @EMP002 系统管理员
11:08:47.274 @EMP033 9af7f2b45fff5ca168dd7081681fadd
13:36:14.980 @EMP002 系统管理员
13:36:14.980 @EMP033 9af7f2b45fff5ca168dd7081681fadd
13:39:40.755 @EMP002 系统管理员
13:39:40.756 @EMP033 9af7f2b45fff5ca168dd7081681fadd
13:43:19.323 @EMP002 系统管理员
13:43:19.324 @EMP033 9af7f2b45fff5ca168dd7081681fadd
13:45:45.974 @EMP002 系统管理员
13:45:45.975 @EMP033 9af7f2b45fff5ca168dd7081681fadd
13:46:00.219 @HAW001 W20190225004
13:46:00.219 @HAW018 True
13:46:00.222 @RBA001 82
13:46:00.222 @RBA002 LL201902250022
13:46:00.223 @RBA003 
13:46:00.223 @RBA004 20190225
13:46:00.223 @RBA005 DS
13:46:00.223 @RBA006 GD201901110065
13:46:00.223 @RBA012 F
13:46:00.224 @RBA022 F
13:46:00.238 @RBB001 82
13:46:00.238 @RBB002 LL201902250022
13:46:00.238 @RBB003 001
13:46:00.239 @RBB004 108111317
13:46:00.239 @RBB005 型材条RX-1614
13:46:00.239 @RBB006 根
13:46:00.239 @RBB007 007
13:46:00.239 @RBB008 XC15
13:46:00.240 @RBB009 105
13:46:00.240 @RBB010 GD201901110065
13:46:00.240 @RBB011 001
13:46:00.240 @RBB013 F
13:46:00.240 @RBB021 ********************
13:46:00.241 @RBB022 2.55m/根  单重:462g
13:46:00.241 @RBB023 81
13:46:00.241 @RBB012 倒扣料:W20190225004
13:46:00.278 @RCA001 84
13:46:00.278 @RCA002 W20190225004
13:46:00.279 @RCA004 20190225
13:46:00.279 @RCA005 DS
13:46:00.279 @RCA006 0501
13:46:00.279 @RCA016 F
13:46:00.279 @RCA019 F
13:46:00.297 @RCC001 84
13:46:00.297 @RCC002 W20190225004
13:46:00.297 @RCC003 81
13:46:00.297 @RCC004 GD201901110065
13:46:00.297 @RCC005 011
13:46:00.298 @RCC006 840
13:46:00.298 @RCC007 0
13:46:00.298 @RCC008 ********************
13:46:00.298 @RCC010 202161454
13:46:00.299 @RCC011 000
13:46:00.299 @RCC022 001
13:46:00.299 @RCC028 
13:48:29.133 @HAW001 W20190225004
13:48:29.133 @HAW018 False
13:49:16.236 @HAW001 W20190225004
13:49:16.251 @HAW018 True
13:49:16.270 @RBA001 82
13:49:16.270 @RBA002 LL201902250022
13:49:16.271 @RBA003 
13:49:16.271 @RBA004 20190225
13:49:16.271 @RBA005 DS
13:49:16.272 @RBA006 GD201901110065
13:49:16.272 @RBA012 F
13:49:16.272 @RBA022 F
13:49:16.283 @RBB001 82
13:49:16.283 @RBB002 LL201902250022
13:49:16.283 @RBB003 001
13:49:16.283 @RBB004 108111317
13:49:16.284 @RBB005 型材条RX-1614
13:49:16.284 @RBB006 根
13:49:16.284 @RBB007 007
13:49:16.284 @RBB008 XC15
13:49:16.284 @RBB009 105
13:49:16.285 @RBB010 GD201901110065
13:49:16.285 @RBB011 001
13:49:16.285 @RBB013 F
13:49:16.285 @RBB021 ********************
13:49:16.285 @RBB022 2.55m/根  单重:462g
13:49:16.286 @RBB023 81
13:49:16.286 @RBB012 倒扣料:W20190225004
13:49:16.295 @RCA001 84
13:49:16.296 @RCA002 W20190225004
13:49:16.296 @RCA004 20190225
13:49:16.296 @RCA005 DS
13:49:16.296 @RCA006 0501
13:49:16.296 @RCA016 F
13:49:16.297 @RCA019 F
13:49:16.322 @RCC001 84
13:49:16.322 @RCC002 W20190225004
13:49:16.323 @RCC003 81
13:49:16.323 @RCC004 GD201901110065
13:49:16.323 @RCC005 011
13:49:16.323 @RCC006 840
13:49:16.324 @RCC007 0
13:49:16.324 @RCC008 ********************
13:49:16.324 @RCC010 202161454
13:49:16.324 @RCC011 000
13:49:16.324 @RCC022 001
13:49:16.325 @RCC028 
13:51:22.989 @HAW001 W20190225004
13:51:22.990 @HAW018 False
13:52:22.716 @HAW001 W20190225004
13:52:22.718 @HAW018 True
13:52:22.725 @RBA001 82
13:52:22.725 @RBA002 LL201902250022
13:52:22.726 @RBA003 
13:52:22.726 @RBA004 20190225
13:52:22.726 @RBA005 DS
13:52:22.726 @RBA006 GD201901110065
13:52:22.726 @RBA012 F
13:52:22.727 @RBA022 F
13:52:22.731 @RBB001 82
13:52:22.731 @RBB002 LL201902250022
13:52:22.732 @RBB003 001
13:52:22.732 @RBB004 108111317
13:52:22.732 @RBB005 型材条RX-1614
13:52:22.732 @RBB006 根
13:52:22.732 @RBB007 007
13:52:22.733 @RBB008 XC15
13:52:22.733 @RBB009 105
13:52:22.733 @RBB010 GD201901110065
13:52:22.733 @RBB011 001
13:52:22.733 @RBB013 F
13:52:22.734 @RBB021 ********************
13:52:22.734 @RBB022 2.55m/根  单重:462g
13:52:22.734 @RBB023 81
13:52:22.735 @RBB012 倒扣料:W20190225004
13:52:22.740 @RCA001 84
13:52:22.741 @RCA002 W20190225004
13:52:22.741 @RCA004 20190225
13:52:22.741 @RCA005 DS
13:52:22.742 @RCA006 0501
13:52:22.742 @RCA016 F
13:52:22.742 @RCA019 F
13:52:22.745 @RCC001 84
13:52:22.745 @RCC002 W20190225004
13:52:22.745 @RCC003 81
13:52:22.745 @RCC004 GD201901110065
13:52:22.746 @RCC005 011
13:52:22.746 @RCC006 840
13:52:22.746 @RCC007 0
13:52:22.746 @RCC008 ********************
13:52:22.747 @RCC010 202161454
13:52:22.747 @RCC011 000
13:52:22.747 @RCC022 001
13:52:22.747 @RCC028 
14:04:05.039 @EMP002 系统管理员
14:04:05.039 @EMP033 9af7f2b45fff5ca168dd7081681fadd
14:06:23.778 @HAW001 W20190225004
14:06:23.778 @HAW018 False
14:07:16.985 @HAW001 W20190225004
14:07:16.986 @HAW018 True
14:07:16.987 @RBA001 82
14:07:16.988 @RBA002 LL201902250022
14:07:16.988 @RBA003 
14:07:16.988 @RBA004 20190225
14:07:16.988 @RBA005 DS
14:07:16.988 @RBA006 GD201901110065
14:07:16.988 @RBA012 F
14:07:16.988 @RBA022 F
14:07:16.990 @RBB001 82
14:07:16.990 @RBB002 LL201902250022
14:07:16.990 @RBB003 001
14:07:16.990 @RBB004 108111317
14:07:16.990 @RBB005 型材条RX-1614
14:07:16.991 @RBB006 根
14:07:16.991 @RBB007 007
14:07:16.991 @RBB008 XC15
14:07:16.991 @RBB009 105
14:07:16.991 @RBB010 GD201901110065
14:07:16.992 @RBB011 001
14:07:16.992 @RBB013 F
14:07:16.992 @RBB021 ********************
14:07:16.992 @RBB022 2.55m/根  单重:462g
14:07:16.992 @RBB023 81
14:07:16.992 @RBB012 倒扣料:W20190225004
14:07:16.995 @RCA001 84
14:07:16.995 @RCA002 W20190225004
14:07:16.995 @RCA004 20190225
14:07:16.995 @RCA005 DS
14:07:16.996 @RCA006 0501
14:07:16.996 @RCA016 F
14:07:16.996 @RCA019 F
14:07:16.998 @RCC001 84
14:07:16.998 @RCC002 W20190225004
14:07:16.999 @RCC003 81
14:07:16.999 @RCC004 GD201901110065
14:07:16.999 @RCC005 011
14:07:16.999 @RCC006 840
14:07:17.000 @RCC007 0
14:07:17.000 @RCC008 ********************
14:07:17.000 @RCC010 202161454
14:07:17.000 @RCC011 000
14:07:17.001 @RCC022 001
14:07:17.001 @RCC028 
14:18:22.278 @HAW001 W20190225004
14:18:22.278 @HAW018 False
14:21:06.927 @HAW001 W20190225004
14:21:06.927 @HAW018 True
14:21:06.960 @RBA001 82
14:21:06.960 @RBA002 LL201902250022
14:21:06.961 @RBA003 
14:21:06.961 @RBA004 20190225
14:21:06.961 @RBA005 DS
14:21:06.961 @RBA006 GD201901110065
14:21:06.961 @RBA012 F
14:21:06.962 @RBA022 F
14:21:06.966 @RBB001 82
14:21:06.966 @RBB002 LL201902250022
14:21:06.966 @RBB003 001
14:21:06.967 @RBB004 108111317
14:21:06.967 @RBB005 型材条RX-1614
14:21:06.967 @RBB006 根
14:21:06.967 @RBB007 007
14:21:06.967 @RBB008 XC15
14:21:06.967 @RBB009 105
14:21:06.968 @RBB010 GD201901110065
14:21:06.968 @RBB011 001
14:21:06.968 @RBB013 F
14:21:06.968 @RBB021 ********************
14:21:06.968 @RBB022 2.55m/根  单重:462g
14:21:06.968 @RBB023 81
14:21:06.969 @RBB012 倒扣料:W20190225004
14:21:06.975 @RCA001 84
14:21:06.976 @RCA002 W20190225004
14:21:06.976 @RCA004 20190225
14:21:06.976 @RCA005 DS
14:21:06.976 @RCA006 0501
14:21:06.976 @RCA016 F
14:21:06.976 @RCA019 F
14:21:06.978 @RCC001 84
14:21:06.978 @RCC002 W20190225004
14:21:06.978 @RCC003 81
14:21:06.978 @RCC004 GD201901110065
14:21:06.978 @RCC005 011
14:21:06.979 @RCC006 840
14:21:06.979 @RCC007 0
14:21:06.979 @RCC008 ********************
14:21:06.979 @RCC010 202161454
14:21:06.979 @RCC011 000
14:21:06.979 @RCC022 001
14:21:06.980 @RCC028 
14:24:09.761 @HAW001 W20190224001
14:24:09.761 @HAW018 False
14:24:31.230 @HAW001 W20190224001
14:24:31.230 @HAW018 True
14:24:31.236 @RBA001 82
14:24:31.237 @RBA002 LL201902250023
14:24:31.237 @RBA003 
14:24:31.237 @RBA004 20190225
14:24:31.237 @RBA005 DS
14:24:31.238 @RBA006 GD201901110066
14:24:31.238 @RBA012 F
14:24:31.238 @RBA022 F
14:24:31.239 @RBB001 82
14:24:31.240 @RBB002 LL201902250023
14:24:31.240 @RBB003 001
14:24:31.240 @RBB004 108111317
14:24:31.240 @RBB005 型材条RX-1614
14:24:31.240 @RBB006 根
14:24:31.240 @RBB007 007
14:24:31.241 @RBB008 XC15
14:24:31.241 @RBB009 260
14:24:31.241 @RBB010 GD201901110066
14:24:31.241 @RBB011 001
14:24:31.241 @RBB013 F
14:24:31.242 @RBB021 ********************
14:24:31.242 @RBB022 2.55m/根  单重:462g
14:24:31.242 @RBB023 81
14:24:31.242 @RBB012 倒扣料:W20190224001
14:24:31.245 @RCA001 84
14:24:31.245 @RCA002 W20190224001
14:24:31.245 @RCA004 20190225
14:24:31.245 @RCA005 DS
14:24:31.246 @RCA006 0501
14:24:31.246 @RCA016 F
14:24:31.246 @RCA019 F
14:24:31.247 @RCC001 84
14:24:31.248 @RCC002 W20190224001
14:24:31.248 @RCC003 81
14:24:31.248 @RCC004 GD201901110066
14:24:31.248 @RCC005 011
14:24:31.248 @RCC006 1000
14:24:31.249 @RCC007 0
14:24:31.249 @RCC008 ********************
14:24:31.249 @RCC010 202161455
14:24:31.249 @RCC011 000
14:24:31.250 @RCC022 001
14:24:31.250 @RCC028 
14:26:18.807 @EMP002 系统管理员
14:26:18.807 @EMP033 9af7f2b45fff5ca168dd7081681fadd
14:26:46.260 @HAW001 W20190224001
14:26:46.260 @HAW018 False
14:27:03.807 @HAW001 W20190224001
14:27:03.807 @HAW018 True
14:27:03.814 @RBA001 82
14:27:03.814 @RBA002 LL201902250023
14:27:03.814 @RBA003 
14:27:03.814 @RBA004 20190225
14:27:03.815 @RBA005 DS
14:27:03.815 @RBA006 GD201901110066
14:27:03.815 @RBA012 F
14:27:03.815 @RBA022 F
14:27:03.819 @RBB001 82
14:27:03.819 @RBB002 LL201902250023
14:27:03.820 @RBB003 001
14:27:03.820 @RBB004 108111317
14:27:03.823 @RBB005 型材条RX-1614
14:27:03.823 @RBB006 根
14:27:03.823 @RBB007 007
14:27:03.824 @RBB008 XC15
14:27:03.824 @RBB009 260
14:27:03.824 @RBB010 GD201901110066
14:27:03.824 @RBB011 001
14:27:03.824 @RBB013 F
14:27:03.824 @RBB021 ********************
14:27:03.824 @RBB022 2.55m/根  单重:462g
14:27:03.824 @RBB023 81
14:27:03.825 @RBB012 倒扣料:W20190224001
14:27:03.831 @RCA001 84
14:27:03.831 @RCA002 W20190224001
14:27:03.831 @RCA004 20190225
14:27:03.831 @RCA005 DS
14:27:03.831 @RCA006 0501
14:27:03.832 @RCA016 F
14:27:03.832 @RCA019 F
14:27:03.834 @RCC001 84
14:27:03.834 @RCC002 W20190224001
14:27:03.835 @RCC003 81
14:27:03.835 @RCC004 GD201901110066
14:27:03.835 @RCC005 011
14:27:03.835 @RCC006 1000
14:27:03.835 @RCC007 0
14:27:03.835 @RCC008 ********************
14:27:03.835 @RCC010 202161455
14:27:03.835 @RCC011 000
14:27:03.835 @RCC022 001
14:27:03.836 @RCC028 
